running egg_info
writing ../../build/arm_ik/arm_ik.egg-info/PKG-INFO
writing dependency_links to ../../build/arm_ik/arm_ik.egg-info/dependency_links.txt
writing entry points to ../../build/arm_ik/arm_ik.egg-info/entry_points.txt
writing requirements to ../../build/arm_ik/arm_ik.egg-info/requires.txt
writing top-level names to ../../build/arm_ik/arm_ik.egg-info/top_level.txt
reading manifest file '../../build/arm_ik/arm_ik.egg-info/SOURCES.txt'
writing manifest file '../../build/arm_ik/arm_ik.egg-info/SOURCES.txt'
running build
running build_py
running install
running install_lib
running install_data
running install_egg_info
removing '/home/nvidia/robotics-orin/install/arm_ik/lib/python3.8/site-packages/arm_ik-0.0.0-py3.8.egg-info' (and everything under it)
Copying ../../build/arm_ik/arm_ik.egg-info to /home/nvidia/robotics-orin/install/arm_ik/lib/python3.8/site-packages/arm_ik-0.0.0-py3.8.egg-info
running install_scripts
Installing CadMouseJoyNode script to /home/nvidia/robotics-orin/install/arm_ik/lib/arm_ik
Installing IKNode script to /home/nvidia/robotics-orin/install/arm_ik/lib/arm_ik
Installing state_publisher script to /home/nvidia/robotics-orin/install/arm_ik/lib/arm_ik
writing list of installed files to '/home/nvidia/robotics-orin/build/arm_ik/install.log'
