[6.789s] Invoking command in '/home/nvidia/robotics-orin/src/arm_ik': CONDA_PROMPT_MODIFIER=(base) PYTHONPATH=/home/nvidia/robotics-orin/build/arm_ik/prefix_override:/home/nvidia/robotics-orin/install/arm_ik/lib/python3.8/site-packages:${PYTHONPATH} /usr/bin/python3 setup.py egg_info --egg-base ../../build/arm_ik build --build-base /home/nvidia/robotics-orin/build/arm_ik/build install --record /home/nvidia/robotics-orin/build/arm_ik/install.log --single-version-externally-managed
[7.239s] running egg_info
[7.240s] writing ../../build/arm_ik/arm_ik.egg-info/PKG-INFO
[7.241s] writing dependency_links to ../../build/arm_ik/arm_ik.egg-info/dependency_links.txt
[7.241s] writing entry points to ../../build/arm_ik/arm_ik.egg-info/entry_points.txt
[7.242s] writing requirements to ../../build/arm_ik/arm_ik.egg-info/requires.txt
[7.242s] writing top-level names to ../../build/arm_ik/arm_ik.egg-info/top_level.txt
[7.296s] reading manifest file '../../build/arm_ik/arm_ik.egg-info/SOURCES.txt'
[7.297s] writing manifest file '../../build/arm_ik/arm_ik.egg-info/SOURCES.txt'
[7.298s] running build
[7.298s] running build_py
[7.299s] running install
[7.300s] running install_lib
[7.303s] running install_data
[7.304s] running install_egg_info
[7.307s] removing '/home/nvidia/robotics-orin/install/arm_ik/lib/python3.8/site-packages/arm_ik-0.0.0-py3.8.egg-info' (and everything under it)
[7.308s] Copying ../../build/arm_ik/arm_ik.egg-info to /home/nvidia/robotics-orin/install/arm_ik/lib/python3.8/site-packages/arm_ik-0.0.0-py3.8.egg-info
[7.309s] running install_scripts
[7.344s] Installing CadMouseJoyNode script to /home/nvidia/robotics-orin/install/arm_ik/lib/arm_ik
[7.345s] Installing IKNode script to /home/nvidia/robotics-orin/install/arm_ik/lib/arm_ik
[7.346s] Installing state_publisher script to /home/nvidia/robotics-orin/install/arm_ik/lib/arm_ik
[7.347s] writing list of installed files to '/home/nvidia/robotics-orin/build/arm_ik/install.log'
[8.307s] Invoked command in '/home/nvidia/robotics-orin/src/arm_ik' returned '0': CONDA_PROMPT_MODIFIER=(base) PYTHONPATH=/home/nvidia/robotics-orin/build/arm_ik/prefix_override:/home/nvidia/robotics-orin/install/arm_ik/lib/python3.8/site-packages:${PYTHONPATH} /usr/bin/python3 setup.py egg_info --egg-base ../../build/arm_ik build --build-base /home/nvidia/robotics-orin/build/arm_ik/build install --record /home/nvidia/robotics-orin/build/arm_ik/install.log --single-version-externally-managed
