[3.890s] Invoking command in '/home/nvidia/robotics-orin/build/absenc_interface': CMAKE_PREFIX_PATH=${CMAKE_PREFIX_PATH}:/opt/ros/humble:/home/nvidia/robotics-orin/install/arm_ik CONDA_PROMPT_MODIFIER=(base) /usr/bin/cmake --build /home/nvidia/robotics-orin/build/absenc_interface -- -j6 -l6
[5.097s] [  2%] Built target absenc_interface__cpp
[5.098s] [ 11%] Built target absenc_interface__rosidl_generator_c
[5.098s] [ 11%] Built target ament_cmake_python_symlink_absenc_interface
[5.099s] [ 20%] Built target absenc_interface__rosidl_typesupport_fastrtps_cpp
[5.099s] [ 38%] Built target absenc_interface__rosidl_typesupport_cpp
[5.100s] [ 38%] Built target absenc_interface__rosidl_typesupport_introspection_cpp
[5.100s] [ 52%] Built target absenc_interface__rosidl_typesupport_introspection_c
[5.103s] [ 55%] Built target absenc_interface__rosidl_typesupport_c
[5.104s] [ 64%] Built target absenc_interface__rosidl_typesupport_fastrtps_c
[5.104s] [ 64%] Built target absenc_interface
[5.104s] [ 67%] Built target absenc_interface__py
[5.104s] [ 76%] Built target absenc_node
[5.105s] [ 82%] Built target absenc_interface__rosidl_generator_py
[5.105s] [100%] Built target absenc_interface__rosidl_typesupport_fastrtps_c__pyext
[5.105s] [100%] Built target absenc_interface__rosidl_typesupport_introspection_c__pyext
[5.105s] [100%] Built target absenc_interface__rosidl_typesupport_c__pyext
[5.105s] running egg_info
[5.105s] writing absenc_interface.egg-info/PKG-INFO
[5.105s] writing dependency_links to absenc_interface.egg-info/dependency_links.txt
[5.105s] writing top-level names to absenc_interface.egg-info/top_level.txt
[5.105s] reading manifest file 'absenc_interface.egg-info/SOURCES.txt'
[5.106s] writing manifest file 'absenc_interface.egg-info/SOURCES.txt'
[5.106s] [100%] Built target ament_cmake_python_build_absenc_interface_egg
[5.106s] Invoked command in '/home/nvidia/robotics-orin/build/absenc_interface' returned '0': CMAKE_PREFIX_PATH=${CMAKE_PREFIX_PATH}:/opt/ros/humble:/home/nvidia/robotics-orin/install/arm_ik CONDA_PROMPT_MODIFIER=(base) /usr/bin/cmake --build /home/nvidia/robotics-orin/build/absenc_interface -- -j6 -l6
[5.201s] Invoking command in '/home/nvidia/robotics-orin/build/absenc_interface': CMAKE_PREFIX_PATH=${CMAKE_PREFIX_PATH}:/opt/ros/humble:/home/nvidia/robotics-orin/install/arm_ik CONDA_PROMPT_MODIFIER=(base) /usr/bin/cmake --install /home/nvidia/robotics-orin/build/absenc_interface
[5.227s] -- Install configuration: ""
[5.229s] -- Execute custom install script
[5.230s] -- Up-to-date symlink: /home/nvidia/robotics-orin/install/absenc_interface/share/ament_index/resource_index/rosidl_interfaces/absenc_interface
[5.230s] -- Up-to-date symlink: /home/nvidia/robotics-orin/install/absenc_interface/include/absenc_interface/absenc_interface/msg/detail/encoder_values__functions.h
[5.230s] -- Up-to-date symlink: /home/nvidia/robotics-orin/install/absenc_interface/include/absenc_interface/absenc_interface/msg/detail/encoder_values__struct.h
[5.230s] -- Up-to-date symlink: /home/nvidia/robotics-orin/install/absenc_interface/include/absenc_interface/absenc_interface/msg/detail/encoder_values__type_support.h
[5.231s] -- Up-to-date symlink: /home/nvidia/robotics-orin/install/absenc_interface/include/absenc_interface/absenc_interface/msg/encoder_values.h
[5.231s] -- Up-to-date symlink: /home/nvidia/robotics-orin/install/absenc_interface/include/absenc_interface/absenc_interface/msg/rosidl_generator_c__visibility_control.h
[5.232s] -- Up-to-date symlink: /home/nvidia/robotics-orin/install/absenc_interface/share/absenc_interface/environment/library_path.sh
[5.232s] -- Up-to-date symlink: /home/nvidia/robotics-orin/install/absenc_interface/share/absenc_interface/environment/library_path.dsv
[5.232s] -- Up-to-date symlink: /home/nvidia/robotics-orin/install/absenc_interface/include/absenc_interface/absenc_interface/msg/detail/encoder_values__rosidl_typesupport_fastrtps_c.h
[5.232s] -- Up-to-date symlink: /home/nvidia/robotics-orin/install/absenc_interface/include/absenc_interface/absenc_interface/msg/rosidl_typesupport_fastrtps_c__visibility_control.h
[5.233s] -- Up-to-date symlink: /home/nvidia/robotics-orin/install/absenc_interface/include/absenc_interface/absenc_interface/msg/detail/encoder_values__builder.hpp
[5.233s] -- Up-to-date symlink: /home/nvidia/robotics-orin/install/absenc_interface/include/absenc_interface/absenc_interface/msg/detail/encoder_values__struct.hpp
[5.234s] -- Up-to-date symlink: /home/nvidia/robotics-orin/install/absenc_interface/include/absenc_interface/absenc_interface/msg/detail/encoder_values__traits.hpp
[5.235s] -- Up-to-date symlink: /home/nvidia/robotics-orin/install/absenc_interface/include/absenc_interface/absenc_interface/msg/encoder_values.hpp
[5.236s] -- Up-to-date symlink: /home/nvidia/robotics-orin/install/absenc_interface/include/absenc_interface/absenc_interface/msg/detail/encoder_values__rosidl_typesupport_fastrtps_cpp.hpp
[5.237s] -- Up-to-date symlink: /home/nvidia/robotics-orin/install/absenc_interface/include/absenc_interface/absenc_interface/msg/rosidl_typesupport_fastrtps_cpp__visibility_control.h
[5.243s] -- Up-to-date symlink: /home/nvidia/robotics-orin/install/absenc_interface/include/absenc_interface/absenc_interface/msg/detail/encoder_values__rosidl_typesupport_introspection_c.h
[5.244s] -- Up-to-date symlink: /home/nvidia/robotics-orin/install/absenc_interface/include/absenc_interface/absenc_interface/msg/rosidl_typesupport_introspection_c__visibility_control.h
[5.245s] -- Up-to-date symlink: /home/nvidia/robotics-orin/install/absenc_interface/include/absenc_interface/absenc_interface/msg/detail/encoder_values__rosidl_typesupport_introspection_cpp.hpp
[5.245s] -- Up-to-date symlink: /home/nvidia/robotics-orin/install/absenc_interface/share/absenc_interface/environment/pythonpath.sh
[5.245s] -- Up-to-date symlink: /home/nvidia/robotics-orin/install/absenc_interface/share/absenc_interface/environment/pythonpath.dsv
[5.245s] -- Up-to-date symlink: /home/nvidia/robotics-orin/install/absenc_interface/lib/python3.9/site-packages/absenc_interface-0.0.0-py3.9.egg-info/PKG-INFO
[5.246s] -- Up-to-date symlink: /home/nvidia/robotics-orin/install/absenc_interface/lib/python3.9/site-packages/absenc_interface-0.0.0-py3.9.egg-info/SOURCES.txt
[5.246s] -- Up-to-date symlink: /home/nvidia/robotics-orin/install/absenc_interface/lib/python3.9/site-packages/absenc_interface-0.0.0-py3.9.egg-info/dependency_links.txt
[5.246s] -- Up-to-date symlink: /home/nvidia/robotics-orin/install/absenc_interface/lib/python3.9/site-packages/absenc_interface-0.0.0-py3.9.egg-info/top_level.txt
[5.246s] -- Up-to-date symlink: /home/nvidia/robotics-orin/install/absenc_interface/lib/python3.9/site-packages/absenc_interface/__init__.py
[5.246s] -- Up-to-date symlink: /home/nvidia/robotics-orin/install/absenc_interface/lib/python3.9/site-packages/absenc_interface/_absenc_interface_s.ep.rosidl_typesupport_c.c
[5.246s] -- Up-to-date symlink: /home/nvidia/robotics-orin/install/absenc_interface/lib/python3.9/site-packages/absenc_interface/_absenc_interface_s.ep.rosidl_typesupport_fastrtps_c.c
[5.247s] -- Up-to-date symlink: /home/nvidia/robotics-orin/install/absenc_interface/lib/python3.9/site-packages/absenc_interface/_absenc_interface_s.ep.rosidl_typesupport_introspection_c.c
[5.247s] -- Up-to-date symlink: /home/nvidia/robotics-orin/install/absenc_interface/lib/python3.9/site-packages/absenc_interface/absenc_interface_s__rosidl_typesupport_c.cpython-311-aarch64-linux-gnu.so
[5.247s] -- Up-to-date symlink: /home/nvidia/robotics-orin/install/absenc_interface/lib/python3.9/site-packages/absenc_interface/absenc_interface_s__rosidl_typesupport_fastrtps_c.cpython-311-aarch64-linux-gnu.so
[5.247s] -- Up-to-date symlink: /home/nvidia/robotics-orin/install/absenc_interface/lib/python3.9/site-packages/absenc_interface/absenc_interface_s__rosidl_typesupport_introspection_c.cpython-311-aarch64-linux-gnu.so
[5.247s] -- Up-to-date symlink: /home/nvidia/robotics-orin/install/absenc_interface/lib/python3.9/site-packages/absenc_interface/libabsenc_interface__rosidl_generator_py.so
[5.247s] -- Up-to-date symlink: /home/nvidia/robotics-orin/install/absenc_interface/lib/python3.9/site-packages/absenc_interface/msg/__init__.py
[5.248s] -- Up-to-date symlink: /home/nvidia/robotics-orin/install/absenc_interface/lib/python3.9/site-packages/absenc_interface/msg/_encoder_values.py
[5.248s] -- Up-to-date symlink: /home/nvidia/robotics-orin/install/absenc_interface/lib/python3.9/site-packages/absenc_interface/msg/_encoder_values_s.c
[5.248s] -- Up-to-date symlink: /home/nvidia/robotics-orin/install/absenc_interface/lib/python3.9/site-packages/absenc_interface/absenc_interface_s__rosidl_typesupport_fastrtps_c.cpython-311-aarch64-linux-gnu.so
[5.248s] -- Up-to-date symlink: /home/nvidia/robotics-orin/install/absenc_interface/lib/python3.9/site-packages/absenc_interface/absenc_interface_s__rosidl_typesupport_introspection_c.cpython-311-aarch64-linux-gnu.so
[5.248s] -- Up-to-date symlink: /home/nvidia/robotics-orin/install/absenc_interface/lib/python3.9/site-packages/absenc_interface/absenc_interface_s__rosidl_typesupport_c.cpython-311-aarch64-linux-gnu.so
[5.249s] -- Up-to-date symlink: /home/nvidia/robotics-orin/install/absenc_interface/share/absenc_interface/msg/EncoderValues.idl
[5.249s] -- Up-to-date symlink: /home/nvidia/robotics-orin/install/absenc_interface/share/absenc_interface/msg/EncoderValues.msg
[5.249s] -- Up-to-date symlink: /home/nvidia/robotics-orin/install/absenc_interface/lib/absenc_interface/absenc_node
[5.249s] -- Up-to-date symlink: /home/nvidia/robotics-orin/install/absenc_interface/share/ament_index/resource_index/package_run_dependencies/absenc_interface
[5.250s] -- Up-to-date symlink: /home/nvidia/robotics-orin/install/absenc_interface/share/ament_index/resource_index/parent_prefix_path/absenc_interface
[5.250s] -- Up-to-date symlink: /home/nvidia/robotics-orin/install/absenc_interface/share/absenc_interface/environment/ament_prefix_path.sh
[5.257s] -- Up-to-date symlink: /home/nvidia/robotics-orin/install/absenc_interface/share/absenc_interface/environment/ament_prefix_path.dsv
[5.257s] -- Up-to-date symlink: /home/nvidia/robotics-orin/install/absenc_interface/share/absenc_interface/environment/path.sh
[5.258s] -- Up-to-date symlink: /home/nvidia/robotics-orin/install/absenc_interface/share/absenc_interface/environment/path.dsv
[5.258s] -- Up-to-date symlink: /home/nvidia/robotics-orin/install/absenc_interface/share/absenc_interface/local_setup.bash
[5.258s] -- Up-to-date symlink: /home/nvidia/robotics-orin/install/absenc_interface/share/absenc_interface/local_setup.sh
[5.259s] -- Up-to-date symlink: /home/nvidia/robotics-orin/install/absenc_interface/share/absenc_interface/local_setup.zsh
[5.259s] -- Up-to-date symlink: /home/nvidia/robotics-orin/install/absenc_interface/share/absenc_interface/local_setup.dsv
[5.259s] -- Symlinking: /home/nvidia/robotics-orin/install/absenc_interface/share/absenc_interface/package.dsv
[5.269s] -- Up-to-date symlink: /home/nvidia/robotics-orin/install/absenc_interface/share/ament_index/resource_index/packages/absenc_interface
[5.269s] -- Up-to-date symlink: /home/nvidia/robotics-orin/install/absenc_interface/share/absenc_interface/cmake/rosidl_cmake-extras.cmake
[5.269s] -- Up-to-date symlink: /home/nvidia/robotics-orin/install/absenc_interface/share/absenc_interface/cmake/ament_cmake_export_include_directories-extras.cmake
[5.269s] -- Up-to-date symlink: /home/nvidia/robotics-orin/install/absenc_interface/share/absenc_interface/cmake/ament_cmake_export_libraries-extras.cmake
[5.270s] -- Up-to-date symlink: /home/nvidia/robotics-orin/install/absenc_interface/share/absenc_interface/cmake/ament_cmake_export_targets-extras.cmake
[5.271s] -- Up-to-date symlink: /home/nvidia/robotics-orin/install/absenc_interface/share/absenc_interface/cmake/rosidl_cmake_export_typesupport_targets-extras.cmake
[5.271s] -- Up-to-date symlink: /home/nvidia/robotics-orin/install/absenc_interface/share/absenc_interface/cmake/ament_cmake_export_dependencies-extras.cmake
[5.271s] -- Up-to-date symlink: /home/nvidia/robotics-orin/install/absenc_interface/share/absenc_interface/cmake/rosidl_cmake_export_typesupport_libraries-extras.cmake
[5.272s] -- Up-to-date symlink: /home/nvidia/robotics-orin/install/absenc_interface/share/absenc_interface/cmake/absenc_interfaceConfig.cmake
[5.272s] -- Up-to-date symlink: /home/nvidia/robotics-orin/install/absenc_interface/share/absenc_interface/cmake/absenc_interfaceConfig-version.cmake
[5.272s] -- Up-to-date symlink: /home/nvidia/robotics-orin/install/absenc_interface/share/absenc_interface/package.xml
[5.273s] -- Up-to-date: /home/nvidia/robotics-orin/install/absenc_interface/lib/libabsenc_interface__rosidl_generator_c.so
[5.273s] -- Up-to-date: /home/nvidia/robotics-orin/install/absenc_interface/lib/libabsenc_interface__rosidl_typesupport_fastrtps_c.so
[5.274s] -- Up-to-date: /home/nvidia/robotics-orin/install/absenc_interface/lib/libabsenc_interface__rosidl_typesupport_fastrtps_cpp.so
[5.274s] -- Up-to-date: /home/nvidia/robotics-orin/install/absenc_interface/lib/libabsenc_interface__rosidl_typesupport_introspection_c.so
[5.277s] -- Up-to-date: /home/nvidia/robotics-orin/install/absenc_interface/lib/libabsenc_interface__rosidl_typesupport_c.so
[5.277s] -- Up-to-date: /home/nvidia/robotics-orin/install/absenc_interface/lib/libabsenc_interface__rosidl_typesupport_introspection_cpp.so
[5.277s] -- Up-to-date: /home/nvidia/robotics-orin/install/absenc_interface/lib/libabsenc_interface__rosidl_typesupport_cpp.so
[5.341s] Listing '/home/nvidia/robotics-orin/install/absenc_interface/lib/python3.9/site-packages/absenc_interface'...
[5.341s] Listing '/home/nvidia/robotics-orin/install/absenc_interface/lib/python3.9/site-packages/absenc_interface/msg'...
[5.356s] -- Up-to-date: /home/nvidia/robotics-orin/install/absenc_interface/lib/libabsenc_interface__rosidl_generator_py.so
[5.357s] -- Up-to-date: /home/nvidia/robotics-orin/install/absenc_interface/share/absenc_interface/cmake/export_absenc_interface__rosidl_generator_cExport.cmake
[5.357s] -- Up-to-date: /home/nvidia/robotics-orin/install/absenc_interface/share/absenc_interface/cmake/export_absenc_interface__rosidl_generator_cExport-noconfig.cmake
[5.359s] -- Up-to-date: /home/nvidia/robotics-orin/install/absenc_interface/share/absenc_interface/cmake/export_absenc_interface__rosidl_typesupport_fastrtps_cExport.cmake
[5.359s] -- Up-to-date: /home/nvidia/robotics-orin/install/absenc_interface/share/absenc_interface/cmake/export_absenc_interface__rosidl_typesupport_fastrtps_cExport-noconfig.cmake
[5.360s] -- Up-to-date: /home/nvidia/robotics-orin/install/absenc_interface/share/absenc_interface/cmake/export_absenc_interface__rosidl_generator_cppExport.cmake
[5.361s] -- Up-to-date: /home/nvidia/robotics-orin/install/absenc_interface/share/absenc_interface/cmake/export_absenc_interface__rosidl_typesupport_fastrtps_cppExport.cmake
[5.361s] -- Up-to-date: /home/nvidia/robotics-orin/install/absenc_interface/share/absenc_interface/cmake/export_absenc_interface__rosidl_typesupport_fastrtps_cppExport-noconfig.cmake
[5.362s] -- Up-to-date: /home/nvidia/robotics-orin/install/absenc_interface/share/absenc_interface/cmake/absenc_interface__rosidl_typesupport_introspection_cExport.cmake
[5.362s] -- Up-to-date: /home/nvidia/robotics-orin/install/absenc_interface/share/absenc_interface/cmake/absenc_interface__rosidl_typesupport_introspection_cExport-noconfig.cmake
[5.363s] -- Up-to-date: /home/nvidia/robotics-orin/install/absenc_interface/share/absenc_interface/cmake/absenc_interface__rosidl_typesupport_cExport.cmake
[5.364s] -- Up-to-date: /home/nvidia/robotics-orin/install/absenc_interface/share/absenc_interface/cmake/absenc_interface__rosidl_typesupport_cExport-noconfig.cmake
[5.364s] -- Up-to-date: /home/nvidia/robotics-orin/install/absenc_interface/share/absenc_interface/cmake/absenc_interface__rosidl_typesupport_introspection_cppExport.cmake
[5.365s] -- Up-to-date: /home/nvidia/robotics-orin/install/absenc_interface/share/absenc_interface/cmake/absenc_interface__rosidl_typesupport_introspection_cppExport-noconfig.cmake
[5.365s] -- Up-to-date: /home/nvidia/robotics-orin/install/absenc_interface/share/absenc_interface/cmake/absenc_interface__rosidl_typesupport_cppExport.cmake
[5.366s] -- Up-to-date: /home/nvidia/robotics-orin/install/absenc_interface/share/absenc_interface/cmake/absenc_interface__rosidl_typesupport_cppExport-noconfig.cmake
[5.367s] -- Up-to-date: /home/nvidia/robotics-orin/install/absenc_interface/share/absenc_interface/cmake/export_absenc_interface__rosidl_generator_pyExport.cmake
[5.368s] -- Up-to-date: /home/nvidia/robotics-orin/install/absenc_interface/share/absenc_interface/cmake/export_absenc_interface__rosidl_generator_pyExport-noconfig.cmake
[5.853s] Invoked command in '/home/nvidia/robotics-orin/build/absenc_interface' returned '0': CMAKE_PREFIX_PATH=${CMAKE_PREFIX_PATH}:/opt/ros/humble:/home/nvidia/robotics-orin/install/arm_ik CONDA_PROMPT_MODIFIER=(base) /usr/bin/cmake --install /home/nvidia/robotics-orin/build/absenc_interface
