[0.526s] Invoking command in '/home/nvidia/robotics-orin/build/absenc_interface': CMAKE_PREFIX_PATH=/opt/ros/foxy CONDA_PROMPT_MODIFIER=(base) /usr/bin/cmake /home/nvidia/robotics-orin/src/absenc_interface -DAMENT_CMAKE_SYMLINK_INSTALL=1 -DCMAKE_INSTALL_PREFIX=/home/nvidia/robotics-orin/install/absenc_interface
[0.555s] -- Found ament_cmake: 0.9.12 (/opt/ros/foxy/share/ament_cmake/cmake)
[0.593s] -- Found PythonInterp: /home/nvidia/anaconda3/bin/python3 (found suitable version "3.11.5", minimum required is "3") 
[0.594s] -- Using PYTHON_EXECUTABLE: /home/nvidia/anaconda3/bin/python3
[0.927s] -- Override CMake install command with custom implementation using symlinks instead of copying resources
[0.938s] -- Found rclcpp: 2.4.3 (/opt/ros/foxy/share/rclcpp/cmake)
[0.985s] -- Using all available rosidl_typesupport_c: rosidl_typesupport_fastrtps_c;rosidl_typesupport_introspection_c
[0.990s] -- Found rosidl_adapter: 1.3.1 (/opt/ros/foxy/share/rosidl_adapter/cmake)
[1.173s] -- Using all available rosidl_typesupport_cpp: rosidl_typesupport_fastrtps_cpp;rosidl_typesupport_introspection_cpp
[1.241s] -- Found rmw_implementation_cmake: 1.0.4 (/opt/ros/foxy/share/rmw_implementation_cmake/cmake)
[1.243s] -- Using RMW implementation 'rmw_fastrtps_cpp' as default
[1.437s] -- Found sensor_msgs: 2.0.5 (/opt/ros/foxy/share/sensor_msgs/cmake)
[1.589s] -- Found rosidl_default_generators: 1.0.1 (/opt/ros/foxy/share/rosidl_default_generators/cmake)
[1.640s] -- Found PythonInterp: /home/nvidia/anaconda3/bin/python3 (found version "3.11.5") 
[1.735s] CMake Error at /opt/ros/foxy/share/rosidl_adapter/cmake/rosidl_adapt_interfaces.cmake:60 (message):
[1.735s]   execute_process(/home/nvidia/anaconda3/bin/python3 -m rosidl_adapter
[1.735s]   --package-name absenc_interface --arguments-file
[1.735s]   /home/nvidia/robotics-orin/build/absenc_interface/rosidl_adapter__arguments__absenc_interface.json
[1.735s]   --output-dir
[1.736s]   /home/nvidia/robotics-orin/build/absenc_interface/rosidl_adapter/absenc_interface
[1.736s]   --output-file
[1.736s]   /home/nvidia/robotics-orin/build/absenc_interface/rosidl_adapter/absenc_interface.idls)
[1.736s]   returned error code 1:
[1.736s] 
[1.737s]   AttributeError processing template 'msg.idl.em'
[1.737s] 
[1.737s]   Traceback (most recent call last):
[1.737s] 
[1.737s]     File "/opt/ros/foxy/lib/python3.8/site-packages/rosidl_adapter/resource/__init__.py", line 51, in evaluate_template
[1.737s]       em.BUFFERED_OPT: True,
[1.737s]       ^^^^^^^^^^^^^^^
[1.738s] 
[1.738s]   AttributeError: module 'em' has no attribute 'BUFFERED_OPT'
[1.738s] 
[1.738s]   
[1.738s] 
[1.738s]   During handling of the above exception, another exception occurred:
[1.738s] 
[1.739s]   
[1.739s] 
[1.739s]   Traceback (most recent call last):
[1.739s] 
[1.740s]     File "<frozen runpy>", line 198, in _run_module_as_main
[1.740s]     File "<frozen runpy>", line 88, in _run_code
[1.740s]     File "/opt/ros/foxy/lib/python3.8/site-packages/rosidl_adapter/__main__.py", line 19, in <module>
[1.740s]       sys.exit(main())
[1.741s]                ^^^^^^
[1.741s]     File "/opt/ros/foxy/lib/python3.8/site-packages/rosidl_adapter/main.py", line 53, in main
[1.741s]       abs_idl_file = convert_to_idl(
[1.741s]                      ^^^^^^^^^^^^^^^
[1.741s]     File "/opt/ros/foxy/lib/python3.8/site-packages/rosidl_adapter/__init__.py", line 19, in convert_to_idl
[1.742s]       return convert_msg_to_idl(
[1.742s]              ^^^^^^^^^^^^^^^^^^^
[1.742s]     File "/opt/ros/foxy/lib/python3.8/site-packages/rosidl_adapter/msg/__init__.py", line 39, in convert_msg_to_idl
[1.742s]       expand_template('msg.idl.em', data, output_file, encoding='iso-8859-1')
[1.742s]     File "/opt/ros/foxy/lib/python3.8/site-packages/rosidl_adapter/resource/__init__.py", line 23, in expand_template
[1.743s]       content = evaluate_template(template_name, data)
[1.743s]                 ^^^^^^^^^^^^^^^^^^^^^^^^^^^^^^^^^^^^^^
[1.743s]     File "/opt/ros/foxy/lib/python3.8/site-packages/rosidl_adapter/resource/__init__.py", line 69, in evaluate_template
[1.743s]       _interpreter.shutdown()
[1.743s]       ^^^^^^^^^^^^^^^^^^^^^
[1.744s] 
[1.744s]   AttributeError: 'NoneType' object has no attribute 'shutdown'
[1.744s] 
[1.744s] Call Stack (most recent call first):
[1.745s]   /opt/ros/foxy/share/rosidl_cmake/cmake/rosidl_generate_interfaces.cmake:130 (rosidl_adapt_interfaces)
[1.745s]   CMakeLists.txt:18 (rosidl_generate_interfaces)
[1.745s] 
[1.745s] 
[1.745s] -- Configuring incomplete, errors occurred!
[1.746s] See also "/home/nvidia/robotics-orin/build/absenc_interface/CMakeFiles/CMakeOutput.log".
[1.746s] See also "/home/nvidia/robotics-orin/build/absenc_interface/CMakeFiles/CMakeError.log".
[1.755s] Invoked command in '/home/nvidia/robotics-orin/build/absenc_interface' returned '1': CMAKE_PREFIX_PATH=/opt/ros/foxy CONDA_PROMPT_MODIFIER=(base) /usr/bin/cmake /home/nvidia/robotics-orin/src/absenc_interface -DAMENT_CMAKE_SYMLINK_INSTALL=1 -DCMAKE_INSTALL_PREFIX=/home/nvidia/robotics-orin/install/absenc_interface
