[0.661s] Invoking command in '/home/nvidia/robotics-orin/build/absenc_interface': CMAKE_PREFIX_PATH=${CMAKE_PREFIX_PATH}:/home/nvidia/robotics-orin/install/arm_ik:/opt/ros/foxy CONDA_PROMPT_MODIFIER=(base) /usr/bin/cmake --build /home/nvidia/robotics-orin/build/absenc_interface -- -j6 -l6
[0.754s] [  2%] Built target absenc_interface__cpp
[0.755s] [ 11%] Built target absenc_interface__rosidl_generator_c
[0.793s] [ 44%] Built target absenc_interface__rosidl_typesupport_cpp
[0.794s] [ 47%] Built target absenc_interface__rosidl_typesupport_c
[0.794s] [ 44%] Built target absenc_interface__rosidl_typesupport_introspection_c
[0.794s] [ 47%] Built target absenc_interface__rosidl_typesupport_introspection_cpp
[0.798s] [ 55%] Built target absenc_interface__rosidl_typesupport_fastrtps_cpp
[0.842s] [ 64%] Built target absenc_interface__rosidl_typesupport_fastrtps_c
[0.875s] [ 64%] Built target absenc_interface
[0.895s] [35m[1mScanning dependencies of target absenc_node[0m
[0.910s] [ 67%] Built target absenc_interface__py
[0.939s] [ 70%] [32mBuilding CXX object CMakeFiles/absenc_node.dir/src/absenc_node.cpp.o[0m
[0.952s] [ 76%] Built target absenc_interface__python
[0.993s] [ 88%] Built target absenc_interface__rosidl_typesupport_introspection_c__pyext
[0.993s] [ 88%] Built target absenc_interface__rosidl_typesupport_c__pyext
[0.999s] [ 94%] Built target absenc_interface__rosidl_typesupport_fastrtps_c__pyext
[3.449s] [01m[K/home/nvidia/robotics-orin/src/absenc_interface/src/absenc_node.cpp:[m[K In member function ‘[01m[Kvoid AbsEnc::ikValuesCallback(sensor_msgs::msg::JointState_<std::allocator<void> >::SharedPtr)[m[K’:
[3.449s] [01m[K/home/nvidia/robotics-orin/src/absenc_interface/src/absenc_node.cpp:87:25:[m[K [01;35m[Kwarning: [m[Kcomparison of integer expressions of different signedness: ‘[01m[Kint[m[K’ and ‘[01m[Kstd::array<float, 4>::size_type[m[K’ {aka ‘[01m[Klong unsigned int[m[K’} [[01;35m[K-Wsign-compare[m[K]
[3.450s]    87 |       for (int i = 0; [01;35m[Ki < std::size(ik_angles)[m[K; i++) {
[3.450s]       |                       [01;35m[K~~^~~~~~~~~~~~~~~~~~~~~~[m[K
[3.450s] [01m[K/home/nvidia/robotics-orin/src/absenc_interface/src/absenc_node.cpp:92:25:[m[K [01;35m[Kwarning: [m[Kcomparison of integer expressions of different signedness: ‘[01m[Kint[m[K’ and ‘[01m[Kstd::array<float, 4>::size_type[m[K’ {aka ‘[01m[Klong unsigned int[m[K’} [[01;35m[K-Wsign-compare[m[K]
[3.451s]    92 |       for (int i = 0; [01;35m[Ki < std::size(ik_angles)[m[K; i++) {
[3.451s]       |                       [01;35m[K~~^~~~~~~~~~~~~~~~~~~~~~[m[K
[10.924s] [ 97%] [32m[1mLinking CXX executable absenc_node[0m
[11.355s] [100%] Built target absenc_node
[11.378s] Invoked command in '/home/nvidia/robotics-orin/build/absenc_interface' returned '0': CMAKE_PREFIX_PATH=${CMAKE_PREFIX_PATH}:/home/nvidia/robotics-orin/install/arm_ik:/opt/ros/foxy CONDA_PROMPT_MODIFIER=(base) /usr/bin/cmake --build /home/nvidia/robotics-orin/build/absenc_interface -- -j6 -l6
[11.486s] Invoking command in '/home/nvidia/robotics-orin/build/absenc_interface': CMAKE_PREFIX_PATH=${CMAKE_PREFIX_PATH}:/home/nvidia/robotics-orin/install/arm_ik:/opt/ros/foxy CONDA_PROMPT_MODIFIER=(base) /usr/bin/cmake --install /home/nvidia/robotics-orin/build/absenc_interface
[11.502s] -- Install configuration: ""
[11.503s] -- Execute custom install script
[11.503s] -- Up-to-date symlink: /home/nvidia/robotics-orin/install/absenc_interface/share/ament_index/resource_index/rosidl_interfaces/absenc_interface
[11.504s] -- Up-to-date symlink: /home/nvidia/robotics-orin/install/absenc_interface/include/absenc_interface/msg/detail/encoder_values__functions.h
[11.504s] -- Up-to-date symlink: /home/nvidia/robotics-orin/install/absenc_interface/include/absenc_interface/msg/detail/encoder_values__struct.h
[11.504s] -- Up-to-date symlink: /home/nvidia/robotics-orin/install/absenc_interface/include/absenc_interface/msg/detail/encoder_values__type_support.h
[11.505s] -- Up-to-date symlink: /home/nvidia/robotics-orin/install/absenc_interface/include/absenc_interface/msg/encoder_values.h
[11.505s] -- Up-to-date symlink: /home/nvidia/robotics-orin/install/absenc_interface/include/absenc_interface/msg/rosidl_generator_c__visibility_control.h
[11.505s] -- Up-to-date symlink: /home/nvidia/robotics-orin/install/absenc_interface/share/absenc_interface/environment/library_path.sh
[11.506s] -- Up-to-date symlink: /home/nvidia/robotics-orin/install/absenc_interface/share/absenc_interface/environment/library_path.dsv
[11.507s] -- Up-to-date symlink: /home/nvidia/robotics-orin/install/absenc_interface/include/absenc_interface/msg/detail/encoder_values__rosidl_typesupport_fastrtps_c.h
[11.507s] -- Up-to-date symlink: /home/nvidia/robotics-orin/install/absenc_interface/include/absenc_interface/msg/rosidl_typesupport_fastrtps_c__visibility_control.h
[11.507s] -- Up-to-date symlink: /home/nvidia/robotics-orin/install/absenc_interface/lib/libabsenc_interface__rosidl_typesupport_fastrtps_c.so
[11.508s] -- Up-to-date symlink: /home/nvidia/robotics-orin/install/absenc_interface/include/absenc_interface/msg/detail/encoder_values__rosidl_typesupport_fastrtps_cpp.hpp
[11.508s] -- Up-to-date symlink: /home/nvidia/robotics-orin/install/absenc_interface/include/absenc_interface/msg/rosidl_typesupport_fastrtps_cpp__visibility_control.h
[11.509s] -- Up-to-date symlink: /home/nvidia/robotics-orin/install/absenc_interface/lib/libabsenc_interface__rosidl_typesupport_fastrtps_cpp.so
[11.510s] -- Up-to-date symlink: /home/nvidia/robotics-orin/install/absenc_interface/include/absenc_interface/msg/detail/encoder_values__rosidl_typesupport_introspection_c.h
[11.510s] -- Up-to-date symlink: /home/nvidia/robotics-orin/install/absenc_interface/include/absenc_interface/msg/rosidl_typesupport_introspection_c__visibility_control.h
[11.511s] -- Up-to-date symlink: /home/nvidia/robotics-orin/install/absenc_interface/include/absenc_interface/msg/detail/encoder_values__builder.hpp
[11.511s] -- Up-to-date symlink: /home/nvidia/robotics-orin/install/absenc_interface/include/absenc_interface/msg/detail/encoder_values__struct.hpp
[11.511s] -- Up-to-date symlink: /home/nvidia/robotics-orin/install/absenc_interface/include/absenc_interface/msg/detail/encoder_values__traits.hpp
[11.511s] -- Up-to-date symlink: /home/nvidia/robotics-orin/install/absenc_interface/include/absenc_interface/msg/detail/encoder_values__type_support.hpp
[11.512s] -- Up-to-date symlink: /home/nvidia/robotics-orin/install/absenc_interface/include/absenc_interface/msg/encoder_values.hpp
[11.512s] -- Up-to-date symlink: /home/nvidia/robotics-orin/install/absenc_interface/include/absenc_interface/msg/rosidl_generator_cpp__visibility_control.hpp
[11.513s] -- Up-to-date symlink: /home/nvidia/robotics-orin/install/absenc_interface/include/absenc_interface/msg/detail/encoder_values__rosidl_typesupport_introspection_cpp.hpp
[11.513s] -- Up-to-date symlink: /home/nvidia/robotics-orin/install/absenc_interface/share/absenc_interface/environment/pythonpath.sh
[11.514s] -- Up-to-date symlink: /home/nvidia/robotics-orin/install/absenc_interface/share/absenc_interface/environment/pythonpath.dsv
[11.514s] -- Up-to-date symlink: /home/nvidia/robotics-orin/install/absenc_interface/lib/python3.11/site-packages/absenc_interface/__init__.py
[11.515s] -- Up-to-date symlink: /home/nvidia/robotics-orin/install/absenc_interface/lib/python3.11/site-packages/absenc_interface/msg/__init__.py
[11.515s] -- Up-to-date symlink: /home/nvidia/robotics-orin/install/absenc_interface/lib/python3.11/site-packages/absenc_interface/msg/_encoder_values.py
[11.515s] -- Up-to-date symlink: /home/nvidia/robotics-orin/install/absenc_interface/lib/python3.11/site-packages/absenc_interface/absenc_interface_s__rosidl_typesupport_fastrtps_c.cpython-311-aarch64-linux-gnu.so
[11.516s] -- Up-to-date symlink: /home/nvidia/robotics-orin/install/absenc_interface/lib/python3.11/site-packages/absenc_interface/absenc_interface_s__rosidl_typesupport_introspection_c.cpython-311-aarch64-linux-gnu.so
[11.516s] -- Up-to-date symlink: /home/nvidia/robotics-orin/install/absenc_interface/lib/python3.11/site-packages/absenc_interface/absenc_interface_s__rosidl_typesupport_c.cpython-311-aarch64-linux-gnu.so
[11.517s] -- Up-to-date symlink: /home/nvidia/robotics-orin/install/absenc_interface/lib/libabsenc_interface__python.so
[11.517s] -- Up-to-date symlink: /home/nvidia/robotics-orin/install/absenc_interface/share/absenc_interface/msg/EncoderValues.idl
[11.518s] -- Up-to-date symlink: /home/nvidia/robotics-orin/install/absenc_interface/share/absenc_interface/msg/EncoderValues.msg
[11.518s] -- Up-to-date symlink: /home/nvidia/robotics-orin/install/absenc_interface/lib/absenc_interface/absenc_node
[11.519s] -- Up-to-date symlink: /home/nvidia/robotics-orin/install/absenc_interface/share/ament_index/resource_index/package_run_dependencies/absenc_interface
[11.519s] -- Up-to-date symlink: /home/nvidia/robotics-orin/install/absenc_interface/share/ament_index/resource_index/parent_prefix_path/absenc_interface
[11.520s] -- Up-to-date symlink: /home/nvidia/robotics-orin/install/absenc_interface/share/absenc_interface/environment/ament_prefix_path.sh
[11.520s] -- Up-to-date symlink: /home/nvidia/robotics-orin/install/absenc_interface/share/absenc_interface/environment/ament_prefix_path.dsv
[11.522s] -- Up-to-date symlink: /home/nvidia/robotics-orin/install/absenc_interface/share/absenc_interface/environment/path.sh
[11.522s] -- Up-to-date symlink: /home/nvidia/robotics-orin/install/absenc_interface/share/absenc_interface/environment/path.dsv
[11.522s] -- Up-to-date symlink: /home/nvidia/robotics-orin/install/absenc_interface/share/absenc_interface/local_setup.bash
[11.522s] -- Up-to-date symlink: /home/nvidia/robotics-orin/install/absenc_interface/share/absenc_interface/local_setup.sh
[11.522s] -- Up-to-date symlink: /home/nvidia/robotics-orin/install/absenc_interface/share/absenc_interface/local_setup.zsh
[11.522s] -- Up-to-date symlink: /home/nvidia/robotics-orin/install/absenc_interface/share/absenc_interface/local_setup.dsv
[11.523s] -- Symlinking: /home/nvidia/robotics-orin/install/absenc_interface/share/absenc_interface/package.dsv
[11.541s] -- Up-to-date symlink: /home/nvidia/robotics-orin/install/absenc_interface/share/ament_index/resource_index/packages/absenc_interface
[11.541s] -- Up-to-date symlink: /home/nvidia/robotics-orin/install/absenc_interface/share/absenc_interface/cmake/rosidl_cmake-extras.cmake
[11.541s] -- Up-to-date symlink: /home/nvidia/robotics-orin/install/absenc_interface/share/absenc_interface/cmake/ament_cmake_export_dependencies-extras.cmake
[11.541s] -- Up-to-date symlink: /home/nvidia/robotics-orin/install/absenc_interface/share/absenc_interface/cmake/ament_cmake_export_libraries-extras.cmake
[11.542s] -- Up-to-date symlink: /home/nvidia/robotics-orin/install/absenc_interface/share/absenc_interface/cmake/ament_cmake_export_targets-extras.cmake
[11.542s] -- Up-to-date symlink: /home/nvidia/robotics-orin/install/absenc_interface/share/absenc_interface/cmake/ament_cmake_export_include_directories-extras.cmake
[11.542s] -- Up-to-date symlink: /home/nvidia/robotics-orin/install/absenc_interface/share/absenc_interface/cmake/rosidl_cmake_export_typesupport_libraries-extras.cmake
[11.543s] -- Up-to-date symlink: /home/nvidia/robotics-orin/install/absenc_interface/share/absenc_interface/cmake/rosidl_cmake_export_typesupport_targets-extras.cmake
[11.543s] -- Up-to-date symlink: /home/nvidia/robotics-orin/install/absenc_interface/share/absenc_interface/cmake/absenc_interfaceConfig.cmake
[11.543s] -- Up-to-date symlink: /home/nvidia/robotics-orin/install/absenc_interface/share/absenc_interface/cmake/absenc_interfaceConfig-version.cmake
[11.544s] -- Up-to-date symlink: /home/nvidia/robotics-orin/install/absenc_interface/share/absenc_interface/package.xml
[11.544s] -- Up-to-date: /home/nvidia/robotics-orin/install/absenc_interface/lib/libabsenc_interface__rosidl_generator_c.so
[11.545s] -- Up-to-date: /home/nvidia/robotics-orin/install/absenc_interface/lib/libabsenc_interface__rosidl_typesupport_introspection_c.so
[11.545s] -- Up-to-date: /home/nvidia/robotics-orin/install/absenc_interface/lib/libabsenc_interface__rosidl_typesupport_c.so
[11.546s] -- Up-to-date: /home/nvidia/robotics-orin/install/absenc_interface/lib/libabsenc_interface__rosidl_typesupport_introspection_cpp.so
[11.546s] -- Up-to-date: /home/nvidia/robotics-orin/install/absenc_interface/lib/libabsenc_interface__rosidl_typesupport_cpp.so
[11.617s] -- Up-to-date: /home/nvidia/robotics-orin/install/absenc_interface/share/absenc_interface/cmake/absenc_interface__rosidl_generator_cExport.cmake
[11.617s] -- Up-to-date: /home/nvidia/robotics-orin/install/absenc_interface/share/absenc_interface/cmake/absenc_interface__rosidl_generator_cExport-noconfig.cmake
[11.618s] -- Up-to-date: /home/nvidia/robotics-orin/install/absenc_interface/share/absenc_interface/cmake/absenc_interface__rosidl_typesupport_introspection_cExport.cmake
[11.618s] -- Up-to-date: /home/nvidia/robotics-orin/install/absenc_interface/share/absenc_interface/cmake/absenc_interface__rosidl_typesupport_introspection_cExport-noconfig.cmake
[11.618s] -- Up-to-date: /home/nvidia/robotics-orin/install/absenc_interface/share/absenc_interface/cmake/absenc_interface__rosidl_typesupport_cExport.cmake
[11.618s] -- Up-to-date: /home/nvidia/robotics-orin/install/absenc_interface/share/absenc_interface/cmake/absenc_interface__rosidl_typesupport_cExport-noconfig.cmake
[11.618s] -- Up-to-date: /home/nvidia/robotics-orin/install/absenc_interface/share/absenc_interface/cmake/absenc_interface__rosidl_generator_cppExport.cmake
[11.618s] -- Up-to-date: /home/nvidia/robotics-orin/install/absenc_interface/share/absenc_interface/cmake/absenc_interface__rosidl_typesupport_introspection_cppExport.cmake
[11.618s] -- Up-to-date: /home/nvidia/robotics-orin/install/absenc_interface/share/absenc_interface/cmake/absenc_interface__rosidl_typesupport_introspection_cppExport-noconfig.cmake
[11.619s] -- Up-to-date: /home/nvidia/robotics-orin/install/absenc_interface/share/absenc_interface/cmake/absenc_interface__rosidl_typesupport_cppExport.cmake
[11.619s] -- Up-to-date: /home/nvidia/robotics-orin/install/absenc_interface/share/absenc_interface/cmake/absenc_interface__rosidl_typesupport_cppExport-noconfig.cmake
[11.623s] Invoked command in '/home/nvidia/robotics-orin/build/absenc_interface' returned '0': CMAKE_PREFIX_PATH=${CMAKE_PREFIX_PATH}:/home/nvidia/robotics-orin/install/arm_ik:/opt/ros/foxy CONDA_PROMPT_MODIFIER=(base) /usr/bin/cmake --install /home/nvidia/robotics-orin/build/absenc_interface
