[  2%] [34m[1mGenerating C code for ROS interfaces[0m
[  5%] [34m[1mGenerating C++ code for ROS interfaces[0m
[35m[1mScanning dependencies of target absenc_interface__rosidl_generator_c[0m
[  5%] Built target absenc_interface__cpp
[  8%] [32mBuilding C object CMakeFiles/absenc_interface__rosidl_generator_c.dir/rosidl_generator_c/absenc_interface/msg/detail/encoder_values__functions.c.o[0m
[ 17%] [34m[1mGenerating C++ type support for eProsima Fast-RTPS[0m
[ 17%] [34m[1mGenerating C++ type support dispatch for ROS interfaces[0m
[ 17%] [34m[1mGenerating C++ introspection for ROS interfaces[0m
[ 20%] [32m[1mLinking C shared library libabsenc_interface__rosidl_generator_c.so[0m
[ 20%] Built target absenc_interface__rosidl_generator_c
[ 26%] [34m[1mGenerating C introspection for ROS interfaces[0m
[ 26%] [34m[1mGenerating C type support dispatch for ROS interfaces[0m
[35m[1mScanning dependencies of target absenc_interface__rosidl_typesupport_cpp[0m
[ 29%] [32mBuilding CXX object CMakeFiles/absenc_interface__rosidl_typesupport_cpp.dir/rosidl_typesupport_cpp/absenc_interface/msg/encoder_values__type_support.cpp.o[0m
[35m[1mScanning dependencies of target absenc_interface__rosidl_typesupport_introspection_cpp[0m
[35m[1mScanning dependencies of target absenc_interface__rosidl_typesupport_fastrtps_cpp[0m
[ 32%] [32mBuilding CXX object CMakeFiles/absenc_interface__rosidl_typesupport_introspection_cpp.dir/rosidl_typesupport_introspection_cpp/absenc_interface/msg/detail/encoder_values__type_support.cpp.o[0m
[ 35%] [32mBuilding CXX object CMakeFiles/absenc_interface__rosidl_typesupport_fastrtps_cpp.dir/rosidl_typesupport_fastrtps_cpp/absenc_interface/msg/detail/dds_fastrtps/encoder_values__type_support.cpp.o[0m
[35m[1mScanning dependencies of target absenc_interface__rosidl_typesupport_c[0m
[ 38%] [32mBuilding CXX object CMakeFiles/absenc_interface__rosidl_typesupport_c.dir/rosidl_typesupport_c/absenc_interface/msg/encoder_values__type_support.cpp.o[0m
[35m[1mScanning dependencies of target absenc_interface__rosidl_typesupport_introspection_c[0m
[ 41%] [32mBuilding C object CMakeFiles/absenc_interface__rosidl_typesupport_introspection_c.dir/rosidl_typesupport_introspection_c/absenc_interface/msg/detail/encoder_values__type_support.c.o[0m
[ 44%] [32m[1mLinking CXX shared library libabsenc_interface__rosidl_typesupport_c.so[0m
[ 47%] [32m[1mLinking C shared library libabsenc_interface__rosidl_typesupport_introspection_c.so[0m
[ 47%] Built target absenc_interface__rosidl_typesupport_c
[ 47%] Built target absenc_interface__rosidl_typesupport_introspection_c
[ 50%] [32m[1mLinking CXX shared library libabsenc_interface__rosidl_typesupport_cpp.so[0m
[ 52%] [32m[1mLinking CXX shared library libabsenc_interface__rosidl_typesupport_introspection_cpp.so[0m
[ 52%] Built target absenc_interface__rosidl_typesupport_cpp
[ 52%] Built target absenc_interface__rosidl_typesupport_introspection_cpp
[ 55%] [32m[1mLinking CXX shared library libabsenc_interface__rosidl_typesupport_fastrtps_cpp.so[0m
[ 55%] Built target absenc_interface__rosidl_typesupport_fastrtps_cpp
[ 58%] [34m[1mGenerating C type support for eProsima Fast-RTPS[0m
[35m[1mScanning dependencies of target absenc_interface__rosidl_typesupport_fastrtps_c[0m
[ 61%] [32mBuilding CXX object CMakeFiles/absenc_interface__rosidl_typesupport_fastrtps_c.dir/rosidl_typesupport_fastrtps_c/absenc_interface/msg/detail/encoder_values__type_support_c.cpp.o[0m
[ 64%] [32m[1mLinking CXX shared library libabsenc_interface__rosidl_typesupport_fastrtps_c.so[0m
[ 64%] Built target absenc_interface__rosidl_typesupport_fastrtps_c
[35m[1mScanning dependencies of target absenc_interface[0m
[ 64%] Built target absenc_interface
[35m[1mScanning dependencies of target absenc_interface__py[0m
[35m[1mScanning dependencies of target absenc_node[0m
[ 67%] [34m[1mGenerating Python code for ROS interfaces[0m
[ 73%] [32mBuilding CXX object CMakeFiles/absenc_node.dir/src/absenc.cpp.o[0m
[ 73%] [32mBuilding CXX object CMakeFiles/absenc_node.dir/src/absenc_node.cpp.o[0m
[01m[K/home/nvidia/robotics-orin/src/absenc_interface/src/absenc.cpp:[m[K In static member function ‘[01m[Kstatic ABSENC_Error_t ABSENC::OpenPort(const char*, uint16_t)[m[K’:
[01m[K/home/nvidia/robotics-orin/src/absenc_interface/src/absenc.cpp:3:64:[m[K [01;35m[Kwarning: [m[Kunused parameter ‘[01m[Kbaud_rate[m[K’ [[01;35m[K-Wunused-parameter[m[K]
    3 | ABSENC_Error_t ABSENC::OpenPort(const char* fileName, [01;35m[Kuint16_t baud_rate[m[K){
      |                                                       [01;35m[K~~~~~~~~~^~~~~~~~~[m[K
[ 73%] Built target absenc_interface__py
[35m[1mScanning dependencies of target absenc_interface__python[0m
[ 76%] [32mBuilding C object CMakeFiles/absenc_interface__python.dir/rosidl_generator_py/absenc_interface/msg/_encoder_values_s.c.o[0m
[ 79%] [32m[1mLinking C shared library rosidl_generator_py/absenc_interface/libabsenc_interface__python.so[0m
[ 79%] Built target absenc_interface__python
[35m[1mScanning dependencies of target absenc_interface__rosidl_typesupport_introspection_c__pyext[0m
[35m[1mScanning dependencies of target absenc_interface__rosidl_typesupport_c__pyext[0m
[35m[1mScanning dependencies of target absenc_interface__rosidl_typesupport_fastrtps_c__pyext[0m
[ 88%] [32mBuilding C object CMakeFiles/absenc_interface__rosidl_typesupport_introspection_c__pyext.dir/rosidl_generator_py/absenc_interface/_absenc_interface_s.ep.rosidl_typesupport_introspection_c.c.o[0m
[ 88%] [32mBuilding C object CMakeFiles/absenc_interface__rosidl_typesupport_fastrtps_c__pyext.dir/rosidl_generator_py/absenc_interface/_absenc_interface_s.ep.rosidl_typesupport_fastrtps_c.c.o[0m
[ 88%] [32mBuilding C object CMakeFiles/absenc_interface__rosidl_typesupport_c__pyext.dir/rosidl_generator_py/absenc_interface/_absenc_interface_s.ep.rosidl_typesupport_c.c.o[0m
[ 94%] [32m[1mLinking CXX shared library rosidl_generator_py/absenc_interface/absenc_interface_s__rosidl_typesupport_fastrtps_c.cpython-311-aarch64-linux-gnu.so[0m
[ 94%] [32m[1mLinking C shared library rosidl_generator_py/absenc_interface/absenc_interface_s__rosidl_typesupport_c.cpython-311-aarch64-linux-gnu.so[0m
[ 97%] [32m[1mLinking C shared library rosidl_generator_py/absenc_interface/absenc_interface_s__rosidl_typesupport_introspection_c.cpython-311-aarch64-linux-gnu.so[0m
[ 97%] Built target absenc_interface__rosidl_typesupport_c__pyext
[ 97%] Built target absenc_interface__rosidl_typesupport_introspection_c__pyext
[ 97%] Built target absenc_interface__rosidl_typesupport_fastrtps_c__pyext
[01m[K/home/nvidia/robotics-orin/src/absenc_interface/src/absenc_node.cpp:[m[K In member function ‘[01m[Kvoid AbsEnc::ikValuesCallback(sensor_msgs::msg::JointState_<std::allocator<void> >::SharedPtr)[m[K’:
[01m[K/home/nvidia/robotics-orin/src/absenc_interface/src/absenc_node.cpp:83:25:[m[K [01;35m[Kwarning: [m[Kcomparison of integer expressions of different signedness: ‘[01m[Kint[m[K’ and ‘[01m[Kstd::array<float, 4>::size_type[m[K’ {aka ‘[01m[Klong unsigned int[m[K’} [[01;35m[K-Wsign-compare[m[K]
   83 |       for (int i = 0; [01;35m[Ki < std::size(ik_angles)[m[K; i++) {
      |                       [01;35m[K~~^~~~~~~~~~~~~~~~~~~~~~[m[K
[01m[K/home/nvidia/robotics-orin/src/absenc_interface/src/absenc_node.cpp:88:25:[m[K [01;35m[Kwarning: [m[Kcomparison of integer expressions of different signedness: ‘[01m[Kint[m[K’ and ‘[01m[Kstd::array<float, 4>::size_type[m[K’ {aka ‘[01m[Klong unsigned int[m[K’} [[01;35m[K-Wsign-compare[m[K]
   88 |       for (int i = 0; [01;35m[Ki < std::size(ik_angles)[m[K; i++) {
      |                       [01;35m[K~~^~~~~~~~~~~~~~~~~~~~~~[m[K
[100%] [32m[1mLinking CXX executable absenc_node[0m
[100%] Built target absenc_node
-- Install configuration: ""
-- Execute custom install script
-- Symlinking: /home/nvidia/robotics-orin/install/absenc_interface/share/ament_index/resource_index/rosidl_interfaces/absenc_interface
-- Symlinking: /home/nvidia/robotics-orin/install/absenc_interface/include/absenc_interface/msg/detail/encoder_values__functions.h
-- Symlinking: /home/nvidia/robotics-orin/install/absenc_interface/include/absenc_interface/msg/detail/encoder_values__struct.h
-- Symlinking: /home/nvidia/robotics-orin/install/absenc_interface/include/absenc_interface/msg/detail/encoder_values__type_support.h
-- Symlinking: /home/nvidia/robotics-orin/install/absenc_interface/include/absenc_interface/msg/encoder_values.h
-- Symlinking: /home/nvidia/robotics-orin/install/absenc_interface/include/absenc_interface/msg/rosidl_generator_c__visibility_control.h
-- Symlinking: /home/nvidia/robotics-orin/install/absenc_interface/share/absenc_interface/environment/library_path.sh
-- Symlinking: /home/nvidia/robotics-orin/install/absenc_interface/share/absenc_interface/environment/library_path.dsv
-- Symlinking: /home/nvidia/robotics-orin/install/absenc_interface/include/absenc_interface/msg/detail/encoder_values__rosidl_typesupport_fastrtps_c.h
-- Symlinking: /home/nvidia/robotics-orin/install/absenc_interface/include/absenc_interface/msg/rosidl_typesupport_fastrtps_c__visibility_control.h
-- Symlinking: /home/nvidia/robotics-orin/install/absenc_interface/lib/libabsenc_interface__rosidl_typesupport_fastrtps_c.so
-- Symlinking: /home/nvidia/robotics-orin/install/absenc_interface/include/absenc_interface/msg/detail/encoder_values__rosidl_typesupport_fastrtps_cpp.hpp
-- Symlinking: /home/nvidia/robotics-orin/install/absenc_interface/include/absenc_interface/msg/rosidl_typesupport_fastrtps_cpp__visibility_control.h
-- Symlinking: /home/nvidia/robotics-orin/install/absenc_interface/lib/libabsenc_interface__rosidl_typesupport_fastrtps_cpp.so
-- Symlinking: /home/nvidia/robotics-orin/install/absenc_interface/include/absenc_interface/msg/detail/encoder_values__rosidl_typesupport_introspection_c.h
-- Symlinking: /home/nvidia/robotics-orin/install/absenc_interface/include/absenc_interface/msg/rosidl_typesupport_introspection_c__visibility_control.h
-- Symlinking: /home/nvidia/robotics-orin/install/absenc_interface/include/absenc_interface/msg/detail/encoder_values__builder.hpp
-- Symlinking: /home/nvidia/robotics-orin/install/absenc_interface/include/absenc_interface/msg/detail/encoder_values__struct.hpp
-- Symlinking: /home/nvidia/robotics-orin/install/absenc_interface/include/absenc_interface/msg/detail/encoder_values__traits.hpp
-- Symlinking: /home/nvidia/robotics-orin/install/absenc_interface/include/absenc_interface/msg/detail/encoder_values__type_support.hpp
-- Symlinking: /home/nvidia/robotics-orin/install/absenc_interface/include/absenc_interface/msg/encoder_values.hpp
-- Symlinking: /home/nvidia/robotics-orin/install/absenc_interface/include/absenc_interface/msg/rosidl_generator_cpp__visibility_control.hpp
-- Symlinking: /home/nvidia/robotics-orin/install/absenc_interface/include/absenc_interface/msg/detail/encoder_values__rosidl_typesupport_introspection_cpp.hpp
-- Symlinking: /home/nvidia/robotics-orin/install/absenc_interface/share/absenc_interface/environment/pythonpath.sh
-- Symlinking: /home/nvidia/robotics-orin/install/absenc_interface/share/absenc_interface/environment/pythonpath.dsv
-- Symlinking: /home/nvidia/robotics-orin/install/absenc_interface/lib/python3.11/site-packages/absenc_interface/__init__.py
-- Symlinking: /home/nvidia/robotics-orin/install/absenc_interface/lib/python3.11/site-packages/absenc_interface/msg/__init__.py
-- Symlinking: /home/nvidia/robotics-orin/install/absenc_interface/lib/python3.11/site-packages/absenc_interface/msg/_encoder_values.py
-- Symlinking: /home/nvidia/robotics-orin/install/absenc_interface/lib/python3.11/site-packages/absenc_interface/absenc_interface_s__rosidl_typesupport_fastrtps_c.cpython-311-aarch64-linux-gnu.so
-- Symlinking: /home/nvidia/robotics-orin/install/absenc_interface/lib/python3.11/site-packages/absenc_interface/absenc_interface_s__rosidl_typesupport_introspection_c.cpython-311-aarch64-linux-gnu.so
-- Symlinking: /home/nvidia/robotics-orin/install/absenc_interface/lib/python3.11/site-packages/absenc_interface/absenc_interface_s__rosidl_typesupport_c.cpython-311-aarch64-linux-gnu.so
-- Symlinking: /home/nvidia/robotics-orin/install/absenc_interface/lib/libabsenc_interface__python.so
-- Symlinking: /home/nvidia/robotics-orin/install/absenc_interface/share/absenc_interface/msg/EncoderValues.idl
-- Symlinking: /home/nvidia/robotics-orin/install/absenc_interface/share/absenc_interface/msg/EncoderValues.msg
-- Symlinking: /home/nvidia/robotics-orin/install/absenc_interface/lib/absenc_interface/absenc_node
-- Symlinking: /home/nvidia/robotics-orin/install/absenc_interface/share/ament_index/resource_index/package_run_dependencies/absenc_interface
-- Symlinking: /home/nvidia/robotics-orin/install/absenc_interface/share/ament_index/resource_index/parent_prefix_path/absenc_interface
-- Symlinking: /home/nvidia/robotics-orin/install/absenc_interface/share/absenc_interface/environment/ament_prefix_path.sh
-- Symlinking: /home/nvidia/robotics-orin/install/absenc_interface/share/absenc_interface/environment/ament_prefix_path.dsv
-- Symlinking: /home/nvidia/robotics-orin/install/absenc_interface/share/absenc_interface/environment/path.sh
-- Symlinking: /home/nvidia/robotics-orin/install/absenc_interface/share/absenc_interface/environment/path.dsv
-- Symlinking: /home/nvidia/robotics-orin/install/absenc_interface/share/absenc_interface/local_setup.bash
-- Symlinking: /home/nvidia/robotics-orin/install/absenc_interface/share/absenc_interface/local_setup.sh
-- Symlinking: /home/nvidia/robotics-orin/install/absenc_interface/share/absenc_interface/local_setup.zsh
-- Symlinking: /home/nvidia/robotics-orin/install/absenc_interface/share/absenc_interface/local_setup.dsv
-- Symlinking: /home/nvidia/robotics-orin/install/absenc_interface/share/absenc_interface/package.dsv
-- Symlinking: /home/nvidia/robotics-orin/install/absenc_interface/share/ament_index/resource_index/packages/absenc_interface
-- Symlinking: /home/nvidia/robotics-orin/install/absenc_interface/share/absenc_interface/cmake/rosidl_cmake-extras.cmake
-- Symlinking: /home/nvidia/robotics-orin/install/absenc_interface/share/absenc_interface/cmake/ament_cmake_export_dependencies-extras.cmake
-- Symlinking: /home/nvidia/robotics-orin/install/absenc_interface/share/absenc_interface/cmake/ament_cmake_export_libraries-extras.cmake
-- Symlinking: /home/nvidia/robotics-orin/install/absenc_interface/share/absenc_interface/cmake/ament_cmake_export_targets-extras.cmake
-- Symlinking: /home/nvidia/robotics-orin/install/absenc_interface/share/absenc_interface/cmake/ament_cmake_export_include_directories-extras.cmake
-- Symlinking: /home/nvidia/robotics-orin/install/absenc_interface/share/absenc_interface/cmake/rosidl_cmake_export_typesupport_libraries-extras.cmake
-- Symlinking: /home/nvidia/robotics-orin/install/absenc_interface/share/absenc_interface/cmake/rosidl_cmake_export_typesupport_targets-extras.cmake
-- Symlinking: /home/nvidia/robotics-orin/install/absenc_interface/share/absenc_interface/cmake/absenc_interfaceConfig.cmake
-- Symlinking: /home/nvidia/robotics-orin/install/absenc_interface/share/absenc_interface/cmake/absenc_interfaceConfig-version.cmake
-- Symlinking: /home/nvidia/robotics-orin/install/absenc_interface/share/absenc_interface/package.xml
-- Installing: /home/nvidia/robotics-orin/install/absenc_interface/lib/libabsenc_interface__rosidl_generator_c.so
-- Set runtime path of "/home/nvidia/robotics-orin/install/absenc_interface/lib/libabsenc_interface__rosidl_generator_c.so" to ""
-- Installing: /home/nvidia/robotics-orin/install/absenc_interface/lib/libabsenc_interface__rosidl_typesupport_introspection_c.so
-- Set runtime path of "/home/nvidia/robotics-orin/install/absenc_interface/lib/libabsenc_interface__rosidl_typesupport_introspection_c.so" to ""
-- Installing: /home/nvidia/robotics-orin/install/absenc_interface/lib/libabsenc_interface__rosidl_typesupport_c.so
-- Set runtime path of "/home/nvidia/robotics-orin/install/absenc_interface/lib/libabsenc_interface__rosidl_typesupport_c.so" to ""
-- Installing: /home/nvidia/robotics-orin/install/absenc_interface/lib/libabsenc_interface__rosidl_typesupport_introspection_cpp.so
-- Set runtime path of "/home/nvidia/robotics-orin/install/absenc_interface/lib/libabsenc_interface__rosidl_typesupport_introspection_cpp.so" to ""
-- Installing: /home/nvidia/robotics-orin/install/absenc_interface/lib/libabsenc_interface__rosidl_typesupport_cpp.so
-- Set runtime path of "/home/nvidia/robotics-orin/install/absenc_interface/lib/libabsenc_interface__rosidl_typesupport_cpp.so" to ""
Compiling '/home/nvidia/robotics-orin/install/absenc_interface/lib/python3.11/site-packages/absenc_interface/__init__.py'...
-- Installing: /home/nvidia/robotics-orin/install/absenc_interface/share/absenc_interface/cmake/absenc_interface__rosidl_generator_cExport.cmake
-- Installing: /home/nvidia/robotics-orin/install/absenc_interface/share/absenc_interface/cmake/absenc_interface__rosidl_generator_cExport-noconfig.cmake
-- Installing: /home/nvidia/robotics-orin/install/absenc_interface/share/absenc_interface/cmake/absenc_interface__rosidl_typesupport_introspection_cExport.cmake
-- Installing: /home/nvidia/robotics-orin/install/absenc_interface/share/absenc_interface/cmake/absenc_interface__rosidl_typesupport_introspection_cExport-noconfig.cmake
-- Installing: /home/nvidia/robotics-orin/install/absenc_interface/share/absenc_interface/cmake/absenc_interface__rosidl_typesupport_cExport.cmake
-- Installing: /home/nvidia/robotics-orin/install/absenc_interface/share/absenc_interface/cmake/absenc_interface__rosidl_typesupport_cExport-noconfig.cmake
-- Installing: /home/nvidia/robotics-orin/install/absenc_interface/share/absenc_interface/cmake/absenc_interface__rosidl_generator_cppExport.cmake
-- Installing: /home/nvidia/robotics-orin/install/absenc_interface/share/absenc_interface/cmake/absenc_interface__rosidl_typesupport_introspection_cppExport.cmake
-- Installing: /home/nvidia/robotics-orin/install/absenc_interface/share/absenc_interface/cmake/absenc_interface__rosidl_typesupport_introspection_cppExport-noconfig.cmake
-- Installing: /home/nvidia/robotics-orin/install/absenc_interface/share/absenc_interface/cmake/absenc_interface__rosidl_typesupport_cppExport.cmake
-- Installing: /home/nvidia/robotics-orin/install/absenc_interface/share/absenc_interface/cmake/absenc_interface__rosidl_typesupport_cppExport-noconfig.cmake
