[0.750s] Invoking command in '/home/nvidia/robotics-orin/build/absenc_interface': CMAKE_PREFIX_PATH=${CMAKE_PREFIX_PATH}:/opt/ros/humble:/home/nvidia/robotics-orin/install/arm_ik CONDA_PROMPT_MODIFIER=(base) /usr/bin/cmake --build /home/nvidia/robotics-orin/build/absenc_interface -- -j6 -l6
[0.845s] [  8%] Built target absenc_interface__cpp
[0.845s] [ 11%] Built target absenc_interface__rosidl_generator_c
[0.862s] [ 11%] Built target ament_cmake_python_symlink_absenc_interface
[0.882s] [ 23%] Built target absenc_interface__rosidl_typesupport_cpp
[0.883s] [ 29%] Built target absenc_interface__rosidl_typesupport_fastrtps_c
[0.885s] [ 38%] Built target absenc_interface__rosidl_typesupport_introspection_cpp
[0.885s] [ 47%] Built target absenc_interface__rosidl_typesupport_introspection_c
[0.901s] [ 64%] Built target absenc_interface__rosidl_typesupport_fastrtps_cpp
[0.901s] [ 64%] Built target absenc_interface__rosidl_typesupport_c
[0.938s] [ 64%] Built target absenc_interface
[0.960s] [35m[1mScanning dependencies of target absenc_node[0m
[0.977s] [ 67%] Built target absenc_interface__py
[1.022s] [ 76%] [32mBuilding CXX object CMakeFiles/absenc_node.dir/src/absenc_node.cpp.o[0m
[1.022s] [ 76%] Built target absenc_interface__rosidl_generator_py
[1.065s] [ 88%] Built target absenc_interface__rosidl_typesupport_c__pyext
[1.066s] [ 88%] Built target absenc_interface__rosidl_typesupport_introspection_c__pyext
[1.073s] [ 94%] Built target absenc_interface__rosidl_typesupport_fastrtps_c__pyext
[1.441s] running egg_info
[1.442s] writing absenc_interface.egg-info/PKG-INFO
[1.442s] writing dependency_links to absenc_interface.egg-info/dependency_links.txt
[1.443s] writing top-level names to absenc_interface.egg-info/top_level.txt
[1.521s] reading manifest file 'absenc_interface.egg-info/SOURCES.txt'
[1.522s] writing manifest file 'absenc_interface.egg-info/SOURCES.txt'
[1.588s] [ 94%] Built target ament_cmake_python_build_absenc_interface_egg
[5.735s] [01m[K/home/nvidia/robotics-orin/src/absenc_interface/src/absenc_node.cpp:[m[K In member function ‘[01m[Kvoid AbsEnc::ikValuesCallback(sensor_msgs::msg::JointState_<std::allocator<void> >::SharedPtr)[m[K’:
[5.736s] [01m[K/home/nvidia/robotics-orin/src/absenc_interface/src/absenc_node.cpp:93:23:[m[K [01;31m[Kerror: [m[K‘[01m[Kstd::msgs[m[K’ has not been declared
[5.736s]    93 |       auto dim = std::[01;31m[Kmsgs[m[K::msg::MultiArrayDimension();
[5.736s]       |                       [01;31m[K^~~~[m[K
[5.737s] [01m[K/home/nvidia/robotics-orin/src/absenc_interface/src/absenc_node.cpp:101:25:[m[K [01;35m[Kwarning: [m[Kcomparison of integer expressions of different signedness: ‘[01m[Kint[m[K’ and ‘[01m[Kstd::array<float, 4>::size_type[m[K’ {aka ‘[01m[Klong unsigned int[m[K’} [[01;35m[K-Wsign-compare[m[K]
[5.737s]   101 |       for (int i = 0; [01;35m[Ki < std::size(ik_angles)[m[K; i++) {
[5.737s]       |                       [01;35m[K~~^~~~~~~~~~~~~~~~~~~~~~[m[K
[5.737s] [01m[K/home/nvidia/robotics-orin/src/absenc_interface/src/absenc_node.cpp:106:25:[m[K [01;35m[Kwarning: [m[Kcomparison of integer expressions of different signedness: ‘[01m[Kint[m[K’ and ‘[01m[Kstd::array<float, 4>::size_type[m[K’ {aka ‘[01m[Klong unsigned int[m[K’} [[01;35m[K-Wsign-compare[m[K]
[5.737s]   106 |       for (int i = 0; [01;35m[Ki < std::size(ik_angles)[m[K; i++) {
[5.738s]       |                       [01;35m[K~~^~~~~~~~~~~~~~~~~~~~~~[m[K
[11.897s] make[2]: *** [CMakeFiles/absenc_node.dir/build.make:63: CMakeFiles/absenc_node.dir/src/absenc_node.cpp.o] Error 1
[11.898s] make[1]: *** [CMakeFiles/Makefile2:128: CMakeFiles/absenc_node.dir/all] Error 2
[11.898s] make: *** [Makefile:141: all] Error 2
[11.903s] Invoked command in '/home/nvidia/robotics-orin/build/absenc_interface' returned '2': CMAKE_PREFIX_PATH=${CMAKE_PREFIX_PATH}:/opt/ros/humble:/home/nvidia/robotics-orin/install/arm_ik CONDA_PROMPT_MODIFIER=(base) /usr/bin/cmake --build /home/nvidia/robotics-orin/build/absenc_interface -- -j6 -l6
