[10.918s] DEBUG:colcon:Command line arguments: ['/usr/bin/colcon', 'build']
[10.918s] DEBUG:colcon:Parsed command line arguments: Namespace(allow_overriding=[], ament_cmake_args=None, base_paths=['.'], build_base='build', catkin_cmake_args=None, catkin_skip_building_tests=False, cmake_args=None, cmake_clean_cache=False, cmake_clean_first=False, cmake_force_configure=False, cmake_target=None, cmake_target_skip_unavailable=False, continue_on_error=False, event_handlers=None, executor='parallel', ignore_user_meta=False, install_base='install', log_base=None, log_level=None, main=<bound method BuildVerb.main of <colcon_core.verb.build.BuildVerb object at 0xffff92728700>>, merge_install=False, metas=['./colcon.meta'], packages_above=None, packages_above_and_dependencies=None, packages_above_depth=None, packages_end=None, packages_ignore=None, packages_ignore_regex=None, packages_select=None, packages_select_build_failed=False, packages_select_by_dep=None, packages_select_regex=None, packages_select_test_failures=False, packages_skip=None, packages_skip_build_finished=False, packages_skip_by_dep=None, packages_skip_regex=None, packages_skip_test_passed=False, packages_skip_up_to=None, packages_start=None, packages_up_to=None, packages_up_to_regex=None, parallel_workers=6, paths=None, symlink_install=False, test_result_base=None, verb_extension=<colcon_core.verb.build.BuildVerb object at 0xffff92728700>, verb_name='build', verb_parser=<colcon_defaults.argument_parser.defaults.DefaultArgumentsDecorator object at 0xffff923bb550>)
[11.347s] Level 1:colcon.colcon_core.package_discovery:discover_packages(colcon_meta) check parameters
[11.347s] Level 1:colcon.colcon_core.package_discovery:discover_packages(recursive) check parameters
[11.347s] Level 1:colcon.colcon_core.package_discovery:discover_packages(ignore) check parameters
[11.347s] Level 1:colcon.colcon_core.package_discovery:discover_packages(path) check parameters
[11.347s] Level 1:colcon.colcon_core.package_discovery:discover_packages(colcon_meta) discover
[11.347s] Level 1:colcon.colcon_core.package_discovery:discover_packages(recursive) discover
[11.347s] INFO:colcon.colcon_core.package_discovery:Crawling recursively for packages in '/home/nvidia/robotics-orin'
[11.348s] Level 1:colcon.colcon_core.package_identification:_identify(.) by extensions ['ignore', 'ignore_ament_install']
[11.348s] Level 1:colcon.colcon_core.package_identification:_identify(.) by extension 'ignore'
[11.348s] Level 1:colcon.colcon_core.package_identification:_identify(.) by extension 'ignore_ament_install'
[11.348s] Level 1:colcon.colcon_core.package_identification:_identify(.) by extensions ['colcon_pkg']
[11.348s] Level 1:colcon.colcon_core.package_identification:_identify(.) by extension 'colcon_pkg'
[11.348s] Level 1:colcon.colcon_core.package_identification:_identify(.) by extensions ['colcon_meta']
[11.348s] Level 1:colcon.colcon_core.package_identification:_identify(.) by extension 'colcon_meta'
[11.348s] Level 1:colcon.colcon_core.package_identification:_identify(.) by extensions ['ros']
[11.348s] Level 1:colcon.colcon_core.package_identification:_identify(.) by extension 'ros'
[11.365s] Level 1:colcon.colcon_core.package_identification:_identify(.) by extensions ['cmake', 'python']
[11.366s] Level 1:colcon.colcon_core.package_identification:_identify(.) by extension 'cmake'
[11.366s] Level 1:colcon.colcon_core.package_identification:_identify(.) by extension 'python'
[11.366s] Level 1:colcon.colcon_core.package_identification:_identify(.) by extensions ['python_setup_py']
[11.366s] Level 1:colcon.colcon_core.package_identification:_identify(.) by extension 'python_setup_py'
[11.366s] Level 1:colcon.colcon_core.package_identification:_identify(JetsonGPIO) by extensions ['ignore', 'ignore_ament_install']
[11.366s] Level 1:colcon.colcon_core.package_identification:_identify(JetsonGPIO) by extension 'ignore'
[11.366s] Level 1:colcon.colcon_core.package_identification:_identify(JetsonGPIO) ignored
[11.367s] Level 1:colcon.colcon_core.package_identification:_identify(build) by extensions ['ignore', 'ignore_ament_install']
[11.367s] Level 1:colcon.colcon_core.package_identification:_identify(build) by extension 'ignore'
[11.367s] Level 1:colcon.colcon_core.package_identification:_identify(build) ignored
[11.367s] Level 1:colcon.colcon_core.package_identification:_identify(install) by extensions ['ignore', 'ignore_ament_install']
[11.367s] Level 1:colcon.colcon_core.package_identification:_identify(install) by extension 'ignore'
[11.367s] Level 1:colcon.colcon_core.package_identification:_identify(install) ignored
[11.367s] Level 1:colcon.colcon_core.package_identification:_identify(launch) by extensions ['ignore', 'ignore_ament_install']
[11.367s] Level 1:colcon.colcon_core.package_identification:_identify(launch) by extension 'ignore'
[11.368s] Level 1:colcon.colcon_core.package_identification:_identify(launch) by extension 'ignore_ament_install'
[11.368s] Level 1:colcon.colcon_core.package_identification:_identify(launch) by extensions ['colcon_pkg']
[11.368s] Level 1:colcon.colcon_core.package_identification:_identify(launch) by extension 'colcon_pkg'
[11.368s] Level 1:colcon.colcon_core.package_identification:_identify(launch) by extensions ['colcon_meta']
[11.368s] Level 1:colcon.colcon_core.package_identification:_identify(launch) by extension 'colcon_meta'
[11.368s] Level 1:colcon.colcon_core.package_identification:_identify(launch) by extensions ['ros']
[11.368s] Level 1:colcon.colcon_core.package_identification:_identify(launch) by extension 'ros'
[11.368s] Level 1:colcon.colcon_core.package_identification:_identify(launch) by extensions ['cmake', 'python']
[11.368s] Level 1:colcon.colcon_core.package_identification:_identify(launch) by extension 'cmake'
[11.368s] Level 1:colcon.colcon_core.package_identification:_identify(launch) by extension 'python'
[11.368s] Level 1:colcon.colcon_core.package_identification:_identify(launch) by extensions ['python_setup_py']
[11.368s] Level 1:colcon.colcon_core.package_identification:_identify(launch) by extension 'python_setup_py'
[11.369s] Level 1:colcon.colcon_core.package_identification:_identify(launch/__pycache__) by extensions ['ignore', 'ignore_ament_install']
[11.369s] Level 1:colcon.colcon_core.package_identification:_identify(launch/__pycache__) by extension 'ignore'
[11.369s] Level 1:colcon.colcon_core.package_identification:_identify(launch/__pycache__) by extension 'ignore_ament_install'
[11.369s] Level 1:colcon.colcon_core.package_identification:_identify(launch/__pycache__) by extensions ['colcon_pkg']
[11.369s] Level 1:colcon.colcon_core.package_identification:_identify(launch/__pycache__) by extension 'colcon_pkg'
[11.369s] Level 1:colcon.colcon_core.package_identification:_identify(launch/__pycache__) by extensions ['colcon_meta']
[11.369s] Level 1:colcon.colcon_core.package_identification:_identify(launch/__pycache__) by extension 'colcon_meta'
[11.369s] Level 1:colcon.colcon_core.package_identification:_identify(launch/__pycache__) by extensions ['ros']
[11.369s] Level 1:colcon.colcon_core.package_identification:_identify(launch/__pycache__) by extension 'ros'
[11.369s] Level 1:colcon.colcon_core.package_identification:_identify(launch/__pycache__) by extensions ['cmake', 'python']
[11.369s] Level 1:colcon.colcon_core.package_identification:_identify(launch/__pycache__) by extension 'cmake'
[11.369s] Level 1:colcon.colcon_core.package_identification:_identify(launch/__pycache__) by extension 'python'
[11.369s] Level 1:colcon.colcon_core.package_identification:_identify(launch/__pycache__) by extensions ['python_setup_py']
[11.370s] Level 1:colcon.colcon_core.package_identification:_identify(launch/__pycache__) by extension 'python_setup_py'
[11.370s] Level 1:colcon.colcon_core.package_identification:_identify(log) by extensions ['ignore', 'ignore_ament_install']
[11.370s] Level 1:colcon.colcon_core.package_identification:_identify(log) by extension 'ignore'
[11.370s] Level 1:colcon.colcon_core.package_identification:_identify(log) ignored
[11.370s] Level 1:colcon.colcon_core.package_identification:_identify(rosRoverStart) by extensions ['ignore', 'ignore_ament_install']
[11.370s] Level 1:colcon.colcon_core.package_identification:_identify(rosRoverStart) by extension 'ignore'
[11.370s] Level 1:colcon.colcon_core.package_identification:_identify(rosRoverStart) by extension 'ignore_ament_install'
[11.370s] Level 1:colcon.colcon_core.package_identification:_identify(rosRoverStart) by extensions ['colcon_pkg']
[11.371s] Level 1:colcon.colcon_core.package_identification:_identify(rosRoverStart) by extension 'colcon_pkg'
[11.371s] Level 1:colcon.colcon_core.package_identification:_identify(rosRoverStart) by extensions ['colcon_meta']
[11.371s] Level 1:colcon.colcon_core.package_identification:_identify(rosRoverStart) by extension 'colcon_meta'
[11.371s] Level 1:colcon.colcon_core.package_identification:_identify(rosRoverStart) by extensions ['ros']
[11.371s] Level 1:colcon.colcon_core.package_identification:_identify(rosRoverStart) by extension 'ros'
[11.371s] Level 1:colcon.colcon_core.package_identification:_identify(rosRoverStart) by extensions ['cmake', 'python']
[11.371s] Level 1:colcon.colcon_core.package_identification:_identify(rosRoverStart) by extension 'cmake'
[11.371s] Level 1:colcon.colcon_core.package_identification:_identify(rosRoverStart) by extension 'python'
[11.371s] Level 1:colcon.colcon_core.package_identification:_identify(rosRoverStart) by extensions ['python_setup_py']
[11.371s] Level 1:colcon.colcon_core.package_identification:_identify(rosRoverStart) by extension 'python_setup_py'
[11.371s] Level 1:colcon.colcon_core.package_identification:_identify(rosRoverStart/__pycache__) by extensions ['ignore', 'ignore_ament_install']
[11.372s] Level 1:colcon.colcon_core.package_identification:_identify(rosRoverStart/__pycache__) by extension 'ignore'
[11.372s] Level 1:colcon.colcon_core.package_identification:_identify(rosRoverStart/__pycache__) by extension 'ignore_ament_install'
[11.372s] Level 1:colcon.colcon_core.package_identification:_identify(rosRoverStart/__pycache__) by extensions ['colcon_pkg']
[11.372s] Level 1:colcon.colcon_core.package_identification:_identify(rosRoverStart/__pycache__) by extension 'colcon_pkg'
[11.372s] Level 1:colcon.colcon_core.package_identification:_identify(rosRoverStart/__pycache__) by extensions ['colcon_meta']
[11.372s] Level 1:colcon.colcon_core.package_identification:_identify(rosRoverStart/__pycache__) by extension 'colcon_meta'
[11.372s] Level 1:colcon.colcon_core.package_identification:_identify(rosRoverStart/__pycache__) by extensions ['ros']
[11.372s] Level 1:colcon.colcon_core.package_identification:_identify(rosRoverStart/__pycache__) by extension 'ros'
[11.372s] Level 1:colcon.colcon_core.package_identification:_identify(rosRoverStart/__pycache__) by extensions ['cmake', 'python']
[11.372s] Level 1:colcon.colcon_core.package_identification:_identify(rosRoverStart/__pycache__) by extension 'cmake'
[11.372s] Level 1:colcon.colcon_core.package_identification:_identify(rosRoverStart/__pycache__) by extension 'python'
[11.372s] Level 1:colcon.colcon_core.package_identification:_identify(rosRoverStart/__pycache__) by extensions ['python_setup_py']
[11.372s] Level 1:colcon.colcon_core.package_identification:_identify(rosRoverStart/__pycache__) by extension 'python_setup_py'
[11.373s] Level 1:colcon.colcon_core.package_identification:_identify(rosRoverStart/build) by extensions ['ignore', 'ignore_ament_install']
[11.373s] Level 1:colcon.colcon_core.package_identification:_identify(rosRoverStart/build) by extension 'ignore'
[11.373s] Level 1:colcon.colcon_core.package_identification:_identify(rosRoverStart/build) ignored
[11.373s] Level 1:colcon.colcon_core.package_identification:_identify(rosRoverStart/install) by extensions ['ignore', 'ignore_ament_install']
[11.373s] Level 1:colcon.colcon_core.package_identification:_identify(rosRoverStart/install) by extension 'ignore'
[11.373s] Level 1:colcon.colcon_core.package_identification:_identify(rosRoverStart/install) ignored
[11.373s] Level 1:colcon.colcon_core.package_identification:_identify(rosRoverStart/log) by extensions ['ignore', 'ignore_ament_install']
[11.373s] Level 1:colcon.colcon_core.package_identification:_identify(rosRoverStart/log) by extension 'ignore'
[11.373s] Level 1:colcon.colcon_core.package_identification:_identify(rosRoverStart/log) ignored
[11.374s] Level 1:colcon.colcon_core.package_identification:_identify(src) by extensions ['ignore', 'ignore_ament_install']
[11.374s] Level 1:colcon.colcon_core.package_identification:_identify(src) by extension 'ignore'
[11.374s] Level 1:colcon.colcon_core.package_identification:_identify(src) by extension 'ignore_ament_install'
[11.374s] Level 1:colcon.colcon_core.package_identification:_identify(src) by extensions ['colcon_pkg']
[11.374s] Level 1:colcon.colcon_core.package_identification:_identify(src) by extension 'colcon_pkg'
[11.374s] Level 1:colcon.colcon_core.package_identification:_identify(src) by extensions ['colcon_meta']
[11.374s] Level 1:colcon.colcon_core.package_identification:_identify(src) by extension 'colcon_meta'
[11.374s] Level 1:colcon.colcon_core.package_identification:_identify(src) by extensions ['ros']
[11.374s] Level 1:colcon.colcon_core.package_identification:_identify(src) by extension 'ros'
[11.374s] Level 1:colcon.colcon_core.package_identification:_identify(src) by extensions ['cmake', 'python']
[11.374s] Level 1:colcon.colcon_core.package_identification:_identify(src) by extension 'cmake'
[11.374s] Level 1:colcon.colcon_core.package_identification:_identify(src) by extension 'python'
[11.375s] Level 1:colcon.colcon_core.package_identification:_identify(src) by extensions ['python_setup_py']
[11.375s] Level 1:colcon.colcon_core.package_identification:_identify(src) by extension 'python_setup_py'
[11.375s] Level 1:colcon.colcon_core.package_identification:_identify(src/absenc_interface) by extensions ['ignore', 'ignore_ament_install']
[11.375s] Level 1:colcon.colcon_core.package_identification:_identify(src/absenc_interface) by extension 'ignore'
[11.375s] Level 1:colcon.colcon_core.package_identification:_identify(src/absenc_interface) by extension 'ignore_ament_install'
[11.375s] Level 1:colcon.colcon_core.package_identification:_identify(src/absenc_interface) by extensions ['colcon_pkg']
[11.375s] Level 1:colcon.colcon_core.package_identification:_identify(src/absenc_interface) by extension 'colcon_pkg'
[11.375s] Level 1:colcon.colcon_core.package_identification:_identify(src/absenc_interface) by extensions ['colcon_meta']
[11.375s] Level 1:colcon.colcon_core.package_identification:_identify(src/absenc_interface) by extension 'colcon_meta'
[11.375s] Level 1:colcon.colcon_core.package_identification:_identify(src/absenc_interface) by extensions ['ros']
[11.375s] Level 1:colcon.colcon_core.package_identification:_identify(src/absenc_interface) by extension 'ros'
[11.379s] DEBUG:colcon.colcon_core.package_identification:Package 'src/absenc_interface' with type 'ros.ament_cmake' and name 'absenc_interface'
[11.379s] Level 1:colcon.colcon_core.package_identification:_identify(src/arm_controller) by extensions ['ignore', 'ignore_ament_install']
[11.380s] Level 1:colcon.colcon_core.package_identification:_identify(src/arm_controller) by extension 'ignore'
[11.380s] Level 1:colcon.colcon_core.package_identification:_identify(src/arm_controller) by extension 'ignore_ament_install'
[11.380s] Level 1:colcon.colcon_core.package_identification:_identify(src/arm_controller) by extensions ['colcon_pkg']
[11.380s] Level 1:colcon.colcon_core.package_identification:_identify(src/arm_controller) by extension 'colcon_pkg'
[11.380s] Level 1:colcon.colcon_core.package_identification:_identify(src/arm_controller) by extensions ['colcon_meta']
[11.380s] Level 1:colcon.colcon_core.package_identification:_identify(src/arm_controller) by extension 'colcon_meta'
[11.380s] Level 1:colcon.colcon_core.package_identification:_identify(src/arm_controller) by extensions ['ros']
[11.380s] Level 1:colcon.colcon_core.package_identification:_identify(src/arm_controller) by extension 'ros'
[11.381s] DEBUG:colcon.colcon_core.package_identification:Package 'src/arm_controller' with type 'ros.ament_cmake' and name 'arm_controller'
[11.381s] Level 1:colcon.colcon_core.package_identification:_identify(src/arm_ik) by extensions ['ignore', 'ignore_ament_install']
[11.381s] Level 1:colcon.colcon_core.package_identification:_identify(src/arm_ik) by extension 'ignore'
[11.382s] Level 1:colcon.colcon_core.package_identification:_identify(src/arm_ik) by extension 'ignore_ament_install'
[11.382s] Level 1:colcon.colcon_core.package_identification:_identify(src/arm_ik) by extensions ['colcon_pkg']
[11.382s] Level 1:colcon.colcon_core.package_identification:_identify(src/arm_ik) by extension 'colcon_pkg'
[11.382s] Level 1:colcon.colcon_core.package_identification:_identify(src/arm_ik) by extensions ['colcon_meta']
[11.382s] Level 1:colcon.colcon_core.package_identification:_identify(src/arm_ik) by extension 'colcon_meta'
[11.382s] Level 1:colcon.colcon_core.package_identification:_identify(src/arm_ik) by extensions ['ros']
[11.382s] Level 1:colcon.colcon_core.package_identification:_identify(src/arm_ik) by extension 'ros'
[11.383s] DEBUG:colcon.colcon_core.package_identification:Package 'src/arm_ik' with type 'ros.ament_python' and name 'arm_ik'
[11.383s] Level 1:colcon.colcon_core.package_identification:_identify(src/gps) by extensions ['ignore', 'ignore_ament_install']
[11.383s] Level 1:colcon.colcon_core.package_identification:_identify(src/gps) by extension 'ignore'
[11.383s] Level 1:colcon.colcon_core.package_identification:_identify(src/gps) ignored
[11.383s] Level 1:colcon.colcon_core.package_identification:_identify(src/sil) by extensions ['ignore', 'ignore_ament_install']
[11.384s] Level 1:colcon.colcon_core.package_identification:_identify(src/sil) by extension 'ignore'
[11.384s] Level 1:colcon.colcon_core.package_identification:_identify(src/sil) by extension 'ignore_ament_install'
[11.384s] Level 1:colcon.colcon_core.package_identification:_identify(src/sil) by extensions ['colcon_pkg']
[11.384s] Level 1:colcon.colcon_core.package_identification:_identify(src/sil) by extension 'colcon_pkg'
[11.384s] Level 1:colcon.colcon_core.package_identification:_identify(src/sil) by extensions ['colcon_meta']
[11.384s] Level 1:colcon.colcon_core.package_identification:_identify(src/sil) by extension 'colcon_meta'
[11.384s] Level 1:colcon.colcon_core.package_identification:_identify(src/sil) by extensions ['ros']
[11.384s] Level 1:colcon.colcon_core.package_identification:_identify(src/sil) by extension 'ros'
[11.385s] DEBUG:colcon.colcon_core.package_identification:Package 'src/sil' with type 'ros.ament_cmake' and name 'sil'
[11.385s] Level 1:colcon.colcon_core.package_identification:_identify(src/wheels_controller) by extensions ['ignore', 'ignore_ament_install']
[11.385s] Level 1:colcon.colcon_core.package_identification:_identify(src/wheels_controller) by extension 'ignore'
[11.385s] Level 1:colcon.colcon_core.package_identification:_identify(src/wheels_controller) by extension 'ignore_ament_install'
[11.385s] Level 1:colcon.colcon_core.package_identification:_identify(src/wheels_controller) by extensions ['colcon_pkg']
[11.386s] Level 1:colcon.colcon_core.package_identification:_identify(src/wheels_controller) by extension 'colcon_pkg'
[11.386s] Level 1:colcon.colcon_core.package_identification:_identify(src/wheels_controller) by extensions ['colcon_meta']
[11.386s] Level 1:colcon.colcon_core.package_identification:_identify(src/wheels_controller) by extension 'colcon_meta'
[11.386s] Level 1:colcon.colcon_core.package_identification:_identify(src/wheels_controller) by extensions ['ros']
[11.386s] Level 1:colcon.colcon_core.package_identification:_identify(src/wheels_controller) by extension 'ros'
[11.386s] DEBUG:colcon.colcon_core.package_identification:Package 'src/wheels_controller' with type 'ros.ament_cmake' and name 'wheels_controller'
[11.386s] Level 1:colcon.colcon_core.package_discovery:discover_packages(recursive) using defaults
[11.387s] Level 1:colcon.colcon_core.package_discovery:discover_packages(ignore) discover
[11.387s] Level 1:colcon.colcon_core.package_discovery:discover_packages(ignore) using defaults
[11.387s] Level 1:colcon.colcon_core.package_discovery:discover_packages(path) discover
[11.387s] Level 1:colcon.colcon_core.package_discovery:discover_packages(path) using defaults
[12.430s] Level 1:colcon.colcon_core.package_discovery:discover_packages(prefix_path) check parameters
[12.430s] Level 1:colcon.colcon_core.package_discovery:discover_packages(prefix_path) discover
[12.630s] WARNING:colcon.colcon_ros.prefix_path.ament:The path '/home/nvidia/robotics-orin/install/wheels_controller' in the environment variable AMENT_PREFIX_PATH doesn't exist
[12.631s] WARNING:colcon.colcon_ros.prefix_path.ament:The path '/home/nvidia/robotics-orin/install/sil' in the environment variable AMENT_PREFIX_PATH doesn't exist
[12.631s] WARNING:colcon.colcon_ros.prefix_path.ament:The path '/home/nvidia/robotics-orin/install/arm_ik' in the environment variable AMENT_PREFIX_PATH doesn't exist
[12.631s] WARNING:colcon.colcon_ros.prefix_path.ament:The path '/home/nvidia/robotics-orin/install/arm_controller' in the environment variable AMENT_PREFIX_PATH doesn't exist
[12.631s] WARNING:colcon.colcon_ros.prefix_path.ament:The path '/home/nvidia/robotics-orin/install/absenc_interface' in the environment variable AMENT_PREFIX_PATH doesn't exist
[12.631s] WARNING:colcon.colcon_ros.prefix_path.catkin:The path '/home/nvidia/robotics-orin/install/wheels_controller' in the environment variable CMAKE_PREFIX_PATH doesn't exist
[12.631s] WARNING:colcon.colcon_ros.prefix_path.catkin:The path '/home/nvidia/robotics-orin/install/sil' in the environment variable CMAKE_PREFIX_PATH doesn't exist
[12.631s] WARNING:colcon.colcon_ros.prefix_path.catkin:The path '/home/nvidia/robotics-orin/install/arm_controller' in the environment variable CMAKE_PREFIX_PATH doesn't exist
[12.631s] WARNING:colcon.colcon_ros.prefix_path.catkin:The path '/home/nvidia/robotics-orin/install/absenc_interface' in the environment variable CMAKE_PREFIX_PATH doesn't exist
[12.832s] DEBUG:colcon.colcon_installed_package_information.package_discovery:Found 0 installed packages in /home/nvidia/robotics-orin/rosRoverStart/install
[13.031s] DEBUG:colcon.colcon_installed_package_information.package_discovery:Found 0 installed packages in /home/nvidia/robotics-orin/install
[13.229s] DEBUG:colcon.colcon_installed_package_information.package_discovery:Found 319 installed packages in /opt/ros/humble
[13.429s] DEBUG:colcon.colcon_installed_package_information.package_discovery:Found 290 installed packages in /opt/ros/foxy
[13.444s] Level 1:colcon.colcon_core.package_discovery:discover_packages(prefix_path) using defaults
[14.116s] Level 5:colcon.colcon_core.verb:set package 'absenc_interface' build argument 'cmake_args' from command line to 'None'
[14.117s] Level 5:colcon.colcon_core.verb:set package 'absenc_interface' build argument 'cmake_target' from command line to 'None'
[14.117s] Level 5:colcon.colcon_core.verb:set package 'absenc_interface' build argument 'cmake_target_skip_unavailable' from command line to 'False'
[14.117s] Level 5:colcon.colcon_core.verb:set package 'absenc_interface' build argument 'cmake_clean_cache' from command line to 'False'
[14.117s] Level 5:colcon.colcon_core.verb:set package 'absenc_interface' build argument 'cmake_clean_first' from command line to 'False'
[14.117s] Level 5:colcon.colcon_core.verb:set package 'absenc_interface' build argument 'cmake_force_configure' from command line to 'False'
[14.117s] Level 5:colcon.colcon_core.verb:set package 'absenc_interface' build argument 'ament_cmake_args' from command line to 'None'
[14.117s] Level 5:colcon.colcon_core.verb:set package 'absenc_interface' build argument 'catkin_cmake_args' from command line to 'None'
[14.117s] Level 5:colcon.colcon_core.verb:set package 'absenc_interface' build argument 'catkin_skip_building_tests' from command line to 'False'
[14.117s] DEBUG:colcon.colcon_core.verb:Building package 'absenc_interface' with the following arguments: {'ament_cmake_args': None, 'build_base': '/home/nvidia/robotics-orin/build/absenc_interface', 'catkin_cmake_args': None, 'catkin_skip_building_tests': False, 'cmake_args': None, 'cmake_clean_cache': False, 'cmake_clean_first': False, 'cmake_force_configure': False, 'cmake_target': None, 'cmake_target_skip_unavailable': False, 'install_base': '/home/nvidia/robotics-orin/install/absenc_interface', 'merge_install': False, 'path': '/home/nvidia/robotics-orin/src/absenc_interface', 'symlink_install': False, 'test_result_base': None}
[14.315s] Level 5:colcon.colcon_core.verb:set package 'arm_controller' build argument 'cmake_args' from command line to 'None'
[14.315s] Level 5:colcon.colcon_core.verb:set package 'arm_controller' build argument 'cmake_target' from command line to 'None'
[14.315s] Level 5:colcon.colcon_core.verb:set package 'arm_controller' build argument 'cmake_target_skip_unavailable' from command line to 'False'
[14.315s] Level 5:colcon.colcon_core.verb:set package 'arm_controller' build argument 'cmake_clean_cache' from command line to 'False'
[14.315s] Level 5:colcon.colcon_core.verb:set package 'arm_controller' build argument 'cmake_clean_first' from command line to 'False'
[14.315s] Level 5:colcon.colcon_core.verb:set package 'arm_controller' build argument 'cmake_force_configure' from command line to 'False'
[14.315s] Level 5:colcon.colcon_core.verb:set package 'arm_controller' build argument 'ament_cmake_args' from command line to 'None'
[14.315s] Level 5:colcon.colcon_core.verb:set package 'arm_controller' build argument 'catkin_cmake_args' from command line to 'None'
[14.315s] Level 5:colcon.colcon_core.verb:set package 'arm_controller' build argument 'catkin_skip_building_tests' from command line to 'False'
[14.315s] DEBUG:colcon.colcon_core.verb:Building package 'arm_controller' with the following arguments: {'ament_cmake_args': None, 'build_base': '/home/nvidia/robotics-orin/build/arm_controller', 'catkin_cmake_args': None, 'catkin_skip_building_tests': False, 'cmake_args': None, 'cmake_clean_cache': False, 'cmake_clean_first': False, 'cmake_force_configure': False, 'cmake_target': None, 'cmake_target_skip_unavailable': False, 'install_base': '/home/nvidia/robotics-orin/install/arm_controller', 'merge_install': False, 'path': '/home/nvidia/robotics-orin/src/arm_controller', 'symlink_install': False, 'test_result_base': None}
[14.514s] Level 5:colcon.colcon_core.verb:set package 'sil' build argument 'cmake_args' from command line to 'None'
[14.514s] Level 5:colcon.colcon_core.verb:set package 'sil' build argument 'cmake_target' from command line to 'None'
[14.515s] Level 5:colcon.colcon_core.verb:set package 'sil' build argument 'cmake_target_skip_unavailable' from command line to 'False'
[14.515s] Level 5:colcon.colcon_core.verb:set package 'sil' build argument 'cmake_clean_cache' from command line to 'False'
[14.515s] Level 5:colcon.colcon_core.verb:set package 'sil' build argument 'cmake_clean_first' from command line to 'False'
[14.515s] Level 5:colcon.colcon_core.verb:set package 'sil' build argument 'cmake_force_configure' from command line to 'False'
[14.515s] Level 5:colcon.colcon_core.verb:set package 'sil' build argument 'ament_cmake_args' from command line to 'None'
[14.515s] Level 5:colcon.colcon_core.verb:set package 'sil' build argument 'catkin_cmake_args' from command line to 'None'
[14.515s] Level 5:colcon.colcon_core.verb:set package 'sil' build argument 'catkin_skip_building_tests' from command line to 'False'
[14.515s] DEBUG:colcon.colcon_core.verb:Building package 'sil' with the following arguments: {'ament_cmake_args': None, 'build_base': '/home/nvidia/robotics-orin/build/sil', 'catkin_cmake_args': None, 'catkin_skip_building_tests': False, 'cmake_args': None, 'cmake_clean_cache': False, 'cmake_clean_first': False, 'cmake_force_configure': False, 'cmake_target': None, 'cmake_target_skip_unavailable': False, 'install_base': '/home/nvidia/robotics-orin/install/sil', 'merge_install': False, 'path': '/home/nvidia/robotics-orin/src/sil', 'symlink_install': False, 'test_result_base': None}
[14.712s] Level 5:colcon.colcon_core.verb:set package 'wheels_controller' build argument 'cmake_args' from command line to 'None'
[14.712s] Level 5:colcon.colcon_core.verb:set package 'wheels_controller' build argument 'cmake_target' from command line to 'None'
[14.712s] Level 5:colcon.colcon_core.verb:set package 'wheels_controller' build argument 'cmake_target_skip_unavailable' from command line to 'False'
[14.713s] Level 5:colcon.colcon_core.verb:set package 'wheels_controller' build argument 'cmake_clean_cache' from command line to 'False'
[14.713s] Level 5:colcon.colcon_core.verb:set package 'wheels_controller' build argument 'cmake_clean_first' from command line to 'False'
[14.713s] Level 5:colcon.colcon_core.verb:set package 'wheels_controller' build argument 'cmake_force_configure' from command line to 'False'
[14.713s] Level 5:colcon.colcon_core.verb:set package 'wheels_controller' build argument 'ament_cmake_args' from command line to 'None'
[14.713s] Level 5:colcon.colcon_core.verb:set package 'wheels_controller' build argument 'catkin_cmake_args' from command line to 'None'
[14.713s] Level 5:colcon.colcon_core.verb:set package 'wheels_controller' build argument 'catkin_skip_building_tests' from command line to 'False'
[14.713s] DEBUG:colcon.colcon_core.verb:Building package 'wheels_controller' with the following arguments: {'ament_cmake_args': None, 'build_base': '/home/nvidia/robotics-orin/build/wheels_controller', 'catkin_cmake_args': None, 'catkin_skip_building_tests': False, 'cmake_args': None, 'cmake_clean_cache': False, 'cmake_clean_first': False, 'cmake_force_configure': False, 'cmake_target': None, 'cmake_target_skip_unavailable': False, 'install_base': '/home/nvidia/robotics-orin/install/wheels_controller', 'merge_install': False, 'path': '/home/nvidia/robotics-orin/src/wheels_controller', 'symlink_install': False, 'test_result_base': None}
[14.911s] Level 5:colcon.colcon_core.verb:set package 'arm_ik' build argument 'cmake_args' from command line to 'None'
[14.911s] Level 5:colcon.colcon_core.verb:set package 'arm_ik' build argument 'cmake_target' from command line to 'None'
[14.911s] Level 5:colcon.colcon_core.verb:set package 'arm_ik' build argument 'cmake_target_skip_unavailable' from command line to 'False'
[14.911s] Level 5:colcon.colcon_core.verb:set package 'arm_ik' build argument 'cmake_clean_cache' from command line to 'False'
[14.911s] Level 5:colcon.colcon_core.verb:set package 'arm_ik' build argument 'cmake_clean_first' from command line to 'False'
[14.911s] Level 5:colcon.colcon_core.verb:set package 'arm_ik' build argument 'cmake_force_configure' from command line to 'False'
[14.911s] Level 5:colcon.colcon_core.verb:set package 'arm_ik' build argument 'ament_cmake_args' from command line to 'None'
[14.911s] Level 5:colcon.colcon_core.verb:set package 'arm_ik' build argument 'catkin_cmake_args' from command line to 'None'
[14.911s] Level 5:colcon.colcon_core.verb:set package 'arm_ik' build argument 'catkin_skip_building_tests' from command line to 'False'
[14.911s] DEBUG:colcon.colcon_core.verb:Building package 'arm_ik' with the following arguments: {'ament_cmake_args': None, 'build_base': '/home/nvidia/robotics-orin/build/arm_ik', 'catkin_cmake_args': None, 'catkin_skip_building_tests': False, 'cmake_args': None, 'cmake_clean_cache': False, 'cmake_clean_first': False, 'cmake_force_configure': False, 'cmake_target': None, 'cmake_target_skip_unavailable': False, 'install_base': '/home/nvidia/robotics-orin/install/arm_ik', 'merge_install': False, 'path': '/home/nvidia/robotics-orin/src/arm_ik', 'symlink_install': False, 'test_result_base': None}
[15.108s] INFO:colcon.colcon_core.executor:Executing jobs using 'parallel' executor
[15.306s] DEBUG:colcon.colcon_parallel_executor.executor.parallel:run_until_complete
[15.307s] INFO:colcon.colcon_ros.task.ament_cmake.build:Building ROS package in '/home/nvidia/robotics-orin/src/absenc_interface' with build type 'ament_cmake'
[15.307s] INFO:colcon.colcon_cmake.task.cmake.build:Building CMake package in '/home/nvidia/robotics-orin/src/absenc_interface'
[15.516s] INFO:colcon.colcon_core.plugin_system:Skipping extension 'colcon_core.shell.bat': Not used on non-Windows systems
[15.516s] INFO:colcon.colcon_core.shell:Skip shell extension 'powershell' for command environment: Not usable outside of PowerShell
[15.516s] DEBUG:colcon.colcon_core.shell:Skip shell extension 'dsv' for command environment
[16.544s] INFO:colcon.colcon_ros.task.ament_cmake.build:Building ROS package in '/home/nvidia/robotics-orin/src/arm_controller' with build type 'ament_cmake'
[16.546s] INFO:colcon.colcon_cmake.task.cmake.build:Building CMake package in '/home/nvidia/robotics-orin/src/arm_controller'
[16.755s] INFO:colcon.colcon_core.shell:Skip shell extension 'powershell' for command environment: Not usable outside of PowerShell
[16.756s] DEBUG:colcon.colcon_core.shell:Skip shell extension 'dsv' for command environment
[17.783s] INFO:colcon.colcon_ros.task.ament_cmake.build:Building ROS package in '/home/nvidia/robotics-orin/src/sil' with build type 'ament_cmake'
[17.784s] INFO:colcon.colcon_cmake.task.cmake.build:Building CMake package in '/home/nvidia/robotics-orin/src/sil'
[17.990s] INFO:colcon.colcon_core.shell:Skip shell extension 'powershell' for command environment: Not usable outside of PowerShell
[17.990s] DEBUG:colcon.colcon_core.shell:Skip shell extension 'dsv' for command environment
[19.011s] INFO:colcon.colcon_ros.task.ament_cmake.build:Building ROS package in '/home/nvidia/robotics-orin/src/wheels_controller' with build type 'ament_cmake'
[19.011s] INFO:colcon.colcon_cmake.task.cmake.build:Building CMake package in '/home/nvidia/robotics-orin/src/wheels_controller'
[19.220s] INFO:colcon.colcon_core.shell:Skip shell extension 'powershell' for command environment: Not usable outside of PowerShell
[19.220s] DEBUG:colcon.colcon_core.shell:Skip shell extension 'dsv' for command environment
[20.293s] DEBUG:colcon.colcon_core.event_handler.log_command:Invoking command in '/home/nvidia/robotics-orin/build/absenc_interface': CMAKE_PREFIX_PATH=${CMAKE_PREFIX_PATH}:/opt/ros/humble:/home/nvidia/robotics-orin/install/arm_ik:/opt/ros/foxy CONDA_PROMPT_MODIFIER=(base) /usr/bin/cmake /home/nvidia/robotics-orin/src/absenc_interface -DCMAKE_INSTALL_PREFIX=/home/nvidia/robotics-orin/install/absenc_interface
[20.301s] DEBUG:colcon.colcon_core.event_handler.log_command:Invoking command in '/home/nvidia/robotics-orin/build/arm_controller': CMAKE_PREFIX_PATH=${CMAKE_PREFIX_PATH}:/opt/ros/humble:/home/nvidia/robotics-orin/install/arm_ik:/opt/ros/foxy CONDA_PROMPT_MODIFIER=(base) /usr/bin/cmake /home/nvidia/robotics-orin/src/arm_controller -DCMAKE_INSTALL_PREFIX=/home/nvidia/robotics-orin/install/arm_controller
[20.309s] DEBUG:colcon.colcon_core.event_handler.log_command:Invoking command in '/home/nvidia/robotics-orin/build/sil': CMAKE_PREFIX_PATH=${CMAKE_PREFIX_PATH}:/opt/ros/humble:/home/nvidia/robotics-orin/install/arm_ik:/opt/ros/foxy CONDA_PROMPT_MODIFIER=(base) /usr/bin/cmake /home/nvidia/robotics-orin/src/sil -DCMAKE_INSTALL_PREFIX=/home/nvidia/robotics-orin/install/sil
[20.332s] DEBUG:colcon.colcon_core.event_handler.log_command:Invoking command in '/home/nvidia/robotics-orin/build/wheels_controller': CMAKE_PREFIX_PATH=${CMAKE_PREFIX_PATH}:/opt/ros/humble:/home/nvidia/robotics-orin/install/arm_ik:/opt/ros/foxy CONDA_PROMPT_MODIFIER=(base) /usr/bin/cmake /home/nvidia/robotics-orin/src/wheels_controller -DCMAKE_INSTALL_PREFIX=/home/nvidia/robotics-orin/install/wheels_controller
[23.435s] DEBUG:colcon.colcon_core.event_handler.log_command:Invoked command in '/home/nvidia/robotics-orin/build/sil' returned '0': CMAKE_PREFIX_PATH=${CMAKE_PREFIX_PATH}:/opt/ros/humble:/home/nvidia/robotics-orin/install/arm_ik:/opt/ros/foxy CONDA_PROMPT_MODIFIER=(base) /usr/bin/cmake /home/nvidia/robotics-orin/src/sil -DCMAKE_INSTALL_PREFIX=/home/nvidia/robotics-orin/install/sil
[23.436s] DEBUG:colcon.colcon_core.event_handler.log_command:Invoking command in '/home/nvidia/robotics-orin/build/sil': CMAKE_PREFIX_PATH=${CMAKE_PREFIX_PATH}:/opt/ros/humble:/home/nvidia/robotics-orin/install/arm_ik:/opt/ros/foxy CONDA_PROMPT_MODIFIER=(base) /usr/bin/cmake --build /home/nvidia/robotics-orin/build/sil -- -j6 -l6
[23.451s] DEBUG:colcon.colcon_core.event_handler.log_command:Invoked command in '/home/nvidia/robotics-orin/build/absenc_interface' returned '1': CMAKE_PREFIX_PATH=${CMAKE_PREFIX_PATH}:/opt/ros/humble:/home/nvidia/robotics-orin/install/arm_ik:/opt/ros/foxy CONDA_PROMPT_MODIFIER=(base) /usr/bin/cmake /home/nvidia/robotics-orin/src/absenc_interface -DCMAKE_INSTALL_PREFIX=/home/nvidia/robotics-orin/install/absenc_interface
[23.481s] Level 1:colcon.colcon_core.environment:create_environment_scripts_only(absenc_interface)
[23.715s] Level 1:colcon.colcon_core.environment:checking '/home/nvidia/robotics-orin/install/absenc_interface' for CMake module files
[23.715s] Level 1:colcon.colcon_core.environment:checking '/home/nvidia/robotics-orin/install/absenc_interface' for CMake config files
[23.716s] Level 1:colcon.colcon_core.environment:checking '/home/nvidia/robotics-orin/install/absenc_interface/bin'
[23.716s] Level 1:colcon.colcon_core.environment:checking '/home/nvidia/robotics-orin/install/absenc_interface/lib/pkgconfig/absenc_interface.pc'
[23.717s] Level 1:colcon.colcon_core.environment:checking '/home/nvidia/robotics-orin/install/absenc_interface/lib/python3.8/site-packages'
[23.717s] Level 1:colcon.colcon_core.environment:checking '/home/nvidia/robotics-orin/install/absenc_interface/bin'
[23.937s] INFO:colcon.colcon_core.shell:Creating package script '/home/nvidia/robotics-orin/install/absenc_interface/share/absenc_interface/package.ps1'
[23.939s] INFO:colcon.colcon_core.shell:Creating package descriptor '/home/nvidia/robotics-orin/install/absenc_interface/share/absenc_interface/package.dsv'
[23.940s] INFO:colcon.colcon_core.shell:Creating package script '/home/nvidia/robotics-orin/install/absenc_interface/share/absenc_interface/package.sh'
[23.941s] INFO:colcon.colcon_core.shell:Creating package script '/home/nvidia/robotics-orin/install/absenc_interface/share/absenc_interface/package.bash'
[23.942s] INFO:colcon.colcon_core.shell:Creating package script '/home/nvidia/robotics-orin/install/absenc_interface/share/absenc_interface/package.zsh'
[23.943s] Level 1:colcon.colcon_core.environment:create_file_with_runtime_dependencies(/home/nvidia/robotics-orin/install/absenc_interface/share/colcon-core/packages/absenc_interface)
[41.543s] DEBUG:colcon.colcon_parallel_executor.executor.parallel:closing loop
[41.544s] DEBUG:colcon.colcon_parallel_executor.executor.parallel:loop closed
[41.544s] DEBUG:colcon.colcon_parallel_executor.executor.parallel:run_until_complete finished with '1'
[41.544s] DEBUG:colcon.colcon_core.event_reactor:joining thread
[41.785s] INFO:colcon.colcon_core.plugin_system:Skipping extension 'colcon_notification.desktop_notification.terminal_notifier': Not used on non-Darwin systems
[41.785s] INFO:colcon.colcon_core.plugin_system:Skipping extension 'colcon_notification.desktop_notification.win32': Not used on non-Windows systems
[41.785s] INFO:colcon.colcon_notification.desktop_notification:Sending desktop notification using 'notify2'
[41.817s] DEBUG:colcon.colcon_core.event_reactor:joined thread
[42.033s] INFO:colcon.colcon_core.shell:Creating prefix script '/home/nvidia/robotics-orin/install/local_setup.ps1'
[42.035s] INFO:colcon.colcon_core.shell:Creating prefix util module '/home/nvidia/robotics-orin/install/_local_setup_util_ps1.py'
[42.037s] INFO:colcon.colcon_core.shell:Creating prefix chain script '/home/nvidia/robotics-orin/install/setup.ps1'
[42.248s] INFO:colcon.colcon_core.shell:Creating prefix script '/home/nvidia/robotics-orin/install/local_setup.sh'
[42.249s] INFO:colcon.colcon_core.shell:Creating prefix util module '/home/nvidia/robotics-orin/install/_local_setup_util_sh.py'
[42.249s] INFO:colcon.colcon_core.shell:Creating prefix chain script '/home/nvidia/robotics-orin/install/setup.sh'
[42.453s] INFO:colcon.colcon_core.shell:Creating prefix script '/home/nvidia/robotics-orin/install/local_setup.bash'
[42.454s] INFO:colcon.colcon_core.shell:Creating prefix chain script '/home/nvidia/robotics-orin/install/setup.bash'
[42.663s] INFO:colcon.colcon_core.shell:Creating prefix script '/home/nvidia/robotics-orin/install/local_setup.zsh'
[42.664s] INFO:colcon.colcon_core.shell:Creating prefix chain script '/home/nvidia/robotics-orin/install/setup.zsh'
