[  3%] Built target arm_controller__cpp
[ 12%] Built target arm_controller__rosidl_generator_c
[ 12%] Built target ament_cmake_python_copy_arm_controller
[ 21%] Built target arm_controller__rosidl_typesupport_fastrtps_cpp
[ 30%] Built target arm_controller__rosidl_typesupport_introspection_cpp
[ 39%] Built target arm_controller__rosidl_typesupport_cpp
[ 57%] Built target arm_controller__rosidl_typesupport_fastrtps_c
[ 57%] Built target arm_controller__rosidl_typesupport_introspection_c
[ 66%] Built target arm_controller__rosidl_typesupport_c
[ 66%] Built target arm_controller
[ 69%] Built target arm_controller__py
[ 75%] Built target arm_controller_node
[ 81%] Built target arm_controller__rosidl_generator_py
[ 87%] Built target arm_controller__rosidl_typesupport_introspection_c__pyext
[ 93%] Built target arm_controller__rosidl_typesupport_c__pyext
[100%] Built target arm_controller__rosidl_typesupport_fastrtps_c__pyext
running egg_info
writing arm_controller.egg-info/PKG-INFO
writing dependency_links to arm_controller.egg-info/dependency_links.txt
writing top-level names to arm_controller.egg-info/top_level.txt
reading manifest file 'arm_controller.egg-info/SOURCES.txt'
writing manifest file 'arm_controller.egg-info/SOURCES.txt'
[100%] Built target ament_cmake_python_build_arm_controller_egg
