[0.758s] Invoking command in '/home/nvidia/robotics-orin/build/absenc_interface': CMAKE_PREFIX_PATH=${CMAKE_PREFIX_PATH}:/opt/ros/humble:/home/nvidia/robotics-orin/install/arm_ik CONDA_PROMPT_MODIFIER=(base) /usr/bin/cmake --build /home/nvidia/robotics-orin/build/absenc_interface -- -j6 -l6
[0.865s] [  5%] Built target absenc_interface__cpp
[0.865s] [ 11%] Built target absenc_interface__rosidl_generator_c
[0.880s] [ 11%] Built target ament_cmake_python_symlink_absenc_interface
[0.905s] [ 29%] Built target absenc_interface__rosidl_typesupport_fastrtps_c
[0.905s] [ 32%] Built target absenc_interface__rosidl_typesupport_introspection_c
[0.906s] [ 38%] Built target absenc_interface__rosidl_typesupport_cpp
[0.911s] [ 47%] Built target absenc_interface__rosidl_typesupport_fastrtps_cpp
[0.921s] [ 55%] Built target absenc_interface__rosidl_typesupport_introspection_cpp
[0.924s] [ 64%] Built target absenc_interface__rosidl_typesupport_c
[0.964s] [ 64%] Built target absenc_interface
[0.986s] [35m[1mScanning dependencies of target absenc_node[0m
[1.005s] [ 67%] Built target absenc_interface__py
[1.050s] [ 76%] [32mBuilding CXX object CMakeFiles/absenc_node.dir/src/absenc_node.cpp.o[0m
[1.050s] [ 76%] Built target absenc_interface__rosidl_generator_py
[1.096s] [ 88%] Built target absenc_interface__rosidl_typesupport_fastrtps_c__pyext
[1.099s] [ 88%] Built target absenc_interface__rosidl_typesupport_c__pyext
[1.105s] [ 94%] Built target absenc_interface__rosidl_typesupport_introspection_c__pyext
[1.485s] running egg_info
[1.486s] writing absenc_interface.egg-info/PKG-INFO
[1.486s] writing dependency_links to absenc_interface.egg-info/dependency_links.txt
[1.487s] writing top-level names to absenc_interface.egg-info/top_level.txt
[1.568s] reading manifest file 'absenc_interface.egg-info/SOURCES.txt'
[1.569s] writing manifest file 'absenc_interface.egg-info/SOURCES.txt'
[1.637s] [ 94%] Built target ament_cmake_python_build_absenc_interface_egg
[5.779s] [01m[K/home/nvidia/robotics-orin/src/absenc_interface/src/absenc_node.cpp:[m[K In member function ‘[01m[Kvoid AbsEnc::ikValuesCallback(sensor_msgs::msg::JointState_<std::allocator<void> >::SharedPtr)[m[K’:
[5.780s] [01m[K/home/nvidia/robotics-orin/src/absenc_interface/src/absenc_node.cpp:104:25:[m[K [01;35m[Kwarning: [m[Kcomparison of integer expressions of different signedness: ‘[01m[Kint[m[K’ and ‘[01m[Kstd::array<float, 4>::size_type[m[K’ {aka ‘[01m[Klong unsigned int[m[K’} [[01;35m[K-Wsign-compare[m[K]
[5.780s]   104 |       for (int i = 0; [01;35m[Ki < std::size(ik_angles)[m[K; i++) {
[5.781s]       |                       [01;35m[K~~^~~~~~~~~~~~~~~~~~~~~~[m[K
[5.781s] [01m[K/home/nvidia/robotics-orin/src/absenc_interface/src/absenc_node.cpp:109:25:[m[K [01;35m[Kwarning: [m[Kcomparison of integer expressions of different signedness: ‘[01m[Kint[m[K’ and ‘[01m[Kstd::array<float, 4>::size_type[m[K’ {aka ‘[01m[Klong unsigned int[m[K’} [[01;35m[K-Wsign-compare[m[K]
[5.781s]   109 |       for (int i = 0; [01;35m[Ki < std::size(ik_angles)[m[K; i++) {
[5.782s]       |                       [01;35m[K~~^~~~~~~~~~~~~~~~~~~~~~[m[K
[5.784s] [01m[K/home/nvidia/robotics-orin/src/absenc_interface/src/absenc_node.cpp:95:11:[m[K [01;35m[Kwarning: [m[Kvariable ‘[01m[Kangles[m[K’ set but not used [[01;35m[K-Wunused-but-set-variable[m[K]
[5.785s]    95 |       int [01;35m[Kangles[m[K[6];
[5.785s]       |           [01;35m[K^~~~~~[m[K
[18.578s] [ 97%] [32m[1mLinking CXX executable absenc_node[0m
[19.398s] [100%] Built target absenc_node
[19.419s] Invoked command in '/home/nvidia/robotics-orin/build/absenc_interface' returned '0': CMAKE_PREFIX_PATH=${CMAKE_PREFIX_PATH}:/opt/ros/humble:/home/nvidia/robotics-orin/install/arm_ik CONDA_PROMPT_MODIFIER=(base) /usr/bin/cmake --build /home/nvidia/robotics-orin/build/absenc_interface -- -j6 -l6
[19.526s] Invoking command in '/home/nvidia/robotics-orin/build/absenc_interface': CMAKE_PREFIX_PATH=${CMAKE_PREFIX_PATH}:/opt/ros/humble:/home/nvidia/robotics-orin/install/arm_ik CONDA_PROMPT_MODIFIER=(base) /usr/bin/cmake --install /home/nvidia/robotics-orin/build/absenc_interface
[19.542s] -- Install configuration: ""
[19.543s] -- Execute custom install script
[19.543s] -- Up-to-date symlink: /home/nvidia/robotics-orin/install/absenc_interface/share/ament_index/resource_index/rosidl_interfaces/absenc_interface
[19.544s] -- Up-to-date symlink: /home/nvidia/robotics-orin/install/absenc_interface/include/absenc_interface/absenc_interface/msg/detail/encoder_values__functions.h
[19.545s] -- Up-to-date symlink: /home/nvidia/robotics-orin/install/absenc_interface/include/absenc_interface/absenc_interface/msg/detail/encoder_values__struct.h
[19.545s] -- Up-to-date symlink: /home/nvidia/robotics-orin/install/absenc_interface/include/absenc_interface/absenc_interface/msg/detail/encoder_values__type_support.h
[19.545s] -- Up-to-date symlink: /home/nvidia/robotics-orin/install/absenc_interface/include/absenc_interface/absenc_interface/msg/encoder_values.h
[19.545s] -- Up-to-date symlink: /home/nvidia/robotics-orin/install/absenc_interface/include/absenc_interface/absenc_interface/msg/rosidl_generator_c__visibility_control.h
[19.546s] -- Up-to-date symlink: /home/nvidia/robotics-orin/install/absenc_interface/share/absenc_interface/environment/library_path.sh
[19.546s] -- Up-to-date symlink: /home/nvidia/robotics-orin/install/absenc_interface/share/absenc_interface/environment/library_path.dsv
[19.547s] -- Up-to-date symlink: /home/nvidia/robotics-orin/install/absenc_interface/include/absenc_interface/absenc_interface/msg/detail/encoder_values__rosidl_typesupport_fastrtps_c.h
[19.547s] -- Up-to-date symlink: /home/nvidia/robotics-orin/install/absenc_interface/include/absenc_interface/absenc_interface/msg/rosidl_typesupport_fastrtps_c__visibility_control.h
[19.548s] -- Up-to-date symlink: /home/nvidia/robotics-orin/install/absenc_interface/include/absenc_interface/absenc_interface/msg/detail/encoder_values__builder.hpp
[19.548s] -- Up-to-date symlink: /home/nvidia/robotics-orin/install/absenc_interface/include/absenc_interface/absenc_interface/msg/detail/encoder_values__struct.hpp
[19.548s] -- Up-to-date symlink: /home/nvidia/robotics-orin/install/absenc_interface/include/absenc_interface/absenc_interface/msg/detail/encoder_values__traits.hpp
[19.549s] -- Up-to-date symlink: /home/nvidia/robotics-orin/install/absenc_interface/include/absenc_interface/absenc_interface/msg/encoder_values.hpp
[19.550s] -- Up-to-date symlink: /home/nvidia/robotics-orin/install/absenc_interface/include/absenc_interface/absenc_interface/msg/detail/encoder_values__rosidl_typesupport_fastrtps_cpp.hpp
[19.550s] -- Up-to-date symlink: /home/nvidia/robotics-orin/install/absenc_interface/include/absenc_interface/absenc_interface/msg/rosidl_typesupport_fastrtps_cpp__visibility_control.h
[19.550s] -- Up-to-date symlink: /home/nvidia/robotics-orin/install/absenc_interface/include/absenc_interface/absenc_interface/msg/detail/encoder_values__rosidl_typesupport_introspection_c.h
[19.551s] -- Up-to-date symlink: /home/nvidia/robotics-orin/install/absenc_interface/include/absenc_interface/absenc_interface/msg/rosidl_typesupport_introspection_c__visibility_control.h
[19.551s] -- Up-to-date symlink: /home/nvidia/robotics-orin/install/absenc_interface/include/absenc_interface/absenc_interface/msg/detail/encoder_values__rosidl_typesupport_introspection_cpp.hpp
[19.552s] -- Up-to-date symlink: /home/nvidia/robotics-orin/install/absenc_interface/share/absenc_interface/environment/pythonpath.sh
[19.552s] -- Up-to-date symlink: /home/nvidia/robotics-orin/install/absenc_interface/share/absenc_interface/environment/pythonpath.dsv
[19.553s] -- Up-to-date symlink: /home/nvidia/robotics-orin/install/absenc_interface/lib/python3.9/site-packages/absenc_interface-0.0.0-py3.9.egg-info/PKG-INFO
[19.553s] -- Up-to-date symlink: /home/nvidia/robotics-orin/install/absenc_interface/lib/python3.9/site-packages/absenc_interface-0.0.0-py3.9.egg-info/SOURCES.txt
[19.553s] -- Up-to-date symlink: /home/nvidia/robotics-orin/install/absenc_interface/lib/python3.9/site-packages/absenc_interface-0.0.0-py3.9.egg-info/dependency_links.txt
[19.553s] -- Up-to-date symlink: /home/nvidia/robotics-orin/install/absenc_interface/lib/python3.9/site-packages/absenc_interface-0.0.0-py3.9.egg-info/top_level.txt
[19.554s] -- Up-to-date symlink: /home/nvidia/robotics-orin/install/absenc_interface/lib/python3.9/site-packages/absenc_interface/__init__.py
[19.555s] -- Up-to-date symlink: /home/nvidia/robotics-orin/install/absenc_interface/lib/python3.9/site-packages/absenc_interface/_absenc_interface_s.ep.rosidl_typesupport_c.c
[19.555s] -- Up-to-date symlink: /home/nvidia/robotics-orin/install/absenc_interface/lib/python3.9/site-packages/absenc_interface/_absenc_interface_s.ep.rosidl_typesupport_fastrtps_c.c
[19.555s] -- Up-to-date symlink: /home/nvidia/robotics-orin/install/absenc_interface/lib/python3.9/site-packages/absenc_interface/_absenc_interface_s.ep.rosidl_typesupport_introspection_c.c
[19.555s] -- Up-to-date symlink: /home/nvidia/robotics-orin/install/absenc_interface/lib/python3.9/site-packages/absenc_interface/absenc_interface_s__rosidl_typesupport_c.cpython-311-aarch64-linux-gnu.so
[19.556s] -- Up-to-date symlink: /home/nvidia/robotics-orin/install/absenc_interface/lib/python3.9/site-packages/absenc_interface/absenc_interface_s__rosidl_typesupport_fastrtps_c.cpython-311-aarch64-linux-gnu.so
[19.556s] -- Up-to-date symlink: /home/nvidia/robotics-orin/install/absenc_interface/lib/python3.9/site-packages/absenc_interface/absenc_interface_s__rosidl_typesupport_introspection_c.cpython-311-aarch64-linux-gnu.so
[19.556s] -- Up-to-date symlink: /home/nvidia/robotics-orin/install/absenc_interface/lib/python3.9/site-packages/absenc_interface/libabsenc_interface__rosidl_generator_py.so
[19.556s] -- Up-to-date symlink: /home/nvidia/robotics-orin/install/absenc_interface/lib/python3.9/site-packages/absenc_interface/msg/__init__.py
[19.557s] -- Up-to-date symlink: /home/nvidia/robotics-orin/install/absenc_interface/lib/python3.9/site-packages/absenc_interface/msg/_encoder_values.py
[19.557s] -- Up-to-date symlink: /home/nvidia/robotics-orin/install/absenc_interface/lib/python3.9/site-packages/absenc_interface/msg/_encoder_values_s.c
[19.557s] -- Up-to-date symlink: /home/nvidia/robotics-orin/install/absenc_interface/lib/python3.9/site-packages/absenc_interface/absenc_interface_s__rosidl_typesupport_fastrtps_c.cpython-311-aarch64-linux-gnu.so
[19.558s] -- Up-to-date symlink: /home/nvidia/robotics-orin/install/absenc_interface/lib/python3.9/site-packages/absenc_interface/absenc_interface_s__rosidl_typesupport_introspection_c.cpython-311-aarch64-linux-gnu.so
[19.558s] -- Up-to-date symlink: /home/nvidia/robotics-orin/install/absenc_interface/lib/python3.9/site-packages/absenc_interface/absenc_interface_s__rosidl_typesupport_c.cpython-311-aarch64-linux-gnu.so
[19.559s] -- Up-to-date symlink: /home/nvidia/robotics-orin/install/absenc_interface/share/absenc_interface/msg/EncoderValues.idl
[19.559s] -- Up-to-date symlink: /home/nvidia/robotics-orin/install/absenc_interface/share/absenc_interface/msg/EncoderValues.msg
[19.560s] -- Up-to-date symlink: /home/nvidia/robotics-orin/install/absenc_interface/lib/absenc_interface/absenc_node
[19.561s] -- Up-to-date symlink: /home/nvidia/robotics-orin/install/absenc_interface/share/ament_index/resource_index/package_run_dependencies/absenc_interface
[19.561s] -- Up-to-date symlink: /home/nvidia/robotics-orin/install/absenc_interface/share/ament_index/resource_index/parent_prefix_path/absenc_interface
[19.561s] -- Up-to-date symlink: /home/nvidia/robotics-orin/install/absenc_interface/share/absenc_interface/environment/ament_prefix_path.sh
[19.562s] -- Up-to-date symlink: /home/nvidia/robotics-orin/install/absenc_interface/share/absenc_interface/environment/ament_prefix_path.dsv
[19.562s] -- Up-to-date symlink: /home/nvidia/robotics-orin/install/absenc_interface/share/absenc_interface/environment/path.sh
[19.562s] -- Up-to-date symlink: /home/nvidia/robotics-orin/install/absenc_interface/share/absenc_interface/environment/path.dsv
[19.563s] -- Up-to-date symlink: /home/nvidia/robotics-orin/install/absenc_interface/share/absenc_interface/local_setup.bash
[19.563s] -- Up-to-date symlink: /home/nvidia/robotics-orin/install/absenc_interface/share/absenc_interface/local_setup.sh
[19.563s] -- Up-to-date symlink: /home/nvidia/robotics-orin/install/absenc_interface/share/absenc_interface/local_setup.zsh
[19.564s] -- Up-to-date symlink: /home/nvidia/robotics-orin/install/absenc_interface/share/absenc_interface/local_setup.dsv
[19.564s] -- Symlinking: /home/nvidia/robotics-orin/install/absenc_interface/share/absenc_interface/package.dsv
[19.581s] -- Up-to-date symlink: /home/nvidia/robotics-orin/install/absenc_interface/share/ament_index/resource_index/packages/absenc_interface
[19.581s] -- Up-to-date symlink: /home/nvidia/robotics-orin/install/absenc_interface/share/absenc_interface/cmake/rosidl_cmake-extras.cmake
[19.581s] -- Up-to-date symlink: /home/nvidia/robotics-orin/install/absenc_interface/share/absenc_interface/cmake/ament_cmake_export_include_directories-extras.cmake
[19.582s] -- Up-to-date symlink: /home/nvidia/robotics-orin/install/absenc_interface/share/absenc_interface/cmake/ament_cmake_export_libraries-extras.cmake
[19.582s] -- Up-to-date symlink: /home/nvidia/robotics-orin/install/absenc_interface/share/absenc_interface/cmake/ament_cmake_export_targets-extras.cmake
[19.583s] -- Up-to-date symlink: /home/nvidia/robotics-orin/install/absenc_interface/share/absenc_interface/cmake/rosidl_cmake_export_typesupport_targets-extras.cmake
[19.583s] -- Up-to-date symlink: /home/nvidia/robotics-orin/install/absenc_interface/share/absenc_interface/cmake/ament_cmake_export_dependencies-extras.cmake
[19.583s] -- Up-to-date symlink: /home/nvidia/robotics-orin/install/absenc_interface/share/absenc_interface/cmake/rosidl_cmake_export_typesupport_libraries-extras.cmake
[19.584s] -- Up-to-date symlink: /home/nvidia/robotics-orin/install/absenc_interface/share/absenc_interface/cmake/absenc_interfaceConfig.cmake
[19.584s] -- Up-to-date symlink: /home/nvidia/robotics-orin/install/absenc_interface/share/absenc_interface/cmake/absenc_interfaceConfig-version.cmake
[19.584s] -- Up-to-date symlink: /home/nvidia/robotics-orin/install/absenc_interface/share/absenc_interface/package.xml
[19.585s] -- Up-to-date: /home/nvidia/robotics-orin/install/absenc_interface/lib/libabsenc_interface__rosidl_generator_c.so
[19.585s] -- Up-to-date: /home/nvidia/robotics-orin/install/absenc_interface/lib/libabsenc_interface__rosidl_typesupport_fastrtps_c.so
[19.586s] -- Up-to-date: /home/nvidia/robotics-orin/install/absenc_interface/lib/libabsenc_interface__rosidl_typesupport_fastrtps_cpp.so
[19.586s] -- Up-to-date: /home/nvidia/robotics-orin/install/absenc_interface/lib/libabsenc_interface__rosidl_typesupport_introspection_c.so
[19.587s] -- Up-to-date: /home/nvidia/robotics-orin/install/absenc_interface/lib/libabsenc_interface__rosidl_typesupport_c.so
[19.587s] -- Up-to-date: /home/nvidia/robotics-orin/install/absenc_interface/lib/libabsenc_interface__rosidl_typesupport_introspection_cpp.so
[19.588s] -- Up-to-date: /home/nvidia/robotics-orin/install/absenc_interface/lib/libabsenc_interface__rosidl_typesupport_cpp.so
[19.647s] Listing '/home/nvidia/robotics-orin/install/absenc_interface/lib/python3.9/site-packages/absenc_interface'...
[19.647s] Listing '/home/nvidia/robotics-orin/install/absenc_interface/lib/python3.9/site-packages/absenc_interface/msg'...
[19.657s] -- Up-to-date: /home/nvidia/robotics-orin/install/absenc_interface/lib/libabsenc_interface__rosidl_generator_py.so
[19.658s] -- Up-to-date: /home/nvidia/robotics-orin/install/absenc_interface/share/absenc_interface/cmake/export_absenc_interface__rosidl_generator_cExport.cmake
[19.658s] -- Up-to-date: /home/nvidia/robotics-orin/install/absenc_interface/share/absenc_interface/cmake/export_absenc_interface__rosidl_generator_cExport-noconfig.cmake
[19.658s] -- Up-to-date: /home/nvidia/robotics-orin/install/absenc_interface/share/absenc_interface/cmake/export_absenc_interface__rosidl_typesupport_fastrtps_cExport.cmake
[19.658s] -- Up-to-date: /home/nvidia/robotics-orin/install/absenc_interface/share/absenc_interface/cmake/export_absenc_interface__rosidl_typesupport_fastrtps_cExport-noconfig.cmake
[19.659s] -- Up-to-date: /home/nvidia/robotics-orin/install/absenc_interface/share/absenc_interface/cmake/export_absenc_interface__rosidl_generator_cppExport.cmake
[19.659s] -- Up-to-date: /home/nvidia/robotics-orin/install/absenc_interface/share/absenc_interface/cmake/export_absenc_interface__rosidl_typesupport_fastrtps_cppExport.cmake
[19.659s] -- Up-to-date: /home/nvidia/robotics-orin/install/absenc_interface/share/absenc_interface/cmake/export_absenc_interface__rosidl_typesupport_fastrtps_cppExport-noconfig.cmake
[19.659s] -- Up-to-date: /home/nvidia/robotics-orin/install/absenc_interface/share/absenc_interface/cmake/absenc_interface__rosidl_typesupport_introspection_cExport.cmake
[19.659s] -- Up-to-date: /home/nvidia/robotics-orin/install/absenc_interface/share/absenc_interface/cmake/absenc_interface__rosidl_typesupport_introspection_cExport-noconfig.cmake
[19.660s] -- Up-to-date: /home/nvidia/robotics-orin/install/absenc_interface/share/absenc_interface/cmake/absenc_interface__rosidl_typesupport_cExport.cmake
[19.660s] -- Up-to-date: /home/nvidia/robotics-orin/install/absenc_interface/share/absenc_interface/cmake/absenc_interface__rosidl_typesupport_cExport-noconfig.cmake
[19.660s] -- Up-to-date: /home/nvidia/robotics-orin/install/absenc_interface/share/absenc_interface/cmake/absenc_interface__rosidl_typesupport_introspection_cppExport.cmake
[19.660s] -- Up-to-date: /home/nvidia/robotics-orin/install/absenc_interface/share/absenc_interface/cmake/absenc_interface__rosidl_typesupport_introspection_cppExport-noconfig.cmake
[19.660s] -- Up-to-date: /home/nvidia/robotics-orin/install/absenc_interface/share/absenc_interface/cmake/absenc_interface__rosidl_typesupport_cppExport.cmake
[19.660s] -- Up-to-date: /home/nvidia/robotics-orin/install/absenc_interface/share/absenc_interface/cmake/absenc_interface__rosidl_typesupport_cppExport-noconfig.cmake
[19.661s] -- Up-to-date: /home/nvidia/robotics-orin/install/absenc_interface/share/absenc_interface/cmake/export_absenc_interface__rosidl_generator_pyExport.cmake
[19.661s] -- Up-to-date: /home/nvidia/robotics-orin/install/absenc_interface/share/absenc_interface/cmake/export_absenc_interface__rosidl_generator_pyExport-noconfig.cmake
[19.666s] Invoked command in '/home/nvidia/robotics-orin/build/absenc_interface' returned '0': CMAKE_PREFIX_PATH=${CMAKE_PREFIX_PATH}:/opt/ros/humble:/home/nvidia/robotics-orin/install/arm_ik CONDA_PROMPT_MODIFIER=(base) /usr/bin/cmake --install /home/nvidia/robotics-orin/build/absenc_interface
