[8.683s] DEBUG:colcon:Command line arguments: ['/usr/bin/colcon', 'build', '--symlink-install', '--packages-select', 'arm_controller']
[8.683s] DEBUG:colcon:Parsed command line arguments: Namespace(allow_overriding=[], ament_cmake_args=None, base_paths=['.'], build_base='build', catkin_cmake_args=None, catkin_skip_building_tests=False, cmake_args=None, cmake_clean_cache=False, cmake_clean_first=False, cmake_force_configure=False, cmake_target=None, cmake_target_skip_unavailable=False, continue_on_error=False, event_handlers=None, executor='parallel', ignore_user_meta=False, install_base='install', log_base=None, log_level=None, main=<bound method BuildVerb.main of <colcon_core.verb.build.BuildVerb object at 0xffff7f6698e0>>, merge_install=False, metas=['./colcon.meta'], packages_above=None, packages_above_and_dependencies=None, packages_above_depth=None, packages_end=None, packages_ignore=None, packages_ignore_regex=None, packages_select=['arm_controller'], packages_select_build_failed=False, packages_select_by_dep=None, packages_select_regex=None, packages_select_test_failures=False, packages_skip=None, packages_skip_build_finished=False, packages_skip_by_dep=None, packages_skip_regex=None, packages_skip_test_passed=False, packages_skip_up_to=None, packages_start=None, packages_up_to=None, packages_up_to_regex=None, parallel_workers=6, paths=None, symlink_install=True, test_result_base=None, verb_extension=<colcon_core.verb.build.BuildVerb object at 0xffff7f6698e0>, verb_name='build', verb_parser=<colcon_defaults.argument_parser.defaults.DefaultArgumentsDecorator object at 0xffff7f38e580>)
[9.044s] Level 1:colcon.colcon_core.package_discovery:discover_packages(colcon_meta) check parameters
[9.044s] Level 1:colcon.colcon_core.package_discovery:discover_packages(recursive) check parameters
[9.044s] Level 1:colcon.colcon_core.package_discovery:discover_packages(ignore) check parameters
[9.044s] Level 1:colcon.colcon_core.package_discovery:discover_packages(path) check parameters
[9.044s] Level 1:colcon.colcon_core.package_discovery:discover_packages(colcon_meta) discover
[9.044s] Level 1:colcon.colcon_core.package_discovery:discover_packages(recursive) discover
[9.044s] INFO:colcon.colcon_core.package_discovery:Crawling recursively for packages in '/home/nvidia/robotics-orin'
[9.045s] Level 1:colcon.colcon_core.package_identification:_identify(.) by extensions ['ignore', 'ignore_ament_install']
[9.045s] Level 1:colcon.colcon_core.package_identification:_identify(.) by extension 'ignore'
[9.045s] Level 1:colcon.colcon_core.package_identification:_identify(.) by extension 'ignore_ament_install'
[9.045s] Level 1:colcon.colcon_core.package_identification:_identify(.) by extensions ['colcon_pkg']
[9.045s] Level 1:colcon.colcon_core.package_identification:_identify(.) by extension 'colcon_pkg'
[9.045s] Level 1:colcon.colcon_core.package_identification:_identify(.) by extensions ['colcon_meta']
[9.045s] Level 1:colcon.colcon_core.package_identification:_identify(.) by extension 'colcon_meta'
[9.045s] Level 1:colcon.colcon_core.package_identification:_identify(.) by extensions ['ros']
[9.045s] Level 1:colcon.colcon_core.package_identification:_identify(.) by extension 'ros'
[9.064s] Level 1:colcon.colcon_core.package_identification:_identify(.) by extensions ['cmake', 'python']
[9.064s] Level 1:colcon.colcon_core.package_identification:_identify(.) by extension 'cmake'
[9.064s] Level 1:colcon.colcon_core.package_identification:_identify(.) by extension 'python'
[9.064s] Level 1:colcon.colcon_core.package_identification:_identify(.) by extensions ['python_setup_py']
[9.064s] Level 1:colcon.colcon_core.package_identification:_identify(.) by extension 'python_setup_py'
[9.064s] Level 1:colcon.colcon_core.package_identification:_identify(JetsonGPIO) by extensions ['ignore', 'ignore_ament_install']
[9.065s] Level 1:colcon.colcon_core.package_identification:_identify(JetsonGPIO) by extension 'ignore'
[9.065s] Level 1:colcon.colcon_core.package_identification:_identify(JetsonGPIO) by extension 'ignore_ament_install'
[9.065s] Level 1:colcon.colcon_core.package_identification:_identify(JetsonGPIO) by extensions ['colcon_pkg']
[9.065s] Level 1:colcon.colcon_core.package_identification:_identify(JetsonGPIO) by extension 'colcon_pkg'
[9.065s] Level 1:colcon.colcon_core.package_identification:_identify(JetsonGPIO) by extensions ['colcon_meta']
[9.065s] Level 1:colcon.colcon_core.package_identification:_identify(JetsonGPIO) by extension 'colcon_meta'
[9.065s] Level 1:colcon.colcon_core.package_identification:_identify(JetsonGPIO) by extensions ['ros']
[9.065s] Level 1:colcon.colcon_core.package_identification:_identify(JetsonGPIO) by extension 'ros'
[9.065s] Level 1:colcon.colcon_core.package_identification:_identify(JetsonGPIO) by extensions ['cmake', 'python']
[9.065s] Level 1:colcon.colcon_core.package_identification:_identify(JetsonGPIO) by extension 'cmake'
[9.087s] Level 1:colcon.colcon_core.package_identification:_identify(JetsonGPIO) by extension 'python'
[9.087s] DEBUG:colcon.colcon_core.package_identification:Package 'JetsonGPIO' with type 'cmake' and name 'JetsonGPIO'
[9.087s] Level 1:colcon.colcon_core.package_identification:_identify(build) by extensions ['ignore', 'ignore_ament_install']
[9.087s] Level 1:colcon.colcon_core.package_identification:_identify(build) by extension 'ignore'
[9.087s] Level 1:colcon.colcon_core.package_identification:_identify(build) ignored
[9.088s] Level 1:colcon.colcon_core.package_identification:_identify(install) by extensions ['ignore', 'ignore_ament_install']
[9.088s] Level 1:colcon.colcon_core.package_identification:_identify(install) by extension 'ignore'
[9.088s] Level 1:colcon.colcon_core.package_identification:_identify(install) ignored
[9.088s] Level 1:colcon.colcon_core.package_identification:_identify(log) by extensions ['ignore', 'ignore_ament_install']
[9.088s] Level 1:colcon.colcon_core.package_identification:_identify(log) by extension 'ignore'
[9.088s] Level 1:colcon.colcon_core.package_identification:_identify(log) ignored
[9.089s] Level 1:colcon.colcon_core.package_identification:_identify(src) by extensions ['ignore', 'ignore_ament_install']
[9.089s] Level 1:colcon.colcon_core.package_identification:_identify(src) by extension 'ignore'
[9.089s] Level 1:colcon.colcon_core.package_identification:_identify(src) by extension 'ignore_ament_install'
[9.089s] Level 1:colcon.colcon_core.package_identification:_identify(src) by extensions ['colcon_pkg']
[9.089s] Level 1:colcon.colcon_core.package_identification:_identify(src) by extension 'colcon_pkg'
[9.089s] Level 1:colcon.colcon_core.package_identification:_identify(src) by extensions ['colcon_meta']
[9.089s] Level 1:colcon.colcon_core.package_identification:_identify(src) by extension 'colcon_meta'
[9.089s] Level 1:colcon.colcon_core.package_identification:_identify(src) by extensions ['ros']
[9.089s] Level 1:colcon.colcon_core.package_identification:_identify(src) by extension 'ros'
[9.089s] Level 1:colcon.colcon_core.package_identification:_identify(src) by extensions ['cmake', 'python']
[9.089s] Level 1:colcon.colcon_core.package_identification:_identify(src) by extension 'cmake'
[9.089s] Level 1:colcon.colcon_core.package_identification:_identify(src) by extension 'python'
[9.090s] Level 1:colcon.colcon_core.package_identification:_identify(src) by extensions ['python_setup_py']
[9.090s] Level 1:colcon.colcon_core.package_identification:_identify(src) by extension 'python_setup_py'
[9.090s] Level 1:colcon.colcon_core.package_identification:_identify(src/absenc_interface) by extensions ['ignore', 'ignore_ament_install']
[9.090s] Level 1:colcon.colcon_core.package_identification:_identify(src/absenc_interface) by extension 'ignore'
[9.090s] Level 1:colcon.colcon_core.package_identification:_identify(src/absenc_interface) by extension 'ignore_ament_install'
[9.090s] Level 1:colcon.colcon_core.package_identification:_identify(src/absenc_interface) by extensions ['colcon_pkg']
[9.090s] Level 1:colcon.colcon_core.package_identification:_identify(src/absenc_interface) by extension 'colcon_pkg'
[9.090s] Level 1:colcon.colcon_core.package_identification:_identify(src/absenc_interface) by extensions ['colcon_meta']
[9.090s] Level 1:colcon.colcon_core.package_identification:_identify(src/absenc_interface) by extension 'colcon_meta'
[9.090s] Level 1:colcon.colcon_core.package_identification:_identify(src/absenc_interface) by extensions ['ros']
[9.090s] Level 1:colcon.colcon_core.package_identification:_identify(src/absenc_interface) by extension 'ros'
[9.095s] DEBUG:colcon.colcon_core.package_identification:Package 'src/absenc_interface' with type 'ros.ament_cmake' and name 'absenc_interface'
[9.095s] Level 1:colcon.colcon_core.package_identification:_identify(src/arm_controller) by extensions ['ignore', 'ignore_ament_install']
[9.095s] Level 1:colcon.colcon_core.package_identification:_identify(src/arm_controller) by extension 'ignore'
[9.095s] Level 1:colcon.colcon_core.package_identification:_identify(src/arm_controller) by extension 'ignore_ament_install'
[9.096s] Level 1:colcon.colcon_core.package_identification:_identify(src/arm_controller) by extensions ['colcon_pkg']
[9.096s] Level 1:colcon.colcon_core.package_identification:_identify(src/arm_controller) by extension 'colcon_pkg'
[9.096s] Level 1:colcon.colcon_core.package_identification:_identify(src/arm_controller) by extensions ['colcon_meta']
[9.096s] Level 1:colcon.colcon_core.package_identification:_identify(src/arm_controller) by extension 'colcon_meta'
[9.096s] Level 1:colcon.colcon_core.package_identification:_identify(src/arm_controller) by extensions ['ros']
[9.096s] Level 1:colcon.colcon_core.package_identification:_identify(src/arm_controller) by extension 'ros'
[9.097s] DEBUG:colcon.colcon_core.package_identification:Package 'src/arm_controller' with type 'ros.ament_cmake' and name 'arm_controller'
[9.097s] Level 1:colcon.colcon_core.package_identification:_identify(src/gps) by extensions ['ignore', 'ignore_ament_install']
[9.097s] Level 1:colcon.colcon_core.package_identification:_identify(src/gps) by extension 'ignore'
[9.097s] Level 1:colcon.colcon_core.package_identification:_identify(src/gps) ignored
[9.097s] Level 1:colcon.colcon_core.package_identification:_identify(src/sil) by extensions ['ignore', 'ignore_ament_install']
[9.097s] Level 1:colcon.colcon_core.package_identification:_identify(src/sil) by extension 'ignore'
[9.097s] Level 1:colcon.colcon_core.package_identification:_identify(src/sil) by extension 'ignore_ament_install'
[9.098s] Level 1:colcon.colcon_core.package_identification:_identify(src/sil) by extensions ['colcon_pkg']
[9.098s] Level 1:colcon.colcon_core.package_identification:_identify(src/sil) by extension 'colcon_pkg'
[9.098s] Level 1:colcon.colcon_core.package_identification:_identify(src/sil) by extensions ['colcon_meta']
[9.098s] Level 1:colcon.colcon_core.package_identification:_identify(src/sil) by extension 'colcon_meta'
[9.098s] Level 1:colcon.colcon_core.package_identification:_identify(src/sil) by extensions ['ros']
[9.098s] Level 1:colcon.colcon_core.package_identification:_identify(src/sil) by extension 'ros'
[9.099s] DEBUG:colcon.colcon_core.package_identification:Package 'src/sil' with type 'ros.ament_cmake' and name 'sil'
[9.099s] Level 1:colcon.colcon_core.package_identification:_identify(src/wheels_controller) by extensions ['ignore', 'ignore_ament_install']
[9.099s] Level 1:colcon.colcon_core.package_identification:_identify(src/wheels_controller) by extension 'ignore'
[9.099s] Level 1:colcon.colcon_core.package_identification:_identify(src/wheels_controller) by extension 'ignore_ament_install'
[9.099s] Level 1:colcon.colcon_core.package_identification:_identify(src/wheels_controller) by extensions ['colcon_pkg']
[9.099s] Level 1:colcon.colcon_core.package_identification:_identify(src/wheels_controller) by extension 'colcon_pkg'
[9.100s] Level 1:colcon.colcon_core.package_identification:_identify(src/wheels_controller) by extensions ['colcon_meta']
[9.100s] Level 1:colcon.colcon_core.package_identification:_identify(src/wheels_controller) by extension 'colcon_meta'
[9.100s] Level 1:colcon.colcon_core.package_identification:_identify(src/wheels_controller) by extensions ['ros']
[9.100s] Level 1:colcon.colcon_core.package_identification:_identify(src/wheels_controller) by extension 'ros'
[9.100s] DEBUG:colcon.colcon_core.package_identification:Package 'src/wheels_controller' with type 'ros.ament_cmake' and name 'wheels_controller'
[9.100s] Level 1:colcon.colcon_core.package_discovery:discover_packages(recursive) using defaults
[9.101s] Level 1:colcon.colcon_core.package_discovery:discover_packages(ignore) discover
[9.101s] Level 1:colcon.colcon_core.package_discovery:discover_packages(ignore) using defaults
[9.101s] Level 1:colcon.colcon_core.package_discovery:discover_packages(path) discover
[9.101s] Level 1:colcon.colcon_core.package_discovery:discover_packages(path) using defaults
[9.630s] INFO:colcon.colcon_core.package_selection:Skipping not selected package 'JetsonGPIO' in 'JetsonGPIO'
[9.630s] INFO:colcon.colcon_core.package_selection:Skipping not selected package 'absenc_interface' in 'src/absenc_interface'
[9.630s] INFO:colcon.colcon_core.package_selection:Skipping not selected package 'sil' in 'src/sil'
[9.630s] INFO:colcon.colcon_core.package_selection:Skipping not selected package 'wheels_controller' in 'src/wheels_controller'
[9.941s] Level 1:colcon.colcon_core.package_discovery:discover_packages(prefix_path) check parameters
[9.941s] Level 1:colcon.colcon_core.package_discovery:discover_packages(prefix_path) discover
[10.256s] DEBUG:colcon.colcon_installed_package_information.package_discovery:Found 5 installed packages in /home/nvidia/robotics-orin/install
[10.412s] DEBUG:colcon.colcon_installed_package_information.package_discovery:Found 256 installed packages in /opt/ros/foxy
[10.414s] Level 1:colcon.colcon_core.package_discovery:discover_packages(prefix_path) using defaults
[10.845s] Level 5:colcon.colcon_core.verb:set package 'arm_controller' build argument 'cmake_args' from command line to 'None'
[10.845s] Level 5:colcon.colcon_core.verb:set package 'arm_controller' build argument 'cmake_target' from command line to 'None'
[10.845s] Level 5:colcon.colcon_core.verb:set package 'arm_controller' build argument 'cmake_target_skip_unavailable' from command line to 'False'
[10.846s] Level 5:colcon.colcon_core.verb:set package 'arm_controller' build argument 'cmake_clean_cache' from command line to 'False'
[10.846s] Level 5:colcon.colcon_core.verb:set package 'arm_controller' build argument 'cmake_clean_first' from command line to 'False'
[10.846s] Level 5:colcon.colcon_core.verb:set package 'arm_controller' build argument 'cmake_force_configure' from command line to 'False'
[10.846s] Level 5:colcon.colcon_core.verb:set package 'arm_controller' build argument 'ament_cmake_args' from command line to 'None'
[10.846s] Level 5:colcon.colcon_core.verb:set package 'arm_controller' build argument 'catkin_cmake_args' from command line to 'None'
[10.846s] Level 5:colcon.colcon_core.verb:set package 'arm_controller' build argument 'catkin_skip_building_tests' from command line to 'False'
[10.846s] DEBUG:colcon.colcon_core.verb:Building package 'arm_controller' with the following arguments: {'ament_cmake_args': None, 'build_base': '/home/nvidia/robotics-orin/build/arm_controller', 'catkin_cmake_args': None, 'catkin_skip_building_tests': False, 'cmake_args': None, 'cmake_clean_cache': False, 'cmake_clean_first': False, 'cmake_force_configure': False, 'cmake_target': None, 'cmake_target_skip_unavailable': False, 'install_base': '/home/nvidia/robotics-orin/install/arm_controller', 'merge_install': False, 'path': '/home/nvidia/robotics-orin/src/arm_controller', 'symlink_install': True, 'test_result_base': None}
[11.001s] INFO:colcon.colcon_core.executor:Executing jobs using 'parallel' executor
[11.185s] DEBUG:colcon.colcon_parallel_executor.executor.parallel:run_until_complete
[11.185s] INFO:colcon.colcon_ros.task.ament_cmake.build:Building ROS package in '/home/nvidia/robotics-orin/src/arm_controller' with build type 'ament_cmake'
[11.186s] INFO:colcon.colcon_cmake.task.cmake.build:Building CMake package in '/home/nvidia/robotics-orin/src/arm_controller'
[11.351s] INFO:colcon.colcon_core.plugin_system:Skipping extension 'colcon_core.shell.bat': Not used on non-Windows systems
[11.352s] INFO:colcon.colcon_core.shell:Skip shell extension 'powershell' for command environment: Not usable outside of PowerShell
[11.352s] DEBUG:colcon.colcon_core.shell:Skip shell extension 'dsv' for command environment
[11.854s] DEBUG:colcon.colcon_core.event_handler.log_command:Invoking command in '/home/nvidia/robotics-orin/build/arm_controller': CMAKE_PREFIX_PATH=${CMAKE_PREFIX_PATH}:/opt/ros/foxy CONDA_PROMPT_MODIFIER=(base) /usr/bin/cmake --build /home/nvidia/robotics-orin/build/arm_controller -- -j6 -l6
[24.151s] DEBUG:colcon.colcon_core.event_handler.log_command:Invoked command in '/home/nvidia/robotics-orin/build/arm_controller' returned '0': CMAKE_PREFIX_PATH=${CMAKE_PREFIX_PATH}:/opt/ros/foxy CONDA_PROMPT_MODIFIER=(base) /usr/bin/cmake --build /home/nvidia/robotics-orin/build/arm_controller -- -j6 -l6
[24.255s] DEBUG:colcon.colcon_core.event_handler.log_command:Invoking command in '/home/nvidia/robotics-orin/build/arm_controller': CMAKE_PREFIX_PATH=${CMAKE_PREFIX_PATH}:/opt/ros/foxy CONDA_PROMPT_MODIFIER=(base) /usr/bin/cmake --install /home/nvidia/robotics-orin/build/arm_controller
[24.406s] Level 1:colcon.colcon_core.environment:create_environment_scripts_only(arm_controller)
[24.408s] DEBUG:colcon.colcon_core.event_handler.log_command:Invoked command in '/home/nvidia/robotics-orin/build/arm_controller' returned '0': CMAKE_PREFIX_PATH=${CMAKE_PREFIX_PATH}:/opt/ros/foxy CONDA_PROMPT_MODIFIER=(base) /usr/bin/cmake --install /home/nvidia/robotics-orin/build/arm_controller
[24.587s] Level 1:colcon.colcon_core.environment:checking '/home/nvidia/robotics-orin/install/arm_controller' for CMake module files
[24.588s] Level 1:colcon.colcon_core.environment:checking '/home/nvidia/robotics-orin/install/arm_controller' for CMake config files
[24.589s] Level 1:colcon.colcon_core.shell:create_environment_hook('arm_controller', 'cmake_prefix_path')
[24.749s] INFO:colcon.colcon_core.shell:Creating environment hook '/home/nvidia/robotics-orin/install/arm_controller/share/arm_controller/hook/cmake_prefix_path.ps1'
[24.751s] INFO:colcon.colcon_core.shell:Creating environment descriptor '/home/nvidia/robotics-orin/install/arm_controller/share/arm_controller/hook/cmake_prefix_path.dsv'
[24.752s] INFO:colcon.colcon_core.shell:Creating environment hook '/home/nvidia/robotics-orin/install/arm_controller/share/arm_controller/hook/cmake_prefix_path.sh'
[24.753s] Level 1:colcon.colcon_core.environment:checking '/home/nvidia/robotics-orin/install/arm_controller/lib'
[24.754s] Level 1:colcon.colcon_core.shell:create_environment_hook('arm_controller', 'ld_library_path_lib')
[24.914s] INFO:colcon.colcon_core.shell:Creating environment hook '/home/nvidia/robotics-orin/install/arm_controller/share/arm_controller/hook/ld_library_path_lib.ps1'
[24.915s] INFO:colcon.colcon_core.shell:Creating environment descriptor '/home/nvidia/robotics-orin/install/arm_controller/share/arm_controller/hook/ld_library_path_lib.dsv'
[24.916s] INFO:colcon.colcon_core.shell:Creating environment hook '/home/nvidia/robotics-orin/install/arm_controller/share/arm_controller/hook/ld_library_path_lib.sh'
[24.916s] Level 1:colcon.colcon_core.environment:checking '/home/nvidia/robotics-orin/install/arm_controller/bin'
[24.916s] Level 1:colcon.colcon_core.environment:checking '/home/nvidia/robotics-orin/install/arm_controller/lib/pkgconfig/arm_controller.pc'
[24.917s] Level 1:colcon.colcon_core.environment:checking '/home/nvidia/robotics-orin/install/arm_controller/lib/python3.8/site-packages'
[24.917s] Level 1:colcon.colcon_core.environment:checking '/home/nvidia/robotics-orin/install/arm_controller/bin'
[25.077s] INFO:colcon.colcon_core.shell:Creating package script '/home/nvidia/robotics-orin/install/arm_controller/share/arm_controller/package.ps1'
[25.079s] INFO:colcon.colcon_core.shell:Creating package descriptor '/home/nvidia/robotics-orin/install/arm_controller/share/arm_controller/package.dsv'
[25.080s] INFO:colcon.colcon_core.shell:Creating package script '/home/nvidia/robotics-orin/install/arm_controller/share/arm_controller/package.sh'
[25.081s] INFO:colcon.colcon_core.shell:Creating package script '/home/nvidia/robotics-orin/install/arm_controller/share/arm_controller/package.bash'
[25.082s] INFO:colcon.colcon_core.shell:Creating package script '/home/nvidia/robotics-orin/install/arm_controller/share/arm_controller/package.zsh'
[25.084s] Level 1:colcon.colcon_core.environment:create_file_with_runtime_dependencies(/home/nvidia/robotics-orin/install/arm_controller/share/colcon-core/packages/arm_controller)
[25.331s] Level 1:colcon.colcon_core.environment:create_environment_scripts_only(arm_controller)
[25.490s] Level 1:colcon.colcon_core.environment:checking '/home/nvidia/robotics-orin/install/arm_controller' for CMake module files
[25.491s] Level 1:colcon.colcon_core.environment:checking '/home/nvidia/robotics-orin/install/arm_controller' for CMake config files
[25.492s] Level 1:colcon.colcon_core.shell:create_environment_hook('arm_controller', 'cmake_prefix_path')
[25.654s] INFO:colcon.colcon_core.shell:Creating environment hook '/home/nvidia/robotics-orin/install/arm_controller/share/arm_controller/hook/cmake_prefix_path.ps1'
[25.655s] INFO:colcon.colcon_core.shell:Creating environment descriptor '/home/nvidia/robotics-orin/install/arm_controller/share/arm_controller/hook/cmake_prefix_path.dsv'
[25.656s] INFO:colcon.colcon_core.shell:Creating environment hook '/home/nvidia/robotics-orin/install/arm_controller/share/arm_controller/hook/cmake_prefix_path.sh'
[25.656s] Level 1:colcon.colcon_core.environment:checking '/home/nvidia/robotics-orin/install/arm_controller/lib'
[25.657s] Level 1:colcon.colcon_core.shell:create_environment_hook('arm_controller', 'ld_library_path_lib')
[25.817s] INFO:colcon.colcon_core.shell:Creating environment hook '/home/nvidia/robotics-orin/install/arm_controller/share/arm_controller/hook/ld_library_path_lib.ps1'
[25.818s] INFO:colcon.colcon_core.shell:Creating environment descriptor '/home/nvidia/robotics-orin/install/arm_controller/share/arm_controller/hook/ld_library_path_lib.dsv'
[25.819s] INFO:colcon.colcon_core.shell:Creating environment hook '/home/nvidia/robotics-orin/install/arm_controller/share/arm_controller/hook/ld_library_path_lib.sh'
[25.819s] Level 1:colcon.colcon_core.environment:checking '/home/nvidia/robotics-orin/install/arm_controller/bin'
[25.819s] Level 1:colcon.colcon_core.environment:checking '/home/nvidia/robotics-orin/install/arm_controller/lib/pkgconfig/arm_controller.pc'
[25.820s] Level 1:colcon.colcon_core.environment:checking '/home/nvidia/robotics-orin/install/arm_controller/lib/python3.8/site-packages'
[25.820s] Level 1:colcon.colcon_core.environment:checking '/home/nvidia/robotics-orin/install/arm_controller/bin'
[25.980s] INFO:colcon.colcon_core.shell:Creating package script '/home/nvidia/robotics-orin/install/arm_controller/share/arm_controller/package.ps1'
[25.982s] INFO:colcon.colcon_core.shell:Creating package descriptor '/home/nvidia/robotics-orin/install/arm_controller/share/arm_controller/package.dsv'
[25.982s] INFO:colcon.colcon_core.shell:Creating package script '/home/nvidia/robotics-orin/install/arm_controller/share/arm_controller/package.sh'
[25.983s] INFO:colcon.colcon_core.shell:Creating package script '/home/nvidia/robotics-orin/install/arm_controller/share/arm_controller/package.bash'
[25.984s] INFO:colcon.colcon_core.shell:Creating package script '/home/nvidia/robotics-orin/install/arm_controller/share/arm_controller/package.zsh'
[25.984s] Level 1:colcon.colcon_core.environment:create_file_with_runtime_dependencies(/home/nvidia/robotics-orin/install/arm_controller/share/colcon-core/packages/arm_controller)
[25.985s] DEBUG:colcon.colcon_parallel_executor.executor.parallel:closing loop
[25.986s] DEBUG:colcon.colcon_parallel_executor.executor.parallel:loop closed
[25.986s] DEBUG:colcon.colcon_parallel_executor.executor.parallel:run_until_complete finished with '0'
[25.986s] DEBUG:colcon.colcon_core.event_reactor:joining thread
[26.181s] INFO:colcon.colcon_core.plugin_system:Skipping extension 'colcon_notification.desktop_notification.terminal_notifier': Not used on non-Darwin systems
[26.181s] INFO:colcon.colcon_core.plugin_system:Skipping extension 'colcon_notification.desktop_notification.win32': Not used on non-Windows systems
[26.181s] INFO:colcon.colcon_notification.desktop_notification:Sending desktop notification using 'notify2'
[26.218s] DEBUG:colcon.colcon_core.event_reactor:joined thread
[26.379s] INFO:colcon.colcon_core.shell:Creating prefix script '/home/nvidia/robotics-orin/install/local_setup.ps1'
[26.381s] INFO:colcon.colcon_core.shell:Creating prefix util module '/home/nvidia/robotics-orin/install/_local_setup_util_ps1.py'
[26.383s] INFO:colcon.colcon_core.shell:Creating prefix chain script '/home/nvidia/robotics-orin/install/setup.ps1'
[26.543s] INFO:colcon.colcon_core.shell:Creating prefix script '/home/nvidia/robotics-orin/install/local_setup.sh'
[26.544s] INFO:colcon.colcon_core.shell:Creating prefix util module '/home/nvidia/robotics-orin/install/_local_setup_util_sh.py'
[26.545s] INFO:colcon.colcon_core.shell:Creating prefix chain script '/home/nvidia/robotics-orin/install/setup.sh'
[26.705s] INFO:colcon.colcon_core.shell:Creating prefix script '/home/nvidia/robotics-orin/install/local_setup.bash'
[26.706s] INFO:colcon.colcon_core.shell:Creating prefix chain script '/home/nvidia/robotics-orin/install/setup.bash'
[26.866s] INFO:colcon.colcon_core.shell:Creating prefix script '/home/nvidia/robotics-orin/install/local_setup.zsh'
[26.867s] INFO:colcon.colcon_core.shell:Creating prefix chain script '/home/nvidia/robotics-orin/install/setup.zsh'
