[1.714s] Invoking command in '/home/nvidia/robotics-orin/build/arm_controller': CMAKE_PREFIX_PATH=${CMAKE_PREFIX_PATH}:/opt/ros/foxy:/home/nvidia/ros2_humble/install/ament_uncrustify:/home/nvidia/ros2_humble/install/tracetools_trace:/home/nvidia/ros2_humble/install/tracetools_read:/home/nvidia/ros2_humble/install/sensor_msgs_py:/home/nvidia/ros2_humble/install/rpyutils:/home/nvidia/ros2_humble/install/rosidl_runtime_py:/home/nvidia/ros2_humble/install/rosidl_cli:/home/nvidia/ros2_humble/install/launch_pytest:/home/nvidia/ros2_humble/install/launch_testing:/home/nvidia/ros2_humble/install/launch_yaml:/home/nvidia/ros2_humble/install/launch_xml:/home/nvidia/ros2_humble/install/launch:/home/nvidia/ros2_humble/install/osrf_pycommon:/home/nvidia/ros2_humble/install/domain_coordinator:/home/nvidia/ros2_humble/install/ament_xmllint:/home/nvidia/ros2_humble/install/ament_pyflakes:/home/nvidia/ros2_humble/install/ament_pycodestyle:/home/nvidia/ros2_humble/install/ament_pep257:/home/nvidia/ros2_humble/install/ament_pclint:/home/nvidia/ros2_humble/install/ament_package:/home/nvidia/ros2_humble/install/ament_mypy:/home/nvidia/ros2_humble/install/ament_lint_cmake:/home/nvidia/ros2_humble/install/ament_flake8:/home/nvidia/ros2_humble/install/ament_copyright:/home/nvidia/ros2_humble/install/ament_lint:/home/nvidia/ros2_humble/install/ament_index_python:/home/nvidia/ros2_humble/install/ament_cpplint:/home/nvidia/ros2_humble/install/ament_cppcheck:/home/nvidia/ros2_humble/install/ament_clang_tidy:/home/nvidia/ros2_humble/install/ament_clang_format CONDA_PROMPT_MODIFIER=(base) /usr/bin/cmake /home/nvidia/robotics-orin/src/arm_controller -DAMENT_CMAKE_SYMLINK_INSTALL=1 -DCMAKE_INSTALL_PREFIX=/home/nvidia/robotics-orin/install/arm_controller
[1.845s] -- The C compiler identification is GNU 9.4.0
[1.988s] -- The CXX compiler identification is GNU 9.4.0
[2.009s] -- Check for working C compiler: /usr/bin/cc
[2.159s] -- Check for working C compiler: /usr/bin/cc -- works
[2.160s] -- Detecting C compiler ABI info
[2.319s] -- Detecting C compiler ABI info - done
[2.336s] -- Detecting C compile features
[2.336s] -- Detecting C compile features - done
[2.342s] -- Check for working CXX compiler: /usr/bin/c++
[2.514s] -- Check for working CXX compiler: /usr/bin/c++ -- works
[2.516s] -- Detecting CXX compiler ABI info
[2.692s] -- Detecting CXX compiler ABI info - done
[2.708s] -- Detecting CXX compile features
[2.708s] -- Detecting CXX compile features - done
[2.712s] -- Found ament_cmake: 0.9.12 (/opt/ros/foxy/share/ament_cmake/cmake)
[2.773s] -- Found PythonInterp: /home/nvidia/anaconda3/bin/python3 (found suitable version "3.11.5", minimum required is "3") 
[2.774s] -- Using PYTHON_EXECUTABLE: /home/nvidia/anaconda3/bin/python3
[3.173s] -- Override CMake install command with custom implementation using symlinks instead of copying resources
[3.223s] -- Found rclcpp: 2.4.3 (/opt/ros/foxy/share/rclcpp/cmake)
[3.349s] -- Using all available rosidl_typesupport_c: rosidl_typesupport_fastrtps_c;rosidl_typesupport_introspection_c
[3.358s] -- Found rosidl_adapter: 1.3.1 (/opt/ros/foxy/share/rosidl_adapter/cmake)
[3.587s] -- Found OpenSSL: /usr/lib/aarch64-linux-gnu/libcrypto.so (found version "1.1.1f")  
[3.648s] -- Found FastRTPS: /opt/ros/foxy/include  
[3.799s] -- Using all available rosidl_typesupport_cpp: rosidl_typesupport_fastrtps_cpp;rosidl_typesupport_introspection_cpp
[3.895s] -- Found rmw_implementation_cmake: 1.0.4 (/opt/ros/foxy/share/rmw_implementation_cmake/cmake)
[3.916s] -- Using RMW implementation 'rmw_fastrtps_cpp' as default
[3.917s] -- Looking for pthread.h
[4.082s] -- Looking for pthread.h - found
[4.083s] -- Performing Test CMAKE_HAVE_LIBC_PTHREAD
[4.246s] -- Performing Test CMAKE_HAVE_LIBC_PTHREAD - Failed
[4.246s] -- Looking for pthread_create in pthreads
[4.387s] -- Looking for pthread_create in pthreads - not found
[4.387s] -- Looking for pthread_create in pthread
[4.559s] -- Looking for pthread_create in pthread - found
[4.560s] -- Found Threads: TRUE  
[4.799s] -- Found sensor_msgs: 2.0.5 (/opt/ros/foxy/share/sensor_msgs/cmake)
[4.963s] -- Found rosidl_default_generators: 1.0.1 (/opt/ros/foxy/share/rosidl_default_generators/cmake)
[5.046s] CMake Warning at CMakeLists.txt:18 (find_package):
[5.046s]   By not providing "FindJetsonGPIO.cmake" in CMAKE_MODULE_PATH this project
[5.046s]   has asked CMake to find a package configuration file provided by
[5.046s]   "JetsonGPIO", but CMake did not find one.
[5.046s] 
[5.046s]   Could not find a package configuration file provided by "JetsonGPIO" with
[5.046s]   any of the following names:
[5.047s] 
[5.047s]     JetsonGPIOConfig.cmake
[5.047s]     jetsongpio-config.cmake
[5.047s] 
[5.047s]   Add the installation prefix of "JetsonGPIO" to CMAKE_PREFIX_PATH or set
[5.047s]   "JetsonGPIO_DIR" to a directory containing one of the above files.  If
[5.047s]   "JetsonGPIO" provides a separate development package or SDK, be sure it has
[5.047s]   been installed.
[5.047s] 
[5.047s] 
[5.099s] -- Found PythonInterp: /home/nvidia/anaconda3/bin/python3 (found version "3.11.5") 
[5.207s] CMake Error at /opt/ros/foxy/share/rosidl_adapter/cmake/rosidl_adapt_interfaces.cmake:60 (message):
[5.207s]   execute_process(/home/nvidia/anaconda3/bin/python3 -m rosidl_adapter
[5.207s]   --package-name arm_controller --arguments-file
[5.207s]   /home/nvidia/robotics-orin/build/arm_controller/rosidl_adapter__arguments__arm_controller.json
[5.207s]   --output-dir
[5.207s]   /home/nvidia/robotics-orin/build/arm_controller/rosidl_adapter/arm_controller
[5.207s]   --output-file
[5.207s]   /home/nvidia/robotics-orin/build/arm_controller/rosidl_adapter/arm_controller.idls)
[5.208s]   returned error code 1:
[5.208s] 
[5.208s]   Traceback (most recent call last):
[5.208s] 
[5.208s]     File "<frozen runpy>", line 198, in _run_module_as_main
[5.208s]     File "<frozen runpy>", line 88, in _run_code
[5.208s]     File "/opt/ros/foxy/lib/python3.8/site-packages/rosidl_adapter/__main__.py", line 19, in <module>
[5.208s]       sys.exit(main())
[5.208s]                ^^^^^^
[5.208s]     File "/opt/ros/foxy/lib/python3.8/site-packages/rosidl_adapter/main.py", line 53, in main
[5.208s]       abs_idl_file = convert_to_idl(
[5.208s]                      ^^^^^^^^^^^^^^^
[5.209s]     File "/opt/ros/foxy/lib/python3.8/site-packages/rosidl_adapter/__init__.py", line 18, in convert_to_idl
[5.209s]       from rosidl_adapter.msg import convert_msg_to_idl
[5.209s]     File "/opt/ros/foxy/lib/python3.8/site-packages/rosidl_adapter/msg/__init__.py", line 16, in <module>
[5.209s]       from rosidl_adapter.resource import expand_template
[5.209s]     File "/opt/ros/foxy/lib/python3.8/site-packages/rosidl_adapter/resource/__init__.py", line 19, in <module>
[5.209s]       import em
[5.209s] 
[5.209s]   ModuleNotFoundError: No module named 'em'
[5.209s] 
[5.209s] Call Stack (most recent call first):
[5.209s]   /opt/ros/foxy/share/rosidl_cmake/cmake/rosidl_generate_interfaces.cmake:130 (rosidl_adapt_interfaces)
[5.210s]   CMakeLists.txt:20 (rosidl_generate_interfaces)
[5.210s] 
[5.210s] 
[5.212s] -- Configuring incomplete, errors occurred!
[5.212s] See also "/home/nvidia/robotics-orin/build/arm_controller/CMakeFiles/CMakeOutput.log".
[5.212s] See also "/home/nvidia/robotics-orin/build/arm_controller/CMakeFiles/CMakeError.log".
