[5.247s] Invoking command in '/home/nvidia/robotics-orin/src/arm_ik': CONDA_PROMPT_MODIFIER=(base) PYTHONPATH=/home/nvidia/robotics-orin/build/arm_ik/prefix_override:/home/nvidia/robotics-orin/install/arm_ik/lib/python3.8/site-packages:${PYTHONPATH} /usr/bin/python3 setup.py egg_info --egg-base ../../build/arm_ik build --build-base /home/nvidia/robotics-orin/build/arm_ik/build install --record /home/nvidia/robotics-orin/build/arm_ik/install.log --single-version-externally-managed
[6.026s] running egg_info
[6.027s] writing ../../build/arm_ik/arm_ik.egg-info/PKG-INFO
[6.027s] writing dependency_links to ../../build/arm_ik/arm_ik.egg-info/dependency_links.txt
[6.028s] writing entry points to ../../build/arm_ik/arm_ik.egg-info/entry_points.txt
[6.028s] writing requirements to ../../build/arm_ik/arm_ik.egg-info/requires.txt
[6.028s] writing top-level names to ../../build/arm_ik/arm_ik.egg-info/top_level.txt
[6.028s] reading manifest file '../../build/arm_ik/arm_ik.egg-info/SOURCES.txt'
[6.028s] writing manifest file '../../build/arm_ik/arm_ik.egg-info/SOURCES.txt'
[6.029s] running build
[6.029s] running build_py
[6.029s] copying arm_ik/IKNode.py -> /home/nvidia/robotics-orin/build/arm_ik/build/lib/arm_ik
[6.029s] running install
[6.029s] running install_lib
[6.030s] copying /home/nvidia/robotics-orin/build/arm_ik/build/lib/arm_ik/IKNode.py -> /home/nvidia/robotics-orin/install/arm_ik/lib/python3.8/site-packages/arm_ik
[6.030s] byte-compiling /home/nvidia/robotics-orin/install/arm_ik/lib/python3.8/site-packages/arm_ik/IKNode.py to IKNode.cpython-38.pyc
[6.030s] running install_data
[6.030s] running install_egg_info
[6.030s] removing '/home/nvidia/robotics-orin/install/arm_ik/lib/python3.8/site-packages/arm_ik-0.0.0-py3.8.egg-info' (and everything under it)
[6.030s] Copying ../../build/arm_ik/arm_ik.egg-info to /home/nvidia/robotics-orin/install/arm_ik/lib/python3.8/site-packages/arm_ik-0.0.0-py3.8.egg-info
[6.031s] running install_scripts
[6.031s] Installing CadMouseJoyNode script to /home/nvidia/robotics-orin/install/arm_ik/lib/arm_ik
[6.031s] Installing IKNode script to /home/nvidia/robotics-orin/install/arm_ik/lib/arm_ik
[6.031s] Installing state_publisher script to /home/nvidia/robotics-orin/install/arm_ik/lib/arm_ik
[6.032s] writing list of installed files to '/home/nvidia/robotics-orin/build/arm_ik/install.log'
[6.978s] Invoked command in '/home/nvidia/robotics-orin/src/arm_ik' returned '0': CONDA_PROMPT_MODIFIER=(base) PYTHONPATH=/home/nvidia/robotics-orin/build/arm_ik/prefix_override:/home/nvidia/robotics-orin/install/arm_ik/lib/python3.8/site-packages:${PYTHONPATH} /usr/bin/python3 setup.py egg_info --egg-base ../../build/arm_ik build --build-base /home/nvidia/robotics-orin/build/arm_ik/build install --record /home/nvidia/robotics-orin/build/arm_ik/install.log --single-version-externally-managed
