[1.506s] Invoking command in '/home/nvidia/robotics-orin/build/sil': CMAKE_PREFIX_PATH=${CMAKE_PREFIX_PATH}:/opt/ros/humble:/home/nvidia/robotics-orin/install/arm_ik CONDA_PROMPT_MODIFIER=(base) /usr/bin/cmake /home/nvidia/robotics-orin/src/sil -DAMENT_CMAKE_SYMLINK_INSTALL=1 -DCMAKE_INSTALL_PREFIX=/home/nvidia/robotics-orin/install/sil
[1.658s] -- The C compiler identification is GNU 9.4.0
[1.787s] -- The CXX compiler identification is GNU 9.4.0
[1.795s] -- Check for working C compiler: /usr/bin/cc
[1.919s] -- Check for working C compiler: /usr/bin/cc -- works
[1.920s] -- Detecting C compiler ABI info
[2.035s] -- Detecting C compiler ABI info - done
[2.056s] -- Detecting C compile features
[2.057s] -- Detecting C compile features - done
[2.062s] -- Check for working CXX compiler: /usr/bin/c++
[2.201s] -- Check for working CXX compiler: /usr/bin/c++ -- works
[2.203s] -- Detecting CXX compiler ABI info
[2.339s] -- Detecting CXX compiler ABI info - done
[2.359s] -- Detecting CXX compile features
[2.360s] -- Detecting CXX compile features - done
[2.367s] -- Found ament_cmake: 1.3.6 (/opt/ros/humble/share/ament_cmake/cmake)
[2.653s] -- Found Python3: /usr/bin/python3.9 (found version "3.9.5") found components: Interpreter 
[2.782s] -- Override CMake install command with custom implementation using symlinks instead of copying resources
[2.837s] -- Found rclcpp: 16.0.7 (/opt/ros/humble/share/rclcpp/cmake)
[2.919s] -- Found rosidl_generator_c: 3.1.5 (/opt/ros/humble/share/rosidl_generator_c/cmake)
[2.928s] -- Found rosidl_adapter: 3.1.5 (/opt/ros/humble/share/rosidl_adapter/cmake)
[2.945s] -- Found rosidl_generator_cpp: 3.1.5 (/opt/ros/humble/share/rosidl_generator_cpp/cmake)
[2.975s] -- Using all available rosidl_typesupport_c: rosidl_typesupport_fastrtps_c;rosidl_typesupport_introspection_c
[3.015s] -- Using all available rosidl_typesupport_cpp: rosidl_typesupport_fastrtps_cpp;rosidl_typesupport_introspection_cpp
[3.150s] -- Found rmw_implementation_cmake: 6.1.1 (/opt/ros/humble/share/rmw_implementation_cmake/cmake)
[3.155s] -- Found rmw_fastrtps_cpp: 6.2.5 (/opt/ros/humble/share/rmw_fastrtps_cpp/cmake)
[3.379s] -- Found OpenSSL: /usr/lib/aarch64-linux-gnu/libcrypto.so (found version "1.1.1f")  
[3.429s] -- Found FastRTPS: /opt/ros/humble/include  
[3.516s] -- Using RMW implementation 'rmw_fastrtps_cpp' as default
[3.537s] -- Looking for pthread.h
[3.674s] -- Looking for pthread.h - found
[3.675s] -- Performing Test CMAKE_HAVE_LIBC_PTHREAD
[3.806s] -- Performing Test CMAKE_HAVE_LIBC_PTHREAD - Failed
[3.806s] -- Looking for pthread_create in pthreads
[3.915s] -- Looking for pthread_create in pthreads - not found
[3.915s] -- Looking for pthread_create in pthread
[4.035s] -- Looking for pthread_create in pthread - found
[4.035s] -- Found Threads: TRUE  
[4.330s] -- Found ament_lint_auto: 0.12.9 (/opt/ros/humble/share/ament_lint_auto/cmake)
[4.530s] -- Added test 'copyright' to check source files copyright and LICENSE
[4.531s] -- Added test 'cppcheck' to perform static code analysis on C / C++ code
[4.532s] -- Configured cppcheck include dirs: 
[4.532s] -- Configured cppcheck exclude dirs and/or files: 
[4.533s] -- Added test 'cpplint' to check C / C++ code against the Google style
[4.533s] -- Configured cpplint exclude dirs and/or files: 
[4.534s] -- Added test 'lint_cmake' to check CMake code style
[4.536s] -- Added test 'uncrustify' to check C / C++ code style
[4.536s] -- Configured uncrustify additional arguments: 
[4.537s] -- Added test 'xmllint' to check XML markup files
[4.545s] -- Configuring done
[4.559s] -- Generating done
[4.561s] -- Build files have been written to: /home/nvidia/robotics-orin/build/sil
[4.590s] Invoked command in '/home/nvidia/robotics-orin/build/sil' returned '0': CMAKE_PREFIX_PATH=${CMAKE_PREFIX_PATH}:/opt/ros/humble:/home/nvidia/robotics-orin/install/arm_ik CONDA_PROMPT_MODIFIER=(base) /usr/bin/cmake /home/nvidia/robotics-orin/src/sil -DAMENT_CMAKE_SYMLINK_INSTALL=1 -DCMAKE_INSTALL_PREFIX=/home/nvidia/robotics-orin/install/sil
[4.592s] Invoking command in '/home/nvidia/robotics-orin/build/sil': CMAKE_PREFIX_PATH=${CMAKE_PREFIX_PATH}:/opt/ros/humble:/home/nvidia/robotics-orin/install/arm_ik CONDA_PROMPT_MODIFIER=(base) /usr/bin/cmake --build /home/nvidia/robotics-orin/build/sil -- -j6 -l6
[4.664s] [35m[1mScanning dependencies of target talker[0m
[4.802s] [ 50%] [32mBuilding CXX object CMakeFiles/talker.dir/src/SIL_color_publisher_node.cpp.o[0m
[22.964s] [100%] [32m[1mLinking CXX executable talker[0m
[23.797s] [100%] Built target talker
[23.820s] Invoked command in '/home/nvidia/robotics-orin/build/sil' returned '0': CMAKE_PREFIX_PATH=${CMAKE_PREFIX_PATH}:/opt/ros/humble:/home/nvidia/robotics-orin/install/arm_ik CONDA_PROMPT_MODIFIER=(base) /usr/bin/cmake --build /home/nvidia/robotics-orin/build/sil -- -j6 -l6
[23.889s] Invoking command in '/home/nvidia/robotics-orin/build/sil': CMAKE_PREFIX_PATH=${CMAKE_PREFIX_PATH}:/opt/ros/humble:/home/nvidia/robotics-orin/install/arm_ik CONDA_PROMPT_MODIFIER=(base) /usr/bin/cmake --install /home/nvidia/robotics-orin/build/sil
[23.907s] -- Install configuration: ""
[23.908s] -- Execute custom install script
[23.909s] -- Symlinking: /home/nvidia/robotics-orin/install/sil/lib/sil/talker
[23.928s] -- Symlinking: /home/nvidia/robotics-orin/install/sil/share/ament_index/resource_index/package_run_dependencies/sil
[23.947s] -- Symlinking: /home/nvidia/robotics-orin/install/sil/share/ament_index/resource_index/parent_prefix_path/sil
[23.965s] -- Symlinking: /home/nvidia/robotics-orin/install/sil/share/sil/environment/ament_prefix_path.sh
[23.983s] -- Symlinking: /home/nvidia/robotics-orin/install/sil/share/sil/environment/ament_prefix_path.dsv
[24.001s] -- Symlinking: /home/nvidia/robotics-orin/install/sil/share/sil/environment/path.sh
[24.021s] -- Symlinking: /home/nvidia/robotics-orin/install/sil/share/sil/environment/path.dsv
[24.039s] -- Symlinking: /home/nvidia/robotics-orin/install/sil/share/sil/local_setup.bash
[24.057s] -- Symlinking: /home/nvidia/robotics-orin/install/sil/share/sil/local_setup.sh
[24.075s] -- Symlinking: /home/nvidia/robotics-orin/install/sil/share/sil/local_setup.zsh
[24.093s] -- Symlinking: /home/nvidia/robotics-orin/install/sil/share/sil/local_setup.dsv
[24.111s] -- Symlinking: /home/nvidia/robotics-orin/install/sil/share/sil/package.dsv
[24.129s] -- Symlinking: /home/nvidia/robotics-orin/install/sil/share/ament_index/resource_index/packages/sil
[24.147s] -- Symlinking: /home/nvidia/robotics-orin/install/sil/share/sil/cmake/silConfig.cmake
[24.164s] -- Symlinking: /home/nvidia/robotics-orin/install/sil/share/sil/cmake/silConfig-version.cmake
[24.182s] -- Symlinking: /home/nvidia/robotics-orin/install/sil/share/sil/package.xml
[24.204s] Invoked command in '/home/nvidia/robotics-orin/build/sil' returned '0': CMAKE_PREFIX_PATH=${CMAKE_PREFIX_PATH}:/opt/ros/humble:/home/nvidia/robotics-orin/install/arm_ik CONDA_PROMPT_MODIFIER=(base) /usr/bin/cmake --install /home/nvidia/robotics-orin/build/sil
