[0.664s] Invoking command in '/home/nvidia/robotics-orin/build/arm_controller': CMAKE_PREFIX_PATH=${CMAKE_PREFIX_PATH}:/opt/ros/foxy CONDA_PROMPT_MODIFIER=(base) /usr/bin/cmake --build /home/nvidia/robotics-orin/build/arm_controller -- -j6 -l6
[0.764s] [  6%] Built target arm_controller__cpp
[0.765s] [ 12%] Built target arm_controller__rosidl_generator_c
[0.805s] [ 45%] Built target arm_controller__rosidl_typesupport_c
[0.805s] [ 45%] Built target arm_controller__rosidl_typesupport_introspection_cpp
[0.805s] [ 45%] Built target arm_controller__rosidl_typesupport_cpp
[0.805s] [ 48%] Built target arm_controller__rosidl_typesupport_introspection_c
[0.812s] [ 57%] Built target arm_controller__rosidl_typesupport_fastrtps_cpp
[0.860s] [ 66%] Built target arm_controller__rosidl_typesupport_fastrtps_c
[0.898s] [ 66%] Built target arm_controller
[0.917s] [35m[1mScanning dependencies of target arm_controller_node[0m
[0.935s] [ 69%] Built target arm_controller__py
[0.962s] [ 72%] [32mBuilding CXX object CMakeFiles/arm_controller_node.dir/src/arm_controller_node.cpp.o[0m
[0.980s] [ 78%] Built target arm_controller__python
[1.021s] [ 90%] Built target arm_controller__rosidl_typesupport_introspection_c__pyext
[1.022s] [ 90%] Built target arm_controller__rosidl_typesupport_c__pyext
[1.029s] [ 96%] Built target arm_controller__rosidl_typesupport_fastrtps_c__pyext
[3.541s] [01m[K/home/nvidia/robotics-orin/src/arm_controller/src/arm_controller_node.cpp:[m[K In member function ‘[01m[Kvoid ArmControllerNode::ArmMessageCallback(arm_controller::msg::ArmMotorValues_<std::allocator<void> >::SharedPtr)[m[K’:
[3.541s] [01m[K/home/nvidia/robotics-orin/src/arm_controller/src/arm_controller_node.cpp:62:9:[m[K [01;35m[Kwarning: [m[Kunused variable ‘[01m[Kstatus[m[K’ [[01;35m[K-Wunused-variable[m[K]
[3.541s]    62 |     int [01;35m[Kstatus[m[K = write(fd,out_buf,sizeof(out_buf));
[3.541s]       |         [01;35m[K^~~~~~[m[K
[3.546s] [01m[K/home/nvidia/robotics-orin/src/arm_controller/src/arm_controller_node.cpp:[m[K In member function ‘[01m[Kvoid ArmControllerNode::JoyMessageCallback(sensor_msgs::msg::Joy_<std::allocator<void> >::SharedPtr)[m[K’:
[3.547s] [01m[K/home/nvidia/robotics-orin/src/arm_controller/src/arm_controller_node.cpp:109:9:[m[K [01;35m[Kwarning: [m[Kunused variable ‘[01m[Kstatus[m[K’ [[01;35m[K-Wunused-variable[m[K]
[3.547s]   109 |     int [01;35m[Kstatus[m[K = write(fd,out_buf,sizeof(out_buf));
[3.547s]       |         [01;35m[K^~~~~~[m[K
[12.053s] [100%] [32m[1mLinking CXX executable arm_controller_node[0m
[12.551s] [100%] Built target arm_controller_node
[12.573s] Invoked command in '/home/nvidia/robotics-orin/build/arm_controller' returned '0': CMAKE_PREFIX_PATH=${CMAKE_PREFIX_PATH}:/opt/ros/foxy CONDA_PROMPT_MODIFIER=(base) /usr/bin/cmake --build /home/nvidia/robotics-orin/build/arm_controller -- -j6 -l6
[12.680s] Invoking command in '/home/nvidia/robotics-orin/build/arm_controller': CMAKE_PREFIX_PATH=${CMAKE_PREFIX_PATH}:/opt/ros/foxy CONDA_PROMPT_MODIFIER=(base) /usr/bin/cmake --install /home/nvidia/robotics-orin/build/arm_controller
[12.696s] -- Install configuration: ""
[12.697s] -- Execute custom install script
[12.698s] -- Up-to-date symlink: /home/nvidia/robotics-orin/install/arm_controller/share/ament_index/resource_index/rosidl_interfaces/arm_controller
[12.698s] -- Up-to-date symlink: /home/nvidia/robotics-orin/install/arm_controller/include/arm_controller/msg/arm_motor_values.h
[12.698s] -- Up-to-date symlink: /home/nvidia/robotics-orin/install/arm_controller/include/arm_controller/msg/detail/arm_motor_values__functions.h
[12.699s] -- Up-to-date symlink: /home/nvidia/robotics-orin/install/arm_controller/include/arm_controller/msg/detail/arm_motor_values__struct.h
[12.699s] -- Up-to-date symlink: /home/nvidia/robotics-orin/install/arm_controller/include/arm_controller/msg/detail/arm_motor_values__type_support.h
[12.699s] -- Up-to-date symlink: /home/nvidia/robotics-orin/install/arm_controller/include/arm_controller/msg/rosidl_generator_c__visibility_control.h
[12.700s] -- Up-to-date symlink: /home/nvidia/robotics-orin/install/arm_controller/share/arm_controller/environment/library_path.sh
[12.700s] -- Up-to-date symlink: /home/nvidia/robotics-orin/install/arm_controller/share/arm_controller/environment/library_path.dsv
[12.701s] -- Up-to-date symlink: /home/nvidia/robotics-orin/install/arm_controller/include/arm_controller/msg/detail/arm_motor_values__rosidl_typesupport_fastrtps_c.h
[12.701s] -- Up-to-date symlink: /home/nvidia/robotics-orin/install/arm_controller/include/arm_controller/msg/rosidl_typesupport_fastrtps_c__visibility_control.h
[12.703s] -- Up-to-date symlink: /home/nvidia/robotics-orin/install/arm_controller/lib/libarm_controller__rosidl_typesupport_fastrtps_c.so
[12.703s] -- Up-to-date symlink: /home/nvidia/robotics-orin/install/arm_controller/include/arm_controller/msg/detail/arm_motor_values__rosidl_typesupport_fastrtps_cpp.hpp
[12.703s] -- Up-to-date symlink: /home/nvidia/robotics-orin/install/arm_controller/include/arm_controller/msg/rosidl_typesupport_fastrtps_cpp__visibility_control.h
[12.703s] -- Up-to-date symlink: /home/nvidia/robotics-orin/install/arm_controller/lib/libarm_controller__rosidl_typesupport_fastrtps_cpp.so
[12.704s] -- Up-to-date symlink: /home/nvidia/robotics-orin/install/arm_controller/include/arm_controller/msg/detail/arm_motor_values__rosidl_typesupport_introspection_c.h
[12.704s] -- Up-to-date symlink: /home/nvidia/robotics-orin/install/arm_controller/include/arm_controller/msg/rosidl_typesupport_introspection_c__visibility_control.h
[12.705s] -- Up-to-date symlink: /home/nvidia/robotics-orin/install/arm_controller/include/arm_controller/msg/arm_motor_values.hpp
[12.705s] -- Up-to-date symlink: /home/nvidia/robotics-orin/install/arm_controller/include/arm_controller/msg/detail/arm_motor_values__builder.hpp
[12.706s] -- Up-to-date symlink: /home/nvidia/robotics-orin/install/arm_controller/include/arm_controller/msg/detail/arm_motor_values__struct.hpp
[12.706s] -- Up-to-date symlink: /home/nvidia/robotics-orin/install/arm_controller/include/arm_controller/msg/detail/arm_motor_values__traits.hpp
[12.707s] -- Up-to-date symlink: /home/nvidia/robotics-orin/install/arm_controller/include/arm_controller/msg/detail/arm_motor_values__type_support.hpp
[12.708s] -- Up-to-date symlink: /home/nvidia/robotics-orin/install/arm_controller/include/arm_controller/msg/rosidl_generator_cpp__visibility_control.hpp
[12.708s] -- Up-to-date symlink: /home/nvidia/robotics-orin/install/arm_controller/include/arm_controller/msg/detail/arm_motor_values__rosidl_typesupport_introspection_cpp.hpp
[12.708s] -- Up-to-date symlink: /home/nvidia/robotics-orin/install/arm_controller/share/arm_controller/environment/pythonpath.sh
[12.709s] -- Up-to-date symlink: /home/nvidia/robotics-orin/install/arm_controller/share/arm_controller/environment/pythonpath.dsv
[12.709s] -- Up-to-date symlink: /home/nvidia/robotics-orin/install/arm_controller/lib/python3.11/site-packages/arm_controller/__init__.py
[12.709s] -- Up-to-date symlink: /home/nvidia/robotics-orin/install/arm_controller/lib/python3.11/site-packages/arm_controller/msg/__init__.py
[12.710s] -- Up-to-date symlink: /home/nvidia/robotics-orin/install/arm_controller/lib/python3.11/site-packages/arm_controller/msg/_arm_motor_values.py
[12.710s] -- Up-to-date symlink: /home/nvidia/robotics-orin/install/arm_controller/lib/python3.11/site-packages/arm_controller/arm_controller_s__rosidl_typesupport_fastrtps_c.cpython-311-aarch64-linux-gnu.so
[12.710s] -- Up-to-date symlink: /home/nvidia/robotics-orin/install/arm_controller/lib/python3.11/site-packages/arm_controller/arm_controller_s__rosidl_typesupport_introspection_c.cpython-311-aarch64-linux-gnu.so
[12.711s] -- Up-to-date symlink: /home/nvidia/robotics-orin/install/arm_controller/lib/python3.11/site-packages/arm_controller/arm_controller_s__rosidl_typesupport_c.cpython-311-aarch64-linux-gnu.so
[12.711s] -- Up-to-date symlink: /home/nvidia/robotics-orin/install/arm_controller/lib/libarm_controller__python.so
[12.712s] -- Up-to-date symlink: /home/nvidia/robotics-orin/install/arm_controller/share/arm_controller/msg/ArmMotorValues.idl
[12.712s] -- Up-to-date symlink: /home/nvidia/robotics-orin/install/arm_controller/share/arm_controller/msg/ArmMotorValues.msg
[12.712s] -- Up-to-date symlink: /home/nvidia/robotics-orin/install/arm_controller/lib/arm_controller/arm_controller_node
[12.713s] -- Up-to-date symlink: /home/nvidia/robotics-orin/install/arm_controller/share/ament_index/resource_index/package_run_dependencies/arm_controller
[12.714s] -- Up-to-date symlink: /home/nvidia/robotics-orin/install/arm_controller/share/ament_index/resource_index/parent_prefix_path/arm_controller
[12.714s] -- Up-to-date symlink: /home/nvidia/robotics-orin/install/arm_controller/share/arm_controller/environment/ament_prefix_path.sh
[12.715s] -- Up-to-date symlink: /home/nvidia/robotics-orin/install/arm_controller/share/arm_controller/environment/ament_prefix_path.dsv
[12.715s] -- Up-to-date symlink: /home/nvidia/robotics-orin/install/arm_controller/share/arm_controller/environment/path.sh
[12.716s] -- Up-to-date symlink: /home/nvidia/robotics-orin/install/arm_controller/share/arm_controller/environment/path.dsv
[12.716s] -- Up-to-date symlink: /home/nvidia/robotics-orin/install/arm_controller/share/arm_controller/local_setup.bash
[12.716s] -- Up-to-date symlink: /home/nvidia/robotics-orin/install/arm_controller/share/arm_controller/local_setup.sh
[12.718s] -- Up-to-date symlink: /home/nvidia/robotics-orin/install/arm_controller/share/arm_controller/local_setup.zsh
[12.719s] -- Up-to-date symlink: /home/nvidia/robotics-orin/install/arm_controller/share/arm_controller/local_setup.dsv
[12.719s] -- Symlinking: /home/nvidia/robotics-orin/install/arm_controller/share/arm_controller/package.dsv
[12.736s] -- Up-to-date symlink: /home/nvidia/robotics-orin/install/arm_controller/share/ament_index/resource_index/packages/arm_controller
[12.736s] -- Up-to-date symlink: /home/nvidia/robotics-orin/install/arm_controller/share/arm_controller/cmake/rosidl_cmake-extras.cmake
[12.736s] -- Up-to-date symlink: /home/nvidia/robotics-orin/install/arm_controller/share/arm_controller/cmake/ament_cmake_export_dependencies-extras.cmake
[12.737s] -- Up-to-date symlink: /home/nvidia/robotics-orin/install/arm_controller/share/arm_controller/cmake/ament_cmake_export_libraries-extras.cmake
[12.737s] -- Up-to-date symlink: /home/nvidia/robotics-orin/install/arm_controller/share/arm_controller/cmake/ament_cmake_export_targets-extras.cmake
[12.737s] -- Up-to-date symlink: /home/nvidia/robotics-orin/install/arm_controller/share/arm_controller/cmake/ament_cmake_export_include_directories-extras.cmake
[12.738s] -- Up-to-date symlink: /home/nvidia/robotics-orin/install/arm_controller/share/arm_controller/cmake/rosidl_cmake_export_typesupport_libraries-extras.cmake
[12.738s] -- Up-to-date symlink: /home/nvidia/robotics-orin/install/arm_controller/share/arm_controller/cmake/rosidl_cmake_export_typesupport_targets-extras.cmake
[12.738s] -- Up-to-date symlink: /home/nvidia/robotics-orin/install/arm_controller/share/arm_controller/cmake/arm_controllerConfig.cmake
[12.739s] -- Up-to-date symlink: /home/nvidia/robotics-orin/install/arm_controller/share/arm_controller/cmake/arm_controllerConfig-version.cmake
[12.739s] -- Up-to-date symlink: /home/nvidia/robotics-orin/install/arm_controller/share/arm_controller/package.xml
[12.739s] -- Up-to-date: /home/nvidia/robotics-orin/install/arm_controller/lib/libarm_controller__rosidl_generator_c.so
[12.740s] -- Up-to-date: /home/nvidia/robotics-orin/install/arm_controller/lib/libarm_controller__rosidl_typesupport_introspection_c.so
[12.740s] -- Up-to-date: /home/nvidia/robotics-orin/install/arm_controller/lib/libarm_controller__rosidl_typesupport_c.so
[12.740s] -- Up-to-date: /home/nvidia/robotics-orin/install/arm_controller/lib/libarm_controller__rosidl_typesupport_introspection_cpp.so
[12.741s] -- Up-to-date: /home/nvidia/robotics-orin/install/arm_controller/lib/libarm_controller__rosidl_typesupport_cpp.so
[12.816s] -- Up-to-date: /home/nvidia/robotics-orin/install/arm_controller/share/arm_controller/cmake/arm_controller__rosidl_generator_cExport.cmake
[12.816s] -- Up-to-date: /home/nvidia/robotics-orin/install/arm_controller/share/arm_controller/cmake/arm_controller__rosidl_generator_cExport-noconfig.cmake
[12.817s] -- Up-to-date: /home/nvidia/robotics-orin/install/arm_controller/share/arm_controller/cmake/arm_controller__rosidl_typesupport_introspection_cExport.cmake
[12.817s] -- Up-to-date: /home/nvidia/robotics-orin/install/arm_controller/share/arm_controller/cmake/arm_controller__rosidl_typesupport_introspection_cExport-noconfig.cmake
[12.817s] -- Up-to-date: /home/nvidia/robotics-orin/install/arm_controller/share/arm_controller/cmake/arm_controller__rosidl_typesupport_cExport.cmake
[12.818s] -- Up-to-date: /home/nvidia/robotics-orin/install/arm_controller/share/arm_controller/cmake/arm_controller__rosidl_typesupport_cExport-noconfig.cmake
[12.818s] -- Up-to-date: /home/nvidia/robotics-orin/install/arm_controller/share/arm_controller/cmake/arm_controller__rosidl_generator_cppExport.cmake
[12.818s] -- Up-to-date: /home/nvidia/robotics-orin/install/arm_controller/share/arm_controller/cmake/arm_controller__rosidl_typesupport_introspection_cppExport.cmake
[12.818s] -- Up-to-date: /home/nvidia/robotics-orin/install/arm_controller/share/arm_controller/cmake/arm_controller__rosidl_typesupport_introspection_cppExport-noconfig.cmake
[12.819s] -- Up-to-date: /home/nvidia/robotics-orin/install/arm_controller/share/arm_controller/cmake/arm_controller__rosidl_typesupport_cppExport.cmake
[12.819s] -- Up-to-date: /home/nvidia/robotics-orin/install/arm_controller/share/arm_controller/cmake/arm_controller__rosidl_typesupport_cppExport-noconfig.cmake
[12.822s] Invoked command in '/home/nvidia/robotics-orin/build/arm_controller' returned '0': CMAKE_PREFIX_PATH=${CMAKE_PREFIX_PATH}:/opt/ros/foxy CONDA_PROMPT_MODIFIER=(base) /usr/bin/cmake --install /home/nvidia/robotics-orin/build/arm_controller
