[1.474s] Invoking command in '/home/nvidia/robotics-orin/build/arm_controller': CMAKE_PREFIX_PATH=/opt/ros/foxy CONDA_PROMPT_MODIFIER=(base) /usr/bin/cmake /home/nvidia/robotics-orin/src/arm_controller -DAMENT_CMAKE_SYMLINK_INSTALL=1 -DCMAKE_INSTALL_PREFIX=/home/nvidia/robotics-orin/install/arm_controller
[1.497s] -- Found ament_cmake: 0.9.12 (/opt/ros/foxy/share/ament_cmake/cmake)
[1.538s] -- Found PythonInterp: /home/nvidia/anaconda3/bin/python3 (found suitable version "3.11.5", minimum required is "3") 
[1.539s] -- Using PYTHON_EXECUTABLE: /home/nvidia/anaconda3/bin/python3
[1.899s] -- Override CMake install command with custom implementation using symlinks instead of copying resources
[1.911s] -- Found rclcpp: 2.4.3 (/opt/ros/foxy/share/rclcpp/cmake)
[1.960s] -- Using all available rosidl_typesupport_c: rosidl_typesupport_fastrtps_c;rosidl_typesupport_introspection_c
[1.965s] -- Found rosidl_adapter: 1.3.1 (/opt/ros/foxy/share/rosidl_adapter/cmake)
[2.153s] -- Using all available rosidl_typesupport_cpp: rosidl_typesupport_fastrtps_cpp;rosidl_typesupport_introspection_cpp
[2.223s] -- Found rmw_implementation_cmake: 1.0.4 (/opt/ros/foxy/share/rmw_implementation_cmake/cmake)
[2.225s] -- Using RMW implementation 'rmw_fastrtps_cpp' as default
[2.421s] -- Found sensor_msgs: 2.0.5 (/opt/ros/foxy/share/sensor_msgs/cmake)
[2.581s] -- Found rosidl_default_generators: 1.0.1 (/opt/ros/foxy/share/rosidl_default_generators/cmake)
[2.613s] CMake Warning at CMakeLists.txt:18 (find_package):
[2.613s]   By not providing "FindJetsonGPIO.cmake" in CMAKE_MODULE_PATH this project
[2.613s]   has asked CMake to find a package configuration file provided by
[2.613s]   "JetsonGPIO", but CMake did not find one.
[2.613s] 
[2.613s]   Could not find a package configuration file provided by "JetsonGPIO" with
[2.614s]   any of the following names:
[2.614s] 
[2.614s]     JetsonGPIOConfig.cmake
[2.614s]     jetsongpio-config.cmake
[2.614s] 
[2.614s]   Add the installation prefix of "JetsonGPIO" to CMAKE_PREFIX_PATH or set
[2.614s]   "JetsonGPIO_DIR" to a directory containing one of the above files.  If
[2.614s]   "JetsonGPIO" provides a separate development package or SDK, be sure it has
[2.614s]   been installed.
[2.614s] 
[2.614s] 
[2.654s] -- Found PythonInterp: /home/nvidia/anaconda3/bin/python3 (found version "3.11.5") 
[2.749s] CMake Error at /opt/ros/foxy/share/rosidl_adapter/cmake/rosidl_adapt_interfaces.cmake:60 (message):
[2.750s]   execute_process(/home/nvidia/anaconda3/bin/python3 -m rosidl_adapter
[2.750s]   --package-name arm_controller --arguments-file
[2.750s]   /home/nvidia/robotics-orin/build/arm_controller/rosidl_adapter__arguments__arm_controller.json
[2.750s]   --output-dir
[2.750s]   /home/nvidia/robotics-orin/build/arm_controller/rosidl_adapter/arm_controller
[2.750s]   --output-file
[2.750s]   /home/nvidia/robotics-orin/build/arm_controller/rosidl_adapter/arm_controller.idls)
[2.750s]   returned error code 1:
[2.750s] 
[2.751s]   Traceback (most recent call last):
[2.751s] 
[2.751s]     File "<frozen runpy>", line 198, in _run_module_as_main
[2.751s]     File "<frozen runpy>", line 88, in _run_code
[2.751s]     File "/opt/ros/foxy/lib/python3.8/site-packages/rosidl_adapter/__main__.py", line 19, in <module>
[2.751s]       sys.exit(main())
[2.751s]                ^^^^^^
[2.751s]     File "/opt/ros/foxy/lib/python3.8/site-packages/rosidl_adapter/main.py", line 53, in main
[2.751s]       abs_idl_file = convert_to_idl(
[2.751s]                      ^^^^^^^^^^^^^^^
[2.752s]     File "/opt/ros/foxy/lib/python3.8/site-packages/rosidl_adapter/__init__.py", line 18, in convert_to_idl
[2.752s]       from rosidl_adapter.msg import convert_msg_to_idl
[2.752s]     File "/opt/ros/foxy/lib/python3.8/site-packages/rosidl_adapter/msg/__init__.py", line 16, in <module>
[2.752s]       from rosidl_adapter.resource import expand_template
[2.752s]     File "/opt/ros/foxy/lib/python3.8/site-packages/rosidl_adapter/resource/__init__.py", line 19, in <module>
[2.752s]       import em
[2.752s] 
[2.752s]   ModuleNotFoundError: No module named 'em'
[2.752s] 
[2.753s] Call Stack (most recent call first):
[2.753s]   /opt/ros/foxy/share/rosidl_cmake/cmake/rosidl_generate_interfaces.cmake:130 (rosidl_adapt_interfaces)
[2.753s]   CMakeLists.txt:20 (rosidl_generate_interfaces)
[2.753s] 
[2.753s] 
[2.753s] -- Configuring incomplete, errors occurred!
[2.753s] See also "/home/nvidia/robotics-orin/build/arm_controller/CMakeFiles/CMakeOutput.log".
[2.753s] See also "/home/nvidia/robotics-orin/build/arm_controller/CMakeFiles/CMakeError.log".
