-- Found ament_cmake: 1.3.6 (/opt/ros/humble/share/ament_cmake/cmake)
-- Override CMake install command with custom implementation using symlinks instead of copying resources
-- Found rclcpp: 16.0.7 (/opt/ros/humble/share/rclcpp/cmake)
-- Found rosidl_generator_c: 3.1.5 (/opt/ros/humble/share/rosidl_generator_c/cmake)
-- Found rosidl_adapter: 3.1.5 (/opt/ros/humble/share/rosidl_adapter/cmake)
-- Found rosidl_generator_cpp: 3.1.5 (/opt/ros/humble/share/rosidl_generator_cpp/cmake)
-- Using all available rosidl_typesupport_c: rosidl_typesupport_fastrtps_c;rosidl_typesupport_introspection_c
-- Using all available rosidl_typesupport_cpp: rosidl_typesupport_fastrtps_cpp;rosidl_typesupport_introspection_cpp
-- Found rmw_implementation_cmake: 6.1.1 (/opt/ros/humble/share/rmw_implementation_cmake/cmake)
-- Found rmw_fastrtps_cpp: 6.2.5 (/opt/ros/humble/share/rmw_fastrtps_cpp/cmake)
-- Using RMW implementation 'rmw_fastrtps_cpp' as default
-- Found sensor_msgs: 4.2.3 (/opt/ros/humble/share/sensor_msgs/cmake)
-- Configuring done
-- Generating done
-- Build files have been written to: /home/nvidia/robotics-orin/build/arm_controller
[100%] Built target arm_controller_node
-- Install configuration: ""
-- Execute custom install script
-- Up-to-date symlink: /home/nvidia/robotics-orin/install/arm_controller/lib/arm_controller/arm_controller_node
-- Up-to-date symlink: /home/nvidia/robotics-orin/install/arm_controller/share/ament_index/resource_index/package_run_dependencies/arm_controller
-- Up-to-date symlink: /home/nvidia/robotics-orin/install/arm_controller/share/ament_index/resource_index/parent_prefix_path/arm_controller
-- Up-to-date symlink: /home/nvidia/robotics-orin/install/arm_controller/share/arm_controller/environment/ament_prefix_path.sh
-- Up-to-date symlink: /home/nvidia/robotics-orin/install/arm_controller/share/arm_controller/environment/ament_prefix_path.dsv
-- Up-to-date symlink: /home/nvidia/robotics-orin/install/arm_controller/share/arm_controller/environment/path.sh
-- Up-to-date symlink: /home/nvidia/robotics-orin/install/arm_controller/share/arm_controller/environment/path.dsv
-- Up-to-date symlink: /home/nvidia/robotics-orin/install/arm_controller/share/arm_controller/local_setup.bash
-- Up-to-date symlink: /home/nvidia/robotics-orin/install/arm_controller/share/arm_controller/local_setup.sh
-- Up-to-date symlink: /home/nvidia/robotics-orin/install/arm_controller/share/arm_controller/local_setup.zsh
-- Up-to-date symlink: /home/nvidia/robotics-orin/install/arm_controller/share/arm_controller/local_setup.dsv
-- Symlinking: /home/nvidia/robotics-orin/install/arm_controller/share/arm_controller/package.dsv
-- Up-to-date symlink: /home/nvidia/robotics-orin/install/arm_controller/share/ament_index/resource_index/packages/arm_controller
-- Up-to-date symlink: /home/nvidia/robotics-orin/install/arm_controller/share/arm_controller/cmake/arm_controllerConfig.cmake
-- Up-to-date symlink: /home/nvidia/robotics-orin/install/arm_controller/share/arm_controller/cmake/arm_controllerConfig-version.cmake
-- Up-to-date symlink: /home/nvidia/robotics-orin/install/arm_controller/share/arm_controller/package.xml
