[01m[K/home/nvidia/robotics-orin/src/absenc_interface/src/absenc_node.cpp:144:23:[m[K [01;31m[Kerror: [m[K‘[01m[Karm_controller[m[K’ was not declared in this scope
  144 |     rclcpp::Publisher<[01;31m[Karm_controller[m[K::msg::ArmMotorValues>::SharedPtr arm_controller_publisher;
      |                       [01;31m[K^~~~~~~~~~~~~~[m[K
[01m[K/home/nvidia/robotics-orin/src/absenc_interface/src/absenc_node.cpp:144:58:[m[K [01;31m[Kerror: [m[Ktemplate argument 1 is invalid
  144 |     rclcpp::Publisher<arm_controller::msg::ArmMotorValues[01;31m[K>[m[K::SharedPtr arm_controller_publisher;
      |                                                          [01;31m[K^[m[K
[01m[K/home/nvidia/robotics-orin/src/absenc_interface/src/absenc_node.cpp:144:61:[m[K [01;31m[Kerror: [m[Kexpected ‘[01m[K;[m[K’ at end of member declaration
  144 |     rclcpp::Publisher<arm_controller::msg::ArmMotorValues>::[01;31m[KSharedPtr[m[K arm_controller_publisher;
      |                                                             [01;31m[K^~~~~~~~~[m[K
      |                                                                      [32m[K;[m[K
[01m[K/home/nvidia/robotics-orin/src/absenc_interface/src/absenc_node.cpp:144:71:[m[K [01;31m[Kerror: [m[K‘[01m[Karm_controller_publisher[m[K’ does not name a type
  144 |     rclcpp::Publisher<arm_controller::msg::ArmMotorValues>::SharedPtr [01;31m[Karm_controller_publisher[m[K;
      |                                                                       [01;31m[K^~~~~~~~~~~~~~~~~~~~~~~~[m[K
[01m[K/home/nvidia/robotics-orin/src/absenc_interface/src/absenc_node.cpp:[m[K In constructor ‘[01m[KAbsEnc::AbsEnc()[m[K’:
[01m[K/home/nvidia/robotics-orin/src/absenc_interface/src/absenc_node.cpp:48:7:[m[K [01;31m[Kerror: [m[K‘[01m[Karm_controller_publisher[m[K’ was not declared in this scope
   48 |       [01;31m[Karm_controller_publisher[m[K = this->create_publisher<arm_controller::msg::ArmMotorValues>("arm_values",10);
      |       [01;31m[K^~~~~~~~~~~~~~~~~~~~~~~~[m[K
[01m[K/home/nvidia/robotics-orin/src/absenc_interface/src/absenc_node.cpp:48:57:[m[K [01;31m[Kerror: [m[K‘[01m[Karm_controller[m[K’ was not declared in this scope
   48 |       arm_controller_publisher = this->create_publisher<[01;31m[Karm_controller[m[K::msg::ArmMotorValues>("arm_values",10);
      |                                                         [01;31m[K^~~~~~~~~~~~~~[m[K
[01m[K/home/nvidia/robotics-orin/src/absenc_interface/src/absenc_node.cpp:48:40:[m[K [01;31m[Kerror: [m[Kparse error in template argument list
   48 |       arm_controller_publisher = this->[01;31m[Kcreate_publisher<arm_controller::msg::ArmMotorValues>[m[K("arm_values",10);
      |                                        [01;31m[K^~~~~~~~~~~~~~~~~~~~~~~~~~~~~~~~~~~~~~~~~~~~~~~~~~~~~[m[K
[01m[K/home/nvidia/robotics-orin/src/absenc_interface/src/absenc_node.cpp:48:109:[m[K [01;31m[Kerror: [m[Kno matching function for call to ‘[01m[KAbsEnc::create_publisher<<expression error> >(const char [11], int)[m[K’
   48 |       arm_controller_publisher = this->create_publisher<arm_controller::msg::ArmMotorValues>("arm_values",10[01;31m[K)[m[K;
      |                                                                                                             [01;31m[K^[m[K
In file included from [01m[K/opt/ros/foxy/include/rclcpp/node.hpp:1224[m[K,
                 from [01m[K/opt/ros/foxy/include/rclcpp/executors/single_threaded_executor.hpp:28[m[K,
                 from [01m[K/opt/ros/foxy/include/rclcpp/executors.hpp:22[m[K,
                 from [01m[K/opt/ros/foxy/include/rclcpp/rclcpp.hpp:146[m[K,
                 from [01m[K/home/nvidia/robotics-orin/src/absenc_interface/src/absenc_node.cpp:3[m[K:
[01m[K/opt/ros/foxy/include/rclcpp/node_impl.hpp:71:1:[m[K [01;36m[Knote: [m[Kcandidate: ‘[01m[Ktemplate<class MessageT, class AllocatorT, class PublisherT> std::shared_ptr<PublisherT> rclcpp::Node::create_publisher(const string&, const rclcpp::QoS&, const rclcpp::PublisherOptionsWithAllocator<AllocatorT>&)[m[K’
   71 | [01;36m[KNode[m[K::create_publisher(
      | [01;36m[K^~~~[m[K
[01m[K/opt/ros/foxy/include/rclcpp/node_impl.hpp:71:1:[m[K [01;36m[Knote: [m[K  template argument deduction/substitution failed:
[01m[K/home/nvidia/robotics-orin/src/absenc_interface/src/absenc_node.cpp:48:109:[m[K [01;31m[Kerror: [m[Ktemplate argument 1 is invalid
   48 |       arm_controller_publisher = this->create_publisher<arm_controller::msg::ArmMotorValues>("arm_values",10[01;31m[K)[m[K;
      |                                                                                                             [01;31m[K^[m[K
[01m[K/home/nvidia/robotics-orin/src/absenc_interface/src/absenc_node.cpp:[m[K In member function ‘[01m[Kvoid AbsEnc::ikValuesCallback(sensor_msgs::msg::JointState_<std::allocator<void> >::SharedPtr)[m[K’:
[01m[K/home/nvidia/robotics-orin/src/absenc_interface/src/absenc_node.cpp:87:24:[m[K [01;31m[Kerror: [m[K‘[01m[Karm_controller[m[K’ has not been declared
   87 |       auto arm_msg_2 = [01;31m[Karm_controller[m[K::msg::ArmMotorValues();
      |                        [01;31m[K^~~~~~~~~~~~~~[m[K
[01m[K/home/nvidia/robotics-orin/src/absenc_interface/src/absenc_node.cpp:90:25:[m[K [01;35m[Kwarning: [m[Kcomparison of integer expressions of different signedness: ‘[01m[Kint[m[K’ and ‘[01m[Kstd::array<float, 4>::size_type[m[K’ {aka ‘[01m[Klong unsigned int[m[K’} [[01;35m[K-Wsign-compare[m[K]
   90 |       for (int i = 0; [01;35m[Ki < std::size(ik_angles)[m[K; i++) {
      |                       [01;35m[K~~^~~~~~~~~~~~~~~~~~~~~~[m[K
[01m[K/home/nvidia/robotics-orin/src/absenc_interface/src/absenc_node.cpp:95:25:[m[K [01;35m[Kwarning: [m[Kcomparison of integer expressions of different signedness: ‘[01m[Kint[m[K’ and ‘[01m[Kstd::array<float, 4>::size_type[m[K’ {aka ‘[01m[Klong unsigned int[m[K’} [[01;35m[K-Wsign-compare[m[K]
   95 |       for (int i = 0; [01;35m[Ki < std::size(ik_angles)[m[K; i++) {
      |                       [01;35m[K~~^~~~~~~~~~~~~~~~~~~~~~[m[K
[01m[K/home/nvidia/robotics-orin/src/absenc_interface/src/absenc_node.cpp:137:7:[m[K [01;31m[Kerror: [m[K‘[01m[Karm_controller_publisher[m[K’ was not declared in this scope
  137 |       [01;31m[Karm_controller_publisher[m[K->publish(arm_msg_2);
      |       [01;31m[K^~~~~~~~~~~~~~~~~~~~~~~~[m[K
make[2]: *** [CMakeFiles/absenc_node.dir/build.make:63: CMakeFiles/absenc_node.dir/src/absenc_node.cpp.o] Error 1
make[1]: *** [CMakeFiles/Makefile2:124: CMakeFiles/absenc_node.dir/all] Error 2
make: *** [Makefile:141: all] Error 2
