[0.879s] Invoking command in '/home/nvidia/robotics-orin/build/sil': CMAKE_PREFIX_PATH=${CMAKE_PREFIX_PATH}:/opt/ros/foxy:/home/nvidia/ros2_humble/install/ament_uncrustify:/home/nvidia/ros2_humble/install/tracetools_trace:/home/nvidia/ros2_humble/install/tracetools_read:/home/nvidia/ros2_humble/install/sensor_msgs_py:/home/nvidia/ros2_humble/install/rpyutils:/home/nvidia/ros2_humble/install/rosidl_runtime_py:/home/nvidia/ros2_humble/install/rosidl_cli:/home/nvidia/ros2_humble/install/launch_pytest:/home/nvidia/ros2_humble/install/launch_testing:/home/nvidia/ros2_humble/install/launch_yaml:/home/nvidia/ros2_humble/install/launch_xml:/home/nvidia/ros2_humble/install/launch:/home/nvidia/ros2_humble/install/osrf_pycommon:/home/nvidia/ros2_humble/install/domain_coordinator:/home/nvidia/ros2_humble/install/ament_xmllint:/home/nvidia/ros2_humble/install/ament_pyflakes:/home/nvidia/ros2_humble/install/ament_pycodestyle:/home/nvidia/ros2_humble/install/ament_pep257:/home/nvidia/ros2_humble/install/ament_pclint:/home/nvidia/ros2_humble/install/ament_package:/home/nvidia/ros2_humble/install/ament_mypy:/home/nvidia/ros2_humble/install/ament_lint_cmake:/home/nvidia/ros2_humble/install/ament_flake8:/home/nvidia/ros2_humble/install/ament_copyright:/home/nvidia/ros2_humble/install/ament_lint:/home/nvidia/ros2_humble/install/ament_index_python:/home/nvidia/ros2_humble/install/ament_cpplint:/home/nvidia/ros2_humble/install/ament_cppcheck:/home/nvidia/ros2_humble/install/ament_clang_tidy:/home/nvidia/ros2_humble/install/ament_clang_format CONDA_PROMPT_MODIFIER=(base) /usr/bin/cmake /home/nvidia/robotics-orin/src/sil -DAMENT_CMAKE_SYMLINK_INSTALL=1 -DCMAKE_INSTALL_PREFIX=/home/nvidia/robotics-orin/install/sil
[0.906s] -- Found ament_cmake: 0.9.12 (/opt/ros/foxy/share/ament_cmake/cmake)
[0.960s] -- Using PYTHON_EXECUTABLE: /home/nvidia/anaconda3/bin/python3
[1.351s] -- Override CMake install command with custom implementation using symlinks instead of copying resources
[1.363s] -- Found rclcpp: 2.4.3 (/opt/ros/foxy/share/rclcpp/cmake)
[1.447s] -- Using all available rosidl_typesupport_c: rosidl_typesupport_fastrtps_c;rosidl_typesupport_introspection_c
[1.452s] -- Found rosidl_adapter: 1.3.1 (/opt/ros/foxy/share/rosidl_adapter/cmake)
[1.655s] -- Using all available rosidl_typesupport_cpp: rosidl_typesupport_fastrtps_cpp;rosidl_typesupport_introspection_cpp
[1.726s] -- Found rmw_implementation_cmake: 1.0.4 (/opt/ros/foxy/share/rmw_implementation_cmake/cmake)
[1.746s] -- Using RMW implementation 'rmw_fastrtps_cpp' as default
[1.945s] -- Found ament_lint_auto: 0.9.8 (/opt/ros/foxy/share/ament_lint_auto/cmake)
[1.998s] Traceback (most recent call last):
[1.999s]   File "/opt/ros/foxy/share/ament_cmake_core/cmake/core/package_xml_2_cmake.py", line 21, in <module>
[1.999s]     from catkin_pkg.package import parse_package_string
[1.999s] ModuleNotFoundError: No module named 'catkin_pkg'
[2.006s] CMake Error at /opt/ros/foxy/share/ament_cmake_core/cmake/core/ament_package_xml.cmake:94 (message):
[2.007s]   execute_process(/home/nvidia/anaconda3/bin/python3
[2.007s]   /opt/ros/foxy/share/ament_cmake_core/cmake/core/package_xml_2_cmake.py
[2.007s]   /home/nvidia/robotics-orin/src/sil/package.xml
[2.007s]   /home/nvidia/robotics-orin/build/sil/ament_cmake_core/package.cmake)
[2.007s]   returned error code 1
[2.007s] Call Stack (most recent call first):
[2.007s]   /opt/ros/foxy/share/ament_cmake_core/cmake/core/ament_package_xml.cmake:49 (_ament_package_xml)
[2.008s]   /opt/ros/foxy/share/ament_lint_auto/cmake/ament_lint_auto_find_test_dependencies.cmake:31 (ament_package_xml)
[2.008s]   CMakeLists.txt:41 (ament_lint_auto_find_test_dependencies)
[2.008s] 
[2.008s] 
[2.010s] -- Configuring incomplete, errors occurred!
[2.010s] See also "/home/nvidia/robotics-orin/build/sil/CMakeFiles/CMakeOutput.log".
[2.010s] See also "/home/nvidia/robotics-orin/build/sil/CMakeFiles/CMakeError.log".
[2.025s] Invoked command in '/home/nvidia/robotics-orin/build/sil' returned '1': CMAKE_PREFIX_PATH=${CMAKE_PREFIX_PATH}:/opt/ros/foxy:/home/nvidia/ros2_humble/install/ament_uncrustify:/home/nvidia/ros2_humble/install/tracetools_trace:/home/nvidia/ros2_humble/install/tracetools_read:/home/nvidia/ros2_humble/install/sensor_msgs_py:/home/nvidia/ros2_humble/install/rpyutils:/home/nvidia/ros2_humble/install/rosidl_runtime_py:/home/nvidia/ros2_humble/install/rosidl_cli:/home/nvidia/ros2_humble/install/launch_pytest:/home/nvidia/ros2_humble/install/launch_testing:/home/nvidia/ros2_humble/install/launch_yaml:/home/nvidia/ros2_humble/install/launch_xml:/home/nvidia/ros2_humble/install/launch:/home/nvidia/ros2_humble/install/osrf_pycommon:/home/nvidia/ros2_humble/install/domain_coordinator:/home/nvidia/ros2_humble/install/ament_xmllint:/home/nvidia/ros2_humble/install/ament_pyflakes:/home/nvidia/ros2_humble/install/ament_pycodestyle:/home/nvidia/ros2_humble/install/ament_pep257:/home/nvidia/ros2_humble/install/ament_pclint:/home/nvidia/ros2_humble/install/ament_package:/home/nvidia/ros2_humble/install/ament_mypy:/home/nvidia/ros2_humble/install/ament_lint_cmake:/home/nvidia/ros2_humble/install/ament_flake8:/home/nvidia/ros2_humble/install/ament_copyright:/home/nvidia/ros2_humble/install/ament_lint:/home/nvidia/ros2_humble/install/ament_index_python:/home/nvidia/ros2_humble/install/ament_cpplint:/home/nvidia/ros2_humble/install/ament_cppcheck:/home/nvidia/ros2_humble/install/ament_clang_tidy:/home/nvidia/ros2_humble/install/ament_clang_format CONDA_PROMPT_MODIFIER=(base) /usr/bin/cmake /home/nvidia/robotics-orin/src/sil -DAMENT_CMAKE_SYMLINK_INSTALL=1 -DCMAKE_INSTALL_PREFIX=/home/nvidia/robotics-orin/install/sil
