running egg_info
creating ../../build/arm_ik/arm_ik.egg-info
writing ../../build/arm_ik/arm_ik.egg-info/PKG-INFO
writing dependency_links to ../../build/arm_ik/arm_ik.egg-info/dependency_links.txt
writing entry points to ../../build/arm_ik/arm_ik.egg-info/entry_points.txt
writing requirements to ../../build/arm_ik/arm_ik.egg-info/requires.txt
writing top-level names to ../../build/arm_ik/arm_ik.egg-info/top_level.txt
writing manifest file '../../build/arm_ik/arm_ik.egg-info/SOURCES.txt'
reading manifest file '../../build/arm_ik/arm_ik.egg-info/SOURCES.txt'
writing manifest file '../../build/arm_ik/arm_ik.egg-info/SOURCES.txt'
running build
running build_py
creating /home/nvidia/robotics-orin/build/arm_ik/build
creating /home/nvidia/robotics-orin/build/arm_ik/build/lib
creating /home/nvidia/robotics-orin/build/arm_ik/build/lib/arm_ik
copying arm_ik/IKNode.py -> /home/nvidia/robotics-orin/build/arm_ik/build/lib/arm_ik
copying arm_ik/AbsencNode.py -> /home/nvidia/robotics-orin/build/arm_ik/build/lib/arm_ik
copying arm_ik/__init__.py -> /home/nvidia/robotics-orin/build/arm_ik/build/lib/arm_ik
copying arm_ik/CadMouseJoyNode.py -> /home/nvidia/robotics-orin/build/arm_ik/build/lib/arm_ik
running install
running install_lib
creating /home/nvidia/robotics-orin/install/arm_ik/lib/python3.8/site-packages/arm_ik
copying /home/nvidia/robotics-orin/build/arm_ik/build/lib/arm_ik/IKNode.py -> /home/nvidia/robotics-orin/install/arm_ik/lib/python3.8/site-packages/arm_ik
copying /home/nvidia/robotics-orin/build/arm_ik/build/lib/arm_ik/AbsencNode.py -> /home/nvidia/robotics-orin/install/arm_ik/lib/python3.8/site-packages/arm_ik
copying /home/nvidia/robotics-orin/build/arm_ik/build/lib/arm_ik/__init__.py -> /home/nvidia/robotics-orin/install/arm_ik/lib/python3.8/site-packages/arm_ik
copying /home/nvidia/robotics-orin/build/arm_ik/build/lib/arm_ik/CadMouseJoyNode.py -> /home/nvidia/robotics-orin/install/arm_ik/lib/python3.8/site-packages/arm_ik
byte-compiling /home/nvidia/robotics-orin/install/arm_ik/lib/python3.8/site-packages/arm_ik/IKNode.py to IKNode.cpython-38.pyc
byte-compiling /home/nvidia/robotics-orin/install/arm_ik/lib/python3.8/site-packages/arm_ik/AbsencNode.py to AbsencNode.cpython-38.pyc
byte-compiling /home/nvidia/robotics-orin/install/arm_ik/lib/python3.8/site-packages/arm_ik/__init__.py to __init__.cpython-38.pyc
byte-compiling /home/nvidia/robotics-orin/install/arm_ik/lib/python3.8/site-packages/arm_ik/CadMouseJoyNode.py to CadMouseJoyNode.cpython-38.pyc
running install_data
creating /home/nvidia/robotics-orin/install/arm_ik/share/ament_index
creating /home/nvidia/robotics-orin/install/arm_ik/share/ament_index/resource_index
creating /home/nvidia/robotics-orin/install/arm_ik/share/ament_index/resource_index/packages
copying resource/arm_ik -> /home/nvidia/robotics-orin/install/arm_ik/share/ament_index/resource_index/packages
copying package.xml -> /home/nvidia/robotics-orin/install/arm_ik/share/arm_ik
copying urdf/astro_arm.urdf -> /home/nvidia/robotics-orin/install/arm_ik/share/arm_ik
copying meshes/wrist.STL -> /home/nvidia/robotics-orin/install/arm_ik/share/arm_ik
copying meshes/upper_base_link.STL -> /home/nvidia/robotics-orin/install/arm_ik/share/arm_ik
copying meshes/distal_link.STL -> /home/nvidia/robotics-orin/install/arm_ik/share/arm_ik
copying meshes/base_link.STL -> /home/nvidia/robotics-orin/install/arm_ik/share/arm_ik
copying meshes/proximal_link.STL -> /home/nvidia/robotics-orin/install/arm_ik/share/arm_ik
running install_egg_info
Copying ../../build/arm_ik/arm_ik.egg-info to /home/nvidia/robotics-orin/install/arm_ik/lib/python3.8/site-packages/arm_ik-0.0.0-py3.8.egg-info
running install_scripts
Installing CadMouseJoyNode script to /home/nvidia/robotics-orin/install/arm_ik/lib/arm_ik
Installing IKNode script to /home/nvidia/robotics-orin/install/arm_ik/lib/arm_ik
Installing state_publisher script to /home/nvidia/robotics-orin/install/arm_ik/lib/arm_ik
writing list of installed files to '/home/nvidia/robotics-orin/build/arm_ik/install.log'
