[3.060s] Invoking command in '/home/nvidia/robotics-orin/src/arm_ik': AMENT_PREFIX_PATH=/home/nvidia/robotics-orin/install/absenc_interface:${AMENT_PREFIX_PATH} CMAKE_PREFIX_PATH=/home/nvidia/robotics-orin/install/absenc_interface:${CMAKE_PREFIX_PATH} CONDA_PROMPT_MODIFIER=(base) LD_LIBRARY_PATH=/home/nvidia/robotics-orin/install/absenc_interface/lib:/home/nvidia/robotics-orin/install/arm_controller/lib:/opt/ros/humble/opt/rviz_ogre_vendor/lib:/opt/ros/humble/lib/aarch64-linux-gnu:/opt/ros/humble/lib:/usr/local/cuda-11.4/lib64 PYTHONPATH=/home/nvidia/robotics-orin/build/arm_ik/prefix_override:/home/nvidia/robotics-orin/install/arm_ik/lib/python3.8/site-packages:/home/nvidia/robotics-orin/install/absenc_interface/lib/python3.9/site-packages:${PYTHONPATH} /usr/bin/python3 setup.py egg_info --egg-base ../../build/arm_ik build --build-base /home/nvidia/robotics-orin/build/arm_ik/build install --record /home/nvidia/robotics-orin/build/arm_ik/install.log --single-version-externally-managed
[3.450s] running egg_info
[3.451s] creating ../../build/arm_ik/arm_ik.egg-info
[3.451s] writing ../../build/arm_ik/arm_ik.egg-info/PKG-INFO
[3.452s] writing dependency_links to ../../build/arm_ik/arm_ik.egg-info/dependency_links.txt
[3.452s] writing entry points to ../../build/arm_ik/arm_ik.egg-info/entry_points.txt
[3.452s] writing requirements to ../../build/arm_ik/arm_ik.egg-info/requires.txt
[3.452s] writing top-level names to ../../build/arm_ik/arm_ik.egg-info/top_level.txt
[3.455s] writing manifest file '../../build/arm_ik/arm_ik.egg-info/SOURCES.txt'
[3.504s] reading manifest file '../../build/arm_ik/arm_ik.egg-info/SOURCES.txt'
[3.504s] writing manifest file '../../build/arm_ik/arm_ik.egg-info/SOURCES.txt'
[3.505s] running build
[3.505s] running build_py
[3.505s] creating /home/nvidia/robotics-orin/build/arm_ik/build
[3.505s] creating /home/nvidia/robotics-orin/build/arm_ik/build/lib
[3.506s] creating /home/nvidia/robotics-orin/build/arm_ik/build/lib/arm_ik
[3.506s] copying arm_ik/IKNode.py -> /home/nvidia/robotics-orin/build/arm_ik/build/lib/arm_ik
[3.506s] copying arm_ik/AbsencNode.py -> /home/nvidia/robotics-orin/build/arm_ik/build/lib/arm_ik
[3.506s] copying arm_ik/__init__.py -> /home/nvidia/robotics-orin/build/arm_ik/build/lib/arm_ik
[3.506s] copying arm_ik/CadMouseJoyNode.py -> /home/nvidia/robotics-orin/build/arm_ik/build/lib/arm_ik
[3.507s] running install
[3.508s] running install_lib
[3.510s] creating /home/nvidia/robotics-orin/install/arm_ik/lib/python3.8/site-packages/arm_ik
[3.510s] copying /home/nvidia/robotics-orin/build/arm_ik/build/lib/arm_ik/IKNode.py -> /home/nvidia/robotics-orin/install/arm_ik/lib/python3.8/site-packages/arm_ik
[3.510s] copying /home/nvidia/robotics-orin/build/arm_ik/build/lib/arm_ik/AbsencNode.py -> /home/nvidia/robotics-orin/install/arm_ik/lib/python3.8/site-packages/arm_ik
[3.511s] copying /home/nvidia/robotics-orin/build/arm_ik/build/lib/arm_ik/__init__.py -> /home/nvidia/robotics-orin/install/arm_ik/lib/python3.8/site-packages/arm_ik
[3.511s] copying /home/nvidia/robotics-orin/build/arm_ik/build/lib/arm_ik/CadMouseJoyNode.py -> /home/nvidia/robotics-orin/install/arm_ik/lib/python3.8/site-packages/arm_ik
[3.512s] byte-compiling /home/nvidia/robotics-orin/install/arm_ik/lib/python3.8/site-packages/arm_ik/IKNode.py to IKNode.cpython-38.pyc
[3.516s] byte-compiling /home/nvidia/robotics-orin/install/arm_ik/lib/python3.8/site-packages/arm_ik/AbsencNode.py to AbsencNode.cpython-38.pyc
[3.517s] byte-compiling /home/nvidia/robotics-orin/install/arm_ik/lib/python3.8/site-packages/arm_ik/__init__.py to __init__.cpython-38.pyc
[3.517s] byte-compiling /home/nvidia/robotics-orin/install/arm_ik/lib/python3.8/site-packages/arm_ik/CadMouseJoyNode.py to CadMouseJoyNode.cpython-38.pyc
[3.518s] running install_data
[3.519s] creating /home/nvidia/robotics-orin/install/arm_ik/share/ament_index
[3.519s] creating /home/nvidia/robotics-orin/install/arm_ik/share/ament_index/resource_index
[3.519s] creating /home/nvidia/robotics-orin/install/arm_ik/share/ament_index/resource_index/packages
[3.519s] copying resource/arm_ik -> /home/nvidia/robotics-orin/install/arm_ik/share/ament_index/resource_index/packages
[3.520s] copying package.xml -> /home/nvidia/robotics-orin/install/arm_ik/share/arm_ik
[3.520s] copying urdf/astro_arm.urdf -> /home/nvidia/robotics-orin/install/arm_ik/share/arm_ik
[3.520s] copying meshes/wrist.STL -> /home/nvidia/robotics-orin/install/arm_ik/share/arm_ik
[3.567s] copying meshes/upper_base_link.STL -> /home/nvidia/robotics-orin/install/arm_ik/share/arm_ik
[3.582s] copying meshes/distal_link.STL -> /home/nvidia/robotics-orin/install/arm_ik/share/arm_ik
[3.635s] copying meshes/base_link.STL -> /home/nvidia/robotics-orin/install/arm_ik/share/arm_ik
[3.674s] copying meshes/proximal_link.STL -> /home/nvidia/robotics-orin/install/arm_ik/share/arm_ik
[3.700s] running install_egg_info
[3.704s] Copying ../../build/arm_ik/arm_ik.egg-info to /home/nvidia/robotics-orin/install/arm_ik/lib/python3.8/site-packages/arm_ik-0.0.0-py3.8.egg-info
[3.706s] running install_scripts
[3.735s] Installing CadMouseJoyNode script to /home/nvidia/robotics-orin/install/arm_ik/lib/arm_ik
[3.736s] Installing IKNode script to /home/nvidia/robotics-orin/install/arm_ik/lib/arm_ik
[3.736s] Installing state_publisher script to /home/nvidia/robotics-orin/install/arm_ik/lib/arm_ik
[3.736s] writing list of installed files to '/home/nvidia/robotics-orin/build/arm_ik/install.log'
[3.792s] Invoked command in '/home/nvidia/robotics-orin/src/arm_ik' returned '0': AMENT_PREFIX_PATH=/home/nvidia/robotics-orin/install/absenc_interface:${AMENT_PREFIX_PATH} CMAKE_PREFIX_PATH=/home/nvidia/robotics-orin/install/absenc_interface:${CMAKE_PREFIX_PATH} CONDA_PROMPT_MODIFIER=(base) LD_LIBRARY_PATH=/home/nvidia/robotics-orin/install/absenc_interface/lib:/home/nvidia/robotics-orin/install/arm_controller/lib:/opt/ros/humble/opt/rviz_ogre_vendor/lib:/opt/ros/humble/lib/aarch64-linux-gnu:/opt/ros/humble/lib:/usr/local/cuda-11.4/lib64 PYTHONPATH=/home/nvidia/robotics-orin/build/arm_ik/prefix_override:/home/nvidia/robotics-orin/install/arm_ik/lib/python3.8/site-packages:/home/nvidia/robotics-orin/install/absenc_interface/lib/python3.9/site-packages:${PYTHONPATH} /usr/bin/python3 setup.py egg_info --egg-base ../../build/arm_ik build --build-base /home/nvidia/robotics-orin/build/arm_ik/build install --record /home/nvidia/robotics-orin/build/arm_ik/install.log --single-version-externally-managed
