[2.237s] Invoking command in '/home/nvidia/robotics-orin/build/arm_controller': CMAKE_PREFIX_PATH=${CMAKE_PREFIX_PATH}:/opt/ros/humble:/home/nvidia/robotics-orin/install/arm_ik CONDA_PROMPT_MODIFIER=(base) /usr/bin/cmake /home/nvidia/robotics-orin/src/arm_controller -DAMENT_CMAKE_SYMLINK_INSTALL=1 -DCMAKE_INSTALL_PREFIX=/home/nvidia/robotics-orin/install/arm_controller
[2.394s] -- The C compiler identification is GNU 9.4.0
[2.519s] -- The CXX compiler identification is GNU 9.4.0
[2.531s] -- Check for working C compiler: /usr/bin/cc
[2.650s] -- Check for working C compiler: /usr/bin/cc -- works
[2.652s] -- Detecting C compiler ABI info
[2.772s] -- Detecting C compiler ABI info - done
[2.799s] -- Detecting C compile features
[2.800s] -- Detecting C compile features - done
[2.804s] -- Check for working CXX compiler: /usr/bin/c++
[2.949s] -- Check for working CXX compiler: /usr/bin/c++ -- works
[2.949s] -- Detecting CXX compiler ABI info
[3.087s] -- Detecting CXX compiler ABI info - done
[3.102s] -- Detecting CXX compile features
[3.103s] -- Detecting CXX compile features - done
[3.107s] -- Found ament_cmake: 1.3.6 (/opt/ros/humble/share/ament_cmake/cmake)
[3.390s] -- Found Python3: /usr/bin/python3.9 (found version "3.9.5") found components: Interpreter 
[3.518s] -- Override CMake install command with custom implementation using symlinks instead of copying resources
[3.575s] -- Found rclcpp: 16.0.7 (/opt/ros/humble/share/rclcpp/cmake)
[3.656s] -- Found rosidl_generator_c: 3.1.5 (/opt/ros/humble/share/rosidl_generator_c/cmake)
[3.665s] -- Found rosidl_adapter: 3.1.5 (/opt/ros/humble/share/rosidl_adapter/cmake)
[3.682s] -- Found rosidl_generator_cpp: 3.1.5 (/opt/ros/humble/share/rosidl_generator_cpp/cmake)
[3.711s] -- Using all available rosidl_typesupport_c: rosidl_typesupport_fastrtps_c;rosidl_typesupport_introspection_c
[3.752s] -- Using all available rosidl_typesupport_cpp: rosidl_typesupport_fastrtps_cpp;rosidl_typesupport_introspection_cpp
[3.886s] -- Found rmw_implementation_cmake: 6.1.1 (/opt/ros/humble/share/rmw_implementation_cmake/cmake)
[3.892s] -- Found rmw_fastrtps_cpp: 6.2.5 (/opt/ros/humble/share/rmw_fastrtps_cpp/cmake)
[4.113s] -- Found OpenSSL: /usr/lib/aarch64-linux-gnu/libcrypto.so (found version "1.1.1f")  
[4.165s] -- Found FastRTPS: /opt/ros/humble/include  
[4.256s] -- Using RMW implementation 'rmw_fastrtps_cpp' as default
[4.274s] -- Looking for pthread.h
[4.404s] -- Looking for pthread.h - found
[4.404s] -- Performing Test CMAKE_HAVE_LIBC_PTHREAD
[4.525s] -- Performing Test CMAKE_HAVE_LIBC_PTHREAD - Failed
[4.526s] -- Looking for pthread_create in pthreads
[4.644s] -- Looking for pthread_create in pthreads - not found
[4.644s] -- Looking for pthread_create in pthread
[4.756s] -- Looking for pthread_create in pthread - found
[4.759s] -- Found Threads: TRUE  
[5.061s] -- Found sensor_msgs: 4.2.3 (/opt/ros/humble/share/sensor_msgs/cmake)
[5.488s] -- Configuring done
[5.507s] -- Generating done
[5.507s] -- Build files have been written to: /home/nvidia/robotics-orin/build/arm_controller
[5.538s] Invoked command in '/home/nvidia/robotics-orin/build/arm_controller' returned '0': CMAKE_PREFIX_PATH=${CMAKE_PREFIX_PATH}:/opt/ros/humble:/home/nvidia/robotics-orin/install/arm_ik CONDA_PROMPT_MODIFIER=(base) /usr/bin/cmake /home/nvidia/robotics-orin/src/arm_controller -DAMENT_CMAKE_SYMLINK_INSTALL=1 -DCMAKE_INSTALL_PREFIX=/home/nvidia/robotics-orin/install/arm_controller
[5.543s] Invoking command in '/home/nvidia/robotics-orin/build/arm_controller': CMAKE_PREFIX_PATH=${CMAKE_PREFIX_PATH}:/opt/ros/humble:/home/nvidia/robotics-orin/install/arm_ik CONDA_PROMPT_MODIFIER=(base) /usr/bin/cmake --build /home/nvidia/robotics-orin/build/arm_controller -- -j6 -l6
[5.618s] [35m[1mScanning dependencies of target arm_controller_node[0m
[5.705s] [ 50%] [32mBuilding CXX object CMakeFiles/arm_controller_node.dir/src/arm_controller_node.cpp.o[0m
[11.613s] [01m[K/home/nvidia/robotics-orin/src/arm_controller/src/arm_controller_node.cpp:[m[K In member function ‘[01m[Kvoid ArmControllerNode::ArmMessageCallback(std_msgs::msg::Float32MultiArray_<std::allocator<void> >::SharedPtr)[m[K’:
[11.613s] [01m[K/home/nvidia/robotics-orin/src/arm_controller/src/arm_controller_node.cpp:63:9:[m[K [01;35m[Kwarning: [m[Kunused variable ‘[01m[Kstatus[m[K’ [[01;35m[K-Wunused-variable[m[K]
[11.613s]    63 |     int [01;35m[Kstatus[m[K = write(fd,out_buf,sizeof(out_buf));
[11.613s]       |         [01;35m[K^~~~~~[m[K
[11.619s] [01m[K/home/nvidia/robotics-orin/src/arm_controller/src/arm_controller_node.cpp:[m[K In member function ‘[01m[Kvoid ArmControllerNode::JoyMessageCallback(sensor_msgs::msg::Joy_<std::allocator<void> >::SharedPtr)[m[K’:
[11.619s] [01m[K/home/nvidia/robotics-orin/src/arm_controller/src/arm_controller_node.cpp:111:9:[m[K [01;35m[Kwarning: [m[Kunused variable ‘[01m[Kstatus[m[K’ [[01;35m[K-Wunused-variable[m[K]
[11.619s]   111 |     int [01;35m[Kstatus[m[K = write(fd,out_buf,sizeof(out_buf));
[11.619s]       |         [01;35m[K^~~~~~[m[K
[30.248s] [100%] [32m[1mLinking CXX executable arm_controller_node[0m
[31.431s] [100%] Built target arm_controller_node
[31.454s] Invoked command in '/home/nvidia/robotics-orin/build/arm_controller' returned '0': CMAKE_PREFIX_PATH=${CMAKE_PREFIX_PATH}:/opt/ros/humble:/home/nvidia/robotics-orin/install/arm_ik CONDA_PROMPT_MODIFIER=(base) /usr/bin/cmake --build /home/nvidia/robotics-orin/build/arm_controller -- -j6 -l6
[31.503s] Invoking command in '/home/nvidia/robotics-orin/build/arm_controller': CMAKE_PREFIX_PATH=${CMAKE_PREFIX_PATH}:/opt/ros/humble:/home/nvidia/robotics-orin/install/arm_ik CONDA_PROMPT_MODIFIER=(base) /usr/bin/cmake --install /home/nvidia/robotics-orin/build/arm_controller
[31.518s] -- Install configuration: ""
[31.519s] -- Execute custom install script
[31.520s] -- Symlinking: /home/nvidia/robotics-orin/install/arm_controller/lib/arm_controller/arm_controller_node
[31.542s] -- Symlinking: /home/nvidia/robotics-orin/install/arm_controller/share/ament_index/resource_index/package_run_dependencies/arm_controller
[31.563s] -- Symlinking: /home/nvidia/robotics-orin/install/arm_controller/share/ament_index/resource_index/parent_prefix_path/arm_controller
[31.585s] -- Symlinking: /home/nvidia/robotics-orin/install/arm_controller/share/arm_controller/environment/ament_prefix_path.sh
[31.603s] -- Symlinking: /home/nvidia/robotics-orin/install/arm_controller/share/arm_controller/environment/ament_prefix_path.dsv
[31.622s] -- Symlinking: /home/nvidia/robotics-orin/install/arm_controller/share/arm_controller/environment/path.sh
[31.640s] -- Symlinking: /home/nvidia/robotics-orin/install/arm_controller/share/arm_controller/environment/path.dsv
[31.663s] -- Symlinking: /home/nvidia/robotics-orin/install/arm_controller/share/arm_controller/local_setup.bash
[31.683s] -- Symlinking: /home/nvidia/robotics-orin/install/arm_controller/share/arm_controller/local_setup.sh
[31.704s] -- Symlinking: /home/nvidia/robotics-orin/install/arm_controller/share/arm_controller/local_setup.zsh
[31.721s] -- Symlinking: /home/nvidia/robotics-orin/install/arm_controller/share/arm_controller/local_setup.dsv
[31.739s] -- Symlinking: /home/nvidia/robotics-orin/install/arm_controller/share/arm_controller/package.dsv
[31.759s] -- Symlinking: /home/nvidia/robotics-orin/install/arm_controller/share/ament_index/resource_index/packages/arm_controller
[31.776s] -- Symlinking: /home/nvidia/robotics-orin/install/arm_controller/share/arm_controller/cmake/arm_controllerConfig.cmake
[31.795s] -- Symlinking: /home/nvidia/robotics-orin/install/arm_controller/share/arm_controller/cmake/arm_controllerConfig-version.cmake
[31.812s] -- Symlinking: /home/nvidia/robotics-orin/install/arm_controller/share/arm_controller/package.xml
[31.833s] Invoked command in '/home/nvidia/robotics-orin/build/arm_controller' returned '0': CMAKE_PREFIX_PATH=${CMAKE_PREFIX_PATH}:/opt/ros/humble:/home/nvidia/robotics-orin/install/arm_ik CONDA_PROMPT_MODIFIER=(base) /usr/bin/cmake --install /home/nvidia/robotics-orin/build/arm_controller
