[0.664s] Invoking command in '/home/nvidia/robotics-orin/build/absenc_interface': CMAKE_PREFIX_PATH=${CMAKE_PREFIX_PATH}:/home/nvidia/robotics-orin/install/arm_ik:/opt/ros/foxy CONDA_PROMPT_MODIFIER=(base) /usr/bin/cmake --build /home/nvidia/robotics-orin/build/absenc_interface -- -j6 -l6
[0.764s] [  8%] Built target absenc_interface__cpp
[0.764s] [ 11%] Built target absenc_interface__rosidl_generator_c
[0.804s] [ 23%] Built target absenc_interface__rosidl_typesupport_introspection_cpp
[0.804s] [ 29%] Built target absenc_interface__rosidl_typesupport_cpp
[0.806s] [ 38%] Built target absenc_interface__rosidl_typesupport_c
[0.807s] [ 47%] Built target absenc_interface__rosidl_typesupport_fastrtps_cpp
[0.808s] [ 55%] Built target absenc_interface__rosidl_typesupport_introspection_c
[0.852s] [ 64%] Built target absenc_interface__rosidl_typesupport_fastrtps_c
[0.887s] [ 64%] Built target absenc_interface
[0.906s] [35m[1mScanning dependencies of target absenc_node[0m
[0.922s] [ 67%] Built target absenc_interface__py
[0.950s] [ 70%] [32mBuilding CXX object CMakeFiles/absenc_node.dir/src/absenc_node.cpp.o[0m
[0.964s] [ 76%] Built target absenc_interface__python
[1.007s] [ 88%] Built target absenc_interface__rosidl_typesupport_c__pyext
[1.008s] [ 88%] Built target absenc_interface__rosidl_typesupport_introspection_c__pyext
[1.011s] [ 94%] Built target absenc_interface__rosidl_typesupport_fastrtps_c__pyext
[3.483s] [01m[K/home/nvidia/robotics-orin/src/absenc_interface/src/absenc_node.cpp:[m[K In member function ‘[01m[Kvoid AbsEnc::ikValuesCallback(sensor_msgs::msg::JointState_<std::allocator<void> >::SharedPtr)[m[K’:
[3.483s] [01m[K/home/nvidia/robotics-orin/src/absenc_interface/src/absenc_node.cpp:87:25:[m[K [01;35m[Kwarning: [m[Kcomparison of integer expressions of different signedness: ‘[01m[Kint[m[K’ and ‘[01m[Kstd::array<float, 4>::size_type[m[K’ {aka ‘[01m[Klong unsigned int[m[K’} [[01;35m[K-Wsign-compare[m[K]
[3.484s]    87 |       for (int i = 0; [01;35m[Ki < std::size(ik_angles)[m[K; i++) {
[3.484s]       |                       [01;35m[K~~^~~~~~~~~~~~~~~~~~~~~~[m[K
[3.484s] [01m[K/home/nvidia/robotics-orin/src/absenc_interface/src/absenc_node.cpp:92:25:[m[K [01;35m[Kwarning: [m[Kcomparison of integer expressions of different signedness: ‘[01m[Kint[m[K’ and ‘[01m[Kstd::array<float, 4>::size_type[m[K’ {aka ‘[01m[Klong unsigned int[m[K’} [[01;35m[K-Wsign-compare[m[K]
[3.484s]    92 |       for (int i = 0; [01;35m[Ki < std::size(ik_angles)[m[K; i++) {
[3.485s]       |                       [01;35m[K~~^~~~~~~~~~~~~~~~~~~~~~[m[K
[11.011s] [ 97%] [32m[1mLinking CXX executable absenc_node[0m
[11.463s] [100%] Built target absenc_node
[11.484s] Invoked command in '/home/nvidia/robotics-orin/build/absenc_interface' returned '0': CMAKE_PREFIX_PATH=${CMAKE_PREFIX_PATH}:/home/nvidia/robotics-orin/install/arm_ik:/opt/ros/foxy CONDA_PROMPT_MODIFIER=(base) /usr/bin/cmake --build /home/nvidia/robotics-orin/build/absenc_interface -- -j6 -l6
[11.593s] Invoking command in '/home/nvidia/robotics-orin/build/absenc_interface': CMAKE_PREFIX_PATH=${CMAKE_PREFIX_PATH}:/home/nvidia/robotics-orin/install/arm_ik:/opt/ros/foxy CONDA_PROMPT_MODIFIER=(base) /usr/bin/cmake --install /home/nvidia/robotics-orin/build/absenc_interface
[11.607s] -- Install configuration: ""
[11.608s] -- Execute custom install script
[11.609s] -- Up-to-date symlink: /home/nvidia/robotics-orin/install/absenc_interface/share/ament_index/resource_index/rosidl_interfaces/absenc_interface
[11.610s] -- Up-to-date symlink: /home/nvidia/robotics-orin/install/absenc_interface/include/absenc_interface/msg/detail/encoder_values__functions.h
[11.610s] -- Up-to-date symlink: /home/nvidia/robotics-orin/install/absenc_interface/include/absenc_interface/msg/detail/encoder_values__struct.h
[11.610s] -- Up-to-date symlink: /home/nvidia/robotics-orin/install/absenc_interface/include/absenc_interface/msg/detail/encoder_values__type_support.h
[11.610s] -- Up-to-date symlink: /home/nvidia/robotics-orin/install/absenc_interface/include/absenc_interface/msg/encoder_values.h
[11.610s] -- Up-to-date symlink: /home/nvidia/robotics-orin/install/absenc_interface/include/absenc_interface/msg/rosidl_generator_c__visibility_control.h
[11.611s] -- Up-to-date symlink: /home/nvidia/robotics-orin/install/absenc_interface/share/absenc_interface/environment/library_path.sh
[11.611s] -- Up-to-date symlink: /home/nvidia/robotics-orin/install/absenc_interface/share/absenc_interface/environment/library_path.dsv
[11.612s] -- Up-to-date symlink: /home/nvidia/robotics-orin/install/absenc_interface/include/absenc_interface/msg/detail/encoder_values__rosidl_typesupport_fastrtps_c.h
[11.612s] -- Up-to-date symlink: /home/nvidia/robotics-orin/install/absenc_interface/include/absenc_interface/msg/rosidl_typesupport_fastrtps_c__visibility_control.h
[11.613s] -- Up-to-date symlink: /home/nvidia/robotics-orin/install/absenc_interface/lib/libabsenc_interface__rosidl_typesupport_fastrtps_c.so
[11.614s] -- Up-to-date symlink: /home/nvidia/robotics-orin/install/absenc_interface/include/absenc_interface/msg/detail/encoder_values__rosidl_typesupport_fastrtps_cpp.hpp
[11.614s] -- Up-to-date symlink: /home/nvidia/robotics-orin/install/absenc_interface/include/absenc_interface/msg/rosidl_typesupport_fastrtps_cpp__visibility_control.h
[11.615s] -- Up-to-date symlink: /home/nvidia/robotics-orin/install/absenc_interface/lib/libabsenc_interface__rosidl_typesupport_fastrtps_cpp.so
[11.615s] -- Up-to-date symlink: /home/nvidia/robotics-orin/install/absenc_interface/include/absenc_interface/msg/detail/encoder_values__rosidl_typesupport_introspection_c.h
[11.616s] -- Up-to-date symlink: /home/nvidia/robotics-orin/install/absenc_interface/include/absenc_interface/msg/rosidl_typesupport_introspection_c__visibility_control.h
[11.616s] -- Up-to-date symlink: /home/nvidia/robotics-orin/install/absenc_interface/include/absenc_interface/msg/detail/encoder_values__builder.hpp
[11.617s] -- Up-to-date symlink: /home/nvidia/robotics-orin/install/absenc_interface/include/absenc_interface/msg/detail/encoder_values__struct.hpp
[11.617s] -- Up-to-date symlink: /home/nvidia/robotics-orin/install/absenc_interface/include/absenc_interface/msg/detail/encoder_values__traits.hpp
[11.617s] -- Up-to-date symlink: /home/nvidia/robotics-orin/install/absenc_interface/include/absenc_interface/msg/detail/encoder_values__type_support.hpp
[11.617s] -- Up-to-date symlink: /home/nvidia/robotics-orin/install/absenc_interface/include/absenc_interface/msg/encoder_values.hpp
[11.618s] -- Up-to-date symlink: /home/nvidia/robotics-orin/install/absenc_interface/include/absenc_interface/msg/rosidl_generator_cpp__visibility_control.hpp
[11.618s] -- Up-to-date symlink: /home/nvidia/robotics-orin/install/absenc_interface/include/absenc_interface/msg/detail/encoder_values__rosidl_typesupport_introspection_cpp.hpp
[11.619s] -- Up-to-date symlink: /home/nvidia/robotics-orin/install/absenc_interface/share/absenc_interface/environment/pythonpath.sh
[11.619s] -- Up-to-date symlink: /home/nvidia/robotics-orin/install/absenc_interface/share/absenc_interface/environment/pythonpath.dsv
[11.619s] -- Up-to-date symlink: /home/nvidia/robotics-orin/install/absenc_interface/lib/python3.11/site-packages/absenc_interface/__init__.py
[11.620s] -- Up-to-date symlink: /home/nvidia/robotics-orin/install/absenc_interface/lib/python3.11/site-packages/absenc_interface/msg/__init__.py
[11.620s] -- Up-to-date symlink: /home/nvidia/robotics-orin/install/absenc_interface/lib/python3.11/site-packages/absenc_interface/msg/_encoder_values.py
[11.621s] -- Up-to-date symlink: /home/nvidia/robotics-orin/install/absenc_interface/lib/python3.11/site-packages/absenc_interface/absenc_interface_s__rosidl_typesupport_fastrtps_c.cpython-311-aarch64-linux-gnu.so
[11.622s] -- Up-to-date symlink: /home/nvidia/robotics-orin/install/absenc_interface/lib/python3.11/site-packages/absenc_interface/absenc_interface_s__rosidl_typesupport_introspection_c.cpython-311-aarch64-linux-gnu.so
[11.622s] -- Up-to-date symlink: /home/nvidia/robotics-orin/install/absenc_interface/lib/python3.11/site-packages/absenc_interface/absenc_interface_s__rosidl_typesupport_c.cpython-311-aarch64-linux-gnu.so
[11.623s] -- Up-to-date symlink: /home/nvidia/robotics-orin/install/absenc_interface/lib/libabsenc_interface__python.so
[11.623s] -- Up-to-date symlink: /home/nvidia/robotics-orin/install/absenc_interface/share/absenc_interface/msg/EncoderValues.idl
[11.624s] -- Up-to-date symlink: /home/nvidia/robotics-orin/install/absenc_interface/share/absenc_interface/msg/EncoderValues.msg
[11.624s] -- Up-to-date symlink: /home/nvidia/robotics-orin/install/absenc_interface/lib/absenc_interface/absenc_node
[11.625s] -- Up-to-date symlink: /home/nvidia/robotics-orin/install/absenc_interface/share/ament_index/resource_index/package_run_dependencies/absenc_interface
[11.625s] -- Up-to-date symlink: /home/nvidia/robotics-orin/install/absenc_interface/share/ament_index/resource_index/parent_prefix_path/absenc_interface
[11.625s] -- Up-to-date symlink: /home/nvidia/robotics-orin/install/absenc_interface/share/absenc_interface/environment/ament_prefix_path.sh
[11.626s] -- Up-to-date symlink: /home/nvidia/robotics-orin/install/absenc_interface/share/absenc_interface/environment/ament_prefix_path.dsv
[11.626s] -- Up-to-date symlink: /home/nvidia/robotics-orin/install/absenc_interface/share/absenc_interface/environment/path.sh
[11.627s] -- Up-to-date symlink: /home/nvidia/robotics-orin/install/absenc_interface/share/absenc_interface/environment/path.dsv
[11.627s] -- Up-to-date symlink: /home/nvidia/robotics-orin/install/absenc_interface/share/absenc_interface/local_setup.bash
[11.627s] -- Up-to-date symlink: /home/nvidia/robotics-orin/install/absenc_interface/share/absenc_interface/local_setup.sh
[11.628s] -- Up-to-date symlink: /home/nvidia/robotics-orin/install/absenc_interface/share/absenc_interface/local_setup.zsh
[11.628s] -- Up-to-date symlink: /home/nvidia/robotics-orin/install/absenc_interface/share/absenc_interface/local_setup.dsv
[11.628s] -- Symlinking: /home/nvidia/robotics-orin/install/absenc_interface/share/absenc_interface/package.dsv
[11.646s] -- Up-to-date symlink: /home/nvidia/robotics-orin/install/absenc_interface/share/ament_index/resource_index/packages/absenc_interface
[11.646s] -- Up-to-date symlink: /home/nvidia/robotics-orin/install/absenc_interface/share/absenc_interface/cmake/rosidl_cmake-extras.cmake
[11.646s] -- Up-to-date symlink: /home/nvidia/robotics-orin/install/absenc_interface/share/absenc_interface/cmake/ament_cmake_export_dependencies-extras.cmake
[11.647s] -- Up-to-date symlink: /home/nvidia/robotics-orin/install/absenc_interface/share/absenc_interface/cmake/ament_cmake_export_libraries-extras.cmake
[11.647s] -- Up-to-date symlink: /home/nvidia/robotics-orin/install/absenc_interface/share/absenc_interface/cmake/ament_cmake_export_targets-extras.cmake
[11.648s] -- Up-to-date symlink: /home/nvidia/robotics-orin/install/absenc_interface/share/absenc_interface/cmake/ament_cmake_export_include_directories-extras.cmake
[11.648s] -- Up-to-date symlink: /home/nvidia/robotics-orin/install/absenc_interface/share/absenc_interface/cmake/rosidl_cmake_export_typesupport_libraries-extras.cmake
[11.648s] -- Up-to-date symlink: /home/nvidia/robotics-orin/install/absenc_interface/share/absenc_interface/cmake/rosidl_cmake_export_typesupport_targets-extras.cmake
[11.649s] -- Up-to-date symlink: /home/nvidia/robotics-orin/install/absenc_interface/share/absenc_interface/cmake/absenc_interfaceConfig.cmake
[11.649s] -- Up-to-date symlink: /home/nvidia/robotics-orin/install/absenc_interface/share/absenc_interface/cmake/absenc_interfaceConfig-version.cmake
[11.649s] -- Up-to-date symlink: /home/nvidia/robotics-orin/install/absenc_interface/share/absenc_interface/package.xml
[11.650s] -- Up-to-date: /home/nvidia/robotics-orin/install/absenc_interface/lib/libabsenc_interface__rosidl_generator_c.so
[11.651s] -- Up-to-date: /home/nvidia/robotics-orin/install/absenc_interface/lib/libabsenc_interface__rosidl_typesupport_introspection_c.so
[11.651s] -- Up-to-date: /home/nvidia/robotics-orin/install/absenc_interface/lib/libabsenc_interface__rosidl_typesupport_c.so
[11.652s] -- Up-to-date: /home/nvidia/robotics-orin/install/absenc_interface/lib/libabsenc_interface__rosidl_typesupport_introspection_cpp.so
[11.653s] -- Up-to-date: /home/nvidia/robotics-orin/install/absenc_interface/lib/libabsenc_interface__rosidl_typesupport_cpp.so
[11.725s] -- Up-to-date: /home/nvidia/robotics-orin/install/absenc_interface/share/absenc_interface/cmake/absenc_interface__rosidl_generator_cExport.cmake
[11.725s] -- Up-to-date: /home/nvidia/robotics-orin/install/absenc_interface/share/absenc_interface/cmake/absenc_interface__rosidl_generator_cExport-noconfig.cmake
[11.726s] -- Up-to-date: /home/nvidia/robotics-orin/install/absenc_interface/share/absenc_interface/cmake/absenc_interface__rosidl_typesupport_introspection_cExport.cmake
[11.726s] -- Up-to-date: /home/nvidia/robotics-orin/install/absenc_interface/share/absenc_interface/cmake/absenc_interface__rosidl_typesupport_introspection_cExport-noconfig.cmake
[11.726s] -- Up-to-date: /home/nvidia/robotics-orin/install/absenc_interface/share/absenc_interface/cmake/absenc_interface__rosidl_typesupport_cExport.cmake
[11.726s] -- Up-to-date: /home/nvidia/robotics-orin/install/absenc_interface/share/absenc_interface/cmake/absenc_interface__rosidl_typesupport_cExport-noconfig.cmake
[11.727s] -- Up-to-date: /home/nvidia/robotics-orin/install/absenc_interface/share/absenc_interface/cmake/absenc_interface__rosidl_generator_cppExport.cmake
[11.727s] -- Up-to-date: /home/nvidia/robotics-orin/install/absenc_interface/share/absenc_interface/cmake/absenc_interface__rosidl_typesupport_introspection_cppExport.cmake
[11.727s] -- Up-to-date: /home/nvidia/robotics-orin/install/absenc_interface/share/absenc_interface/cmake/absenc_interface__rosidl_typesupport_introspection_cppExport-noconfig.cmake
[11.728s] -- Up-to-date: /home/nvidia/robotics-orin/install/absenc_interface/share/absenc_interface/cmake/absenc_interface__rosidl_typesupport_cppExport.cmake
[11.728s] -- Up-to-date: /home/nvidia/robotics-orin/install/absenc_interface/share/absenc_interface/cmake/absenc_interface__rosidl_typesupport_cppExport-noconfig.cmake
[11.735s] Invoked command in '/home/nvidia/robotics-orin/build/absenc_interface' returned '0': CMAKE_PREFIX_PATH=${CMAKE_PREFIX_PATH}:/home/nvidia/robotics-orin/install/arm_ik:/opt/ros/foxy CONDA_PROMPT_MODIFIER=(base) /usr/bin/cmake --install /home/nvidia/robotics-orin/build/absenc_interface
