[0.664s] Invoking command in '/home/nvidia/robotics-orin/build/arm_controller': CMAKE_PREFIX_PATH=${CMAKE_PREFIX_PATH}:/opt/ros/foxy CONDA_PROMPT_MODIFIER=(base) /usr/bin/cmake /home/nvidia/robotics-orin/src/arm_controller -DAMENT_CMAKE_SYMLINK_INSTALL=1 -DCMAKE_INSTALL_PREFIX=/home/nvidia/robotics-orin/install/arm_controller
[0.692s] -- Found ament_cmake: 0.9.12 (/opt/ros/foxy/share/ament_cmake/cmake)
[0.731s] -- Found PythonInterp: /home/nvidia/anaconda3/bin/python3 (found suitable version "3.11.5", minimum required is "3") 
[0.732s] -- Using PYTHON_EXECUTABLE: /home/nvidia/anaconda3/bin/python3
[1.072s] -- Override CMake install command with custom implementation using symlinks instead of copying resources
[1.082s] -- Found rclcpp: 2.4.3 (/opt/ros/foxy/share/rclcpp/cmake)
[1.129s] -- Using all available rosidl_typesupport_c: rosidl_typesupport_fastrtps_c;rosidl_typesupport_introspection_c
[1.134s] -- Found rosidl_adapter: 1.3.1 (/opt/ros/foxy/share/rosidl_adapter/cmake)
[1.319s] -- Using all available rosidl_typesupport_cpp: rosidl_typesupport_fastrtps_cpp;rosidl_typesupport_introspection_cpp
[1.388s] -- Found rmw_implementation_cmake: 1.0.4 (/opt/ros/foxy/share/rmw_implementation_cmake/cmake)
[1.389s] -- Using RMW implementation 'rmw_fastrtps_cpp' as default
[1.584s] -- Found sensor_msgs: 2.0.5 (/opt/ros/foxy/share/sensor_msgs/cmake)
[1.737s] -- Found rosidl_default_generators: 1.0.1 (/opt/ros/foxy/share/rosidl_default_generators/cmake)
[1.797s] -- Found PythonInterp: /home/nvidia/anaconda3/bin/python3 (found version "3.11.5") 
[2.084s] -- Found ament_cmake_ros: 0.9.2 (/opt/ros/foxy/share/ament_cmake_ros/cmake)
[2.249s] -- Using all available rosidl_typesupport_c: rosidl_typesupport_fastrtps_c;rosidl_typesupport_introspection_c
[2.261s] -- Using all available rosidl_typesupport_cpp: rosidl_typesupport_fastrtps_cpp;rosidl_typesupport_introspection_cpp
[2.301s] -- Found PythonInterp: /home/nvidia/anaconda3/bin/python3 (found suitable version "3.11.5", minimum required is "3.5") 
[2.303s] -- Found python_cmake_module: 0.8.1 (/opt/ros/foxy/share/python_cmake_module/cmake)
[2.347s] -- Found PythonLibs: /home/nvidia/anaconda3/lib/libpython3.11.so (found suitable version "3.11.5", minimum required is "3.5") 
[2.347s] -- Using PYTHON_EXECUTABLE: /home/nvidia/anaconda3/bin/python3
[2.347s] -- Using PYTHON_INCLUDE_DIRS: /home/nvidia/anaconda3/include/python3.11
[2.347s] -- Using PYTHON_LIBRARIES: /home/nvidia/anaconda3/lib/libpython3.11.so
[2.385s] -- Found PythonExtra: .so  
[2.681s] -- Configuring done
[2.732s] -- Generating done
[2.736s] -- Build files have been written to: /home/nvidia/robotics-orin/build/arm_controller
[2.757s] Invoked command in '/home/nvidia/robotics-orin/build/arm_controller' returned '0': CMAKE_PREFIX_PATH=${CMAKE_PREFIX_PATH}:/opt/ros/foxy CONDA_PROMPT_MODIFIER=(base) /usr/bin/cmake /home/nvidia/robotics-orin/src/arm_controller -DAMENT_CMAKE_SYMLINK_INSTALL=1 -DCMAKE_INSTALL_PREFIX=/home/nvidia/robotics-orin/install/arm_controller
[2.763s] Invoking command in '/home/nvidia/robotics-orin/build/arm_controller': CMAKE_PREFIX_PATH=${CMAKE_PREFIX_PATH}:/opt/ros/foxy CONDA_PROMPT_MODIFIER=(base) /usr/bin/cmake --build /home/nvidia/robotics-orin/build/arm_controller -- -j6 -l6
[2.833s] [  3%] [34m[1mGenerating C code for ROS interfaces[0m
[2.833s] [35m[1mScanning dependencies of target arm_controller__cpp[0m
[2.851s] [  6%] [34m[1mGenerating C++ code for ROS interfaces[0m
[3.274s] [35m[1mScanning dependencies of target arm_controller__rosidl_generator_c[0m
[3.283s] [  6%] Built target arm_controller__cpp
[3.295s] [  9%] [32mBuilding C object CMakeFiles/arm_controller__rosidl_generator_c.dir/rosidl_generator_c/arm_controller/msg/detail/arm_motor_values__functions.c.o[0m
[3.299s] [ 15%] [34m[1mGenerating C++ type support dispatch for ROS interfaces[0m
[3.300s] [ 15%] [34m[1mGenerating C++ introspection for ROS interfaces[0m
[3.300s] [ 18%] [34m[1mGenerating C++ type support for eProsima Fast-RTPS[0m
[3.379s] [ 21%] [32m[1mLinking C shared library libarm_controller__rosidl_generator_c.so[0m
[3.439s] [ 21%] Built target arm_controller__rosidl_generator_c
[3.458s] [ 27%] [34m[1mGenerating C introspection for ROS interfaces[0m
[3.458s] [ 27%] [34m[1mGenerating C type support dispatch for ROS interfaces[0m
[3.708s] [35m[1mScanning dependencies of target arm_controller__rosidl_typesupport_cpp[0m
[3.731s] [ 30%] [32mBuilding CXX object CMakeFiles/arm_controller__rosidl_typesupport_cpp.dir/rosidl_typesupport_cpp/arm_controller/msg/arm_motor_values__type_support.cpp.o[0m
[3.743s] [35m[1mScanning dependencies of target arm_controller__rosidl_typesupport_fastrtps_cpp[0m
[3.745s] [35m[1mScanning dependencies of target arm_controller__rosidl_typesupport_introspection_cpp[0m
[3.775s] [ 36%] [32mBuilding CXX object CMakeFiles/arm_controller__rosidl_typesupport_introspection_cpp.dir/rosidl_typesupport_introspection_cpp/arm_controller/msg/detail/arm_motor_values__type_support.cpp.o[0m
[3.775s] [ 36%] [32mBuilding CXX object CMakeFiles/arm_controller__rosidl_typesupport_fastrtps_cpp.dir/rosidl_typesupport_fastrtps_cpp/arm_controller/msg/detail/dds_fastrtps/arm_motor_values__type_support.cpp.o[0m
[3.888s] [35m[1mScanning dependencies of target arm_controller__rosidl_typesupport_c[0m
[3.910s] [ 39%] [32mBuilding CXX object CMakeFiles/arm_controller__rosidl_typesupport_c.dir/rosidl_typesupport_c/arm_controller/msg/arm_motor_values__type_support.cpp.o[0m
[3.910s] [35m[1mScanning dependencies of target arm_controller__rosidl_typesupport_introspection_c[0m
[3.937s] [ 42%] [32mBuilding C object CMakeFiles/arm_controller__rosidl_typesupport_introspection_c.dir/rosidl_typesupport_introspection_c/arm_controller/msg/detail/arm_motor_values__type_support.c.o[0m
[3.968s] [ 45%] [32m[1mLinking CXX shared library libarm_controller__rosidl_typesupport_c.so[0m
[3.999s] [ 48%] [32m[1mLinking C shared library libarm_controller__rosidl_typesupport_introspection_c.so[0m
[4.032s] [ 48%] Built target arm_controller__rosidl_typesupport_c
[4.053s] [ 48%] Built target arm_controller__rosidl_typesupport_introspection_c
[4.237s] [ 51%] [32m[1mLinking CXX shared library libarm_controller__rosidl_typesupport_cpp.so[0m
[4.278s] [ 54%] [32m[1mLinking CXX shared library libarm_controller__rosidl_typesupport_introspection_cpp.so[0m
[4.304s] [ 54%] Built target arm_controller__rosidl_typesupport_cpp
[4.389s] [ 54%] Built target arm_controller__rosidl_typesupport_introspection_cpp
[4.487s] [ 57%] [32m[1mLinking CXX shared library libarm_controller__rosidl_typesupport_fastrtps_cpp.so[0m
[4.625s] [ 57%] Built target arm_controller__rosidl_typesupport_fastrtps_cpp
[4.643s] [ 60%] [34m[1mGenerating C type support for eProsima Fast-RTPS[0m
[5.054s] [35m[1mScanning dependencies of target arm_controller__rosidl_typesupport_fastrtps_c[0m
[5.079s] [ 63%] [32mBuilding CXX object CMakeFiles/arm_controller__rosidl_typesupport_fastrtps_c.dir/rosidl_typesupport_fastrtps_c/arm_controller/msg/detail/arm_motor_values__type_support_c.cpp.o[0m
[5.654s] [ 66%] [32m[1mLinking CXX shared library libarm_controller__rosidl_typesupport_fastrtps_c.so[0m
[5.789s] [ 66%] Built target arm_controller__rosidl_typesupport_fastrtps_c
[5.806s] [35m[1mScanning dependencies of target arm_controller[0m
[5.823s] [ 66%] Built target arm_controller
[5.839s] [35m[1mScanning dependencies of target arm_controller__py[0m
[5.840s] [35m[1mScanning dependencies of target arm_controller_node[0m
[5.858s] [ 69%] [34m[1mGenerating Python code for ROS interfaces[0m
[5.910s] [ 72%] [32mBuilding CXX object CMakeFiles/arm_controller_node.dir/src/arm_controller_node.cpp.o[0m
[6.483s] [ 72%] Built target arm_controller__py
[6.500s] [35m[1mScanning dependencies of target arm_controller__python[0m
[6.528s] [ 75%] [32mBuilding C object CMakeFiles/arm_controller__python.dir/rosidl_generator_py/arm_controller/msg/_arm_motor_values_s.c.o[0m
[6.695s] [ 78%] [32m[1mLinking C shared library rosidl_generator_py/arm_controller/libarm_controller__python.so[0m
[6.754s] [ 78%] Built target arm_controller__python
[6.773s] [35m[1mScanning dependencies of target arm_controller__rosidl_typesupport_fastrtps_c__pyext[0m
[6.773s] [35m[1mScanning dependencies of target arm_controller__rosidl_typesupport_c__pyext[0m
[6.773s] [35m[1mScanning dependencies of target arm_controller__rosidl_typesupport_introspection_c__pyext[0m
[6.803s] [ 87%] [32mBuilding C object CMakeFiles/arm_controller__rosidl_typesupport_introspection_c__pyext.dir/rosidl_generator_py/arm_controller/_arm_controller_s.ep.rosidl_typesupport_introspection_c.c.o[0m
[6.804s] [ 87%] [32mBuilding C object CMakeFiles/arm_controller__rosidl_typesupport_c__pyext.dir/rosidl_generator_py/arm_controller/_arm_controller_s.ep.rosidl_typesupport_c.c.o[0m
[6.804s] [ 87%] [32mBuilding C object CMakeFiles/arm_controller__rosidl_typesupport_fastrtps_c__pyext.dir/rosidl_generator_py/arm_controller/_arm_controller_s.ep.rosidl_typesupport_fastrtps_c.c.o[0m
[6.948s] [ 96%] [32m[1mLinking C shared library rosidl_generator_py/arm_controller/arm_controller_s__rosidl_typesupport_c.cpython-311-aarch64-linux-gnu.so[0m
[6.948s] [ 96%] [32m[1mLinking C shared library rosidl_generator_py/arm_controller/arm_controller_s__rosidl_typesupport_introspection_c.cpython-311-aarch64-linux-gnu.so[0m
[6.948s] [ 96%] [32m[1mLinking CXX shared library rosidl_generator_py/arm_controller/arm_controller_s__rosidl_typesupport_fastrtps_c.cpython-311-aarch64-linux-gnu.so[0m
[7.004s] [ 96%] Built target arm_controller__rosidl_typesupport_c__pyext
[7.004s] [ 96%] Built target arm_controller__rosidl_typesupport_introspection_c__pyext
[7.040s] [ 96%] Built target arm_controller__rosidl_typesupport_fastrtps_c__pyext
[8.494s] [01m[K/home/nvidia/robotics-orin/src/arm_controller/src/arm_controller_node.cpp:[m[K In member function ‘[01m[Kvoid ArmControllerNode::ArmMessageCallback(arm_controller::msg::ArmMotorValues_<std::allocator<void> >::SharedPtr)[m[K’:
[8.495s] [01m[K/home/nvidia/robotics-orin/src/arm_controller/src/arm_controller_node.cpp:58:9:[m[K [01;35m[Kwarning: [m[Kunused variable ‘[01m[Kstatus[m[K’ [[01;35m[K-Wunused-variable[m[K]
[8.495s]    58 |     int [01;35m[Kstatus[m[K = write(fd,out_buf,sizeof(out_buf));
[8.495s]       |         [01;35m[K^~~~~~[m[K
[8.498s] [01m[K/home/nvidia/robotics-orin/src/arm_controller/src/arm_controller_node.cpp:[m[K In member function ‘[01m[Kvoid ArmControllerNode::JoyMessageCallback(sensor_msgs::msg::Joy_<std::allocator<void> >::SharedPtr)[m[K’:
[8.499s] [01m[K/home/nvidia/robotics-orin/src/arm_controller/src/arm_controller_node.cpp:104:9:[m[K [01;35m[Kwarning: [m[Kunused variable ‘[01m[Kstatus[m[K’ [[01;35m[K-Wunused-variable[m[K]
[8.499s]   104 |     int [01;35m[Kstatus[m[K = write(fd,out_buf,sizeof(out_buf));
[8.499s]       |         [01;35m[K^~~~~~[m[K
[16.911s] [100%] [32m[1mLinking CXX executable arm_controller_node[0m
[17.396s] [100%] Built target arm_controller_node
[17.417s] Invoked command in '/home/nvidia/robotics-orin/build/arm_controller' returned '0': CMAKE_PREFIX_PATH=${CMAKE_PREFIX_PATH}:/opt/ros/foxy CONDA_PROMPT_MODIFIER=(base) /usr/bin/cmake --build /home/nvidia/robotics-orin/build/arm_controller -- -j6 -l6
[17.517s] Invoking command in '/home/nvidia/robotics-orin/build/arm_controller': CMAKE_PREFIX_PATH=${CMAKE_PREFIX_PATH}:/opt/ros/foxy CONDA_PROMPT_MODIFIER=(base) /usr/bin/cmake --install /home/nvidia/robotics-orin/build/arm_controller
[17.533s] -- Install configuration: ""
[17.534s] -- Execute custom install script
[17.535s] -- Symlinking: /home/nvidia/robotics-orin/install/arm_controller/share/ament_index/resource_index/rosidl_interfaces/arm_controller
[17.553s] -- Symlinking: /home/nvidia/robotics-orin/install/arm_controller/include/arm_controller/msg/arm_motor_values.h
[17.570s] -- Symlinking: /home/nvidia/robotics-orin/install/arm_controller/include/arm_controller/msg/detail/arm_motor_values__functions.h
[17.586s] -- Symlinking: /home/nvidia/robotics-orin/install/arm_controller/include/arm_controller/msg/detail/arm_motor_values__struct.h
[17.602s] -- Symlinking: /home/nvidia/robotics-orin/install/arm_controller/include/arm_controller/msg/detail/arm_motor_values__type_support.h
[17.618s] -- Symlinking: /home/nvidia/robotics-orin/install/arm_controller/include/arm_controller/msg/rosidl_generator_c__visibility_control.h
[17.635s] -- Symlinking: /home/nvidia/robotics-orin/install/arm_controller/share/arm_controller/environment/library_path.sh
[17.653s] -- Symlinking: /home/nvidia/robotics-orin/install/arm_controller/share/arm_controller/environment/library_path.dsv
[17.670s] -- Symlinking: /home/nvidia/robotics-orin/install/arm_controller/include/arm_controller/msg/detail/arm_motor_values__rosidl_typesupport_fastrtps_c.h
[17.687s] -- Symlinking: /home/nvidia/robotics-orin/install/arm_controller/include/arm_controller/msg/rosidl_typesupport_fastrtps_c__visibility_control.h
[17.706s] -- Symlinking: /home/nvidia/robotics-orin/install/arm_controller/lib/libarm_controller__rosidl_typesupport_fastrtps_c.so
[17.722s] -- Symlinking: /home/nvidia/robotics-orin/install/arm_controller/include/arm_controller/msg/detail/arm_motor_values__rosidl_typesupport_fastrtps_cpp.hpp
[17.739s] -- Symlinking: /home/nvidia/robotics-orin/install/arm_controller/include/arm_controller/msg/rosidl_typesupport_fastrtps_cpp__visibility_control.h
[17.758s] -- Symlinking: /home/nvidia/robotics-orin/install/arm_controller/lib/libarm_controller__rosidl_typesupport_fastrtps_cpp.so
[17.775s] -- Symlinking: /home/nvidia/robotics-orin/install/arm_controller/include/arm_controller/msg/detail/arm_motor_values__rosidl_typesupport_introspection_c.h
[17.791s] -- Symlinking: /home/nvidia/robotics-orin/install/arm_controller/include/arm_controller/msg/rosidl_typesupport_introspection_c__visibility_control.h
[17.807s] -- Symlinking: /home/nvidia/robotics-orin/install/arm_controller/include/arm_controller/msg/arm_motor_values.hpp
[17.824s] -- Symlinking: /home/nvidia/robotics-orin/install/arm_controller/include/arm_controller/msg/detail/arm_motor_values__builder.hpp
[17.840s] -- Symlinking: /home/nvidia/robotics-orin/install/arm_controller/include/arm_controller/msg/detail/arm_motor_values__struct.hpp
[17.857s] -- Symlinking: /home/nvidia/robotics-orin/install/arm_controller/include/arm_controller/msg/detail/arm_motor_values__traits.hpp
[17.875s] -- Symlinking: /home/nvidia/robotics-orin/install/arm_controller/include/arm_controller/msg/detail/arm_motor_values__type_support.hpp
[17.891s] -- Symlinking: /home/nvidia/robotics-orin/install/arm_controller/include/arm_controller/msg/rosidl_generator_cpp__visibility_control.hpp
[17.908s] -- Symlinking: /home/nvidia/robotics-orin/install/arm_controller/include/arm_controller/msg/detail/arm_motor_values__rosidl_typesupport_introspection_cpp.hpp
[17.925s] -- Symlinking: /home/nvidia/robotics-orin/install/arm_controller/share/arm_controller/environment/pythonpath.sh
[17.941s] -- Symlinking: /home/nvidia/robotics-orin/install/arm_controller/share/arm_controller/environment/pythonpath.dsv
[17.960s] -- Symlinking: /home/nvidia/robotics-orin/install/arm_controller/lib/python3.11/site-packages/arm_controller/__init__.py
[17.978s] -- Symlinking: /home/nvidia/robotics-orin/install/arm_controller/lib/python3.11/site-packages/arm_controller/msg/__init__.py
[17.997s] -- Symlinking: /home/nvidia/robotics-orin/install/arm_controller/lib/python3.11/site-packages/arm_controller/msg/_arm_motor_values.py
[18.015s] -- Symlinking: /home/nvidia/robotics-orin/install/arm_controller/lib/python3.11/site-packages/arm_controller/arm_controller_s__rosidl_typesupport_fastrtps_c.cpython-311-aarch64-linux-gnu.so
[18.033s] -- Symlinking: /home/nvidia/robotics-orin/install/arm_controller/lib/python3.11/site-packages/arm_controller/arm_controller_s__rosidl_typesupport_introspection_c.cpython-311-aarch64-linux-gnu.so
[18.050s] -- Symlinking: /home/nvidia/robotics-orin/install/arm_controller/lib/python3.11/site-packages/arm_controller/arm_controller_s__rosidl_typesupport_c.cpython-311-aarch64-linux-gnu.so
[18.067s] -- Symlinking: /home/nvidia/robotics-orin/install/arm_controller/lib/libarm_controller__python.so
[18.084s] -- Symlinking: /home/nvidia/robotics-orin/install/arm_controller/share/arm_controller/msg/ArmMotorValues.idl
[18.102s] -- Symlinking: /home/nvidia/robotics-orin/install/arm_controller/share/arm_controller/msg/ArmMotorValues.msg
[18.120s] -- Symlinking: /home/nvidia/robotics-orin/install/arm_controller/lib/arm_controller/arm_controller_node
[18.137s] -- Symlinking: /home/nvidia/robotics-orin/install/arm_controller/share/ament_index/resource_index/package_run_dependencies/arm_controller
[18.156s] -- Symlinking: /home/nvidia/robotics-orin/install/arm_controller/share/ament_index/resource_index/parent_prefix_path/arm_controller
[18.174s] -- Symlinking: /home/nvidia/robotics-orin/install/arm_controller/share/arm_controller/environment/ament_prefix_path.sh
[18.193s] -- Symlinking: /home/nvidia/robotics-orin/install/arm_controller/share/arm_controller/environment/ament_prefix_path.dsv
[18.210s] -- Symlinking: /home/nvidia/robotics-orin/install/arm_controller/share/arm_controller/environment/path.sh
[18.227s] -- Symlinking: /home/nvidia/robotics-orin/install/arm_controller/share/arm_controller/environment/path.dsv
[18.244s] -- Symlinking: /home/nvidia/robotics-orin/install/arm_controller/share/arm_controller/local_setup.bash
[18.262s] -- Symlinking: /home/nvidia/robotics-orin/install/arm_controller/share/arm_controller/local_setup.sh
[18.281s] -- Symlinking: /home/nvidia/robotics-orin/install/arm_controller/share/arm_controller/local_setup.zsh
[18.297s] -- Symlinking: /home/nvidia/robotics-orin/install/arm_controller/share/arm_controller/local_setup.dsv
[18.314s] -- Symlinking: /home/nvidia/robotics-orin/install/arm_controller/share/arm_controller/package.dsv
[18.333s] -- Symlinking: /home/nvidia/robotics-orin/install/arm_controller/share/ament_index/resource_index/packages/arm_controller
[18.350s] -- Symlinking: /home/nvidia/robotics-orin/install/arm_controller/share/arm_controller/cmake/rosidl_cmake-extras.cmake
[18.366s] -- Symlinking: /home/nvidia/robotics-orin/install/arm_controller/share/arm_controller/cmake/ament_cmake_export_dependencies-extras.cmake
[18.383s] -- Symlinking: /home/nvidia/robotics-orin/install/arm_controller/share/arm_controller/cmake/ament_cmake_export_libraries-extras.cmake
[18.401s] -- Symlinking: /home/nvidia/robotics-orin/install/arm_controller/share/arm_controller/cmake/ament_cmake_export_targets-extras.cmake
[18.419s] -- Symlinking: /home/nvidia/robotics-orin/install/arm_controller/share/arm_controller/cmake/ament_cmake_export_include_directories-extras.cmake
[18.436s] -- Symlinking: /home/nvidia/robotics-orin/install/arm_controller/share/arm_controller/cmake/rosidl_cmake_export_typesupport_libraries-extras.cmake
[18.455s] -- Symlinking: /home/nvidia/robotics-orin/install/arm_controller/share/arm_controller/cmake/rosidl_cmake_export_typesupport_targets-extras.cmake
[18.474s] -- Symlinking: /home/nvidia/robotics-orin/install/arm_controller/share/arm_controller/cmake/arm_controllerConfig.cmake
[18.490s] -- Symlinking: /home/nvidia/robotics-orin/install/arm_controller/share/arm_controller/cmake/arm_controllerConfig-version.cmake
[18.507s] -- Symlinking: /home/nvidia/robotics-orin/install/arm_controller/share/arm_controller/package.xml
[18.524s] -- Installing: /home/nvidia/robotics-orin/install/arm_controller/lib/libarm_controller__rosidl_generator_c.so
[18.525s] -- Set runtime path of "/home/nvidia/robotics-orin/install/arm_controller/lib/libarm_controller__rosidl_generator_c.so" to ""
[18.526s] -- Installing: /home/nvidia/robotics-orin/install/arm_controller/lib/libarm_controller__rosidl_typesupport_introspection_c.so
[18.527s] -- Set runtime path of "/home/nvidia/robotics-orin/install/arm_controller/lib/libarm_controller__rosidl_typesupport_introspection_c.so" to ""
[18.527s] -- Installing: /home/nvidia/robotics-orin/install/arm_controller/lib/libarm_controller__rosidl_typesupport_c.so
[18.528s] -- Set runtime path of "/home/nvidia/robotics-orin/install/arm_controller/lib/libarm_controller__rosidl_typesupport_c.so" to ""
[18.529s] -- Installing: /home/nvidia/robotics-orin/install/arm_controller/lib/libarm_controller__rosidl_typesupport_introspection_cpp.so
[18.530s] -- Set runtime path of "/home/nvidia/robotics-orin/install/arm_controller/lib/libarm_controller__rosidl_typesupport_introspection_cpp.so" to ""
[18.531s] -- Installing: /home/nvidia/robotics-orin/install/arm_controller/lib/libarm_controller__rosidl_typesupport_cpp.so
[18.532s] -- Set runtime path of "/home/nvidia/robotics-orin/install/arm_controller/lib/libarm_controller__rosidl_typesupport_cpp.so" to ""
[18.602s] Compiling '/home/nvidia/robotics-orin/install/arm_controller/lib/python3.11/site-packages/arm_controller/__init__.py'...
[18.614s] -- Installing: /home/nvidia/robotics-orin/install/arm_controller/share/arm_controller/cmake/arm_controller__rosidl_generator_cExport.cmake
[18.615s] -- Installing: /home/nvidia/robotics-orin/install/arm_controller/share/arm_controller/cmake/arm_controller__rosidl_generator_cExport-noconfig.cmake
[18.616s] -- Installing: /home/nvidia/robotics-orin/install/arm_controller/share/arm_controller/cmake/arm_controller__rosidl_typesupport_introspection_cExport.cmake
[18.616s] -- Installing: /home/nvidia/robotics-orin/install/arm_controller/share/arm_controller/cmake/arm_controller__rosidl_typesupport_introspection_cExport-noconfig.cmake
[18.617s] -- Installing: /home/nvidia/robotics-orin/install/arm_controller/share/arm_controller/cmake/arm_controller__rosidl_typesupport_cExport.cmake
[18.618s] -- Installing: /home/nvidia/robotics-orin/install/arm_controller/share/arm_controller/cmake/arm_controller__rosidl_typesupport_cExport-noconfig.cmake
[18.618s] -- Installing: /home/nvidia/robotics-orin/install/arm_controller/share/arm_controller/cmake/arm_controller__rosidl_generator_cppExport.cmake
[18.619s] -- Installing: /home/nvidia/robotics-orin/install/arm_controller/share/arm_controller/cmake/arm_controller__rosidl_typesupport_introspection_cppExport.cmake
[18.620s] -- Installing: /home/nvidia/robotics-orin/install/arm_controller/share/arm_controller/cmake/arm_controller__rosidl_typesupport_introspection_cppExport-noconfig.cmake
[18.621s] -- Installing: /home/nvidia/robotics-orin/install/arm_controller/share/arm_controller/cmake/arm_controller__rosidl_typesupport_cppExport.cmake
[18.621s] -- Installing: /home/nvidia/robotics-orin/install/arm_controller/share/arm_controller/cmake/arm_controller__rosidl_typesupport_cppExport-noconfig.cmake
[18.628s] Invoked command in '/home/nvidia/robotics-orin/build/arm_controller' returned '0': CMAKE_PREFIX_PATH=${CMAKE_PREFIX_PATH}:/opt/ros/foxy CONDA_PROMPT_MODIFIER=(base) /usr/bin/cmake --install /home/nvidia/robotics-orin/build/arm_controller
