[2.318s] Invoking command in '/home/nvidia/robotics-orin/build/absenc_interface': CMAKE_PREFIX_PATH=/opt/ros/humble CONDA_PROMPT_MODIFIER=(base) /usr/bin/cmake /home/nvidia/robotics-orin/src/absenc_interface -DCMAKE_INSTALL_PREFIX=/home/nvidia/robotics-orin/install/absenc_interface
[2.365s] -- Found ament_cmake: 1.3.6 (/opt/ros/humble/share/ament_cmake/cmake)
[2.939s] -- Found rclcpp: 16.0.7 (/opt/ros/humble/share/rclcpp/cmake)
[3.054s] -- Found rosidl_generator_c: 3.1.5 (/opt/ros/humble/share/rosidl_generator_c/cmake)
[3.059s] -- Found rosidl_adapter: 3.1.5 (/opt/ros/humble/share/rosidl_adapter/cmake)
[3.082s] -- Found rosidl_generator_cpp: 3.1.5 (/opt/ros/humble/share/rosidl_generator_cpp/cmake)
[3.135s] -- Using all available rosidl_typesupport_c: rosidl_typesupport_fastrtps_c;rosidl_typesupport_introspection_c
[3.190s] -- Using all available rosidl_typesupport_cpp: rosidl_typesupport_fastrtps_cpp;rosidl_typesupport_introspection_cpp
[3.401s] -- Found rmw_implementation_cmake: 6.1.1 (/opt/ros/humble/share/rmw_implementation_cmake/cmake)
[3.405s] -- Found rmw_fastrtps_cpp: 6.2.5 (/opt/ros/humble/share/rmw_fastrtps_cpp/cmake)
[3.937s] -- Using RMW implementation 'rmw_fastrtps_cpp' as default
[4.527s] -- Found sensor_msgs: 4.2.3 (/opt/ros/humble/share/sensor_msgs/cmake)
[5.039s] CMake Error at CMakeLists.txt:16 (find_package):
[5.039s]   By not providing "Findarm_controller.cmake" in CMAKE_MODULE_PATH this
[5.040s]   project has asked CMake to find a package configuration file provided by
[5.040s]   "arm_controller", but CMake did not find one.
[5.040s] 
[5.040s]   Could not find a package configuration file provided by "arm_controller"
[5.040s]   with any of the following names:
[5.040s] 
[5.040s]     arm_controllerConfig.cmake
[5.040s]     arm_controller-config.cmake
[5.040s] 
[5.041s]   Add the installation prefix of "arm_controller" to CMAKE_PREFIX_PATH or set
[5.041s]   "arm_controller_DIR" to a directory containing one of the above files.  If
[5.041s]   "arm_controller" provides a separate development package or SDK, be sure it
[5.041s]   has been installed.
[5.041s] 
[5.041s] 
[5.047s] -- Configuring incomplete, errors occurred!
[5.047s] See also "/home/nvidia/robotics-orin/build/absenc_interface/CMakeFiles/CMakeOutput.log".
[5.048s] See also "/home/nvidia/robotics-orin/build/absenc_interface/CMakeFiles/CMakeError.log".
[5.476s] Invoked command in '/home/nvidia/robotics-orin/build/absenc_interface' returned '1': CMAKE_PREFIX_PATH=/opt/ros/humble CONDA_PROMPT_MODIFIER=(base) /usr/bin/cmake /home/nvidia/robotics-orin/src/absenc_interface -DCMAKE_INSTALL_PREFIX=/home/nvidia/robotics-orin/install/absenc_interface
