[3.071s] Invoking command in '/home/nvidia/robotics-orin/build/absenc_interface': CMAKE_PREFIX_PATH=${CMAKE_PREFIX_PATH}:/opt/ros/humble CONDA_PROMPT_MODIFIER=(base) /usr/bin/cmake /home/nvidia/robotics-orin/src/absenc_interface -DCMAKE_INSTALL_PREFIX=/home/nvidia/robotics-orin/install/absenc_interface
[3.106s] -- Found ament_cmake: 1.3.6 (/opt/ros/humble/share/ament_cmake/cmake)
[3.519s] -- Found rclcpp: 16.0.7 (/opt/ros/humble/share/rclcpp/cmake)
[3.572s] -- Found rosidl_generator_c: 3.1.5 (/opt/ros/humble/share/rosidl_generator_c/cmake)
[3.576s] -- Found rosidl_adapter: 3.1.5 (/opt/ros/humble/share/rosidl_adapter/cmake)
[3.587s] -- Found rosidl_generator_cpp: 3.1.5 (/opt/ros/humble/share/rosidl_generator_cpp/cmake)
[3.609s] -- Using all available rosidl_typesupport_c: rosidl_typesupport_fastrtps_c;rosidl_typesupport_introspection_c
[3.638s] -- Using all available rosidl_typesupport_cpp: rosidl_typesupport_fastrtps_cpp;rosidl_typesupport_introspection_cpp
[3.744s] -- Found rmw_implementation_cmake: 6.1.1 (/opt/ros/humble/share/rmw_implementation_cmake/cmake)
[3.746s] -- Found rmw_fastrtps_cpp: 6.2.5 (/opt/ros/humble/share/rmw_fastrtps_cpp/cmake)
[3.977s] -- Using RMW implementation 'rmw_fastrtps_cpp' as default
[4.262s] -- Found sensor_msgs: 4.2.3 (/opt/ros/humble/share/sensor_msgs/cmake)
[4.476s] -- Found arm_controller: 0.0.0 (/home/nvidia/robotics-orin/install/arm_controller/share/arm_controller/cmake)
[4.505s] -- Found rosidl_default_generators: 1.2.0 (/opt/ros/humble/share/rosidl_default_generators/cmake)
[5.224s] -- Found ament_cmake_ros: 0.10.0 (/opt/ros/humble/share/ament_cmake_ros/cmake)
[6.245s] -- Using all available rosidl_typesupport_c: rosidl_typesupport_fastrtps_c;rosidl_typesupport_introspection_c
[6.645s] -- Using all available rosidl_typesupport_cpp: rosidl_typesupport_fastrtps_cpp;rosidl_typesupport_introspection_cpp
[6.688s] -- Found python_cmake_module: 0.10.0 (/opt/ros/humble/share/python_cmake_module/cmake)
[6.731s] -- Using PYTHON_EXECUTABLE: /home/nvidia/anaconda3/bin/python3
[6.731s] -- Using PYTHON_INCLUDE_DIRS: /home/nvidia/anaconda3/include/python3.11
[6.732s] -- Using PYTHON_LIBRARIES: /home/nvidia/anaconda3/lib/libpython3.11.so
[6.752s] CMake Deprecation Warning at /opt/ros/humble/share/rosidl_cmake/cmake/rosidl_target_interfaces.cmake:32 (message):
[6.753s]   Use rosidl_get_typesupport_target() and target_link_libraries() instead of
[6.754s]   rosidl_target_interfaces()
[6.754s] Call Stack (most recent call first):
[6.755s]   CMakeLists.txt:24 (rosidl_target_interfaces)
[6.755s] 
[6.756s] 
[6.775s] -- Configuring done
[6.835s] -- Generating done
[6.841s] -- Build files have been written to: /home/nvidia/robotics-orin/build/absenc_interface
[6.984s] Invoked command in '/home/nvidia/robotics-orin/build/absenc_interface' returned '0': CMAKE_PREFIX_PATH=${CMAKE_PREFIX_PATH}:/opt/ros/humble CONDA_PROMPT_MODIFIER=(base) /usr/bin/cmake /home/nvidia/robotics-orin/src/absenc_interface -DCMAKE_INSTALL_PREFIX=/home/nvidia/robotics-orin/install/absenc_interface
[6.989s] Invoking command in '/home/nvidia/robotics-orin/build/absenc_interface': CMAKE_PREFIX_PATH=${CMAKE_PREFIX_PATH}:/opt/ros/humble CONDA_PROMPT_MODIFIER=(base) /usr/bin/cmake --build /home/nvidia/robotics-orin/build/absenc_interface -- -j6 -l6
[7.063s] [  2%] [34m[1mGenerating C code for ROS interfaces[0m
[7.064s] [35m[1mScanning dependencies of target ament_cmake_python_copy_absenc_interface[0m
[7.065s] [35m[1mScanning dependencies of target absenc_interface__cpp[0m
[7.086s] [  5%] [34m[1mGenerating C++ code for ROS interfaces[0m
[7.101s] [  5%] Built target ament_cmake_python_copy_absenc_interface
[7.121s] [35m[1mScanning dependencies of target ament_cmake_python_build_absenc_interface_egg[0m
[7.519s] [35m[1mScanning dependencies of target absenc_interface__rosidl_generator_c[0m
[7.542s] [  8%] [32mBuilding C object CMakeFiles/absenc_interface__rosidl_generator_c.dir/rosidl_generator_c/absenc_interface/msg/detail/encoder_values__functions.c.o[0m
[7.550s] [  8%] Built target absenc_interface__cpp
[7.572s] [ 14%] [34m[1mGenerating C++ type support dispatch for ROS interfaces[0m
[7.572s] [ 14%] [34m[1mGenerating C++ introspection for ROS interfaces[0m
[7.599s] [ 17%] [34m[1mGenerating C++ type support for eProsima Fast-RTPS[0m
[7.671s] [ 20%] [32m[1mLinking C shared library libabsenc_interface__rosidl_generator_c.so[0m
[7.703s] running egg_info
[7.705s] creating absenc_interface.egg-info
[7.706s] writing absenc_interface.egg-info/PKG-INFO
[7.706s] writing dependency_links to absenc_interface.egg-info/dependency_links.txt
[7.706s] writing top-level names to absenc_interface.egg-info/top_level.txt
[7.715s] writing manifest file 'absenc_interface.egg-info/SOURCES.txt'
[7.745s] [ 20%] Built target absenc_interface__rosidl_generator_c
[7.767s] [ 23%] [34m[1mGenerating C introspection for ROS interfaces[0m
[7.792s] [ 26%] [34m[1mGenerating C type support for eProsima Fast-RTPS[0m
[7.807s] reading manifest file 'absenc_interface.egg-info/SOURCES.txt'
[7.808s] writing manifest file 'absenc_interface.egg-info/SOURCES.txt'
[7.887s] [ 26%] Built target ament_cmake_python_build_absenc_interface_egg
[7.906s] [ 29%] [34m[1mGenerating C type support dispatch for ROS interfaces[0m
[8.026s] [35m[1mScanning dependencies of target absenc_interface__rosidl_typesupport_cpp[0m
[8.101s] [ 32%] [32mBuilding CXX object CMakeFiles/absenc_interface__rosidl_typesupport_cpp.dir/rosidl_typesupport_cpp/absenc_interface/msg/encoder_values__type_support.cpp.o[0m
[8.114s] [35m[1mScanning dependencies of target absenc_interface__rosidl_typesupport_introspection_cpp[0m
[8.177s] [ 35%] [32mBuilding CXX object CMakeFiles/absenc_interface__rosidl_typesupport_introspection_cpp.dir/rosidl_typesupport_introspection_cpp/absenc_interface/msg/detail/encoder_values__type_support.cpp.o[0m
[8.228s] [35m[1mScanning dependencies of target absenc_interface__rosidl_typesupport_fastrtps_cpp[0m
[8.272s] [35m[1mScanning dependencies of target absenc_interface__rosidl_typesupport_introspection_c[0m
[8.299s] [ 38%] [32mBuilding CXX object CMakeFiles/absenc_interface__rosidl_typesupport_fastrtps_cpp.dir/rosidl_typesupport_fastrtps_cpp/absenc_interface/msg/detail/dds_fastrtps/encoder_values__type_support.cpp.o[0m
[8.324s] [ 41%] [32mBuilding C object CMakeFiles/absenc_interface__rosidl_typesupport_introspection_c.dir/rosidl_typesupport_introspection_c/absenc_interface/msg/detail/encoder_values__type_support.c.o[0m
[8.380s] [35m[1mScanning dependencies of target absenc_interface__rosidl_typesupport_c[0m
[8.405s] [ 44%] [32mBuilding CXX object CMakeFiles/absenc_interface__rosidl_typesupport_c.dir/rosidl_typesupport_c/absenc_interface/msg/encoder_values__type_support.cpp.o[0m
[8.439s] [ 47%] [32m[1mLinking C shared library libabsenc_interface__rosidl_typesupport_introspection_c.so[0m
[8.483s] [ 50%] [32m[1mLinking CXX shared library libabsenc_interface__rosidl_typesupport_c.so[0m
[8.507s] [35m[1mScanning dependencies of target absenc_interface__rosidl_typesupport_fastrtps_c[0m
[8.541s] [ 50%] Built target absenc_interface__rosidl_typesupport_introspection_c
[8.545s] [ 52%] [32mBuilding CXX object CMakeFiles/absenc_interface__rosidl_typesupport_fastrtps_c.dir/rosidl_typesupport_fastrtps_c/absenc_interface/msg/detail/encoder_values__type_support_c.cpp.o[0m
[8.563s] [ 52%] Built target absenc_interface__rosidl_typesupport_c
[8.737s] [ 55%] [32m[1mLinking CXX shared library libabsenc_interface__rosidl_typesupport_cpp.so[0m
[8.826s] [ 55%] Built target absenc_interface__rosidl_typesupport_cpp
[8.974s] [ 58%] [32m[1mLinking CXX shared library libabsenc_interface__rosidl_typesupport_introspection_cpp.so[0m
[9.043s] [ 58%] Built target absenc_interface__rosidl_typesupport_introspection_cpp
[9.081s] [ 61%] [32m[1mLinking CXX shared library libabsenc_interface__rosidl_typesupport_fastrtps_cpp.so[0m
[9.197s] [ 64%] [32m[1mLinking CXX shared library libabsenc_interface__rosidl_typesupport_fastrtps_c.so[0m
[9.212s] [ 64%] Built target absenc_interface__rosidl_typesupport_fastrtps_cpp
[9.337s] [ 64%] Built target absenc_interface__rosidl_typesupport_fastrtps_c
[9.358s] [35m[1mScanning dependencies of target absenc_interface[0m
[9.378s] [ 64%] Built target absenc_interface
[9.400s] [35m[1mScanning dependencies of target absenc_interface__py[0m
[9.400s] [35m[1mScanning dependencies of target absenc_node[0m
[9.420s] [ 67%] [34m[1mGenerating Python code for ROS interfaces[0m
[9.487s] [ 70%] [32mBuilding CXX object CMakeFiles/absenc_node.dir/src/absenc_node.cpp.o[0m
[9.487s] [ 73%] [32mBuilding CXX object CMakeFiles/absenc_node.dir/src/absenc.cpp.o[0m
[9.542s] [01m[K/home/nvidia/robotics-orin/src/absenc_interface/src/absenc.cpp:[m[K In static member function ‘[01m[Kstatic ABSENC_Error_t ABSENC::OpenPort(const char*, uint16_t)[m[K’:
[9.542s] [01m[K/home/nvidia/robotics-orin/src/absenc_interface/src/absenc.cpp:3:64:[m[K [01;35m[Kwarning: [m[Kunused parameter ‘[01m[Kbaud_rate[m[K’ [[01;35m[K-Wunused-parameter[m[K]
[9.542s]     3 | ABSENC_Error_t ABSENC::OpenPort(const char* fileName, [01;35m[Kuint16_t baud_rate[m[K){
[9.543s]       |                                                       [01;35m[K~~~~~~~~~^~~~~~~~~[m[K
[9.941s] [ 73%] Built target absenc_interface__py
[9.960s] [35m[1mScanning dependencies of target absenc_interface__rosidl_generator_py[0m
[9.992s] [ 76%] [32mBuilding C object CMakeFiles/absenc_interface__rosidl_generator_py.dir/rosidl_generator_py/absenc_interface/msg/_encoder_values_s.c.o[0m
[10.155s] [ 79%] [32m[1mLinking C shared library rosidl_generator_py/absenc_interface/libabsenc_interface__rosidl_generator_py.so[0m
[10.222s] [ 79%] Built target absenc_interface__rosidl_generator_py
[10.241s] [35m[1mScanning dependencies of target absenc_interface__rosidl_typesupport_c__pyext[0m
[10.241s] [35m[1mScanning dependencies of target absenc_interface__rosidl_typesupport_introspection_c__pyext[0m
[10.241s] [35m[1mScanning dependencies of target absenc_interface__rosidl_typesupport_fastrtps_c__pyext[0m
[10.275s] [ 82%] [32mBuilding C object CMakeFiles/absenc_interface__rosidl_typesupport_fastrtps_c__pyext.dir/rosidl_generator_py/absenc_interface/_absenc_interface_s.ep.rosidl_typesupport_fastrtps_c.c.o[0m
[10.275s] [ 85%] [32mBuilding C object CMakeFiles/absenc_interface__rosidl_typesupport_c__pyext.dir/rosidl_generator_py/absenc_interface/_absenc_interface_s.ep.rosidl_typesupport_c.c.o[0m
[10.287s] [ 88%] [32mBuilding C object CMakeFiles/absenc_interface__rosidl_typesupport_introspection_c__pyext.dir/rosidl_generator_py/absenc_interface/_absenc_interface_s.ep.rosidl_typesupport_introspection_c.c.o[0m
[10.435s] [ 91%] [32m[1mLinking C shared library rosidl_generator_py/absenc_interface/absenc_interface_s__rosidl_typesupport_fastrtps_c.cpython-311-aarch64-linux-gnu.so[0m
[10.441s] [ 94%] [32m[1mLinking C shared library rosidl_generator_py/absenc_interface/absenc_interface_s__rosidl_typesupport_c.cpython-311-aarch64-linux-gnu.so[0m
[10.454s] [ 97%] [32m[1mLinking C shared library rosidl_generator_py/absenc_interface/absenc_interface_s__rosidl_typesupport_introspection_c.cpython-311-aarch64-linux-gnu.so[0m
[10.505s] [ 97%] Built target absenc_interface__rosidl_typesupport_fastrtps_c__pyext
[10.507s] [ 97%] Built target absenc_interface__rosidl_typesupport_c__pyext
[10.519s] [ 97%] Built target absenc_interface__rosidl_typesupport_introspection_c__pyext
[14.337s] [01m[K/home/nvidia/robotics-orin/src/absenc_interface/src/absenc_node.cpp:[m[K In member function ‘[01m[Kvoid AbsEnc::ikValuesCallback(sensor_msgs::msg::JointState_<std::allocator<void> >::SharedPtr)[m[K’:
[14.337s] [01m[K/home/nvidia/robotics-orin/src/absenc_interface/src/absenc_node.cpp:91:25:[m[K [01;35m[Kwarning: [m[Kcomparison of integer expressions of different signedness: ‘[01m[Kint[m[K’ and ‘[01m[Kstd::array<float, 4>::size_type[m[K’ {aka ‘[01m[Klong unsigned int[m[K’} [[01;35m[K-Wsign-compare[m[K]
[14.338s]    91 |       for (int i = 0; [01;35m[Ki < std::size(ik_angles)[m[K; i++) {
[14.338s]       |                       [01;35m[K~~^~~~~~~~~~~~~~~~~~~~~~[m[K
[14.338s] [01m[K/home/nvidia/robotics-orin/src/absenc_interface/src/absenc_node.cpp:96:25:[m[K [01;35m[Kwarning: [m[Kcomparison of integer expressions of different signedness: ‘[01m[Kint[m[K’ and ‘[01m[Kstd::array<float, 4>::size_type[m[K’ {aka ‘[01m[Klong unsigned int[m[K’} [[01;35m[K-Wsign-compare[m[K]
[14.338s]    96 |       for (int i = 0; [01;35m[Ki < std::size(ik_angles)[m[K; i++) {
[14.338s]       |                       [01;35m[K~~^~~~~~~~~~~~~~~~~~~~~~[m[K
[27.388s] [100%] [32m[1mLinking CXX executable absenc_node[0m
[28.242s] [100%] Built target absenc_node
