[  2%] Built target absenc_interface__cpp
[ 11%] Built target absenc_interface__rosidl_generator_c
[ 11%] Built target ament_cmake_python_symlink_absenc_interface
[ 29%] Built target absenc_interface__rosidl_typesupport_introspection_cpp
[ 29%] Built target absenc_interface__rosidl_typesupport_cpp
[ 38%] Built target absenc_interface__rosidl_typesupport_introspection_c
[ 47%] Built target absenc_interface__rosidl_typesupport_fastrtps_cpp
[ 55%] Built target absenc_interface__rosidl_typesupport_fastrtps_c
[ 64%] Built target absenc_interface__rosidl_typesupport_c
[ 64%] Built target absenc_interface
[35m[1mScanning dependencies of target absenc_node[0m
[ 67%] Built target absenc_interface__py
[ 73%] Built target absenc_interface__rosidl_generator_py
[ 76%] [32mBuilding CXX object CMakeFiles/absenc_node.dir/src/absenc_node.cpp.o[0m
[ 88%] Built target absenc_interface__rosidl_typesupport_introspection_c__pyext
[ 88%] Built target absenc_interface__rosidl_typesupport_fastrtps_c__pyext
[ 94%] Built target absenc_interface__rosidl_typesupport_c__pyext
running egg_info
writing absenc_interface.egg-info/PKG-INFO
writing dependency_links to absenc_interface.egg-info/dependency_links.txt
writing top-level names to absenc_interface.egg-info/top_level.txt
reading manifest file 'absenc_interface.egg-info/SOURCES.txt'
writing manifest file 'absenc_interface.egg-info/SOURCES.txt'
[ 94%] Built target ament_cmake_python_build_absenc_interface_egg
[01m[K/home/nvidia/robotics-orin/src/absenc_interface/src/absenc_node.cpp:[m[K In member function ‘[01m[Kvoid AbsEnc::ikValuesCallback(sensor_msgs::msg::JointState_<std::allocator<void> >::SharedPtr)[m[K’:
[01m[K/home/nvidia/robotics-orin/src/absenc_interface/src/absenc_node.cpp:93:23:[m[K [01;31m[Kerror: [m[K‘[01m[Kstd::msg[m[K’ has not been declared
   93 |       auto dim = std::[01;31m[Kmsg[m[K::msg::MultiArrayDimension();
      |                       [01;31m[K^~~[m[K
[01m[K/home/nvidia/robotics-orin/src/absenc_interface/src/absenc_node.cpp:101:25:[m[K [01;35m[Kwarning: [m[Kcomparison of integer expressions of different signedness: ‘[01m[Kint[m[K’ and ‘[01m[Kstd::array<float, 4>::size_type[m[K’ {aka ‘[01m[Klong unsigned int[m[K’} [[01;35m[K-Wsign-compare[m[K]
  101 |       for (int i = 0; [01;35m[Ki < std::size(ik_angles)[m[K; i++) {
      |                       [01;35m[K~~^~~~~~~~~~~~~~~~~~~~~~[m[K
[01m[K/home/nvidia/robotics-orin/src/absenc_interface/src/absenc_node.cpp:106:25:[m[K [01;35m[Kwarning: [m[Kcomparison of integer expressions of different signedness: ‘[01m[Kint[m[K’ and ‘[01m[Kstd::array<float, 4>::size_type[m[K’ {aka ‘[01m[Klong unsigned int[m[K’} [[01;35m[K-Wsign-compare[m[K]
  106 |       for (int i = 0; [01;35m[Ki < std::size(ik_angles)[m[K; i++) {
      |                       [01;35m[K~~^~~~~~~~~~~~~~~~~~~~~~[m[K
make[2]: *** [CMakeFiles/absenc_node.dir/build.make:63: CMakeFiles/absenc_node.dir/src/absenc_node.cpp.o] Error 1
make[1]: *** [CMakeFiles/Makefile2:128: CMakeFiles/absenc_node.dir/all] Error 2
make: *** [Makefile:141: all] Error 2
