[0.782s] Invoking command in '/home/nvidia/robotics-orin/build/absenc_interface': CMAKE_PREFIX_PATH=${CMAKE_PREFIX_PATH}:/opt/ros/humble:/home/nvidia/robotics-orin/install/arm_ik CONDA_PROMPT_MODIFIER=(base) /usr/bin/cmake --build /home/nvidia/robotics-orin/build/absenc_interface -- -j6 -l6
[0.870s] [  2%] Built target absenc_interface__cpp
[0.871s] [ 11%] Built target absenc_interface__rosidl_generator_c
[0.887s] [ 11%] Built target ament_cmake_python_symlink_absenc_interface
[0.907s] [ 29%] Built target absenc_interface__rosidl_typesupport_introspection_cpp
[0.907s] [ 29%] Built target absenc_interface__rosidl_typesupport_cpp
[0.908s] [ 38%] Built target absenc_interface__rosidl_typesupport_introspection_c
[0.909s] [ 47%] Built target absenc_interface__rosidl_typesupport_fastrtps_cpp
[0.912s] [ 55%] Built target absenc_interface__rosidl_typesupport_fastrtps_c
[0.926s] [ 64%] Built target absenc_interface__rosidl_typesupport_c
[0.963s] [ 64%] Built target absenc_interface
[0.984s] [35m[1mScanning dependencies of target absenc_node[0m
[0.999s] [ 67%] Built target absenc_interface__py
[1.041s] [ 73%] Built target absenc_interface__rosidl_generator_py
[1.047s] [ 76%] [32mBuilding CXX object CMakeFiles/absenc_node.dir/src/absenc_node.cpp.o[0m
[1.085s] [ 88%] Built target absenc_interface__rosidl_typesupport_introspection_c__pyext
[1.085s] [ 88%] Built target absenc_interface__rosidl_typesupport_fastrtps_c__pyext
[1.087s] [ 94%] Built target absenc_interface__rosidl_typesupport_c__pyext
[1.452s] running egg_info
[1.453s] writing absenc_interface.egg-info/PKG-INFO
[1.454s] writing dependency_links to absenc_interface.egg-info/dependency_links.txt
[1.454s] writing top-level names to absenc_interface.egg-info/top_level.txt
[1.531s] reading manifest file 'absenc_interface.egg-info/SOURCES.txt'
[1.532s] writing manifest file 'absenc_interface.egg-info/SOURCES.txt'
[1.596s] [ 94%] Built target ament_cmake_python_build_absenc_interface_egg
[6.431s] [01m[K/home/nvidia/robotics-orin/src/absenc_interface/src/absenc_node.cpp:[m[K In member function ‘[01m[Kvoid AbsEnc::ikValuesCallback(sensor_msgs::msg::JointState_<std::allocator<void> >::SharedPtr)[m[K’:
[6.432s] [01m[K/home/nvidia/robotics-orin/src/absenc_interface/src/absenc_node.cpp:93:23:[m[K [01;31m[Kerror: [m[K‘[01m[Kstd::msg[m[K’ has not been declared
[6.432s]    93 |       auto dim = std::[01;31m[Kmsg[m[K::msg::MultiArrayDimension();
[6.432s]       |                       [01;31m[K^~~[m[K
[6.432s] [01m[K/home/nvidia/robotics-orin/src/absenc_interface/src/absenc_node.cpp:101:25:[m[K [01;35m[Kwarning: [m[Kcomparison of integer expressions of different signedness: ‘[01m[Kint[m[K’ and ‘[01m[Kstd::array<float, 4>::size_type[m[K’ {aka ‘[01m[Klong unsigned int[m[K’} [[01;35m[K-Wsign-compare[m[K]
[6.433s]   101 |       for (int i = 0; [01;35m[Ki < std::size(ik_angles)[m[K; i++) {
[6.433s]       |                       [01;35m[K~~^~~~~~~~~~~~~~~~~~~~~~[m[K
[6.433s] [01m[K/home/nvidia/robotics-orin/src/absenc_interface/src/absenc_node.cpp:106:25:[m[K [01;35m[Kwarning: [m[Kcomparison of integer expressions of different signedness: ‘[01m[Kint[m[K’ and ‘[01m[Kstd::array<float, 4>::size_type[m[K’ {aka ‘[01m[Klong unsigned int[m[K’} [[01;35m[K-Wsign-compare[m[K]
[6.433s]   106 |       for (int i = 0; [01;35m[Ki < std::size(ik_angles)[m[K; i++) {
[6.433s]       |                       [01;35m[K~~^~~~~~~~~~~~~~~~~~~~~~[m[K
[12.718s] make[2]: *** [CMakeFiles/absenc_node.dir/build.make:63: CMakeFiles/absenc_node.dir/src/absenc_node.cpp.o] Error 1
[12.719s] make[1]: *** [CMakeFiles/Makefile2:128: CMakeFiles/absenc_node.dir/all] Error 2
[12.719s] make: *** [Makefile:141: all] Error 2
[12.724s] Invoked command in '/home/nvidia/robotics-orin/build/absenc_interface' returned '2': CMAKE_PREFIX_PATH=${CMAKE_PREFIX_PATH}:/opt/ros/humble:/home/nvidia/robotics-orin/install/arm_ik CONDA_PROMPT_MODIFIER=(base) /usr/bin/cmake --build /home/nvidia/robotics-orin/build/absenc_interface -- -j6 -l6
