[1.003s] Invoking command in '/home/nvidia/robotics-orin/build/sil': CMAKE_PREFIX_PATH=/opt/ros/foxy CONDA_PROMPT_MODIFIER=(base) /usr/bin/cmake --build /home/nvidia/robotics-orin/build/sil -- -j6 -l6
[1.110s] [100%] Built target talker
[1.134s] Invoked command in '/home/nvidia/robotics-orin/build/sil' returned '0': CMAKE_PREFIX_PATH=/opt/ros/foxy CONDA_PROMPT_MODIFIER=(base) /usr/bin/cmake --build /home/nvidia/robotics-orin/build/sil -- -j6 -l6
[1.209s] Invoking command in '/home/nvidia/robotics-orin/build/sil': CMAKE_PREFIX_PATH=/opt/ros/foxy CONDA_PROMPT_MODIFIER=(base) /usr/bin/cmake --install /home/nvidia/robotics-orin/build/sil
[1.226s] -- Install configuration: ""
[1.226s] -- Execute custom install script
[1.227s] -- Up-to-date symlink: /home/nvidia/robotics-orin/install/sil/lib/sil/talker
[1.227s] -- Up-to-date symlink: /home/nvidia/robotics-orin/install/sil/share/ament_index/resource_index/package_run_dependencies/sil
[1.228s] -- Up-to-date symlink: /home/nvidia/robotics-orin/install/sil/share/ament_index/resource_index/parent_prefix_path/sil
[1.228s] -- Up-to-date symlink: /home/nvidia/robotics-orin/install/sil/share/sil/environment/ament_prefix_path.sh
[1.229s] -- Up-to-date symlink: /home/nvidia/robotics-orin/install/sil/share/sil/environment/ament_prefix_path.dsv
[1.229s] -- Up-to-date symlink: /home/nvidia/robotics-orin/install/sil/share/sil/environment/path.sh
[1.229s] -- Up-to-date symlink: /home/nvidia/robotics-orin/install/sil/share/sil/environment/path.dsv
[1.230s] -- Up-to-date symlink: /home/nvidia/robotics-orin/install/sil/share/sil/local_setup.bash
[1.230s] -- Up-to-date symlink: /home/nvidia/robotics-orin/install/sil/share/sil/local_setup.sh
[1.230s] -- Up-to-date symlink: /home/nvidia/robotics-orin/install/sil/share/sil/local_setup.zsh
[1.231s] -- Up-to-date symlink: /home/nvidia/robotics-orin/install/sil/share/sil/local_setup.dsv
[1.231s] -- Symlinking: /home/nvidia/robotics-orin/install/sil/share/sil/package.dsv
[1.249s] -- Up-to-date symlink: /home/nvidia/robotics-orin/install/sil/share/ament_index/resource_index/packages/sil
[1.249s] -- Up-to-date symlink: /home/nvidia/robotics-orin/install/sil/share/sil/cmake/silConfig.cmake
[1.249s] -- Up-to-date symlink: /home/nvidia/robotics-orin/install/sil/share/sil/cmake/silConfig-version.cmake
[1.249s] -- Up-to-date symlink: /home/nvidia/robotics-orin/install/sil/share/sil/package.xml
[1.254s] Invoked command in '/home/nvidia/robotics-orin/build/sil' returned '0': CMAKE_PREFIX_PATH=/opt/ros/foxy CONDA_PROMPT_MODIFIER=(base) /usr/bin/cmake --install /home/nvidia/robotics-orin/build/sil
