[3.756s] Invoking command in '/home/nvidia/robotics-orin/build/arm_controller': CMAKE_PREFIX_PATH=${CMAKE_PREFIX_PATH}:/opt/ros/humble:/home/nvidia/robotics-orin/install/arm_ik:/opt/ros/foxy CONDA_PROMPT_MODIFIER=(base) /usr/bin/cmake /home/nvidia/robotics-orin/src/arm_controller -DCMAKE_INSTALL_PREFIX=/home/nvidia/robotics-orin/install/arm_controller
[3.860s] -- The C compiler identification is GNU 9.4.0
[3.954s] -- The CXX compiler identification is GNU 9.4.0
[3.968s] -- Check for working C compiler: /usr/bin/cc
[4.107s] -- Check for working C compiler: /usr/bin/cc -- works
[4.108s] -- Detecting C compiler ABI info
[4.249s] -- Detecting C compiler ABI info - done
[4.266s] -- Detecting C compile features
[4.266s] -- Detecting C compile features - done
[4.270s] -- Check for working CXX compiler: /usr/bin/c++
[4.428s] -- Check for working CXX compiler: /usr/bin/c++ -- works
[4.430s] -- Detecting CXX compiler ABI info
[4.578s] -- Detecting CXX compiler ABI info - done
[4.593s] -- Detecting CXX compile features
[4.594s] -- Detecting CXX compile features - done
[4.598s] -- Found ament_cmake: 1.3.6 (/opt/ros/humble/share/ament_cmake/cmake)
[4.892s] -- Found Python3: /usr/bin/python3.9 (found version "3.9.5") found components: Interpreter 
[5.052s] -- Found rclcpp: 16.0.7 (/opt/ros/humble/share/rclcpp/cmake)
[5.138s] -- Found rosidl_generator_c: 3.1.5 (/opt/ros/humble/share/rosidl_generator_c/cmake)
[5.147s] -- Found rosidl_adapter: 3.1.5 (/opt/ros/humble/share/rosidl_adapter/cmake)
[5.164s] -- Found rosidl_generator_cpp: 3.1.5 (/opt/ros/humble/share/rosidl_generator_cpp/cmake)
[5.195s] -- Using all available rosidl_typesupport_c: rosidl_typesupport_fastrtps_c;rosidl_typesupport_introspection_c
[5.235s] -- Using all available rosidl_typesupport_cpp: rosidl_typesupport_fastrtps_cpp;rosidl_typesupport_introspection_cpp
[5.371s] -- Found rmw_implementation_cmake: 6.1.1 (/opt/ros/humble/share/rmw_implementation_cmake/cmake)
[5.376s] -- Found rmw_fastrtps_cpp: 6.2.5 (/opt/ros/humble/share/rmw_fastrtps_cpp/cmake)
[5.610s] -- Found OpenSSL: /usr/lib/aarch64-linux-gnu/libcrypto.so (found version "1.1.1f")  
[5.668s] -- Found FastRTPS: /opt/ros/humble/include  
[5.764s] -- Using RMW implementation 'rmw_fastrtps_cpp' as default
[5.788s] -- Looking for pthread.h
[5.924s] -- Looking for pthread.h - found
[5.925s] -- Performing Test CMAKE_HAVE_LIBC_PTHREAD
[6.078s] -- Performing Test CMAKE_HAVE_LIBC_PTHREAD - Failed
[6.078s] -- Looking for pthread_create in pthreads
[6.198s] -- Looking for pthread_create in pthreads - not found
[6.199s] -- Looking for pthread_create in pthread
[6.332s] -- Looking for pthread_create in pthread - found
[6.333s] -- Found Threads: TRUE  
[6.615s] -- Found sensor_msgs: 4.2.3 (/opt/ros/humble/share/sensor_msgs/cmake)
[6.844s] -- Found rosidl_default_generators: 1.2.0 (/opt/ros/humble/share/rosidl_default_generators/cmake)
[7.648s] -- Found ament_cmake_ros: 0.10.0 (/opt/ros/humble/share/ament_cmake_ros/cmake)
[8.725s] -- Using all available rosidl_typesupport_c: rosidl_typesupport_fastrtps_c;rosidl_typesupport_introspection_c
[9.155s] -- Using all available rosidl_typesupport_cpp: rosidl_typesupport_fastrtps_cpp;rosidl_typesupport_introspection_cpp
[9.208s] -- Found PythonInterp: /home/nvidia/anaconda3/bin/python3 (found suitable version "3.11.5", minimum required is "3.6") 
[9.211s] -- Found python_cmake_module: 0.10.0 (/opt/ros/humble/share/python_cmake_module/cmake)
[9.266s] -- Found PythonLibs: /home/nvidia/anaconda3/lib/libpython3.11.so (found suitable version "3.11.5", minimum required is "3.5") 
[9.266s] -- Using PYTHON_EXECUTABLE: /home/nvidia/anaconda3/bin/python3
[9.267s] -- Using PYTHON_INCLUDE_DIRS: /home/nvidia/anaconda3/include/python3.11
[9.267s] -- Using PYTHON_LIBRARIES: /home/nvidia/anaconda3/lib/libpython3.11.so
[9.311s] -- Found PythonExtra: .so  
[9.394s] CMake Deprecation Warning at /opt/ros/humble/share/rosidl_cmake/cmake/rosidl_target_interfaces.cmake:32 (message):
[9.394s]   Use rosidl_get_typesupport_target() and target_link_libraries() instead of
[9.394s]   rosidl_target_interfaces()
[9.394s] Call Stack (most recent call first):
[9.395s]   CMakeLists.txt:26 (rosidl_target_interfaces)
[9.395s] 
[9.395s] 
[9.416s] -- Configuring done
[9.469s] -- Generating done
[9.475s] -- Build files have been written to: /home/nvidia/robotics-orin/build/arm_controller
