[0.522s] Invoking command in '/home/nvidia/robotics-orin/build/absenc_interface': CMAKE_PREFIX_PATH=/opt/ros/foxy CONDA_PROMPT_MODIFIER=(base) /usr/bin/cmake /home/nvidia/robotics-orin/src/absenc_interface -DAMENT_CMAKE_SYMLINK_INSTALL=1 -DCMAKE_INSTALL_PREFIX=/home/nvidia/robotics-orin/install/absenc_interface
[0.550s] -- Found ament_cmake: 0.9.12 (/opt/ros/foxy/share/ament_cmake/cmake)
[0.587s] -- Found PythonInterp: /home/nvidia/anaconda3/bin/python3 (found suitable version "3.11.5", minimum required is "3") 
[0.587s] -- Using PYTHON_EXECUTABLE: /home/nvidia/anaconda3/bin/python3
[0.923s] -- Override CMake install command with custom implementation using symlinks instead of copying resources
[0.934s] -- Found rclcpp: 2.4.3 (/opt/ros/foxy/share/rclcpp/cmake)
[0.981s] -- Using all available rosidl_typesupport_c: rosidl_typesupport_fastrtps_c;rosidl_typesupport_introspection_c
[0.985s] -- Found rosidl_adapter: 1.3.1 (/opt/ros/foxy/share/rosidl_adapter/cmake)
[1.166s] -- Using all available rosidl_typesupport_cpp: rosidl_typesupport_fastrtps_cpp;rosidl_typesupport_introspection_cpp
[1.233s] -- Found rmw_implementation_cmake: 1.0.4 (/opt/ros/foxy/share/rmw_implementation_cmake/cmake)
[1.235s] -- Using RMW implementation 'rmw_fastrtps_cpp' as default
[1.428s] -- Found sensor_msgs: 2.0.5 (/opt/ros/foxy/share/sensor_msgs/cmake)
[1.580s] -- Found rosidl_default_generators: 1.0.1 (/opt/ros/foxy/share/rosidl_default_generators/cmake)
[1.630s] -- Found PythonInterp: /home/nvidia/anaconda3/bin/python3 (found version "3.11.5") 
[1.913s] -- Found ament_cmake_ros: 0.9.2 (/opt/ros/foxy/share/ament_cmake_ros/cmake)
[2.074s] -- Using all available rosidl_typesupport_c: rosidl_typesupport_fastrtps_c;rosidl_typesupport_introspection_c
[2.085s] -- Using all available rosidl_typesupport_cpp: rosidl_typesupport_fastrtps_cpp;rosidl_typesupport_introspection_cpp
[2.125s] -- Found PythonInterp: /home/nvidia/anaconda3/bin/python3 (found suitable version "3.11.5", minimum required is "3.5") 
[2.126s] -- Found python_cmake_module: 0.8.1 (/opt/ros/foxy/share/python_cmake_module/cmake)
[2.173s] -- Found PythonLibs: /home/nvidia/anaconda3/lib/libpython3.11.so (found suitable version "3.11.5", minimum required is "3.5") 
[2.174s] -- Using PYTHON_EXECUTABLE: /home/nvidia/anaconda3/bin/python3
[2.174s] -- Using PYTHON_INCLUDE_DIRS: /home/nvidia/anaconda3/include/python3.11
[2.174s] -- Using PYTHON_LIBRARIES: /home/nvidia/anaconda3/lib/libpython3.11.so
[2.211s] -- Found PythonExtra: .so  
[2.503s] -- Configuring done
[2.554s] -- Generating done
[2.558s] -- Build files have been written to: /home/nvidia/robotics-orin/build/absenc_interface
[2.578s] Invoked command in '/home/nvidia/robotics-orin/build/absenc_interface' returned '0': CMAKE_PREFIX_PATH=/opt/ros/foxy CONDA_PROMPT_MODIFIER=(base) /usr/bin/cmake /home/nvidia/robotics-orin/src/absenc_interface -DAMENT_CMAKE_SYMLINK_INSTALL=1 -DCMAKE_INSTALL_PREFIX=/home/nvidia/robotics-orin/install/absenc_interface
[2.583s] Invoking command in '/home/nvidia/robotics-orin/build/absenc_interface': CMAKE_PREFIX_PATH=/opt/ros/foxy CONDA_PROMPT_MODIFIER=(base) /usr/bin/cmake --build /home/nvidia/robotics-orin/build/absenc_interface -- -j6 -l6
[2.652s] [  2%] [34m[1mGenerating C code for ROS interfaces[0m
[2.652s] [35m[1mScanning dependencies of target absenc_interface__cpp[0m
[2.670s] [  5%] [34m[1mGenerating C++ code for ROS interfaces[0m
[2.744s] Traceback (most recent call last):
[2.744s]   File "/opt/ros/foxy/share/rosidl_generator_c/cmake/../../../lib/rosidl_generator_c/rosidl_generator_c", line 8, in <module>
[2.744s]     from rosidl_generator_c import generate_c
[2.744s]   File "/opt/ros/foxy/lib/python3.8/site-packages/rosidl_generator_c/__init__.py", line 15, in <module>
[2.745s]     from rosidl_cmake import convert_camel_case_to_lower_case_underscore
[2.745s]   File "/opt/ros/foxy/lib/python3.8/site-packages/rosidl_cmake/__init__.py", line 24, in <module>
[2.745s]     from rosidl_parser.parser import parse_idl_file
[2.745s]   File "/opt/ros/foxy/lib/python3.8/site-packages/rosidl_parser/parser.py", line 20, in <module>
[2.745s]     from lark import Lark
[2.745s] ModuleNotFoundError: No module named 'lark'
[2.763s] make[2]: *** [CMakeFiles/absenc_interface__rosidl_generator_c.dir/build.make:75: rosidl_generator_c/absenc_interface/msg/encoder_values.h] Error 1
[2.763s] make[1]: *** [CMakeFiles/Makefile2:361: CMakeFiles/absenc_interface__rosidl_generator_c.dir/all] Error 2
[2.763s] make[1]: *** Waiting for unfinished jobs....
[2.763s] Traceback (most recent call last):
[2.764s]   File "/opt/ros/foxy/share/rosidl_generator_cpp/cmake/../../../lib/rosidl_generator_cpp/rosidl_generator_cpp", line 8, in <module>
[2.764s]     from rosidl_generator_cpp import generate_cpp
[2.764s]   File "/opt/ros/foxy/lib/python3.8/site-packages/rosidl_generator_cpp/__init__.py", line 17, in <module>
[2.764s]     from rosidl_cmake import generate_files
[2.764s]   File "/opt/ros/foxy/lib/python3.8/site-packages/rosidl_cmake/__init__.py", line 24, in <module>
[2.764s]     from rosidl_parser.parser import parse_idl_file
[2.764s]   File "/opt/ros/foxy/lib/python3.8/site-packages/rosidl_parser/parser.py", line 20, in <module>
[2.764s]     from lark import Lark
[2.765s] ModuleNotFoundError: No module named 'lark'
[2.782s] make[2]: *** [CMakeFiles/absenc_interface__cpp.dir/build.make:85: rosidl_generator_cpp/absenc_interface/msg/encoder_values.hpp] Error 1
[2.782s] make[1]: *** [CMakeFiles/Makefile2:335: CMakeFiles/absenc_interface__cpp.dir/all] Error 2
[2.783s] make: *** [Makefile:141: all] Error 2
[2.787s] Invoked command in '/home/nvidia/robotics-orin/build/absenc_interface' returned '2': CMAKE_PREFIX_PATH=/opt/ros/foxy CONDA_PROMPT_MODIFIER=(base) /usr/bin/cmake --build /home/nvidia/robotics-orin/build/absenc_interface -- -j6 -l6
