[0.991s] Invoking command in '/home/nvidia/robotics-orin/build/sil': CMAKE_PREFIX_PATH=/opt/ros/foxy CONDA_PROMPT_MODIFIER=(base) /usr/bin/cmake /home/nvidia/robotics-orin/src/sil -DAMENT_CMAKE_SYMLINK_INSTALL=1 -DCMAKE_INSTALL_PREFIX=/home/nvidia/robotics-orin/install/sil
[1.018s] -- Found ament_cmake: 0.9.12 (/opt/ros/foxy/share/ament_cmake/cmake)
[1.060s] -- Using PYTHON_EXECUTABLE: /home/nvidia/anaconda3/bin/python3
[1.522s] -- Override CMake install command with custom implementation using symlinks instead of copying resources
[1.545s] -- Found rclcpp: 2.4.3 (/opt/ros/foxy/share/rclcpp/cmake)
[1.604s] -- Using all available rosidl_typesupport_c: rosidl_typesupport_fastrtps_c;rosidl_typesupport_introspection_c
[1.609s] -- Found rosidl_adapter: 1.3.1 (/opt/ros/foxy/share/rosidl_adapter/cmake)
[1.803s] -- Using all available rosidl_typesupport_cpp: rosidl_typesupport_fastrtps_cpp;rosidl_typesupport_introspection_cpp
[1.872s] -- Found rmw_implementation_cmake: 1.0.4 (/opt/ros/foxy/share/rmw_implementation_cmake/cmake)
[1.874s] -- Using RMW implementation 'rmw_fastrtps_cpp' as default
[2.072s] -- Found ament_lint_auto: 0.9.8 (/opt/ros/foxy/share/ament_lint_auto/cmake)
[2.115s] Traceback (most recent call last):
[2.115s]   File "/opt/ros/foxy/share/ament_cmake_core/cmake/core/package_xml_2_cmake.py", line 21, in <module>
[2.116s]     from catkin_pkg.package import parse_package_string
[2.116s] ModuleNotFoundError: No module named 'catkin_pkg'
[2.123s] CMake Error at /opt/ros/foxy/share/ament_cmake_core/cmake/core/ament_package_xml.cmake:94 (message):
[2.123s]   execute_process(/home/nvidia/anaconda3/bin/python3
[2.123s]   /opt/ros/foxy/share/ament_cmake_core/cmake/core/package_xml_2_cmake.py
[2.123s]   /home/nvidia/robotics-orin/src/sil/package.xml
[2.123s]   /home/nvidia/robotics-orin/build/sil/ament_cmake_core/package.cmake)
[2.123s]   returned error code 1
[2.123s] Call Stack (most recent call first):
[2.123s]   /opt/ros/foxy/share/ament_cmake_core/cmake/core/ament_package_xml.cmake:49 (_ament_package_xml)
[2.123s]   /opt/ros/foxy/share/ament_lint_auto/cmake/ament_lint_auto_find_test_dependencies.cmake:31 (ament_package_xml)
[2.124s]   CMakeLists.txt:41 (ament_lint_auto_find_test_dependencies)
[2.124s] 
[2.124s] 
[2.126s] -- Configuring incomplete, errors occurred!
[2.127s] See also "/home/nvidia/robotics-orin/build/sil/CMakeFiles/CMakeOutput.log".
[2.127s] See also "/home/nvidia/robotics-orin/build/sil/CMakeFiles/CMakeError.log".
[2.144s] Invoked command in '/home/nvidia/robotics-orin/build/sil' returned '1': CMAKE_PREFIX_PATH=/opt/ros/foxy CONDA_PROMPT_MODIFIER=(base) /usr/bin/cmake /home/nvidia/robotics-orin/src/sil -DAMENT_CMAKE_SYMLINK_INSTALL=1 -DCMAKE_INSTALL_PREFIX=/home/nvidia/robotics-orin/install/sil
