[2.873s] Invoking command in '/home/nvidia/robotics-orin/build/arm_ik': CMAKE_PREFIX_PATH=/home/nvidia/robotics-orin/install/absenc_interface:/home/nvidia/robotics-orin/install/wheels_controller:/home/nvidia/robotics-orin/install/sil:/home/nvidia/robotics-orin/install/arm_controller CONDA_PROMPT_MODIFIER=(base) LD_LIBRARY_PATH=/home/nvidia/robotics-orin/install/absenc_interface/lib:/opt/ros/humble/opt/rviz_ogre_vendor/lib:/opt/ros/humble/lib/aarch64-linux-gnu:/opt/ros/humble/lib:/usr/local/cuda-11.4/lib64 PYTHONPATH=/home/nvidia/robotics-orin/build/arm_ik/prefix_override:/home/nvidia/robotics-orin/install/arm_ik/lib/python3.8/site-packages:/home/nvidia/robotics-orin/install/absenc_interface/lib/python3.9/site-packages:${PYTHONPATH} /usr/bin/python3 setup.py develop --editable --build-directory /home/nvidia/robotics-orin/build/arm_ik/build --no-deps install_data
[3.278s] running develop
[3.561s] running egg_info
[3.561s] creating arm_ik.egg-info
[3.561s] writing arm_ik.egg-info/PKG-INFO
[3.561s] writing dependency_links to arm_ik.egg-info/dependency_links.txt
[3.562s] writing entry points to arm_ik.egg-info/entry_points.txt
[3.562s] writing requirements to arm_ik.egg-info/requires.txt
[3.562s] writing top-level names to arm_ik.egg-info/top_level.txt
[3.562s] writing manifest file 'arm_ik.egg-info/SOURCES.txt'
[3.610s] reading manifest file 'arm_ik.egg-info/SOURCES.txt'
[3.610s] writing manifest file 'arm_ik.egg-info/SOURCES.txt'
[3.668s] running build_ext
[3.669s] Creating /home/nvidia/robotics-orin/install/arm_ik/lib/python3.8/site-packages/site.py
[3.673s] Creating /home/nvidia/robotics-orin/install/arm_ik/lib/python3.8/site-packages/arm-ik.egg-link (link to .)
[3.674s] Installing CadMouseJoyNode script to /home/nvidia/robotics-orin/install/arm_ik/lib/arm_ik
[3.675s] Installing IKNode script to /home/nvidia/robotics-orin/install/arm_ik/lib/arm_ik
[3.675s] Installing state_publisher script to /home/nvidia/robotics-orin/install/arm_ik/lib/arm_ik
[3.675s] 
[3.675s] Installed /home/nvidia/robotics-orin/build/arm_ik
[3.675s] running install_data
[3.675s] creating /home/nvidia/robotics-orin/install/arm_ik/share/ament_index
[3.676s] creating /home/nvidia/robotics-orin/install/arm_ik/share/ament_index/resource_index
[3.676s] creating /home/nvidia/robotics-orin/install/arm_ik/share/ament_index/resource_index/packages
[3.676s] copying resource/arm_ik -> /home/nvidia/robotics-orin/install/arm_ik/share/ament_index/resource_index/packages
[3.676s] copying package.xml -> /home/nvidia/robotics-orin/install/arm_ik/share/arm_ik
[3.676s] copying urdf/astro_arm.urdf -> /home/nvidia/robotics-orin/install/arm_ik/share/arm_ik
[3.677s] copying meshes/wrist.STL -> /home/nvidia/robotics-orin/install/arm_ik/share/arm_ik
[3.728s] copying meshes/upper_base_link.STL -> /home/nvidia/robotics-orin/install/arm_ik/share/arm_ik
[3.744s] copying meshes/distal_link.STL -> /home/nvidia/robotics-orin/install/arm_ik/share/arm_ik
[3.800s] copying meshes/base_link.STL -> /home/nvidia/robotics-orin/install/arm_ik/share/arm_ik
[3.842s] copying meshes/proximal_link.STL -> /home/nvidia/robotics-orin/install/arm_ik/share/arm_ik
[3.937s] Invoked command in '/home/nvidia/robotics-orin/build/arm_ik' returned '0': CMAKE_PREFIX_PATH=/home/nvidia/robotics-orin/install/absenc_interface:/home/nvidia/robotics-orin/install/wheels_controller:/home/nvidia/robotics-orin/install/sil:/home/nvidia/robotics-orin/install/arm_controller CONDA_PROMPT_MODIFIER=(base) LD_LIBRARY_PATH=/home/nvidia/robotics-orin/install/absenc_interface/lib:/opt/ros/humble/opt/rviz_ogre_vendor/lib:/opt/ros/humble/lib/aarch64-linux-gnu:/opt/ros/humble/lib:/usr/local/cuda-11.4/lib64 PYTHONPATH=/home/nvidia/robotics-orin/build/arm_ik/prefix_override:/home/nvidia/robotics-orin/install/arm_ik/lib/python3.8/site-packages:/home/nvidia/robotics-orin/install/absenc_interface/lib/python3.9/site-packages:${PYTHONPATH} /usr/bin/python3 setup.py develop --editable --build-directory /home/nvidia/robotics-orin/build/arm_ik/build --no-deps install_data
