[  8%] Built target absenc_interface__cpp
[ 11%] Built target absenc_interface__rosidl_generator_c
[ 26%] Built target absenc_interface__rosidl_typesupport_c
[ 29%] Built target absenc_interface__rosidl_typesupport_introspection_c
[ 47%] Built target absenc_interface__rosidl_typesupport_cpp
[ 47%] Built target absenc_interface__rosidl_typesupport_introspection_cpp
[ 55%] Built target absenc_interface__rosidl_typesupport_fastrtps_cpp
[ 64%] Built target absenc_interface__rosidl_typesupport_fastrtps_c
[ 64%] Built target absenc_interface
[35m[1mScanning dependencies of target absenc_node[0m
[ 67%] Built target absenc_interface__py
[ 70%] [32mBuilding CXX object CMakeFiles/absenc_node.dir/src/absenc_node.cpp.o[0m
[ 76%] Built target absenc_interface__python
[ 82%] Built target absenc_interface__rosidl_typesupport_introspection_c__pyext
[ 88%] Built target absenc_interface__rosidl_typesupport_c__pyext
[ 94%] Built target absenc_interface__rosidl_typesupport_fastrtps_c__pyext
[ 97%] [32m[1mLinking CXX executable absenc_node[0m
[100%] Built target absenc_node
-- Install configuration: ""
-- Execute custom install script
-- Up-to-date symlink: /home/nvidia/robotics-orin/install/absenc_interface/share/ament_index/resource_index/rosidl_interfaces/absenc_interface
-- Up-to-date symlink: /home/nvidia/robotics-orin/install/absenc_interface/include/absenc_interface/msg/detail/encoder_values__functions.h
-- Up-to-date symlink: /home/nvidia/robotics-orin/install/absenc_interface/include/absenc_interface/msg/detail/encoder_values__struct.h
-- Up-to-date symlink: /home/nvidia/robotics-orin/install/absenc_interface/include/absenc_interface/msg/detail/encoder_values__type_support.h
-- Up-to-date symlink: /home/nvidia/robotics-orin/install/absenc_interface/include/absenc_interface/msg/encoder_values.h
-- Up-to-date symlink: /home/nvidia/robotics-orin/install/absenc_interface/include/absenc_interface/msg/rosidl_generator_c__visibility_control.h
-- Up-to-date symlink: /home/nvidia/robotics-orin/install/absenc_interface/share/absenc_interface/environment/library_path.sh
-- Up-to-date symlink: /home/nvidia/robotics-orin/install/absenc_interface/share/absenc_interface/environment/library_path.dsv
-- Up-to-date symlink: /home/nvidia/robotics-orin/install/absenc_interface/include/absenc_interface/msg/detail/encoder_values__rosidl_typesupport_fastrtps_c.h
-- Up-to-date symlink: /home/nvidia/robotics-orin/install/absenc_interface/include/absenc_interface/msg/rosidl_typesupport_fastrtps_c__visibility_control.h
-- Up-to-date symlink: /home/nvidia/robotics-orin/install/absenc_interface/lib/libabsenc_interface__rosidl_typesupport_fastrtps_c.so
-- Up-to-date symlink: /home/nvidia/robotics-orin/install/absenc_interface/include/absenc_interface/msg/detail/encoder_values__rosidl_typesupport_fastrtps_cpp.hpp
-- Up-to-date symlink: /home/nvidia/robotics-orin/install/absenc_interface/include/absenc_interface/msg/rosidl_typesupport_fastrtps_cpp__visibility_control.h
-- Up-to-date symlink: /home/nvidia/robotics-orin/install/absenc_interface/lib/libabsenc_interface__rosidl_typesupport_fastrtps_cpp.so
-- Up-to-date symlink: /home/nvidia/robotics-orin/install/absenc_interface/include/absenc_interface/msg/detail/encoder_values__rosidl_typesupport_introspection_c.h
-- Up-to-date symlink: /home/nvidia/robotics-orin/install/absenc_interface/include/absenc_interface/msg/rosidl_typesupport_introspection_c__visibility_control.h
-- Up-to-date symlink: /home/nvidia/robotics-orin/install/absenc_interface/include/absenc_interface/msg/detail/encoder_values__builder.hpp
-- Up-to-date symlink: /home/nvidia/robotics-orin/install/absenc_interface/include/absenc_interface/msg/detail/encoder_values__struct.hpp
-- Up-to-date symlink: /home/nvidia/robotics-orin/install/absenc_interface/include/absenc_interface/msg/detail/encoder_values__traits.hpp
-- Up-to-date symlink: /home/nvidia/robotics-orin/install/absenc_interface/include/absenc_interface/msg/detail/encoder_values__type_support.hpp
-- Up-to-date symlink: /home/nvidia/robotics-orin/install/absenc_interface/include/absenc_interface/msg/encoder_values.hpp
-- Up-to-date symlink: /home/nvidia/robotics-orin/install/absenc_interface/include/absenc_interface/msg/rosidl_generator_cpp__visibility_control.hpp
-- Up-to-date symlink: /home/nvidia/robotics-orin/install/absenc_interface/include/absenc_interface/msg/detail/encoder_values__rosidl_typesupport_introspection_cpp.hpp
-- Up-to-date symlink: /home/nvidia/robotics-orin/install/absenc_interface/share/absenc_interface/environment/pythonpath.sh
-- Up-to-date symlink: /home/nvidia/robotics-orin/install/absenc_interface/share/absenc_interface/environment/pythonpath.dsv
-- Up-to-date symlink: /home/nvidia/robotics-orin/install/absenc_interface/lib/python3.11/site-packages/absenc_interface/__init__.py
-- Up-to-date symlink: /home/nvidia/robotics-orin/install/absenc_interface/lib/python3.11/site-packages/absenc_interface/msg/__init__.py
-- Up-to-date symlink: /home/nvidia/robotics-orin/install/absenc_interface/lib/python3.11/site-packages/absenc_interface/msg/_encoder_values.py
-- Up-to-date symlink: /home/nvidia/robotics-orin/install/absenc_interface/lib/python3.11/site-packages/absenc_interface/absenc_interface_s__rosidl_typesupport_fastrtps_c.cpython-311-aarch64-linux-gnu.so
-- Up-to-date symlink: /home/nvidia/robotics-orin/install/absenc_interface/lib/python3.11/site-packages/absenc_interface/absenc_interface_s__rosidl_typesupport_introspection_c.cpython-311-aarch64-linux-gnu.so
-- Up-to-date symlink: /home/nvidia/robotics-orin/install/absenc_interface/lib/python3.11/site-packages/absenc_interface/absenc_interface_s__rosidl_typesupport_c.cpython-311-aarch64-linux-gnu.so
-- Up-to-date symlink: /home/nvidia/robotics-orin/install/absenc_interface/lib/libabsenc_interface__python.so
-- Up-to-date symlink: /home/nvidia/robotics-orin/install/absenc_interface/share/absenc_interface/msg/EncoderValues.idl
-- Up-to-date symlink: /home/nvidia/robotics-orin/install/absenc_interface/share/absenc_interface/msg/EncoderValues.msg
-- Up-to-date symlink: /home/nvidia/robotics-orin/install/absenc_interface/lib/absenc_interface/absenc_node
-- Up-to-date symlink: /home/nvidia/robotics-orin/install/absenc_interface/share/ament_index/resource_index/package_run_dependencies/absenc_interface
-- Up-to-date symlink: /home/nvidia/robotics-orin/install/absenc_interface/share/ament_index/resource_index/parent_prefix_path/absenc_interface
-- Up-to-date symlink: /home/nvidia/robotics-orin/install/absenc_interface/share/absenc_interface/environment/ament_prefix_path.sh
-- Up-to-date symlink: /home/nvidia/robotics-orin/install/absenc_interface/share/absenc_interface/environment/ament_prefix_path.dsv
-- Up-to-date symlink: /home/nvidia/robotics-orin/install/absenc_interface/share/absenc_interface/environment/path.sh
-- Up-to-date symlink: /home/nvidia/robotics-orin/install/absenc_interface/share/absenc_interface/environment/path.dsv
-- Up-to-date symlink: /home/nvidia/robotics-orin/install/absenc_interface/share/absenc_interface/local_setup.bash
-- Up-to-date symlink: /home/nvidia/robotics-orin/install/absenc_interface/share/absenc_interface/local_setup.sh
-- Up-to-date symlink: /home/nvidia/robotics-orin/install/absenc_interface/share/absenc_interface/local_setup.zsh
-- Up-to-date symlink: /home/nvidia/robotics-orin/install/absenc_interface/share/absenc_interface/local_setup.dsv
-- Symlinking: /home/nvidia/robotics-orin/install/absenc_interface/share/absenc_interface/package.dsv
-- Up-to-date symlink: /home/nvidia/robotics-orin/install/absenc_interface/share/ament_index/resource_index/packages/absenc_interface
-- Up-to-date symlink: /home/nvidia/robotics-orin/install/absenc_interface/share/absenc_interface/cmake/rosidl_cmake-extras.cmake
-- Up-to-date symlink: /home/nvidia/robotics-orin/install/absenc_interface/share/absenc_interface/cmake/ament_cmake_export_dependencies-extras.cmake
-- Up-to-date symlink: /home/nvidia/robotics-orin/install/absenc_interface/share/absenc_interface/cmake/ament_cmake_export_libraries-extras.cmake
-- Up-to-date symlink: /home/nvidia/robotics-orin/install/absenc_interface/share/absenc_interface/cmake/ament_cmake_export_targets-extras.cmake
-- Up-to-date symlink: /home/nvidia/robotics-orin/install/absenc_interface/share/absenc_interface/cmake/ament_cmake_export_include_directories-extras.cmake
-- Up-to-date symlink: /home/nvidia/robotics-orin/install/absenc_interface/share/absenc_interface/cmake/rosidl_cmake_export_typesupport_libraries-extras.cmake
-- Up-to-date symlink: /home/nvidia/robotics-orin/install/absenc_interface/share/absenc_interface/cmake/rosidl_cmake_export_typesupport_targets-extras.cmake
-- Up-to-date symlink: /home/nvidia/robotics-orin/install/absenc_interface/share/absenc_interface/cmake/absenc_interfaceConfig.cmake
-- Up-to-date symlink: /home/nvidia/robotics-orin/install/absenc_interface/share/absenc_interface/cmake/absenc_interfaceConfig-version.cmake
-- Up-to-date symlink: /home/nvidia/robotics-orin/install/absenc_interface/share/absenc_interface/package.xml
-- Up-to-date: /home/nvidia/robotics-orin/install/absenc_interface/lib/libabsenc_interface__rosidl_generator_c.so
-- Up-to-date: /home/nvidia/robotics-orin/install/absenc_interface/lib/libabsenc_interface__rosidl_typesupport_introspection_c.so
-- Up-to-date: /home/nvidia/robotics-orin/install/absenc_interface/lib/libabsenc_interface__rosidl_typesupport_c.so
-- Up-to-date: /home/nvidia/robotics-orin/install/absenc_interface/lib/libabsenc_interface__rosidl_typesupport_introspection_cpp.so
-- Up-to-date: /home/nvidia/robotics-orin/install/absenc_interface/lib/libabsenc_interface__rosidl_typesupport_cpp.so
-- Up-to-date: /home/nvidia/robotics-orin/install/absenc_interface/share/absenc_interface/cmake/absenc_interface__rosidl_generator_cExport.cmake
-- Up-to-date: /home/nvidia/robotics-orin/install/absenc_interface/share/absenc_interface/cmake/absenc_interface__rosidl_generator_cExport-noconfig.cmake
-- Up-to-date: /home/nvidia/robotics-orin/install/absenc_interface/share/absenc_interface/cmake/absenc_interface__rosidl_typesupport_introspection_cExport.cmake
-- Up-to-date: /home/nvidia/robotics-orin/install/absenc_interface/share/absenc_interface/cmake/absenc_interface__rosidl_typesupport_introspection_cExport-noconfig.cmake
-- Up-to-date: /home/nvidia/robotics-orin/install/absenc_interface/share/absenc_interface/cmake/absenc_interface__rosidl_typesupport_cExport.cmake
-- Up-to-date: /home/nvidia/robotics-orin/install/absenc_interface/share/absenc_interface/cmake/absenc_interface__rosidl_typesupport_cExport-noconfig.cmake
-- Up-to-date: /home/nvidia/robotics-orin/install/absenc_interface/share/absenc_interface/cmake/absenc_interface__rosidl_generator_cppExport.cmake
-- Up-to-date: /home/nvidia/robotics-orin/install/absenc_interface/share/absenc_interface/cmake/absenc_interface__rosidl_typesupport_introspection_cppExport.cmake
-- Up-to-date: /home/nvidia/robotics-orin/install/absenc_interface/share/absenc_interface/cmake/absenc_interface__rosidl_typesupport_introspection_cppExport-noconfig.cmake
-- Up-to-date: /home/nvidia/robotics-orin/install/absenc_interface/share/absenc_interface/cmake/absenc_interface__rosidl_typesupport_cppExport.cmake
-- Up-to-date: /home/nvidia/robotics-orin/install/absenc_interface/share/absenc_interface/cmake/absenc_interface__rosidl_typesupport_cppExport-noconfig.cmake
