[0.518s] Invoking command in '/home/nvidia/robotics-orin/build/wheels_controller': CMAKE_PREFIX_PATH=/opt/ros/foxy CONDA_PROMPT_MODIFIER=(base) /usr/bin/cmake /home/nvidia/robotics-orin/src/wheels_controller -DAMENT_CMAKE_SYMLINK_INSTALL=1 -DCMAKE_INSTALL_PREFIX=/home/nvidia/robotics-orin/install/wheels_controller
[0.541s] -- Found ament_cmake: 0.9.12 (/opt/ros/foxy/share/ament_cmake/cmake)
[0.583s] -- Using PYTHON_EXECUTABLE: /home/nvidia/anaconda3/bin/python3
[1.043s] -- Override CMake install command with custom implementation using symlinks instead of copying resources
[1.067s] -- Found rclcpp: 2.4.3 (/opt/ros/foxy/share/rclcpp/cmake)
[1.121s] -- Using all available rosidl_typesupport_c: rosidl_typesupport_fastrtps_c;rosidl_typesupport_introspection_c
[1.126s] -- Found rosidl_adapter: 1.3.1 (/opt/ros/foxy/share/rosidl_adapter/cmake)
[1.324s] -- Using all available rosidl_typesupport_cpp: rosidl_typesupport_fastrtps_cpp;rosidl_typesupport_introspection_cpp
[1.394s] -- Found rmw_implementation_cmake: 1.0.4 (/opt/ros/foxy/share/rmw_implementation_cmake/cmake)
[1.396s] -- Using RMW implementation 'rmw_fastrtps_cpp' as default
[1.595s] -- Found geometry_msgs: 2.0.5 (/opt/ros/foxy/share/geometry_msgs/cmake)
[1.642s] -- Found sensor_msgs: 2.0.5 (/opt/ros/foxy/share/sensor_msgs/cmake)
[1.742s] -- Found rosidl_default_generators: 1.0.1 (/opt/ros/foxy/share/rosidl_default_generators/cmake)
[1.805s] Traceback (most recent call last):
[1.805s]   File "/opt/ros/foxy/share/ament_cmake_core/cmake/core/package_xml_2_cmake.py", line 21, in <module>
[1.806s]     from catkin_pkg.package import parse_package_string
[1.806s] ModuleNotFoundError: No module named 'catkin_pkg'
[1.814s] CMake Error at /opt/ros/foxy/share/ament_cmake_core/cmake/core/ament_package_xml.cmake:94 (message):
[1.815s]   execute_process(/home/nvidia/anaconda3/bin/python3
[1.816s]   /opt/ros/foxy/share/ament_cmake_core/cmake/core/package_xml_2_cmake.py
[1.816s]   /home/nvidia/robotics-orin/src/wheels_controller/package.xml
[1.816s]   /home/nvidia/robotics-orin/build/wheels_controller/ament_cmake_core/package.cmake)
[1.816s]   returned error code 1
[1.816s] Call Stack (most recent call first):
[1.816s]   /opt/ros/foxy/share/ament_cmake_core/cmake/core/ament_package_xml.cmake:49 (_ament_package_xml)
[1.816s]   /opt/ros/foxy/share/ament_cmake_core/cmake/core/ament_package.cmake:63 (ament_package_xml)
[1.816s]   CMakeLists.txt:42 (ament_package)
[1.816s] 
[1.817s] 
[1.819s] -- Configuring incomplete, errors occurred!
[1.819s] See also "/home/nvidia/robotics-orin/build/wheels_controller/CMakeFiles/CMakeOutput.log".
[1.819s] See also "/home/nvidia/robotics-orin/build/wheels_controller/CMakeFiles/CMakeError.log".
