[  9%] Built target arm_controller__rosidl_generator_c
[ 12%] Built target arm_controller__cpp
[ 12%] Built target ament_cmake_python_copy_arm_controller
[ 21%] Built target arm_controller__rosidl_typesupport_fastrtps_c
[ 30%] Built target arm_controller__rosidl_typesupport_cpp
[ 48%] Built target arm_controller__rosidl_typesupport_introspection_cpp
[ 48%] Built target arm_controller__rosidl_typesupport_introspection_c
[ 57%] Built target arm_controller__rosidl_typesupport_c
[ 66%] Built target arm_controller__rosidl_typesupport_fastrtps_cpp
[ 66%] Built target arm_controller
[ 69%] Built target arm_controller__py
[ 75%] Built target arm_controller_node
[ 81%] Built target arm_controller__rosidl_generator_py
[ 87%] Built target arm_controller__rosidl_typesupport_c__pyext
[ 93%] Built target arm_controller__rosidl_typesupport_fastrtps_c__pyext
[100%] Built target arm_controller__rosidl_typesupport_introspection_c__pyext
running egg_info
writing arm_controller.egg-info/PKG-INFO
writing dependency_links to arm_controller.egg-info/dependency_links.txt
writing top-level names to arm_controller.egg-info/top_level.txt
reading manifest file 'arm_controller.egg-info/SOURCES.txt'
writing manifest file 'arm_controller.egg-info/SOURCES.txt'
[100%] Built target ament_cmake_python_build_arm_controller_egg
-- Install configuration: ""
-- Up-to-date: /home/nvidia/robotics-orin/install/arm_controller/share/ament_index/resource_index/rosidl_interfaces/arm_controller
-- Up-to-date: /home/nvidia/robotics-orin/install/arm_controller/include/arm_controller/arm_controller
-- Up-to-date: /home/nvidia/robotics-orin/install/arm_controller/include/arm_controller/arm_controller/msg
-- Up-to-date: /home/nvidia/robotics-orin/install/arm_controller/include/arm_controller/arm_controller/msg/arm_motor_values.h
-- Up-to-date: /home/nvidia/robotics-orin/install/arm_controller/include/arm_controller/arm_controller/msg/detail
-- Up-to-date: /home/nvidia/robotics-orin/install/arm_controller/include/arm_controller/arm_controller/msg/detail/arm_motor_values__functions.h
-- Up-to-date: /home/nvidia/robotics-orin/install/arm_controller/include/arm_controller/arm_controller/msg/detail/arm_motor_values__functions.c
-- Up-to-date: /home/nvidia/robotics-orin/install/arm_controller/include/arm_controller/arm_controller/msg/detail/arm_motor_values__struct.h
-- Up-to-date: /home/nvidia/robotics-orin/install/arm_controller/include/arm_controller/arm_controller/msg/detail/arm_motor_values__type_support.h
-- Up-to-date: /home/nvidia/robotics-orin/install/arm_controller/include/arm_controller/arm_controller/msg/rosidl_generator_c__visibility_control.h
-- Up-to-date: /home/nvidia/robotics-orin/install/arm_controller/share/arm_controller/environment/library_path.sh
-- Up-to-date: /home/nvidia/robotics-orin/install/arm_controller/share/arm_controller/environment/library_path.dsv
-- Up-to-date: /home/nvidia/robotics-orin/install/arm_controller/lib/libarm_controller__rosidl_generator_c.so
-- Up-to-date: /home/nvidia/robotics-orin/install/arm_controller/include/arm_controller/arm_controller
-- Up-to-date: /home/nvidia/robotics-orin/install/arm_controller/include/arm_controller/arm_controller/msg
-- Up-to-date: /home/nvidia/robotics-orin/install/arm_controller/include/arm_controller/arm_controller/msg/rosidl_typesupport_fastrtps_c__visibility_control.h
-- Up-to-date: /home/nvidia/robotics-orin/install/arm_controller/include/arm_controller/arm_controller/msg/detail
-- Up-to-date: /home/nvidia/robotics-orin/install/arm_controller/include/arm_controller/arm_controller/msg/detail/arm_motor_values__rosidl_typesupport_fastrtps_c.h
-- Up-to-date: /home/nvidia/robotics-orin/install/arm_controller/lib/libarm_controller__rosidl_typesupport_fastrtps_c.so
-- Up-to-date: /home/nvidia/robotics-orin/install/arm_controller/include/arm_controller/arm_controller
-- Up-to-date: /home/nvidia/robotics-orin/install/arm_controller/include/arm_controller/arm_controller/msg
-- Up-to-date: /home/nvidia/robotics-orin/install/arm_controller/include/arm_controller/arm_controller/msg/arm_motor_values.hpp
-- Up-to-date: /home/nvidia/robotics-orin/install/arm_controller/include/arm_controller/arm_controller/msg/detail
-- Up-to-date: /home/nvidia/robotics-orin/install/arm_controller/include/arm_controller/arm_controller/msg/detail/arm_motor_values__traits.hpp
-- Up-to-date: /home/nvidia/robotics-orin/install/arm_controller/include/arm_controller/arm_controller/msg/detail/arm_motor_values__struct.hpp
-- Up-to-date: /home/nvidia/robotics-orin/install/arm_controller/include/arm_controller/arm_controller/msg/detail/arm_motor_values__builder.hpp
-- Up-to-date: /home/nvidia/robotics-orin/install/arm_controller/include/arm_controller/arm_controller
-- Up-to-date: /home/nvidia/robotics-orin/install/arm_controller/include/arm_controller/arm_controller/msg
-- Up-to-date: /home/nvidia/robotics-orin/install/arm_controller/include/arm_controller/arm_controller/msg/rosidl_typesupport_fastrtps_cpp__visibility_control.h
-- Up-to-date: /home/nvidia/robotics-orin/install/arm_controller/include/arm_controller/arm_controller/msg/detail
-- Up-to-date: /home/nvidia/robotics-orin/install/arm_controller/include/arm_controller/arm_controller/msg/detail/arm_motor_values__rosidl_typesupport_fastrtps_cpp.hpp
-- Up-to-date: /home/nvidia/robotics-orin/install/arm_controller/include/arm_controller/arm_controller/msg/detail/dds_fastrtps
-- Up-to-date: /home/nvidia/robotics-orin/install/arm_controller/lib/libarm_controller__rosidl_typesupport_fastrtps_cpp.so
-- Up-to-date: /home/nvidia/robotics-orin/install/arm_controller/include/arm_controller/arm_controller
-- Up-to-date: /home/nvidia/robotics-orin/install/arm_controller/include/arm_controller/arm_controller/msg
-- Up-to-date: /home/nvidia/robotics-orin/install/arm_controller/include/arm_controller/arm_controller/msg/rosidl_typesupport_introspection_c__visibility_control.h
-- Up-to-date: /home/nvidia/robotics-orin/install/arm_controller/include/arm_controller/arm_controller/msg/detail
-- Up-to-date: /home/nvidia/robotics-orin/install/arm_controller/include/arm_controller/arm_controller/msg/detail/arm_motor_values__rosidl_typesupport_introspection_c.h
-- Up-to-date: /home/nvidia/robotics-orin/install/arm_controller/include/arm_controller/arm_controller/msg/detail/arm_motor_values__type_support.c
-- Up-to-date: /home/nvidia/robotics-orin/install/arm_controller/lib/libarm_controller__rosidl_typesupport_introspection_c.so
-- Up-to-date: /home/nvidia/robotics-orin/install/arm_controller/lib/libarm_controller__rosidl_typesupport_c.so
-- Up-to-date: /home/nvidia/robotics-orin/install/arm_controller/include/arm_controller/arm_controller
-- Up-to-date: /home/nvidia/robotics-orin/install/arm_controller/include/arm_controller/arm_controller/msg
-- Up-to-date: /home/nvidia/robotics-orin/install/arm_controller/include/arm_controller/arm_controller/msg/detail
-- Up-to-date: /home/nvidia/robotics-orin/install/arm_controller/include/arm_controller/arm_controller/msg/detail/arm_motor_values__rosidl_typesupport_introspection_cpp.hpp
-- Up-to-date: /home/nvidia/robotics-orin/install/arm_controller/include/arm_controller/arm_controller/msg/detail/arm_motor_values__type_support.cpp
-- Up-to-date: /home/nvidia/robotics-orin/install/arm_controller/lib/libarm_controller__rosidl_typesupport_introspection_cpp.so
-- Up-to-date: /home/nvidia/robotics-orin/install/arm_controller/lib/libarm_controller__rosidl_typesupport_cpp.so
-- Up-to-date: /home/nvidia/robotics-orin/install/arm_controller/share/arm_controller/environment/pythonpath.sh
-- Up-to-date: /home/nvidia/robotics-orin/install/arm_controller/share/arm_controller/environment/pythonpath.dsv
-- Up-to-date: /home/nvidia/robotics-orin/install/arm_controller/lib/python3.9/site-packages/arm_controller-0.0.0-py3.9.egg-info
-- Installing: /home/nvidia/robotics-orin/install/arm_controller/lib/python3.9/site-packages/arm_controller-0.0.0-py3.9.egg-info/dependency_links.txt
-- Installing: /home/nvidia/robotics-orin/install/arm_controller/lib/python3.9/site-packages/arm_controller-0.0.0-py3.9.egg-info/SOURCES.txt
-- Installing: /home/nvidia/robotics-orin/install/arm_controller/lib/python3.9/site-packages/arm_controller-0.0.0-py3.9.egg-info/PKG-INFO
-- Installing: /home/nvidia/robotics-orin/install/arm_controller/lib/python3.9/site-packages/arm_controller-0.0.0-py3.9.egg-info/top_level.txt
-- Up-to-date: /home/nvidia/robotics-orin/install/arm_controller/lib/python3.9/site-packages/arm_controller
-- Up-to-date: /home/nvidia/robotics-orin/install/arm_controller/lib/python3.9/site-packages/arm_controller/arm_controller_s__rosidl_typesupport_fastrtps_c.cpython-311-aarch64-linux-gnu.so
-- Up-to-date: /home/nvidia/robotics-orin/install/arm_controller/lib/python3.9/site-packages/arm_controller/arm_controller_s__rosidl_typesupport_introspection_c.cpython-311-aarch64-linux-gnu.so
-- Up-to-date: /home/nvidia/robotics-orin/install/arm_controller/lib/python3.9/site-packages/arm_controller/__init__.py
-- Up-to-date: /home/nvidia/robotics-orin/install/arm_controller/lib/python3.9/site-packages/arm_controller/msg
-- Up-to-date: /home/nvidia/robotics-orin/install/arm_controller/lib/python3.9/site-packages/arm_controller/msg/_arm_motor_values_s.c
-- Up-to-date: /home/nvidia/robotics-orin/install/arm_controller/lib/python3.9/site-packages/arm_controller/msg/__init__.py
-- Up-to-date: /home/nvidia/robotics-orin/install/arm_controller/lib/python3.9/site-packages/arm_controller/msg/_arm_motor_values.py
-- Up-to-date: /home/nvidia/robotics-orin/install/arm_controller/lib/python3.9/site-packages/arm_controller/arm_controller_s__rosidl_typesupport_c.cpython-311-aarch64-linux-gnu.so
-- Up-to-date: /home/nvidia/robotics-orin/install/arm_controller/lib/python3.9/site-packages/arm_controller/libarm_controller__rosidl_generator_py.so
-- Up-to-date: /home/nvidia/robotics-orin/install/arm_controller/lib/python3.9/site-packages/arm_controller/_arm_controller_s.ep.rosidl_typesupport_fastrtps_c.c
-- Up-to-date: /home/nvidia/robotics-orin/install/arm_controller/lib/python3.9/site-packages/arm_controller/_arm_controller_s.ep.rosidl_typesupport_introspection_c.c
-- Up-to-date: /home/nvidia/robotics-orin/install/arm_controller/lib/python3.9/site-packages/arm_controller/_arm_controller_s.ep.rosidl_typesupport_c.c
Listing '/home/nvidia/robotics-orin/install/arm_controller/lib/python3.9/site-packages/arm_controller'...
Listing '/home/nvidia/robotics-orin/install/arm_controller/lib/python3.9/site-packages/arm_controller/msg'...
-- Up-to-date: /home/nvidia/robotics-orin/install/arm_controller/lib/python3.9/site-packages/arm_controller/arm_controller_s__rosidl_typesupport_fastrtps_c.cpython-311-aarch64-linux-gnu.so
-- Up-to-date: /home/nvidia/robotics-orin/install/arm_controller/lib/python3.9/site-packages/arm_controller/arm_controller_s__rosidl_typesupport_introspection_c.cpython-311-aarch64-linux-gnu.so
-- Up-to-date: /home/nvidia/robotics-orin/install/arm_controller/lib/python3.9/site-packages/arm_controller/arm_controller_s__rosidl_typesupport_c.cpython-311-aarch64-linux-gnu.so
-- Up-to-date: /home/nvidia/robotics-orin/install/arm_controller/lib/libarm_controller__rosidl_generator_py.so
-- Up-to-date: /home/nvidia/robotics-orin/install/arm_controller/share/arm_controller/msg/ArmMotorValues.idl
-- Up-to-date: /home/nvidia/robotics-orin/install/arm_controller/share/arm_controller/msg/ArmMotorValues.msg
-- Up-to-date: /home/nvidia/robotics-orin/install/arm_controller/lib/arm_controller/arm_controller_node
-- Up-to-date: /home/nvidia/robotics-orin/install/arm_controller/share/ament_index/resource_index/package_run_dependencies/arm_controller
-- Up-to-date: /home/nvidia/robotics-orin/install/arm_controller/share/ament_index/resource_index/parent_prefix_path/arm_controller
-- Up-to-date: /home/nvidia/robotics-orin/install/arm_controller/share/arm_controller/environment/ament_prefix_path.sh
-- Up-to-date: /home/nvidia/robotics-orin/install/arm_controller/share/arm_controller/environment/ament_prefix_path.dsv
-- Up-to-date: /home/nvidia/robotics-orin/install/arm_controller/share/arm_controller/environment/path.sh
-- Up-to-date: /home/nvidia/robotics-orin/install/arm_controller/share/arm_controller/environment/path.dsv
-- Up-to-date: /home/nvidia/robotics-orin/install/arm_controller/share/arm_controller/local_setup.bash
-- Up-to-date: /home/nvidia/robotics-orin/install/arm_controller/share/arm_controller/local_setup.sh
-- Up-to-date: /home/nvidia/robotics-orin/install/arm_controller/share/arm_controller/local_setup.zsh
-- Up-to-date: /home/nvidia/robotics-orin/install/arm_controller/share/arm_controller/local_setup.dsv
-- Installing: /home/nvidia/robotics-orin/install/arm_controller/share/arm_controller/package.dsv
-- Up-to-date: /home/nvidia/robotics-orin/install/arm_controller/share/ament_index/resource_index/packages/arm_controller
-- Up-to-date: /home/nvidia/robotics-orin/install/arm_controller/share/arm_controller/cmake/export_arm_controller__rosidl_generator_cExport.cmake
-- Up-to-date: /home/nvidia/robotics-orin/install/arm_controller/share/arm_controller/cmake/export_arm_controller__rosidl_generator_cExport-noconfig.cmake
-- Up-to-date: /home/nvidia/robotics-orin/install/arm_controller/share/arm_controller/cmake/export_arm_controller__rosidl_typesupport_fastrtps_cExport.cmake
-- Up-to-date: /home/nvidia/robotics-orin/install/arm_controller/share/arm_controller/cmake/export_arm_controller__rosidl_typesupport_fastrtps_cExport-noconfig.cmake
-- Up-to-date: /home/nvidia/robotics-orin/install/arm_controller/share/arm_controller/cmake/export_arm_controller__rosidl_generator_cppExport.cmake
-- Up-to-date: /home/nvidia/robotics-orin/install/arm_controller/share/arm_controller/cmake/export_arm_controller__rosidl_typesupport_fastrtps_cppExport.cmake
-- Up-to-date: /home/nvidia/robotics-orin/install/arm_controller/share/arm_controller/cmake/export_arm_controller__rosidl_typesupport_fastrtps_cppExport-noconfig.cmake
-- Up-to-date: /home/nvidia/robotics-orin/install/arm_controller/share/arm_controller/cmake/arm_controller__rosidl_typesupport_introspection_cExport.cmake
-- Up-to-date: /home/nvidia/robotics-orin/install/arm_controller/share/arm_controller/cmake/arm_controller__rosidl_typesupport_introspection_cExport-noconfig.cmake
-- Up-to-date: /home/nvidia/robotics-orin/install/arm_controller/share/arm_controller/cmake/arm_controller__rosidl_typesupport_cExport.cmake
-- Up-to-date: /home/nvidia/robotics-orin/install/arm_controller/share/arm_controller/cmake/arm_controller__rosidl_typesupport_cExport-noconfig.cmake
-- Up-to-date: /home/nvidia/robotics-orin/install/arm_controller/share/arm_controller/cmake/arm_controller__rosidl_typesupport_introspection_cppExport.cmake
-- Up-to-date: /home/nvidia/robotics-orin/install/arm_controller/share/arm_controller/cmake/arm_controller__rosidl_typesupport_introspection_cppExport-noconfig.cmake
-- Up-to-date: /home/nvidia/robotics-orin/install/arm_controller/share/arm_controller/cmake/arm_controller__rosidl_typesupport_cppExport.cmake
-- Up-to-date: /home/nvidia/robotics-orin/install/arm_controller/share/arm_controller/cmake/arm_controller__rosidl_typesupport_cppExport-noconfig.cmake
-- Up-to-date: /home/nvidia/robotics-orin/install/arm_controller/share/arm_controller/cmake/export_arm_controller__rosidl_generator_pyExport.cmake
-- Up-to-date: /home/nvidia/robotics-orin/install/arm_controller/share/arm_controller/cmake/export_arm_controller__rosidl_generator_pyExport-noconfig.cmake
-- Up-to-date: /home/nvidia/robotics-orin/install/arm_controller/share/arm_controller/cmake/rosidl_cmake-extras.cmake
-- Up-to-date: /home/nvidia/robotics-orin/install/arm_controller/share/arm_controller/cmake/ament_cmake_export_include_directories-extras.cmake
-- Up-to-date: /home/nvidia/robotics-orin/install/arm_controller/share/arm_controller/cmake/ament_cmake_export_libraries-extras.cmake
-- Up-to-date: /home/nvidia/robotics-orin/install/arm_controller/share/arm_controller/cmake/ament_cmake_export_targets-extras.cmake
-- Up-to-date: /home/nvidia/robotics-orin/install/arm_controller/share/arm_controller/cmake/rosidl_cmake_export_typesupport_targets-extras.cmake
-- Up-to-date: /home/nvidia/robotics-orin/install/arm_controller/share/arm_controller/cmake/ament_cmake_export_dependencies-extras.cmake
-- Up-to-date: /home/nvidia/robotics-orin/install/arm_controller/share/arm_controller/cmake/rosidl_cmake_export_typesupport_libraries-extras.cmake
-- Up-to-date: /home/nvidia/robotics-orin/install/arm_controller/share/arm_controller/cmake/arm_controllerConfig.cmake
-- Up-to-date: /home/nvidia/robotics-orin/install/arm_controller/share/arm_controller/cmake/arm_controllerConfig-version.cmake
-- Up-to-date: /home/nvidia/robotics-orin/install/arm_controller/share/arm_controller/package.xml
