[0.792s] Invoking command in '/home/nvidia/robotics-orin/build/absenc_interface': CMAKE_PREFIX_PATH=${CMAKE_PREFIX_PATH}:/opt/ros/humble:/home/nvidia/robotics-orin/install/arm_ik CONDA_PROMPT_MODIFIER=(base) /usr/bin/cmake --build /home/nvidia/robotics-orin/build/absenc_interface -- -j6 -l6
[0.894s] [ 11%] Built target absenc_interface__cpp
[0.894s] [ 11%] Built target absenc_interface__rosidl_generator_c
[0.913s] [ 11%] Built target ament_cmake_python_symlink_absenc_interface
[0.937s] [ 20%] Built target absenc_interface__rosidl_typesupport_introspection_c
[0.946s] [ 29%] Built target absenc_interface__rosidl_typesupport_fastrtps_cpp
[0.946s] [ 38%] Built target absenc_interface__rosidl_typesupport_cpp
[0.948s] [ 47%] Built target absenc_interface__rosidl_typesupport_introspection_cpp
[0.958s] [ 55%] Built target absenc_interface__rosidl_typesupport_fastrtps_c
[0.961s] [ 64%] Built target absenc_interface__rosidl_typesupport_c
[1.000s] [ 64%] Built target absenc_interface
[1.021s] [35m[1mScanning dependencies of target absenc_node[0m
[1.043s] [ 67%] Built target absenc_interface__py
[1.090s] [ 76%] [32mBuilding CXX object CMakeFiles/absenc_node.dir/src/absenc_node.cpp.o[0m
[1.091s] [ 76%] Built target absenc_interface__rosidl_generator_py
[1.147s] [ 82%] Built target absenc_interface__rosidl_typesupport_fastrtps_c__pyext
[1.148s] [ 88%] Built target absenc_interface__rosidl_typesupport_c__pyext
[1.154s] [ 94%] Built target absenc_interface__rosidl_typesupport_introspection_c__pyext
[1.512s] running egg_info
[1.514s] writing absenc_interface.egg-info/PKG-INFO
[1.514s] writing dependency_links to absenc_interface.egg-info/dependency_links.txt
[1.514s] writing top-level names to absenc_interface.egg-info/top_level.txt
[1.595s] reading manifest file 'absenc_interface.egg-info/SOURCES.txt'
[1.596s] writing manifest file 'absenc_interface.egg-info/SOURCES.txt'
[1.661s] [ 94%] Built target ament_cmake_python_build_absenc_interface_egg
[5.990s] [01m[K/home/nvidia/robotics-orin/src/absenc_interface/src/absenc_node.cpp:[m[K In member function ‘[01m[Kvoid AbsEnc::ikValuesCallback(sensor_msgs::msg::JointState_<std::allocator<void> >::SharedPtr)[m[K’:
[5.990s] [01m[K/home/nvidia/robotics-orin/src/absenc_interface/src/absenc_node.cpp:104:25:[m[K [01;35m[Kwarning: [m[Kcomparison of integer expressions of different signedness: ‘[01m[Kint[m[K’ and ‘[01m[Kstd::array<float, 4>::size_type[m[K’ {aka ‘[01m[Klong unsigned int[m[K’} [[01;35m[K-Wsign-compare[m[K]
[5.991s]   104 |       for (int i = 0; [01;35m[Ki < std::size(ik_angles)[m[K; i++) {
[5.991s]       |                       [01;35m[K~~^~~~~~~~~~~~~~~~~~~~~~[m[K
[5.991s] [01m[K/home/nvidia/robotics-orin/src/absenc_interface/src/absenc_node.cpp:109:25:[m[K [01;35m[Kwarning: [m[Kcomparison of integer expressions of different signedness: ‘[01m[Kint[m[K’ and ‘[01m[Kstd::array<float, 4>::size_type[m[K’ {aka ‘[01m[Klong unsigned int[m[K’} [[01;35m[K-Wsign-compare[m[K]
[5.991s]   109 |       for (int i = 0; [01;35m[Ki < std::size(ik_angles)[m[K; i++) {
[5.991s]       |                       [01;35m[K~~^~~~~~~~~~~~~~~~~~~~~~[m[K
[19.687s] [ 97%] [32m[1mLinking CXX executable absenc_node[0m
[20.672s] [100%] Built target absenc_node
[20.695s] Invoked command in '/home/nvidia/robotics-orin/build/absenc_interface' returned '0': CMAKE_PREFIX_PATH=${CMAKE_PREFIX_PATH}:/opt/ros/humble:/home/nvidia/robotics-orin/install/arm_ik CONDA_PROMPT_MODIFIER=(base) /usr/bin/cmake --build /home/nvidia/robotics-orin/build/absenc_interface -- -j6 -l6
[20.804s] Invoking command in '/home/nvidia/robotics-orin/build/absenc_interface': CMAKE_PREFIX_PATH=${CMAKE_PREFIX_PATH}:/opt/ros/humble:/home/nvidia/robotics-orin/install/arm_ik CONDA_PROMPT_MODIFIER=(base) /usr/bin/cmake --install /home/nvidia/robotics-orin/build/absenc_interface
[20.820s] -- Install configuration: ""
[20.821s] -- Execute custom install script
[20.821s] -- Up-to-date symlink: /home/nvidia/robotics-orin/install/absenc_interface/share/ament_index/resource_index/rosidl_interfaces/absenc_interface
[20.822s] -- Up-to-date symlink: /home/nvidia/robotics-orin/install/absenc_interface/include/absenc_interface/absenc_interface/msg/detail/encoder_values__functions.h
[20.822s] -- Up-to-date symlink: /home/nvidia/robotics-orin/install/absenc_interface/include/absenc_interface/absenc_interface/msg/detail/encoder_values__struct.h
[20.824s] -- Up-to-date symlink: /home/nvidia/robotics-orin/install/absenc_interface/include/absenc_interface/absenc_interface/msg/detail/encoder_values__type_support.h
[20.824s] -- Up-to-date symlink: /home/nvidia/robotics-orin/install/absenc_interface/include/absenc_interface/absenc_interface/msg/encoder_values.h
[20.824s] -- Up-to-date symlink: /home/nvidia/robotics-orin/install/absenc_interface/include/absenc_interface/absenc_interface/msg/rosidl_generator_c__visibility_control.h
[20.825s] -- Up-to-date symlink: /home/nvidia/robotics-orin/install/absenc_interface/share/absenc_interface/environment/library_path.sh
[20.825s] -- Up-to-date symlink: /home/nvidia/robotics-orin/install/absenc_interface/share/absenc_interface/environment/library_path.dsv
[20.825s] -- Up-to-date symlink: /home/nvidia/robotics-orin/install/absenc_interface/include/absenc_interface/absenc_interface/msg/detail/encoder_values__rosidl_typesupport_fastrtps_c.h
[20.826s] -- Up-to-date symlink: /home/nvidia/robotics-orin/install/absenc_interface/include/absenc_interface/absenc_interface/msg/rosidl_typesupport_fastrtps_c__visibility_control.h
[20.826s] -- Up-to-date symlink: /home/nvidia/robotics-orin/install/absenc_interface/include/absenc_interface/absenc_interface/msg/detail/encoder_values__builder.hpp
[20.826s] -- Up-to-date symlink: /home/nvidia/robotics-orin/install/absenc_interface/include/absenc_interface/absenc_interface/msg/detail/encoder_values__struct.hpp
[20.827s] -- Up-to-date symlink: /home/nvidia/robotics-orin/install/absenc_interface/include/absenc_interface/absenc_interface/msg/detail/encoder_values__traits.hpp
[20.827s] -- Up-to-date symlink: /home/nvidia/robotics-orin/install/absenc_interface/include/absenc_interface/absenc_interface/msg/encoder_values.hpp
[20.828s] -- Up-to-date symlink: /home/nvidia/robotics-orin/install/absenc_interface/include/absenc_interface/absenc_interface/msg/detail/encoder_values__rosidl_typesupport_fastrtps_cpp.hpp
[20.828s] -- Up-to-date symlink: /home/nvidia/robotics-orin/install/absenc_interface/include/absenc_interface/absenc_interface/msg/rosidl_typesupport_fastrtps_cpp__visibility_control.h
[20.828s] -- Up-to-date symlink: /home/nvidia/robotics-orin/install/absenc_interface/include/absenc_interface/absenc_interface/msg/detail/encoder_values__rosidl_typesupport_introspection_c.h
[20.829s] -- Up-to-date symlink: /home/nvidia/robotics-orin/install/absenc_interface/include/absenc_interface/absenc_interface/msg/rosidl_typesupport_introspection_c__visibility_control.h
[20.829s] -- Up-to-date symlink: /home/nvidia/robotics-orin/install/absenc_interface/include/absenc_interface/absenc_interface/msg/detail/encoder_values__rosidl_typesupport_introspection_cpp.hpp
[20.830s] -- Up-to-date symlink: /home/nvidia/robotics-orin/install/absenc_interface/share/absenc_interface/environment/pythonpath.sh
[20.830s] -- Up-to-date symlink: /home/nvidia/robotics-orin/install/absenc_interface/share/absenc_interface/environment/pythonpath.dsv
[20.831s] -- Up-to-date symlink: /home/nvidia/robotics-orin/install/absenc_interface/lib/python3.9/site-packages/absenc_interface-0.0.0-py3.9.egg-info/PKG-INFO
[20.831s] -- Up-to-date symlink: /home/nvidia/robotics-orin/install/absenc_interface/lib/python3.9/site-packages/absenc_interface-0.0.0-py3.9.egg-info/SOURCES.txt
[20.832s] -- Up-to-date symlink: /home/nvidia/robotics-orin/install/absenc_interface/lib/python3.9/site-packages/absenc_interface-0.0.0-py3.9.egg-info/dependency_links.txt
[20.832s] -- Up-to-date symlink: /home/nvidia/robotics-orin/install/absenc_interface/lib/python3.9/site-packages/absenc_interface-0.0.0-py3.9.egg-info/top_level.txt
[20.832s] -- Up-to-date symlink: /home/nvidia/robotics-orin/install/absenc_interface/lib/python3.9/site-packages/absenc_interface/__init__.py
[20.833s] -- Up-to-date symlink: /home/nvidia/robotics-orin/install/absenc_interface/lib/python3.9/site-packages/absenc_interface/_absenc_interface_s.ep.rosidl_typesupport_c.c
[20.833s] -- Up-to-date symlink: /home/nvidia/robotics-orin/install/absenc_interface/lib/python3.9/site-packages/absenc_interface/_absenc_interface_s.ep.rosidl_typesupport_fastrtps_c.c
[20.834s] -- Up-to-date symlink: /home/nvidia/robotics-orin/install/absenc_interface/lib/python3.9/site-packages/absenc_interface/_absenc_interface_s.ep.rosidl_typesupport_introspection_c.c
[20.834s] -- Up-to-date symlink: /home/nvidia/robotics-orin/install/absenc_interface/lib/python3.9/site-packages/absenc_interface/absenc_interface_s__rosidl_typesupport_c.cpython-311-aarch64-linux-gnu.so
[20.834s] -- Up-to-date symlink: /home/nvidia/robotics-orin/install/absenc_interface/lib/python3.9/site-packages/absenc_interface/absenc_interface_s__rosidl_typesupport_fastrtps_c.cpython-311-aarch64-linux-gnu.so
[20.835s] -- Up-to-date symlink: /home/nvidia/robotics-orin/install/absenc_interface/lib/python3.9/site-packages/absenc_interface/absenc_interface_s__rosidl_typesupport_introspection_c.cpython-311-aarch64-linux-gnu.so
[20.835s] -- Up-to-date symlink: /home/nvidia/robotics-orin/install/absenc_interface/lib/python3.9/site-packages/absenc_interface/libabsenc_interface__rosidl_generator_py.so
[20.835s] -- Up-to-date symlink: /home/nvidia/robotics-orin/install/absenc_interface/lib/python3.9/site-packages/absenc_interface/msg/__init__.py
[20.836s] -- Up-to-date symlink: /home/nvidia/robotics-orin/install/absenc_interface/lib/python3.9/site-packages/absenc_interface/msg/_encoder_values.py
[20.836s] -- Up-to-date symlink: /home/nvidia/robotics-orin/install/absenc_interface/lib/python3.9/site-packages/absenc_interface/msg/_encoder_values_s.c
[20.836s] -- Up-to-date symlink: /home/nvidia/robotics-orin/install/absenc_interface/lib/python3.9/site-packages/absenc_interface/absenc_interface_s__rosidl_typesupport_fastrtps_c.cpython-311-aarch64-linux-gnu.so
[20.836s] -- Up-to-date symlink: /home/nvidia/robotics-orin/install/absenc_interface/lib/python3.9/site-packages/absenc_interface/absenc_interface_s__rosidl_typesupport_introspection_c.cpython-311-aarch64-linux-gnu.so
[20.837s] -- Up-to-date symlink: /home/nvidia/robotics-orin/install/absenc_interface/lib/python3.9/site-packages/absenc_interface/absenc_interface_s__rosidl_typesupport_c.cpython-311-aarch64-linux-gnu.so
[20.837s] -- Up-to-date symlink: /home/nvidia/robotics-orin/install/absenc_interface/share/absenc_interface/msg/EncoderValues.idl
[20.838s] -- Up-to-date symlink: /home/nvidia/robotics-orin/install/absenc_interface/share/absenc_interface/msg/EncoderValues.msg
[20.838s] -- Up-to-date symlink: /home/nvidia/robotics-orin/install/absenc_interface/lib/absenc_interface/absenc_node
[20.838s] -- Up-to-date symlink: /home/nvidia/robotics-orin/install/absenc_interface/share/ament_index/resource_index/package_run_dependencies/absenc_interface
[20.839s] -- Up-to-date symlink: /home/nvidia/robotics-orin/install/absenc_interface/share/ament_index/resource_index/parent_prefix_path/absenc_interface
[20.839s] -- Up-to-date symlink: /home/nvidia/robotics-orin/install/absenc_interface/share/absenc_interface/environment/ament_prefix_path.sh
[20.840s] -- Up-to-date symlink: /home/nvidia/robotics-orin/install/absenc_interface/share/absenc_interface/environment/ament_prefix_path.dsv
[20.840s] -- Up-to-date symlink: /home/nvidia/robotics-orin/install/absenc_interface/share/absenc_interface/environment/path.sh
[20.840s] -- Up-to-date symlink: /home/nvidia/robotics-orin/install/absenc_interface/share/absenc_interface/environment/path.dsv
[20.841s] -- Up-to-date symlink: /home/nvidia/robotics-orin/install/absenc_interface/share/absenc_interface/local_setup.bash
[20.841s] -- Up-to-date symlink: /home/nvidia/robotics-orin/install/absenc_interface/share/absenc_interface/local_setup.sh
[20.841s] -- Up-to-date symlink: /home/nvidia/robotics-orin/install/absenc_interface/share/absenc_interface/local_setup.zsh
[20.842s] -- Up-to-date symlink: /home/nvidia/robotics-orin/install/absenc_interface/share/absenc_interface/local_setup.dsv
[20.842s] -- Symlinking: /home/nvidia/robotics-orin/install/absenc_interface/share/absenc_interface/package.dsv
[20.859s] -- Up-to-date symlink: /home/nvidia/robotics-orin/install/absenc_interface/share/ament_index/resource_index/packages/absenc_interface
[20.860s] -- Up-to-date symlink: /home/nvidia/robotics-orin/install/absenc_interface/share/absenc_interface/cmake/rosidl_cmake-extras.cmake
[20.861s] -- Up-to-date symlink: /home/nvidia/robotics-orin/install/absenc_interface/share/absenc_interface/cmake/ament_cmake_export_include_directories-extras.cmake
[20.861s] -- Up-to-date symlink: /home/nvidia/robotics-orin/install/absenc_interface/share/absenc_interface/cmake/ament_cmake_export_libraries-extras.cmake
[20.862s] -- Up-to-date symlink: /home/nvidia/robotics-orin/install/absenc_interface/share/absenc_interface/cmake/ament_cmake_export_targets-extras.cmake
[20.862s] -- Up-to-date symlink: /home/nvidia/robotics-orin/install/absenc_interface/share/absenc_interface/cmake/rosidl_cmake_export_typesupport_targets-extras.cmake
[20.862s] -- Up-to-date symlink: /home/nvidia/robotics-orin/install/absenc_interface/share/absenc_interface/cmake/ament_cmake_export_dependencies-extras.cmake
[20.862s] -- Up-to-date symlink: /home/nvidia/robotics-orin/install/absenc_interface/share/absenc_interface/cmake/rosidl_cmake_export_typesupport_libraries-extras.cmake
[20.862s] -- Up-to-date symlink: /home/nvidia/robotics-orin/install/absenc_interface/share/absenc_interface/cmake/absenc_interfaceConfig.cmake
[20.863s] -- Up-to-date symlink: /home/nvidia/robotics-orin/install/absenc_interface/share/absenc_interface/cmake/absenc_interfaceConfig-version.cmake
[20.863s] -- Up-to-date symlink: /home/nvidia/robotics-orin/install/absenc_interface/share/absenc_interface/package.xml
[20.863s] -- Up-to-date: /home/nvidia/robotics-orin/install/absenc_interface/lib/libabsenc_interface__rosidl_generator_c.so
[20.863s] -- Up-to-date: /home/nvidia/robotics-orin/install/absenc_interface/lib/libabsenc_interface__rosidl_typesupport_fastrtps_c.so
[20.863s] -- Up-to-date: /home/nvidia/robotics-orin/install/absenc_interface/lib/libabsenc_interface__rosidl_typesupport_fastrtps_cpp.so
[20.864s] -- Up-to-date: /home/nvidia/robotics-orin/install/absenc_interface/lib/libabsenc_interface__rosidl_typesupport_introspection_c.so
[20.864s] -- Up-to-date: /home/nvidia/robotics-orin/install/absenc_interface/lib/libabsenc_interface__rosidl_typesupport_c.so
[20.865s] -- Up-to-date: /home/nvidia/robotics-orin/install/absenc_interface/lib/libabsenc_interface__rosidl_typesupport_introspection_cpp.so
[20.865s] -- Up-to-date: /home/nvidia/robotics-orin/install/absenc_interface/lib/libabsenc_interface__rosidl_typesupport_cpp.so
[20.925s] Listing '/home/nvidia/robotics-orin/install/absenc_interface/lib/python3.9/site-packages/absenc_interface'...
[20.925s] Listing '/home/nvidia/robotics-orin/install/absenc_interface/lib/python3.9/site-packages/absenc_interface/msg'...
[20.936s] -- Up-to-date: /home/nvidia/robotics-orin/install/absenc_interface/lib/libabsenc_interface__rosidl_generator_py.so
[20.936s] -- Up-to-date: /home/nvidia/robotics-orin/install/absenc_interface/share/absenc_interface/cmake/export_absenc_interface__rosidl_generator_cExport.cmake
[20.936s] -- Up-to-date: /home/nvidia/robotics-orin/install/absenc_interface/share/absenc_interface/cmake/export_absenc_interface__rosidl_generator_cExport-noconfig.cmake
[20.937s] -- Up-to-date: /home/nvidia/robotics-orin/install/absenc_interface/share/absenc_interface/cmake/export_absenc_interface__rosidl_typesupport_fastrtps_cExport.cmake
[20.937s] -- Up-to-date: /home/nvidia/robotics-orin/install/absenc_interface/share/absenc_interface/cmake/export_absenc_interface__rosidl_typesupport_fastrtps_cExport-noconfig.cmake
[20.937s] -- Up-to-date: /home/nvidia/robotics-orin/install/absenc_interface/share/absenc_interface/cmake/export_absenc_interface__rosidl_generator_cppExport.cmake
[20.937s] -- Up-to-date: /home/nvidia/robotics-orin/install/absenc_interface/share/absenc_interface/cmake/export_absenc_interface__rosidl_typesupport_fastrtps_cppExport.cmake
[20.937s] -- Up-to-date: /home/nvidia/robotics-orin/install/absenc_interface/share/absenc_interface/cmake/export_absenc_interface__rosidl_typesupport_fastrtps_cppExport-noconfig.cmake
[20.937s] -- Up-to-date: /home/nvidia/robotics-orin/install/absenc_interface/share/absenc_interface/cmake/absenc_interface__rosidl_typesupport_introspection_cExport.cmake
[20.938s] -- Up-to-date: /home/nvidia/robotics-orin/install/absenc_interface/share/absenc_interface/cmake/absenc_interface__rosidl_typesupport_introspection_cExport-noconfig.cmake
[20.938s] -- Up-to-date: /home/nvidia/robotics-orin/install/absenc_interface/share/absenc_interface/cmake/absenc_interface__rosidl_typesupport_cExport.cmake
[20.938s] -- Up-to-date: /home/nvidia/robotics-orin/install/absenc_interface/share/absenc_interface/cmake/absenc_interface__rosidl_typesupport_cExport-noconfig.cmake
[20.938s] -- Up-to-date: /home/nvidia/robotics-orin/install/absenc_interface/share/absenc_interface/cmake/absenc_interface__rosidl_typesupport_introspection_cppExport.cmake
[20.938s] -- Up-to-date: /home/nvidia/robotics-orin/install/absenc_interface/share/absenc_interface/cmake/absenc_interface__rosidl_typesupport_introspection_cppExport-noconfig.cmake
[20.938s] -- Up-to-date: /home/nvidia/robotics-orin/install/absenc_interface/share/absenc_interface/cmake/absenc_interface__rosidl_typesupport_cppExport.cmake
[20.939s] -- Up-to-date: /home/nvidia/robotics-orin/install/absenc_interface/share/absenc_interface/cmake/absenc_interface__rosidl_typesupport_cppExport-noconfig.cmake
[20.939s] -- Up-to-date: /home/nvidia/robotics-orin/install/absenc_interface/share/absenc_interface/cmake/export_absenc_interface__rosidl_generator_pyExport.cmake
[20.939s] -- Up-to-date: /home/nvidia/robotics-orin/install/absenc_interface/share/absenc_interface/cmake/export_absenc_interface__rosidl_generator_pyExport-noconfig.cmake
[20.944s] Invoked command in '/home/nvidia/robotics-orin/build/absenc_interface' returned '0': CMAKE_PREFIX_PATH=${CMAKE_PREFIX_PATH}:/opt/ros/humble:/home/nvidia/robotics-orin/install/arm_ik CONDA_PROMPT_MODIFIER=(base) /usr/bin/cmake --install /home/nvidia/robotics-orin/build/absenc_interface
