[1.966s] Invoking command in '/home/nvidia/robotics-orin/build/absenc_interface': CMAKE_PREFIX_PATH=/opt/ros/foxy CONDA_PROMPT_MODIFIER=(base) /usr/bin/cmake /home/nvidia/robotics-orin/src/absenc_interface -DAMENT_CMAKE_SYMLINK_INSTALL=1 -DCMAKE_INSTALL_PREFIX=/home/nvidia/robotics-orin/install/absenc_interface
[2.012s] -- Found ament_cmake: 0.9.12 (/opt/ros/foxy/share/ament_cmake/cmake)
[2.054s] -- Found PythonInterp: /home/nvidia/anaconda3/bin/python3 (found suitable version "3.11.5", minimum required is "3") 
[2.054s] -- Using PYTHON_EXECUTABLE: /home/nvidia/anaconda3/bin/python3
[2.516s] -- Override CMake install command with custom implementation using symlinks instead of copying resources
[2.539s] -- Found rclcpp: 2.4.3 (/opt/ros/foxy/share/rclcpp/cmake)
[2.596s] -- Using all available rosidl_typesupport_c: rosidl_typesupport_fastrtps_c;rosidl_typesupport_introspection_c
[2.600s] -- Found rosidl_adapter: 1.3.1 (/opt/ros/foxy/share/rosidl_adapter/cmake)
[2.800s] -- Using all available rosidl_typesupport_cpp: rosidl_typesupport_fastrtps_cpp;rosidl_typesupport_introspection_cpp
[2.869s] -- Found rmw_implementation_cmake: 1.0.4 (/opt/ros/foxy/share/rmw_implementation_cmake/cmake)
[2.871s] -- Using RMW implementation 'rmw_fastrtps_cpp' as default
[3.067s] -- Found sensor_msgs: 2.0.5 (/opt/ros/foxy/share/sensor_msgs/cmake)
[3.225s] -- Found rosidl_default_generators: 1.0.1 (/opt/ros/foxy/share/rosidl_default_generators/cmake)
[3.281s] -- Found PythonInterp: /home/nvidia/anaconda3/bin/python3 (found version "3.11.5") 
[3.374s] CMake Error at /opt/ros/foxy/share/rosidl_adapter/cmake/rosidl_adapt_interfaces.cmake:60 (message):
[3.375s]   execute_process(/home/nvidia/anaconda3/bin/python3 -m rosidl_adapter
[3.375s]   --package-name absenc_interface --arguments-file
[3.376s]   /home/nvidia/robotics-orin/build/absenc_interface/rosidl_adapter__arguments__absenc_interface.json
[3.376s]   --output-dir
[3.376s]   /home/nvidia/robotics-orin/build/absenc_interface/rosidl_adapter/absenc_interface
[3.377s]   --output-file
[3.377s]   /home/nvidia/robotics-orin/build/absenc_interface/rosidl_adapter/absenc_interface.idls)
[3.378s]   returned error code 1:
[3.378s] 
[3.378s]   Traceback (most recent call last):
[3.379s] 
[3.379s]     File "<frozen runpy>", line 198, in _run_module_as_main
[3.380s]     File "<frozen runpy>", line 88, in _run_code
[3.380s]     File "/opt/ros/foxy/lib/python3.8/site-packages/rosidl_adapter/__main__.py", line 19, in <module>
[3.381s]       sys.exit(main())
[3.381s]                ^^^^^^
[3.382s]     File "/opt/ros/foxy/lib/python3.8/site-packages/rosidl_adapter/main.py", line 53, in main
[3.382s]       abs_idl_file = convert_to_idl(
[3.383s]                      ^^^^^^^^^^^^^^^
[3.383s]     File "/opt/ros/foxy/lib/python3.8/site-packages/rosidl_adapter/__init__.py", line 18, in convert_to_idl
[3.384s]       from rosidl_adapter.msg import convert_msg_to_idl
[3.384s]     File "/opt/ros/foxy/lib/python3.8/site-packages/rosidl_adapter/msg/__init__.py", line 16, in <module>
[3.384s]       from rosidl_adapter.resource import expand_template
[3.385s]     File "/opt/ros/foxy/lib/python3.8/site-packages/rosidl_adapter/resource/__init__.py", line 19, in <module>
[3.385s]       import em
[3.386s] 
[3.386s]   ModuleNotFoundError: No module named 'em'
[3.387s] 
[3.387s] Call Stack (most recent call first):
[3.387s]   /opt/ros/foxy/share/rosidl_cmake/cmake/rosidl_generate_interfaces.cmake:130 (rosidl_adapt_interfaces)
[3.388s]   CMakeLists.txt:18 (rosidl_generate_interfaces)
[3.388s] 
[3.389s] 
[3.389s] -- Configuring incomplete, errors occurred!
[3.389s] See also "/home/nvidia/robotics-orin/build/absenc_interface/CMakeFiles/CMakeOutput.log".
[3.390s] See also "/home/nvidia/robotics-orin/build/absenc_interface/CMakeFiles/CMakeError.log".
