[0.670s] Invoking command in '/home/nvidia/robotics-orin/build/arm_controller': CMAKE_PREFIX_PATH=${CMAKE_PREFIX_PATH}:/opt/ros/foxy CONDA_PROMPT_MODIFIER=(base) /usr/bin/cmake --build /home/nvidia/robotics-orin/build/arm_controller -- -j6 -l6
[0.766s] [  9%] Built target arm_controller__cpp
[0.767s] [ 12%] Built target arm_controller__rosidl_generator_c
[0.802s] [ 30%] Built target arm_controller__rosidl_typesupport_c
[0.803s] [ 30%] Built target arm_controller__rosidl_typesupport_introspection_c
[0.843s] [ 48%] Built target arm_controller__rosidl_typesupport_cpp
[0.844s] [ 48%] Built target arm_controller__rosidl_typesupport_introspection_cpp
[0.849s] [ 57%] Built target arm_controller__rosidl_typesupport_fastrtps_cpp
[0.891s] [ 66%] Built target arm_controller__rosidl_typesupport_fastrtps_c
[0.929s] [ 66%] Built target arm_controller
[0.950s] [35m[1mScanning dependencies of target arm_controller_node[0m
[0.966s] [ 69%] Built target arm_controller__py
[0.994s] [ 72%] [32mBuilding CXX object CMakeFiles/arm_controller_node.dir/src/arm_controller_node.cpp.o[0m
[1.009s] [ 78%] Built target arm_controller__python
[1.059s] [ 96%] Built target arm_controller__rosidl_typesupport_fastrtps_c__pyext
[1.059s] [ 96%] Built target arm_controller__rosidl_typesupport_introspection_c__pyext
[1.059s] [ 87%] Built target arm_controller__rosidl_typesupport_c__pyext
[3.798s] In file included from [01m[K/home/nvidia/robotics-orin/src/arm_controller/src/arm_controller_node.cpp:2[m[K:
[3.798s] [01m[K/home/nvidia/robotics-orin/src/arm_controller/src/arm_controller_node.cpp:[m[K In member function ‘[01m[Kvoid ArmControllerNode::ArmMessageCallback(arm_controller::msg::ArmMotorValues_<std::allocator<void> >::SharedPtr)[m[K’:
[3.798s] [01m[K/home/nvidia/robotics-orin/src/arm_controller/src/arm_controller_node.cpp:57:34:[m[K [01;31m[Kerror: [m[K‘[01m[Kspeed[m[K’ was not declared in this scope; did you mean ‘[01m[Kspeeds[m[K’?
[3.798s]    57 |         float swapped = bswap_32([01;31m[Kspeed[m[K[i]);
[3.798s]       |                                  [01;31m[K^~~~~[m[K
[3.799s] [01m[K/home/nvidia/robotics-orin/src/arm_controller/src/arm_controller_node.cpp:55:11:[m[K [01;35m[Kwarning: [m[Kunused variable ‘[01m[Kspeeds[m[K’ [[01;35m[K-Wunused-variable[m[K]
[3.799s]    55 |     float [01;35m[Kspeeds[m[K [6]= {msg->val[0],msg->val[1],msg->val[2],msg->val[3],0,0};
[3.799s]       |           [01;35m[K^~~~~~[m[K
[3.799s] [01m[K/home/nvidia/robotics-orin/src/arm_controller/src/arm_controller_node.cpp:62:9:[m[K [01;35m[Kwarning: [m[Kunused variable ‘[01m[Kstatus[m[K’ [[01;35m[K-Wunused-variable[m[K]
[3.799s]    62 |     int [01;35m[Kstatus[m[K = write(fd,out_buf,sizeof(out_buf));
[3.799s]       |         [01;35m[K^~~~~~[m[K
[3.804s] [01m[K/home/nvidia/robotics-orin/src/arm_controller/src/arm_controller_node.cpp:[m[K In member function ‘[01m[Kvoid ArmControllerNode::JoyMessageCallback(sensor_msgs::msg::Joy_<std::allocator<void> >::SharedPtr)[m[K’:
[3.804s] [01m[K/home/nvidia/robotics-orin/src/arm_controller/src/arm_controller_node.cpp:109:9:[m[K [01;35m[Kwarning: [m[Kunused variable ‘[01m[Kstatus[m[K’ [[01;35m[K-Wunused-variable[m[K]
[3.804s]   109 |     int [01;35m[Kstatus[m[K = write(fd,out_buf,sizeof(out_buf));
[3.804s]       |         [01;35m[K^~~~~~[m[K
[8.247s] make[2]: *** [CMakeFiles/arm_controller_node.dir/build.make:63: CMakeFiles/arm_controller_node.dir/src/arm_controller_node.cpp.o] Error 1
[8.247s] make[1]: *** [CMakeFiles/Makefile2:124: CMakeFiles/arm_controller_node.dir/all] Error 2
[8.247s] make: *** [Makefile:141: all] Error 2
[8.252s] Invoked command in '/home/nvidia/robotics-orin/build/arm_controller' returned '2': CMAKE_PREFIX_PATH=${CMAKE_PREFIX_PATH}:/opt/ros/foxy CONDA_PROMPT_MODIFIER=(base) /usr/bin/cmake --build /home/nvidia/robotics-orin/build/arm_controller -- -j6 -l6
