[0.523s] Invoking command in '/home/nvidia/robotics-orin/build/sil': CMAKE_PREFIX_PATH=/opt/ros/foxy CONDA_PROMPT_MODIFIER=(base) /usr/bin/cmake --build /home/nvidia/robotics-orin/build/sil -- -j6 -l6
[0.625s] [100%] Built target talker
[0.646s] Invoked command in '/home/nvidia/robotics-orin/build/sil' returned '0': CMAKE_PREFIX_PATH=/opt/ros/foxy CONDA_PROMPT_MODIFIER=(base) /usr/bin/cmake --build /home/nvidia/robotics-orin/build/sil -- -j6 -l6
[0.708s] Invoking command in '/home/nvidia/robotics-orin/build/sil': CMAKE_PREFIX_PATH=/opt/ros/foxy CONDA_PROMPT_MODIFIER=(base) /usr/bin/cmake --install /home/nvidia/robotics-orin/build/sil
[0.723s] -- Install configuration: ""
[0.723s] -- Execute custom install script
[0.724s] -- Up-to-date symlink: /home/nvidia/robotics-orin/install/sil/lib/sil/talker
[0.724s] -- Up-to-date symlink: /home/nvidia/robotics-orin/install/sil/share/ament_index/resource_index/package_run_dependencies/sil
[0.724s] -- Up-to-date symlink: /home/nvidia/robotics-orin/install/sil/share/ament_index/resource_index/parent_prefix_path/sil
[0.725s] -- Up-to-date symlink: /home/nvidia/robotics-orin/install/sil/share/sil/environment/ament_prefix_path.sh
[0.725s] -- Up-to-date symlink: /home/nvidia/robotics-orin/install/sil/share/sil/environment/ament_prefix_path.dsv
[0.726s] -- Up-to-date symlink: /home/nvidia/robotics-orin/install/sil/share/sil/environment/path.sh
[0.726s] -- Up-to-date symlink: /home/nvidia/robotics-orin/install/sil/share/sil/environment/path.dsv
[0.726s] -- Up-to-date symlink: /home/nvidia/robotics-orin/install/sil/share/sil/local_setup.bash
[0.727s] -- Up-to-date symlink: /home/nvidia/robotics-orin/install/sil/share/sil/local_setup.sh
[0.727s] -- Up-to-date symlink: /home/nvidia/robotics-orin/install/sil/share/sil/local_setup.zsh
[0.727s] -- Up-to-date symlink: /home/nvidia/robotics-orin/install/sil/share/sil/local_setup.dsv
[0.727s] -- Symlinking: /home/nvidia/robotics-orin/install/sil/share/sil/package.dsv
[0.744s] -- Up-to-date symlink: /home/nvidia/robotics-orin/install/sil/share/ament_index/resource_index/packages/sil
[0.744s] -- Up-to-date symlink: /home/nvidia/robotics-orin/install/sil/share/sil/cmake/silConfig.cmake
[0.744s] -- Up-to-date symlink: /home/nvidia/robotics-orin/install/sil/share/sil/cmake/silConfig-version.cmake
[0.744s] -- Up-to-date symlink: /home/nvidia/robotics-orin/install/sil/share/sil/package.xml
[0.748s] Invoked command in '/home/nvidia/robotics-orin/build/sil' returned '0': CMAKE_PREFIX_PATH=/opt/ros/foxy CONDA_PROMPT_MODIFIER=(base) /usr/bin/cmake --install /home/nvidia/robotics-orin/build/sil
