[0.479s] Invoking command in '/home/nvidia/robotics-orin/build/wheels_controller': CMAKE_PREFIX_PATH=${CMAKE_PREFIX_PATH}:/opt/ros/foxy:/home/nvidia/ros2_humble/install/ament_uncrustify:/home/nvidia/ros2_humble/install/tracetools_trace:/home/nvidia/ros2_humble/install/tracetools_read:/home/nvidia/ros2_humble/install/sensor_msgs_py:/home/nvidia/ros2_humble/install/rpyutils:/home/nvidia/ros2_humble/install/rosidl_runtime_py:/home/nvidia/ros2_humble/install/rosidl_cli:/home/nvidia/ros2_humble/install/launch_pytest:/home/nvidia/ros2_humble/install/launch_testing:/home/nvidia/ros2_humble/install/launch_yaml:/home/nvidia/ros2_humble/install/launch_xml:/home/nvidia/ros2_humble/install/launch:/home/nvidia/ros2_humble/install/osrf_pycommon:/home/nvidia/ros2_humble/install/domain_coordinator:/home/nvidia/ros2_humble/install/ament_xmllint:/home/nvidia/ros2_humble/install/ament_pyflakes:/home/nvidia/ros2_humble/install/ament_pycodestyle:/home/nvidia/ros2_humble/install/ament_pep257:/home/nvidia/ros2_humble/install/ament_pclint:/home/nvidia/ros2_humble/install/ament_package:/home/nvidia/ros2_humble/install/ament_mypy:/home/nvidia/ros2_humble/install/ament_lint_cmake:/home/nvidia/ros2_humble/install/ament_flake8:/home/nvidia/ros2_humble/install/ament_copyright:/home/nvidia/ros2_humble/install/ament_lint:/home/nvidia/ros2_humble/install/ament_index_python:/home/nvidia/ros2_humble/install/ament_cpplint:/home/nvidia/ros2_humble/install/ament_cppcheck:/home/nvidia/ros2_humble/install/ament_clang_tidy:/home/nvidia/ros2_humble/install/ament_clang_format CONDA_PROMPT_MODIFIER=(base) /usr/bin/cmake /home/nvidia/robotics-orin/src/wheels_controller -DAMENT_CMAKE_SYMLINK_INSTALL=1 -DCMAKE_INSTALL_PREFIX=/home/nvidia/robotics-orin/install/wheels_controller
[0.612s] -- The C compiler identification is GNU 9.4.0
[0.752s] -- The CXX compiler identification is GNU 9.4.0
[0.775s] -- Check for working C compiler: /usr/bin/cc
[0.929s] -- Check for working C compiler: /usr/bin/cc -- works
[0.930s] -- Detecting C compiler ABI info
[1.092s] -- Detecting C compiler ABI info - done
[1.107s] -- Detecting C compile features
[1.107s] -- Detecting C compile features - done
[1.111s] -- Check for working CXX compiler: /usr/bin/c++
[1.281s] -- Check for working CXX compiler: /usr/bin/c++ -- works
[1.283s] -- Detecting CXX compiler ABI info
[1.455s] -- Detecting CXX compiler ABI info - done
[1.475s] -- Detecting CXX compile features
[1.475s] -- Detecting CXX compile features - done
[1.480s] -- Found ament_cmake: 0.9.12 (/opt/ros/foxy/share/ament_cmake/cmake)
[1.542s] -- Found PythonInterp: /home/nvidia/anaconda3/bin/python3 (found suitable version "3.11.5", minimum required is "3") 
[1.542s] -- Using PYTHON_EXECUTABLE: /home/nvidia/anaconda3/bin/python3
[1.947s] -- Override CMake install command with custom implementation using symlinks instead of copying resources
[1.986s] -- Found rclcpp: 2.4.3 (/opt/ros/foxy/share/rclcpp/cmake)
[2.087s] -- Using all available rosidl_typesupport_c: rosidl_typesupport_fastrtps_c;rosidl_typesupport_introspection_c
[2.097s] -- Found rosidl_adapter: 1.3.1 (/opt/ros/foxy/share/rosidl_adapter/cmake)
[2.321s] -- Found OpenSSL: /usr/lib/aarch64-linux-gnu/libcrypto.so (found version "1.1.1f")  
[2.380s] -- Found FastRTPS: /opt/ros/foxy/include  
[2.529s] -- Using all available rosidl_typesupport_cpp: rosidl_typesupport_fastrtps_cpp;rosidl_typesupport_introspection_cpp
[2.626s] -- Found rmw_implementation_cmake: 1.0.4 (/opt/ros/foxy/share/rmw_implementation_cmake/cmake)
[2.646s] -- Using RMW implementation 'rmw_fastrtps_cpp' as default
[2.648s] -- Looking for pthread.h
[2.813s] -- Looking for pthread.h - found
[2.813s] -- Performing Test CMAKE_HAVE_LIBC_PTHREAD
[2.974s] -- Performing Test CMAKE_HAVE_LIBC_PTHREAD - Failed
[2.977s] -- Looking for pthread_create in pthreads
[3.119s] -- Looking for pthread_create in pthreads - not found
[3.119s] -- Looking for pthread_create in pthread
[3.297s] -- Looking for pthread_create in pthread - found
[3.300s] -- Found Threads: TRUE  
[3.531s] -- Found geometry_msgs: 2.0.5 (/opt/ros/foxy/share/geometry_msgs/cmake)
[3.584s] -- Found sensor_msgs: 2.0.5 (/opt/ros/foxy/share/sensor_msgs/cmake)
[3.690s] -- Found rosidl_default_generators: 1.0.1 (/opt/ros/foxy/share/rosidl_default_generators/cmake)
[3.821s] Traceback (most recent call last):
[3.821s]   File "/opt/ros/foxy/share/ament_cmake_core/cmake/core/package_xml_2_cmake.py", line 21, in <module>
[3.821s]     from catkin_pkg.package import parse_package_string
[3.821s] ModuleNotFoundError: No module named 'catkin_pkg'
[3.829s] CMake Error at /opt/ros/foxy/share/ament_cmake_core/cmake/core/ament_package_xml.cmake:94 (message):
[3.829s]   execute_process(/home/nvidia/anaconda3/bin/python3
[3.829s]   /opt/ros/foxy/share/ament_cmake_core/cmake/core/package_xml_2_cmake.py
[3.829s]   /home/nvidia/robotics-orin/src/wheels_controller/package.xml
[3.830s]   /home/nvidia/robotics-orin/build/wheels_controller/ament_cmake_core/package.cmake)
[3.830s]   returned error code 1
[3.830s] Call Stack (most recent call first):
[3.830s]   /opt/ros/foxy/share/ament_cmake_core/cmake/core/ament_package_xml.cmake:49 (_ament_package_xml)
[3.830s]   /opt/ros/foxy/share/ament_cmake_core/cmake/core/ament_package.cmake:63 (ament_package_xml)
[3.830s]   CMakeLists.txt:42 (ament_package)
[3.830s] 
[3.830s] 
[3.833s] -- Configuring incomplete, errors occurred!
[3.833s] See also "/home/nvidia/robotics-orin/build/wheels_controller/CMakeFiles/CMakeOutput.log".
[3.834s] See also "/home/nvidia/robotics-orin/build/wheels_controller/CMakeFiles/CMakeError.log".
