[0.581s] Invoking command in '/home/nvidia/robotics-orin/build/arm_controller': CMAKE_PREFIX_PATH=/opt/ros/humble CONDA_PROMPT_MODIFIER=(base) /usr/bin/cmake --build /home/nvidia/robotics-orin/build/arm_controller -- -j6 -l6
[0.675s] [  9%] Built target arm_controller__cpp
[0.675s] [ 12%] Built target arm_controller__rosidl_generator_c
[0.701s] [ 12%] Built target ament_cmake_python_copy_arm_controller
[0.712s] [ 48%] Built target arm_controller__rosidl_typesupport_cpp
[0.712s] [ 48%] Built target arm_controller__rosidl_typesupport_fastrtps_cpp
[0.712s] [ 48%] Built target arm_controller__rosidl_typesupport_introspection_cpp
[0.712s] [ 48%] Built target arm_controller__rosidl_typesupport_introspection_c
[0.723s] [ 57%] Built target arm_controller__rosidl_typesupport_c
[0.744s] [ 66%] Built target arm_controller__rosidl_typesupport_fastrtps_c
[0.779s] [ 66%] Built target arm_controller
[0.817s] [ 69%] Built target arm_controller__py
[0.841s] [ 75%] Built target arm_controller_node
[0.860s] [ 81%] Built target arm_controller__rosidl_generator_py
[0.902s] [100%] Built target arm_controller__rosidl_typesupport_introspection_c__pyext
[0.902s] [100%] Built target arm_controller__rosidl_typesupport_fastrtps_c__pyext
[0.902s] [100%] Built target arm_controller__rosidl_typesupport_c__pyext
[1.268s] running egg_info
[1.269s] writing arm_controller.egg-info/PKG-INFO
[1.269s] writing dependency_links to arm_controller.egg-info/dependency_links.txt
[1.269s] writing top-level names to arm_controller.egg-info/top_level.txt
[1.352s] reading manifest file 'arm_controller.egg-info/SOURCES.txt'
[1.353s] writing manifest file 'arm_controller.egg-info/SOURCES.txt'
[1.414s] [100%] Built target ament_cmake_python_build_arm_controller_egg
[1.436s] Invoked command in '/home/nvidia/robotics-orin/build/arm_controller' returned '0': CMAKE_PREFIX_PATH=/opt/ros/humble CONDA_PROMPT_MODIFIER=(base) /usr/bin/cmake --build /home/nvidia/robotics-orin/build/arm_controller -- -j6 -l6
[1.536s] Invoking command in '/home/nvidia/robotics-orin/build/arm_controller': CMAKE_PREFIX_PATH=/opt/ros/humble CONDA_PROMPT_MODIFIER=(base) /usr/bin/cmake --install /home/nvidia/robotics-orin/build/arm_controller
[1.553s] -- Install configuration: ""
[1.553s] -- Up-to-date: /home/nvidia/robotics-orin/install/arm_controller/share/ament_index/resource_index/rosidl_interfaces/arm_controller
[1.553s] -- Up-to-date: /home/nvidia/robotics-orin/install/arm_controller/include/arm_controller/arm_controller
[1.554s] -- Up-to-date: /home/nvidia/robotics-orin/install/arm_controller/include/arm_controller/arm_controller/msg
[1.554s] -- Up-to-date: /home/nvidia/robotics-orin/install/arm_controller/include/arm_controller/arm_controller/msg/arm_motor_values.h
[1.554s] -- Up-to-date: /home/nvidia/robotics-orin/install/arm_controller/include/arm_controller/arm_controller/msg/detail
[1.554s] -- Up-to-date: /home/nvidia/robotics-orin/install/arm_controller/include/arm_controller/arm_controller/msg/detail/arm_motor_values__functions.h
[1.554s] -- Up-to-date: /home/nvidia/robotics-orin/install/arm_controller/include/arm_controller/arm_controller/msg/detail/arm_motor_values__functions.c
[1.554s] -- Up-to-date: /home/nvidia/robotics-orin/install/arm_controller/include/arm_controller/arm_controller/msg/detail/arm_motor_values__struct.h
[1.554s] -- Up-to-date: /home/nvidia/robotics-orin/install/arm_controller/include/arm_controller/arm_controller/msg/detail/arm_motor_values__type_support.h
[1.554s] -- Up-to-date: /home/nvidia/robotics-orin/install/arm_controller/include/arm_controller/arm_controller/msg/rosidl_generator_c__visibility_control.h
[1.555s] -- Up-to-date: /home/nvidia/robotics-orin/install/arm_controller/share/arm_controller/environment/library_path.sh
[1.555s] -- Up-to-date: /home/nvidia/robotics-orin/install/arm_controller/share/arm_controller/environment/library_path.dsv
[1.555s] -- Up-to-date: /home/nvidia/robotics-orin/install/arm_controller/lib/libarm_controller__rosidl_generator_c.so
[1.555s] -- Up-to-date: /home/nvidia/robotics-orin/install/arm_controller/include/arm_controller/arm_controller
[1.555s] -- Up-to-date: /home/nvidia/robotics-orin/install/arm_controller/include/arm_controller/arm_controller/msg
[1.555s] -- Up-to-date: /home/nvidia/robotics-orin/install/arm_controller/include/arm_controller/arm_controller/msg/rosidl_typesupport_fastrtps_c__visibility_control.h
[1.555s] -- Up-to-date: /home/nvidia/robotics-orin/install/arm_controller/include/arm_controller/arm_controller/msg/detail
[1.555s] -- Up-to-date: /home/nvidia/robotics-orin/install/arm_controller/include/arm_controller/arm_controller/msg/detail/arm_motor_values__rosidl_typesupport_fastrtps_c.h
[1.556s] -- Up-to-date: /home/nvidia/robotics-orin/install/arm_controller/lib/libarm_controller__rosidl_typesupport_fastrtps_c.so
[1.556s] -- Up-to-date: /home/nvidia/robotics-orin/install/arm_controller/include/arm_controller/arm_controller
[1.556s] -- Up-to-date: /home/nvidia/robotics-orin/install/arm_controller/include/arm_controller/arm_controller/msg
[1.556s] -- Up-to-date: /home/nvidia/robotics-orin/install/arm_controller/include/arm_controller/arm_controller/msg/arm_motor_values.hpp
[1.556s] -- Up-to-date: /home/nvidia/robotics-orin/install/arm_controller/include/arm_controller/arm_controller/msg/detail
[1.556s] -- Up-to-date: /home/nvidia/robotics-orin/install/arm_controller/include/arm_controller/arm_controller/msg/detail/arm_motor_values__traits.hpp
[1.556s] -- Up-to-date: /home/nvidia/robotics-orin/install/arm_controller/include/arm_controller/arm_controller/msg/detail/arm_motor_values__struct.hpp
[1.557s] -- Up-to-date: /home/nvidia/robotics-orin/install/arm_controller/include/arm_controller/arm_controller/msg/detail/arm_motor_values__builder.hpp
[1.557s] -- Up-to-date: /home/nvidia/robotics-orin/install/arm_controller/include/arm_controller/arm_controller
[1.557s] -- Up-to-date: /home/nvidia/robotics-orin/install/arm_controller/include/arm_controller/arm_controller/msg
[1.557s] -- Up-to-date: /home/nvidia/robotics-orin/install/arm_controller/include/arm_controller/arm_controller/msg/rosidl_typesupport_fastrtps_cpp__visibility_control.h
[1.557s] -- Up-to-date: /home/nvidia/robotics-orin/install/arm_controller/include/arm_controller/arm_controller/msg/detail
[1.557s] -- Up-to-date: /home/nvidia/robotics-orin/install/arm_controller/include/arm_controller/arm_controller/msg/detail/arm_motor_values__rosidl_typesupport_fastrtps_cpp.hpp
[1.557s] -- Up-to-date: /home/nvidia/robotics-orin/install/arm_controller/include/arm_controller/arm_controller/msg/detail/dds_fastrtps
[1.557s] -- Up-to-date: /home/nvidia/robotics-orin/install/arm_controller/lib/libarm_controller__rosidl_typesupport_fastrtps_cpp.so
[1.558s] -- Up-to-date: /home/nvidia/robotics-orin/install/arm_controller/include/arm_controller/arm_controller
[1.558s] -- Up-to-date: /home/nvidia/robotics-orin/install/arm_controller/include/arm_controller/arm_controller/msg
[1.558s] -- Up-to-date: /home/nvidia/robotics-orin/install/arm_controller/include/arm_controller/arm_controller/msg/rosidl_typesupport_introspection_c__visibility_control.h
[1.558s] -- Up-to-date: /home/nvidia/robotics-orin/install/arm_controller/include/arm_controller/arm_controller/msg/detail
[1.558s] -- Up-to-date: /home/nvidia/robotics-orin/install/arm_controller/include/arm_controller/arm_controller/msg/detail/arm_motor_values__rosidl_typesupport_introspection_c.h
[1.558s] -- Up-to-date: /home/nvidia/robotics-orin/install/arm_controller/include/arm_controller/arm_controller/msg/detail/arm_motor_values__type_support.c
[1.558s] -- Up-to-date: /home/nvidia/robotics-orin/install/arm_controller/lib/libarm_controller__rosidl_typesupport_introspection_c.so
[1.558s] -- Up-to-date: /home/nvidia/robotics-orin/install/arm_controller/lib/libarm_controller__rosidl_typesupport_c.so
[1.559s] -- Up-to-date: /home/nvidia/robotics-orin/install/arm_controller/include/arm_controller/arm_controller
[1.559s] -- Up-to-date: /home/nvidia/robotics-orin/install/arm_controller/include/arm_controller/arm_controller/msg
[1.559s] -- Up-to-date: /home/nvidia/robotics-orin/install/arm_controller/include/arm_controller/arm_controller/msg/detail
[1.559s] -- Up-to-date: /home/nvidia/robotics-orin/install/arm_controller/include/arm_controller/arm_controller/msg/detail/arm_motor_values__rosidl_typesupport_introspection_cpp.hpp
[1.559s] -- Up-to-date: /home/nvidia/robotics-orin/install/arm_controller/include/arm_controller/arm_controller/msg/detail/arm_motor_values__type_support.cpp
[1.559s] -- Up-to-date: /home/nvidia/robotics-orin/install/arm_controller/lib/libarm_controller__rosidl_typesupport_introspection_cpp.so
[1.559s] -- Up-to-date: /home/nvidia/robotics-orin/install/arm_controller/lib/libarm_controller__rosidl_typesupport_cpp.so
[1.560s] -- Up-to-date: /home/nvidia/robotics-orin/install/arm_controller/share/arm_controller/environment/pythonpath.sh
[1.560s] -- Up-to-date: /home/nvidia/robotics-orin/install/arm_controller/share/arm_controller/environment/pythonpath.dsv
[1.560s] -- Up-to-date: /home/nvidia/robotics-orin/install/arm_controller/lib/python3.9/site-packages/arm_controller-0.0.0-py3.9.egg-info
[1.560s] -- Installing: /home/nvidia/robotics-orin/install/arm_controller/lib/python3.9/site-packages/arm_controller-0.0.0-py3.9.egg-info/dependency_links.txt
[1.560s] -- Installing: /home/nvidia/robotics-orin/install/arm_controller/lib/python3.9/site-packages/arm_controller-0.0.0-py3.9.egg-info/SOURCES.txt
[1.560s] -- Installing: /home/nvidia/robotics-orin/install/arm_controller/lib/python3.9/site-packages/arm_controller-0.0.0-py3.9.egg-info/PKG-INFO
[1.561s] -- Installing: /home/nvidia/robotics-orin/install/arm_controller/lib/python3.9/site-packages/arm_controller-0.0.0-py3.9.egg-info/top_level.txt
[1.561s] -- Up-to-date: /home/nvidia/robotics-orin/install/arm_controller/lib/python3.9/site-packages/arm_controller
[1.561s] -- Up-to-date: /home/nvidia/robotics-orin/install/arm_controller/lib/python3.9/site-packages/arm_controller/arm_controller_s__rosidl_typesupport_fastrtps_c.cpython-311-aarch64-linux-gnu.so
[1.561s] -- Up-to-date: /home/nvidia/robotics-orin/install/arm_controller/lib/python3.9/site-packages/arm_controller/arm_controller_s__rosidl_typesupport_introspection_c.cpython-311-aarch64-linux-gnu.so
[1.561s] -- Up-to-date: /home/nvidia/robotics-orin/install/arm_controller/lib/python3.9/site-packages/arm_controller/__init__.py
[1.561s] -- Up-to-date: /home/nvidia/robotics-orin/install/arm_controller/lib/python3.9/site-packages/arm_controller/msg
[1.561s] -- Up-to-date: /home/nvidia/robotics-orin/install/arm_controller/lib/python3.9/site-packages/arm_controller/msg/_arm_motor_values_s.c
[1.562s] -- Up-to-date: /home/nvidia/robotics-orin/install/arm_controller/lib/python3.9/site-packages/arm_controller/msg/__init__.py
[1.562s] -- Up-to-date: /home/nvidia/robotics-orin/install/arm_controller/lib/python3.9/site-packages/arm_controller/msg/_arm_motor_values.py
[1.562s] -- Up-to-date: /home/nvidia/robotics-orin/install/arm_controller/lib/python3.9/site-packages/arm_controller/arm_controller_s__rosidl_typesupport_c.cpython-311-aarch64-linux-gnu.so
[1.562s] -- Up-to-date: /home/nvidia/robotics-orin/install/arm_controller/lib/python3.9/site-packages/arm_controller/libarm_controller__rosidl_generator_py.so
[1.562s] -- Up-to-date: /home/nvidia/robotics-orin/install/arm_controller/lib/python3.9/site-packages/arm_controller/_arm_controller_s.ep.rosidl_typesupport_fastrtps_c.c
[1.562s] -- Up-to-date: /home/nvidia/robotics-orin/install/arm_controller/lib/python3.9/site-packages/arm_controller/_arm_controller_s.ep.rosidl_typesupport_introspection_c.c
[1.562s] -- Up-to-date: /home/nvidia/robotics-orin/install/arm_controller/lib/python3.9/site-packages/arm_controller/_arm_controller_s.ep.rosidl_typesupport_c.c
[1.617s] Listing '/home/nvidia/robotics-orin/install/arm_controller/lib/python3.9/site-packages/arm_controller'...
[1.617s] Listing '/home/nvidia/robotics-orin/install/arm_controller/lib/python3.9/site-packages/arm_controller/msg'...
[1.628s] -- Up-to-date: /home/nvidia/robotics-orin/install/arm_controller/lib/python3.9/site-packages/arm_controller/arm_controller_s__rosidl_typesupport_fastrtps_c.cpython-311-aarch64-linux-gnu.so
[1.629s] -- Up-to-date: /home/nvidia/robotics-orin/install/arm_controller/lib/python3.9/site-packages/arm_controller/arm_controller_s__rosidl_typesupport_introspection_c.cpython-311-aarch64-linux-gnu.so
[1.630s] -- Up-to-date: /home/nvidia/robotics-orin/install/arm_controller/lib/python3.9/site-packages/arm_controller/arm_controller_s__rosidl_typesupport_c.cpython-311-aarch64-linux-gnu.so
[1.630s] -- Up-to-date: /home/nvidia/robotics-orin/install/arm_controller/lib/libarm_controller__rosidl_generator_py.so
[1.631s] -- Up-to-date: /home/nvidia/robotics-orin/install/arm_controller/share/arm_controller/msg/ArmMotorValues.idl
[1.631s] -- Up-to-date: /home/nvidia/robotics-orin/install/arm_controller/share/arm_controller/msg/ArmMotorValues.msg
[1.631s] -- Up-to-date: /home/nvidia/robotics-orin/install/arm_controller/lib/arm_controller/arm_controller_node
[1.631s] -- Up-to-date: /home/nvidia/robotics-orin/install/arm_controller/share/ament_index/resource_index/package_run_dependencies/arm_controller
[1.632s] -- Up-to-date: /home/nvidia/robotics-orin/install/arm_controller/share/ament_index/resource_index/parent_prefix_path/arm_controller
[1.632s] -- Up-to-date: /home/nvidia/robotics-orin/install/arm_controller/share/arm_controller/environment/ament_prefix_path.sh
[1.632s] -- Up-to-date: /home/nvidia/robotics-orin/install/arm_controller/share/arm_controller/environment/ament_prefix_path.dsv
[1.632s] -- Up-to-date: /home/nvidia/robotics-orin/install/arm_controller/share/arm_controller/environment/path.sh
[1.632s] -- Up-to-date: /home/nvidia/robotics-orin/install/arm_controller/share/arm_controller/environment/path.dsv
[1.633s] -- Up-to-date: /home/nvidia/robotics-orin/install/arm_controller/share/arm_controller/local_setup.bash
[1.633s] -- Up-to-date: /home/nvidia/robotics-orin/install/arm_controller/share/arm_controller/local_setup.sh
[1.633s] -- Up-to-date: /home/nvidia/robotics-orin/install/arm_controller/share/arm_controller/local_setup.zsh
[1.633s] -- Up-to-date: /home/nvidia/robotics-orin/install/arm_controller/share/arm_controller/local_setup.dsv
[1.633s] -- Installing: /home/nvidia/robotics-orin/install/arm_controller/share/arm_controller/package.dsv
[1.633s] -- Up-to-date: /home/nvidia/robotics-orin/install/arm_controller/share/ament_index/resource_index/packages/arm_controller
[1.633s] -- Up-to-date: /home/nvidia/robotics-orin/install/arm_controller/share/arm_controller/cmake/export_arm_controller__rosidl_generator_cExport.cmake
[1.634s] -- Up-to-date: /home/nvidia/robotics-orin/install/arm_controller/share/arm_controller/cmake/export_arm_controller__rosidl_generator_cExport-noconfig.cmake
[1.634s] -- Up-to-date: /home/nvidia/robotics-orin/install/arm_controller/share/arm_controller/cmake/export_arm_controller__rosidl_typesupport_fastrtps_cExport.cmake
[1.634s] -- Up-to-date: /home/nvidia/robotics-orin/install/arm_controller/share/arm_controller/cmake/export_arm_controller__rosidl_typesupport_fastrtps_cExport-noconfig.cmake
[1.634s] -- Up-to-date: /home/nvidia/robotics-orin/install/arm_controller/share/arm_controller/cmake/export_arm_controller__rosidl_generator_cppExport.cmake
[1.634s] -- Up-to-date: /home/nvidia/robotics-orin/install/arm_controller/share/arm_controller/cmake/export_arm_controller__rosidl_typesupport_fastrtps_cppExport.cmake
[1.634s] -- Up-to-date: /home/nvidia/robotics-orin/install/arm_controller/share/arm_controller/cmake/export_arm_controller__rosidl_typesupport_fastrtps_cppExport-noconfig.cmake
[1.634s] -- Up-to-date: /home/nvidia/robotics-orin/install/arm_controller/share/arm_controller/cmake/arm_controller__rosidl_typesupport_introspection_cExport.cmake
[1.634s] -- Up-to-date: /home/nvidia/robotics-orin/install/arm_controller/share/arm_controller/cmake/arm_controller__rosidl_typesupport_introspection_cExport-noconfig.cmake
[1.635s] -- Up-to-date: /home/nvidia/robotics-orin/install/arm_controller/share/arm_controller/cmake/arm_controller__rosidl_typesupport_cExport.cmake
[1.635s] -- Up-to-date: /home/nvidia/robotics-orin/install/arm_controller/share/arm_controller/cmake/arm_controller__rosidl_typesupport_cExport-noconfig.cmake
[1.635s] -- Up-to-date: /home/nvidia/robotics-orin/install/arm_controller/share/arm_controller/cmake/arm_controller__rosidl_typesupport_introspection_cppExport.cmake
[1.635s] -- Up-to-date: /home/nvidia/robotics-orin/install/arm_controller/share/arm_controller/cmake/arm_controller__rosidl_typesupport_introspection_cppExport-noconfig.cmake
[1.636s] -- Up-to-date: /home/nvidia/robotics-orin/install/arm_controller/share/arm_controller/cmake/arm_controller__rosidl_typesupport_cppExport.cmake
[1.636s] -- Up-to-date: /home/nvidia/robotics-orin/install/arm_controller/share/arm_controller/cmake/arm_controller__rosidl_typesupport_cppExport-noconfig.cmake
[1.636s] -- Up-to-date: /home/nvidia/robotics-orin/install/arm_controller/share/arm_controller/cmake/export_arm_controller__rosidl_generator_pyExport.cmake
[1.636s] -- Up-to-date: /home/nvidia/robotics-orin/install/arm_controller/share/arm_controller/cmake/export_arm_controller__rosidl_generator_pyExport-noconfig.cmake
[1.636s] -- Up-to-date: /home/nvidia/robotics-orin/install/arm_controller/share/arm_controller/cmake/rosidl_cmake-extras.cmake
[1.637s] -- Up-to-date: /home/nvidia/robotics-orin/install/arm_controller/share/arm_controller/cmake/ament_cmake_export_include_directories-extras.cmake
[1.637s] -- Up-to-date: /home/nvidia/robotics-orin/install/arm_controller/share/arm_controller/cmake/ament_cmake_export_libraries-extras.cmake
[1.637s] -- Up-to-date: /home/nvidia/robotics-orin/install/arm_controller/share/arm_controller/cmake/ament_cmake_export_targets-extras.cmake
[1.637s] -- Up-to-date: /home/nvidia/robotics-orin/install/arm_controller/share/arm_controller/cmake/rosidl_cmake_export_typesupport_targets-extras.cmake
[1.637s] -- Up-to-date: /home/nvidia/robotics-orin/install/arm_controller/share/arm_controller/cmake/ament_cmake_export_dependencies-extras.cmake
[1.637s] -- Up-to-date: /home/nvidia/robotics-orin/install/arm_controller/share/arm_controller/cmake/rosidl_cmake_export_typesupport_libraries-extras.cmake
[1.637s] -- Up-to-date: /home/nvidia/robotics-orin/install/arm_controller/share/arm_controller/cmake/arm_controllerConfig.cmake
[1.638s] -- Up-to-date: /home/nvidia/robotics-orin/install/arm_controller/share/arm_controller/cmake/arm_controllerConfig-version.cmake
[1.638s] -- Up-to-date: /home/nvidia/robotics-orin/install/arm_controller/share/arm_controller/package.xml
[1.641s] Invoked command in '/home/nvidia/robotics-orin/build/arm_controller' returned '0': CMAKE_PREFIX_PATH=/opt/ros/humble CONDA_PROMPT_MODIFIER=(base) /usr/bin/cmake --install /home/nvidia/robotics-orin/build/arm_controller
