[5.172s] Invoking command in '/home/nvidia/robotics-orin/src/arm_ik': CONDA_PROMPT_MODIFIER=(base) PYTHONPATH=/home/nvidia/robotics-orin/build/arm_ik/prefix_override:/home/nvidia/robotics-orin/install/arm_ik/lib/python3.8/site-packages:${PYTHONPATH} /usr/bin/python3 setup.py egg_info --egg-base ../../build/arm_ik build --build-base /home/nvidia/robotics-orin/build/arm_ik/build install --record /home/nvidia/robotics-orin/build/arm_ik/install.log --single-version-externally-managed
[5.940s] running egg_info
[5.941s] writing ../../build/arm_ik/arm_ik.egg-info/PKG-INFO
[5.941s] writing dependency_links to ../../build/arm_ik/arm_ik.egg-info/dependency_links.txt
[5.941s] writing entry points to ../../build/arm_ik/arm_ik.egg-info/entry_points.txt
[5.942s] writing requirements to ../../build/arm_ik/arm_ik.egg-info/requires.txt
[5.942s] writing top-level names to ../../build/arm_ik/arm_ik.egg-info/top_level.txt
[5.942s] reading manifest file '../../build/arm_ik/arm_ik.egg-info/SOURCES.txt'
[5.942s] writing manifest file '../../build/arm_ik/arm_ik.egg-info/SOURCES.txt'
[5.942s] running build
[5.942s] running build_py
[5.942s] copying arm_ik/IKNode.py -> /home/nvidia/robotics-orin/build/arm_ik/build/lib/arm_ik
[5.942s] running install
[5.943s] running install_lib
[5.943s] copying /home/nvidia/robotics-orin/build/arm_ik/build/lib/arm_ik/IKNode.py -> /home/nvidia/robotics-orin/install/arm_ik/lib/python3.8/site-packages/arm_ik
[5.943s] byte-compiling /home/nvidia/robotics-orin/install/arm_ik/lib/python3.8/site-packages/arm_ik/IKNode.py to IKNode.cpython-38.pyc
[5.943s] running install_data
[5.943s] running install_egg_info
[5.943s] removing '/home/nvidia/robotics-orin/install/arm_ik/lib/python3.8/site-packages/arm_ik-0.0.0-py3.8.egg-info' (and everything under it)
[5.943s] Copying ../../build/arm_ik/arm_ik.egg-info to /home/nvidia/robotics-orin/install/arm_ik/lib/python3.8/site-packages/arm_ik-0.0.0-py3.8.egg-info
[5.943s] running install_scripts
[5.943s] Installing CadMouseJoyNode script to /home/nvidia/robotics-orin/install/arm_ik/lib/arm_ik
[5.944s] Installing IKNode script to /home/nvidia/robotics-orin/install/arm_ik/lib/arm_ik
[5.944s] Installing state_publisher script to /home/nvidia/robotics-orin/install/arm_ik/lib/arm_ik
[5.944s] writing list of installed files to '/home/nvidia/robotics-orin/build/arm_ik/install.log'
[7.476s] Invoked command in '/home/nvidia/robotics-orin/src/arm_ik' returned '0': CONDA_PROMPT_MODIFIER=(base) PYTHONPATH=/home/nvidia/robotics-orin/build/arm_ik/prefix_override:/home/nvidia/robotics-orin/install/arm_ik/lib/python3.8/site-packages:${PYTHONPATH} /usr/bin/python3 setup.py egg_info --egg-base ../../build/arm_ik build --build-base /home/nvidia/robotics-orin/build/arm_ik/build install --record /home/nvidia/robotics-orin/build/arm_ik/install.log --single-version-externally-managed
