[0.999s] Invoking command in '/home/nvidia/robotics-orin/build/sil': CMAKE_PREFIX_PATH=/opt/ros/foxy CONDA_PROMPT_MODIFIER=(base) /usr/bin/cmake /home/nvidia/robotics-orin/src/sil -DAMENT_CMAKE_SYMLINK_INSTALL=1 -DCMAKE_INSTALL_PREFIX=/home/nvidia/robotics-orin/install/sil
[1.021s] -- Found ament_cmake: 0.9.12 (/opt/ros/foxy/share/ament_cmake/cmake)
[1.064s] -- Using PYTHON_EXECUTABLE: /home/nvidia/anaconda3/bin/python3
[1.428s] -- Override CMake install command with custom implementation using symlinks instead of copying resources
[1.440s] -- Found rclcpp: 2.4.3 (/opt/ros/foxy/share/rclcpp/cmake)
[1.488s] -- Using all available rosidl_typesupport_c: rosidl_typesupport_fastrtps_c;rosidl_typesupport_introspection_c
[1.493s] -- Found rosidl_adapter: 1.3.1 (/opt/ros/foxy/share/rosidl_adapter/cmake)
[1.682s] -- Using all available rosidl_typesupport_cpp: rosidl_typesupport_fastrtps_cpp;rosidl_typesupport_introspection_cpp
[1.751s] -- Found rmw_implementation_cmake: 1.0.4 (/opt/ros/foxy/share/rmw_implementation_cmake/cmake)
[1.753s] -- Using RMW implementation 'rmw_fastrtps_cpp' as default
[1.951s] -- Found ament_lint_auto: 0.9.8 (/opt/ros/foxy/share/ament_lint_auto/cmake)
[2.152s] -- Added test 'copyright' to check source files copyright and LICENSE
[2.154s] -- Added test 'cppcheck' to perform static code analysis on C / C++ code
[2.154s] -- Configured cppcheck include dirs: 
[2.154s] -- Configured cppcheck exclude dirs and/or files: 
[2.155s] -- Added test 'cpplint' to check C / C++ code against the Google style
[2.155s] -- Configured cpplint exclude dirs and/or files: 
[2.156s] -- Added test 'lint_cmake' to check CMake code style
[2.157s] -- Added test 'uncrustify' to check C / C++ code style
[2.157s] -- Configured uncrustify additional arguments: 
[2.158s] -- Added test 'xmllint' to check XML markup files
[2.165s] -- Configuring done
[2.179s] -- Generating done
[2.181s] -- Build files have been written to: /home/nvidia/robotics-orin/build/sil
[2.200s] Invoked command in '/home/nvidia/robotics-orin/build/sil' returned '0': CMAKE_PREFIX_PATH=/opt/ros/foxy CONDA_PROMPT_MODIFIER=(base) /usr/bin/cmake /home/nvidia/robotics-orin/src/sil -DAMENT_CMAKE_SYMLINK_INSTALL=1 -DCMAKE_INSTALL_PREFIX=/home/nvidia/robotics-orin/install/sil
[2.206s] Invoking command in '/home/nvidia/robotics-orin/build/sil': CMAKE_PREFIX_PATH=/opt/ros/foxy CONDA_PROMPT_MODIFIER=(base) /usr/bin/cmake --build /home/nvidia/robotics-orin/build/sil -- -j6 -l6
[2.282s] [35m[1mScanning dependencies of target talker[0m
[2.336s] [ 50%] [32mBuilding CXX object CMakeFiles/talker.dir/src/SIL_color_publisher_node.cpp.o[0m
[10.703s] [100%] [32m[1mLinking CXX executable talker[0m
[11.081s] [100%] Built target talker
