[4.985s] Invoking command in '/home/nvidia/robotics-orin/build/absenc_interface': CMAKE_PREFIX_PATH=${CMAKE_PREFIX_PATH}:/opt/ros/humble:/home/nvidia/robotics-orin/install/arm_ik:/opt/ros/foxy CONDA_PROMPT_MODIFIER=(base) /usr/bin/cmake /home/nvidia/robotics-orin/src/absenc_interface -DCMAKE_INSTALL_PREFIX=/home/nvidia/robotics-orin/install/absenc_interface
[5.098s] -- The C compiler identification is GNU 9.4.0
[5.194s] -- The CXX compiler identification is GNU 9.4.0
[5.202s] -- Check for working C compiler: /usr/bin/cc
[5.331s] -- Check for working C compiler: /usr/bin/cc -- works
[5.332s] -- Detecting C compiler ABI info
[5.459s] -- Detecting C compiler ABI info - done
[5.474s] -- Detecting C compile features
[5.475s] -- Detecting C compile features - done
[5.479s] -- Check for working CXX compiler: /usr/bin/c++
[5.627s] -- Check for working CXX compiler: /usr/bin/c++ -- works
[5.628s] -- Detecting CXX compiler ABI info
[5.776s] -- Detecting CXX compiler ABI info - done
[5.789s] -- Detecting CXX compile features
[5.790s] -- Detecting CXX compile features - done
[5.798s] -- Found ament_cmake: 1.3.6 (/opt/ros/humble/share/ament_cmake/cmake)
[6.103s] -- Found Python3: /usr/bin/python3.9 (found version "3.9.5") found components: Interpreter 
[6.291s] -- Found rclcpp: 16.0.7 (/opt/ros/humble/share/rclcpp/cmake)
[6.374s] -- Found rosidl_generator_c: 3.1.5 (/opt/ros/humble/share/rosidl_generator_c/cmake)
[6.384s] -- Found rosidl_adapter: 3.1.5 (/opt/ros/humble/share/rosidl_adapter/cmake)
[6.401s] -- Found rosidl_generator_cpp: 3.1.5 (/opt/ros/humble/share/rosidl_generator_cpp/cmake)
[6.431s] -- Using all available rosidl_typesupport_c: rosidl_typesupport_fastrtps_c;rosidl_typesupport_introspection_c
[6.471s] -- Using all available rosidl_typesupport_cpp: rosidl_typesupport_fastrtps_cpp;rosidl_typesupport_introspection_cpp
[6.608s] -- Found rmw_implementation_cmake: 6.1.1 (/opt/ros/humble/share/rmw_implementation_cmake/cmake)
[6.613s] -- Found rmw_fastrtps_cpp: 6.2.5 (/opt/ros/humble/share/rmw_fastrtps_cpp/cmake)
[6.854s] -- Found OpenSSL: /usr/lib/aarch64-linux-gnu/libcrypto.so (found version "1.1.1f")  
[6.912s] -- Found FastRTPS: /opt/ros/humble/include  
[7.009s] -- Using RMW implementation 'rmw_fastrtps_cpp' as default
[7.032s] -- Looking for pthread.h
[7.163s] -- Looking for pthread.h - found
[7.164s] -- Performing Test CMAKE_HAVE_LIBC_PTHREAD
[7.292s] -- Performing Test CMAKE_HAVE_LIBC_PTHREAD - Failed
[7.294s] -- Looking for pthread_create in pthreads
[7.418s] -- Looking for pthread_create in pthreads - not found
[7.419s] -- Looking for pthread_create in pthread
[7.552s] -- Looking for pthread_create in pthread - found
[7.552s] -- Found Threads: TRUE  
[7.849s] -- Found sensor_msgs: 4.2.3 (/opt/ros/humble/share/sensor_msgs/cmake)
[8.104s] CMake Error at CMakeLists.txt:16 (find_package):
[8.104s]   By not providing "Findarm_controller.cmake" in CMAKE_MODULE_PATH this
[8.105s]   project has asked CMake to find a package configuration file provided by
[8.105s]   "arm_controller", but CMake did not find one.
[8.105s] 
[8.105s]   Could not find a package configuration file provided by "arm_controller"
[8.105s]   with any of the following names:
[8.105s] 
[8.105s]     arm_controllerConfig.cmake
[8.105s]     arm_controller-config.cmake
[8.105s] 
[8.105s]   Add the installation prefix of "arm_controller" to CMAKE_PREFIX_PATH or set
[8.106s]   "arm_controller_DIR" to a directory containing one of the above files.  If
[8.106s]   "arm_controller" provides a separate development package or SDK, be sure it
[8.106s]   has been installed.
[8.106s] 
[8.106s] 
[8.113s] -- Configuring incomplete, errors occurred!
[8.113s] See also "/home/nvidia/robotics-orin/build/absenc_interface/CMakeFiles/CMakeOutput.log".
[8.113s] See also "/home/nvidia/robotics-orin/build/absenc_interface/CMakeFiles/CMakeError.log".
[8.142s] Invoked command in '/home/nvidia/robotics-orin/build/absenc_interface' returned '1': CMAKE_PREFIX_PATH=${CMAKE_PREFIX_PATH}:/opt/ros/humble:/home/nvidia/robotics-orin/install/arm_ik:/opt/ros/foxy CONDA_PROMPT_MODIFIER=(base) /usr/bin/cmake /home/nvidia/robotics-orin/src/absenc_interface -DCMAKE_INSTALL_PREFIX=/home/nvidia/robotics-orin/install/absenc_interface
