[2.644s] Invoking command in '/home/nvidia/robotics-orin/build/arm_ik': CONDA_PROMPT_MODIFIER=(base) PYTHONPATH=/home/nvidia/robotics-orin/build/arm_ik/prefix_override:/home/nvidia/robotics-orin/install/arm_ik/lib/python3.8/site-packages:${PYTHONPATH} /usr/bin/python3 setup.py develop --editable --build-directory /home/nvidia/robotics-orin/build/arm_ik/build --no-deps install_data
[3.015s] running develop
[3.239s] running egg_info
[3.239s] creating arm_ik.egg-info
[3.239s] writing arm_ik.egg-info/PKG-INFO
[3.240s] writing dependency_links to arm_ik.egg-info/dependency_links.txt
[3.240s] writing entry points to arm_ik.egg-info/entry_points.txt
[3.240s] writing requirements to arm_ik.egg-info/requires.txt
[3.240s] writing top-level names to arm_ik.egg-info/top_level.txt
[3.244s] writing manifest file 'arm_ik.egg-info/SOURCES.txt'
[3.294s] reading manifest file 'arm_ik.egg-info/SOURCES.txt'
[3.295s] writing manifest file 'arm_ik.egg-info/SOURCES.txt'
[3.352s] running build_ext
[3.353s] Creating /home/nvidia/robotics-orin/install/arm_ik/lib/python3.8/site-packages/site.py
[3.356s] Creating /home/nvidia/robotics-orin/install/arm_ik/lib/python3.8/site-packages/arm-ik.egg-link (link to .)
[3.358s] Installing CadMouseJoyNode script to /home/nvidia/robotics-orin/install/arm_ik/lib/arm_ik
[3.358s] Installing IKNode script to /home/nvidia/robotics-orin/install/arm_ik/lib/arm_ik
[3.358s] Installing state_publisher script to /home/nvidia/robotics-orin/install/arm_ik/lib/arm_ik
[3.359s] 
[3.359s] Installed /home/nvidia/robotics-orin/build/arm_ik
[3.359s] running install_data
[3.359s] creating /home/nvidia/robotics-orin/install/arm_ik/share/ament_index
[3.359s] creating /home/nvidia/robotics-orin/install/arm_ik/share/ament_index/resource_index
[3.359s] creating /home/nvidia/robotics-orin/install/arm_ik/share/ament_index/resource_index/packages
[3.360s] copying resource/arm_ik -> /home/nvidia/robotics-orin/install/arm_ik/share/ament_index/resource_index/packages
[3.360s] copying package.xml -> /home/nvidia/robotics-orin/install/arm_ik/share/arm_ik
[3.360s] copying urdf/astro_arm.urdf -> /home/nvidia/robotics-orin/install/arm_ik/share/arm_ik
[3.360s] copying meshes/wrist.STL -> /home/nvidia/robotics-orin/install/arm_ik/share/arm_ik
[3.396s] copying meshes/upper_base_link.STL -> /home/nvidia/robotics-orin/install/arm_ik/share/arm_ik
[3.407s] copying meshes/distal_link.STL -> /home/nvidia/robotics-orin/install/arm_ik/share/arm_ik
[3.445s] copying meshes/base_link.STL -> /home/nvidia/robotics-orin/install/arm_ik/share/arm_ik
[3.479s] copying meshes/proximal_link.STL -> /home/nvidia/robotics-orin/install/arm_ik/share/arm_ik
[3.569s] Invoked command in '/home/nvidia/robotics-orin/build/arm_ik' returned '0': CONDA_PROMPT_MODIFIER=(base) PYTHONPATH=/home/nvidia/robotics-orin/build/arm_ik/prefix_override:/home/nvidia/robotics-orin/install/arm_ik/lib/python3.8/site-packages:${PYTHONPATH} /usr/bin/python3 setup.py develop --editable --build-directory /home/nvidia/robotics-orin/build/arm_ik/build --no-deps install_data
