[3.733s] Invoking command in '/home/nvidia/robotics-orin/build/sil': CMAKE_PREFIX_PATH=${CMAKE_PREFIX_PATH}:/opt/ros/humble:/home/nvidia/robotics-orin/install/arm_ik:/opt/ros/foxy CONDA_PROMPT_MODIFIER=(base) /usr/bin/cmake --build /home/nvidia/robotics-orin/build/sil -- -j6 -l6
[3.867s] [100%] Built target talker
[3.898s] Invoked command in '/home/nvidia/robotics-orin/build/sil' returned '0': CMAKE_PREFIX_PATH=${CMAKE_PREFIX_PATH}:/opt/ros/humble:/home/nvidia/robotics-orin/install/arm_ik:/opt/ros/foxy CONDA_PROMPT_MODIFIER=(base) /usr/bin/cmake --build /home/nvidia/robotics-orin/build/sil -- -j6 -l6
[3.994s] Invoking command in '/home/nvidia/robotics-orin/build/sil': CMAKE_PREFIX_PATH=${CMAKE_PREFIX_PATH}:/opt/ros/humble:/home/nvidia/robotics-orin/install/arm_ik:/opt/ros/foxy CONDA_PROMPT_MODIFIER=(base) /usr/bin/cmake --install /home/nvidia/robotics-orin/build/sil
[4.025s] -- Install configuration: ""
[4.026s] -- Execute custom install script
[4.026s] -- Up-to-date symlink: /home/nvidia/robotics-orin/install/sil/lib/sil/talker
[4.026s] -- Up-to-date symlink: /home/nvidia/robotics-orin/install/sil/share/ament_index/resource_index/package_run_dependencies/sil
[4.026s] -- Up-to-date symlink: /home/nvidia/robotics-orin/install/sil/share/ament_index/resource_index/parent_prefix_path/sil
[4.026s] -- Up-to-date symlink: /home/nvidia/robotics-orin/install/sil/share/sil/environment/ament_prefix_path.sh
[4.026s] -- Up-to-date symlink: /home/nvidia/robotics-orin/install/sil/share/sil/environment/ament_prefix_path.dsv
[4.026s] -- Up-to-date symlink: /home/nvidia/robotics-orin/install/sil/share/sil/environment/path.sh
[4.026s] -- Up-to-date symlink: /home/nvidia/robotics-orin/install/sil/share/sil/environment/path.dsv
[4.027s] -- Up-to-date symlink: /home/nvidia/robotics-orin/install/sil/share/sil/local_setup.bash
[4.027s] -- Up-to-date symlink: /home/nvidia/robotics-orin/install/sil/share/sil/local_setup.sh
[4.027s] -- Up-to-date symlink: /home/nvidia/robotics-orin/install/sil/share/sil/local_setup.zsh
[4.027s] -- Up-to-date symlink: /home/nvidia/robotics-orin/install/sil/share/sil/local_setup.dsv
[4.027s] -- Symlinking: /home/nvidia/robotics-orin/install/sil/share/sil/package.dsv
[4.083s] -- Up-to-date symlink: /home/nvidia/robotics-orin/install/sil/share/ament_index/resource_index/packages/sil
[4.083s] -- Up-to-date symlink: /home/nvidia/robotics-orin/install/sil/share/sil/cmake/silConfig.cmake
[4.083s] -- Up-to-date symlink: /home/nvidia/robotics-orin/install/sil/share/sil/cmake/silConfig-version.cmake
[4.084s] -- Up-to-date symlink: /home/nvidia/robotics-orin/install/sil/share/sil/package.xml
