[3.076s] Invoking command in '/home/nvidia/robotics-orin/build/absenc_interface': CMAKE_PREFIX_PATH=${CMAKE_PREFIX_PATH}:/opt/ros/humble CONDA_PROMPT_MODIFIER=(base) /usr/bin/cmake --build /home/nvidia/robotics-orin/build/absenc_interface -- -j6 -l6
[3.184s] [  2%] Built target absenc_interface__cpp
[3.199s] [ 11%] Built target absenc_interface__rosidl_generator_c
[3.218s] [ 11%] Built target ament_cmake_python_copy_absenc_interface
[3.311s] [ 20%] Built target absenc_interface__rosidl_typesupport_cpp
[3.327s] [ 29%] Built target absenc_interface__rosidl_typesupport_fastrtps_cpp
[3.328s] [ 38%] Built target absenc_interface__rosidl_typesupport_introspection_c
[3.335s] [ 47%] Built target absenc_interface__rosidl_typesupport_c
[3.340s] [ 55%] Built target absenc_interface__rosidl_typesupport_introspection_cpp
[3.349s] [ 64%] Built target absenc_interface__rosidl_typesupport_fastrtps_c
[3.390s] [ 64%] Built target absenc_interface
[3.486s] [ 67%] Built target absenc_interface__py
[3.507s] [ 76%] Built target absenc_node
[3.557s] [ 82%] Built target absenc_interface__rosidl_generator_py
[3.616s] [ 88%] Built target absenc_interface__rosidl_typesupport_c__pyext
[3.661s] [ 94%] Built target absenc_interface__rosidl_typesupport_fastrtps_c__pyext
[3.666s] [100%] Built target absenc_interface__rosidl_typesupport_introspection_c__pyext
[3.958s] running egg_info
[3.959s] writing absenc_interface.egg-info/PKG-INFO
[3.959s] writing dependency_links to absenc_interface.egg-info/dependency_links.txt
[3.960s] writing top-level names to absenc_interface.egg-info/top_level.txt
[4.055s] reading manifest file 'absenc_interface.egg-info/SOURCES.txt'
[4.056s] writing manifest file 'absenc_interface.egg-info/SOURCES.txt'
[4.129s] [100%] Built target ament_cmake_python_build_absenc_interface_egg
[4.153s] Invoked command in '/home/nvidia/robotics-orin/build/absenc_interface' returned '0': CMAKE_PREFIX_PATH=${CMAKE_PREFIX_PATH}:/opt/ros/humble CONDA_PROMPT_MODIFIER=(base) /usr/bin/cmake --build /home/nvidia/robotics-orin/build/absenc_interface -- -j6 -l6
[4.986s] Invoking command in '/home/nvidia/robotics-orin/build/absenc_interface': CMAKE_PREFIX_PATH=${CMAKE_PREFIX_PATH}:/opt/ros/humble CONDA_PROMPT_MODIFIER=(base) /usr/bin/cmake --install /home/nvidia/robotics-orin/build/absenc_interface
[5.007s] -- Install configuration: ""
[5.008s] -- Installing: /home/nvidia/robotics-orin/install/absenc_interface/share/ament_index/resource_index/rosidl_interfaces/absenc_interface
[5.008s] -- Installing: /home/nvidia/robotics-orin/install/absenc_interface/include/absenc_interface/absenc_interface
[5.009s] -- Installing: /home/nvidia/robotics-orin/install/absenc_interface/include/absenc_interface/absenc_interface/msg
[5.009s] -- Installing: /home/nvidia/robotics-orin/install/absenc_interface/include/absenc_interface/absenc_interface/msg/encoder_values.h
[5.009s] -- Installing: /home/nvidia/robotics-orin/install/absenc_interface/include/absenc_interface/absenc_interface/msg/detail
[5.009s] -- Installing: /home/nvidia/robotics-orin/install/absenc_interface/include/absenc_interface/absenc_interface/msg/detail/encoder_values__struct.h
[5.009s] -- Installing: /home/nvidia/robotics-orin/install/absenc_interface/include/absenc_interface/absenc_interface/msg/detail/encoder_values__functions.c
[5.009s] -- Installing: /home/nvidia/robotics-orin/install/absenc_interface/include/absenc_interface/absenc_interface/msg/detail/encoder_values__functions.h
[5.009s] -- Installing: /home/nvidia/robotics-orin/install/absenc_interface/include/absenc_interface/absenc_interface/msg/detail/encoder_values__type_support.h
[5.010s] -- Installing: /home/nvidia/robotics-orin/install/absenc_interface/include/absenc_interface/absenc_interface/msg/rosidl_generator_c__visibility_control.h
[5.010s] -- Installing: /home/nvidia/robotics-orin/install/absenc_interface/share/absenc_interface/environment/library_path.sh
[5.010s] -- Installing: /home/nvidia/robotics-orin/install/absenc_interface/share/absenc_interface/environment/library_path.dsv
[5.010s] -- Installing: /home/nvidia/robotics-orin/install/absenc_interface/lib/libabsenc_interface__rosidl_generator_c.so
[5.010s] -- Set runtime path of "/home/nvidia/robotics-orin/install/absenc_interface/lib/libabsenc_interface__rosidl_generator_c.so" to ""
[5.010s] -- Up-to-date: /home/nvidia/robotics-orin/install/absenc_interface/include/absenc_interface/absenc_interface
[5.011s] -- Up-to-date: /home/nvidia/robotics-orin/install/absenc_interface/include/absenc_interface/absenc_interface/msg
[5.011s] -- Installing: /home/nvidia/robotics-orin/install/absenc_interface/include/absenc_interface/absenc_interface/msg/rosidl_typesupport_fastrtps_c__visibility_control.h
[5.011s] -- Up-to-date: /home/nvidia/robotics-orin/install/absenc_interface/include/absenc_interface/absenc_interface/msg/detail
[5.011s] -- Installing: /home/nvidia/robotics-orin/install/absenc_interface/include/absenc_interface/absenc_interface/msg/detail/encoder_values__rosidl_typesupport_fastrtps_c.h
[5.011s] -- Installing: /home/nvidia/robotics-orin/install/absenc_interface/lib/libabsenc_interface__rosidl_typesupport_fastrtps_c.so
[5.011s] -- Set runtime path of "/home/nvidia/robotics-orin/install/absenc_interface/lib/libabsenc_interface__rosidl_typesupport_fastrtps_c.so" to ""
[5.011s] -- Up-to-date: /home/nvidia/robotics-orin/install/absenc_interface/include/absenc_interface/absenc_interface
[5.011s] -- Up-to-date: /home/nvidia/robotics-orin/install/absenc_interface/include/absenc_interface/absenc_interface/msg
[5.012s] -- Installing: /home/nvidia/robotics-orin/install/absenc_interface/include/absenc_interface/absenc_interface/msg/encoder_values.hpp
[5.012s] -- Up-to-date: /home/nvidia/robotics-orin/install/absenc_interface/include/absenc_interface/absenc_interface/msg/detail
[5.012s] -- Installing: /home/nvidia/robotics-orin/install/absenc_interface/include/absenc_interface/absenc_interface/msg/detail/encoder_values__builder.hpp
[5.012s] -- Installing: /home/nvidia/robotics-orin/install/absenc_interface/include/absenc_interface/absenc_interface/msg/detail/encoder_values__struct.hpp
[5.012s] -- Installing: /home/nvidia/robotics-orin/install/absenc_interface/include/absenc_interface/absenc_interface/msg/detail/encoder_values__traits.hpp
[5.012s] -- Up-to-date: /home/nvidia/robotics-orin/install/absenc_interface/include/absenc_interface/absenc_interface
[5.013s] -- Up-to-date: /home/nvidia/robotics-orin/install/absenc_interface/include/absenc_interface/absenc_interface/msg
[5.013s] -- Installing: /home/nvidia/robotics-orin/install/absenc_interface/include/absenc_interface/absenc_interface/msg/rosidl_typesupport_fastrtps_cpp__visibility_control.h
[5.013s] -- Up-to-date: /home/nvidia/robotics-orin/install/absenc_interface/include/absenc_interface/absenc_interface/msg/detail
[5.013s] -- Installing: /home/nvidia/robotics-orin/install/absenc_interface/include/absenc_interface/absenc_interface/msg/detail/encoder_values__rosidl_typesupport_fastrtps_cpp.hpp
[5.013s] -- Installing: /home/nvidia/robotics-orin/install/absenc_interface/include/absenc_interface/absenc_interface/msg/detail/dds_fastrtps
[5.013s] -- Installing: /home/nvidia/robotics-orin/install/absenc_interface/lib/libabsenc_interface__rosidl_typesupport_fastrtps_cpp.so
[5.014s] -- Set runtime path of "/home/nvidia/robotics-orin/install/absenc_interface/lib/libabsenc_interface__rosidl_typesupport_fastrtps_cpp.so" to ""
[5.014s] -- Up-to-date: /home/nvidia/robotics-orin/install/absenc_interface/include/absenc_interface/absenc_interface
[5.014s] -- Up-to-date: /home/nvidia/robotics-orin/install/absenc_interface/include/absenc_interface/absenc_interface/msg
[5.014s] -- Installing: /home/nvidia/robotics-orin/install/absenc_interface/include/absenc_interface/absenc_interface/msg/rosidl_typesupport_introspection_c__visibility_control.h
[5.014s] -- Up-to-date: /home/nvidia/robotics-orin/install/absenc_interface/include/absenc_interface/absenc_interface/msg/detail
[5.014s] -- Installing: /home/nvidia/robotics-orin/install/absenc_interface/include/absenc_interface/absenc_interface/msg/detail/encoder_values__type_support.c
[5.014s] -- Installing: /home/nvidia/robotics-orin/install/absenc_interface/include/absenc_interface/absenc_interface/msg/detail/encoder_values__rosidl_typesupport_introspection_c.h
[5.015s] -- Installing: /home/nvidia/robotics-orin/install/absenc_interface/lib/libabsenc_interface__rosidl_typesupport_introspection_c.so
[5.015s] -- Set runtime path of "/home/nvidia/robotics-orin/install/absenc_interface/lib/libabsenc_interface__rosidl_typesupport_introspection_c.so" to ""
[5.015s] -- Installing: /home/nvidia/robotics-orin/install/absenc_interface/lib/libabsenc_interface__rosidl_typesupport_c.so
[5.015s] -- Set runtime path of "/home/nvidia/robotics-orin/install/absenc_interface/lib/libabsenc_interface__rosidl_typesupport_c.so" to ""
[5.015s] -- Up-to-date: /home/nvidia/robotics-orin/install/absenc_interface/include/absenc_interface/absenc_interface
[5.015s] -- Up-to-date: /home/nvidia/robotics-orin/install/absenc_interface/include/absenc_interface/absenc_interface/msg
[5.016s] -- Up-to-date: /home/nvidia/robotics-orin/install/absenc_interface/include/absenc_interface/absenc_interface/msg/detail
[5.016s] -- Installing: /home/nvidia/robotics-orin/install/absenc_interface/include/absenc_interface/absenc_interface/msg/detail/encoder_values__rosidl_typesupport_introspection_cpp.hpp
[5.016s] -- Installing: /home/nvidia/robotics-orin/install/absenc_interface/include/absenc_interface/absenc_interface/msg/detail/encoder_values__type_support.cpp
[5.016s] -- Installing: /home/nvidia/robotics-orin/install/absenc_interface/lib/libabsenc_interface__rosidl_typesupport_introspection_cpp.so
[5.016s] -- Set runtime path of "/home/nvidia/robotics-orin/install/absenc_interface/lib/libabsenc_interface__rosidl_typesupport_introspection_cpp.so" to ""
[5.016s] -- Installing: /home/nvidia/robotics-orin/install/absenc_interface/lib/libabsenc_interface__rosidl_typesupport_cpp.so
[5.017s] -- Set runtime path of "/home/nvidia/robotics-orin/install/absenc_interface/lib/libabsenc_interface__rosidl_typesupport_cpp.so" to ""
[5.017s] -- Installing: /home/nvidia/robotics-orin/install/absenc_interface/share/absenc_interface/environment/pythonpath.sh
[5.017s] -- Installing: /home/nvidia/robotics-orin/install/absenc_interface/share/absenc_interface/environment/pythonpath.dsv
[5.017s] -- Installing: /home/nvidia/robotics-orin/install/absenc_interface/lib/python3.9/site-packages/absenc_interface-0.0.0-py3.9.egg-info
[5.017s] -- Installing: /home/nvidia/robotics-orin/install/absenc_interface/lib/python3.9/site-packages/absenc_interface-0.0.0-py3.9.egg-info/dependency_links.txt
[5.017s] -- Installing: /home/nvidia/robotics-orin/install/absenc_interface/lib/python3.9/site-packages/absenc_interface-0.0.0-py3.9.egg-info/SOURCES.txt
[5.017s] -- Installing: /home/nvidia/robotics-orin/install/absenc_interface/lib/python3.9/site-packages/absenc_interface-0.0.0-py3.9.egg-info/PKG-INFO
[5.017s] -- Installing: /home/nvidia/robotics-orin/install/absenc_interface/lib/python3.9/site-packages/absenc_interface-0.0.0-py3.9.egg-info/top_level.txt
[5.018s] -- Installing: /home/nvidia/robotics-orin/install/absenc_interface/lib/python3.9/site-packages/absenc_interface
[5.018s] -- Installing: /home/nvidia/robotics-orin/install/absenc_interface/lib/python3.9/site-packages/absenc_interface/_absenc_interface_s.ep.rosidl_typesupport_c.c
[5.018s] -- Installing: /home/nvidia/robotics-orin/install/absenc_interface/lib/python3.9/site-packages/absenc_interface/_absenc_interface_s.ep.rosidl_typesupport_introspection_c.c
[5.018s] -- Installing: /home/nvidia/robotics-orin/install/absenc_interface/lib/python3.9/site-packages/absenc_interface/__init__.py
[5.018s] -- Installing: /home/nvidia/robotics-orin/install/absenc_interface/lib/python3.9/site-packages/absenc_interface/msg
[5.018s] -- Installing: /home/nvidia/robotics-orin/install/absenc_interface/lib/python3.9/site-packages/absenc_interface/msg/__init__.py
[5.018s] -- Installing: /home/nvidia/robotics-orin/install/absenc_interface/lib/python3.9/site-packages/absenc_interface/msg/_encoder_values.py
[5.018s] -- Installing: /home/nvidia/robotics-orin/install/absenc_interface/lib/python3.9/site-packages/absenc_interface/msg/_encoder_values_s.c
[5.018s] -- Installing: /home/nvidia/robotics-orin/install/absenc_interface/lib/python3.9/site-packages/absenc_interface/libabsenc_interface__rosidl_generator_py.so
[5.019s] -- Installing: /home/nvidia/robotics-orin/install/absenc_interface/lib/python3.9/site-packages/absenc_interface/_absenc_interface_s.ep.rosidl_typesupport_fastrtps_c.c
[5.019s] -- Installing: /home/nvidia/robotics-orin/install/absenc_interface/lib/python3.9/site-packages/absenc_interface/absenc_interface_s__rosidl_typesupport_introspection_c.cpython-311-aarch64-linux-gnu.so
[5.019s] -- Installing: /home/nvidia/robotics-orin/install/absenc_interface/lib/python3.9/site-packages/absenc_interface/absenc_interface_s__rosidl_typesupport_fastrtps_c.cpython-311-aarch64-linux-gnu.so
[5.019s] -- Installing: /home/nvidia/robotics-orin/install/absenc_interface/lib/python3.9/site-packages/absenc_interface/absenc_interface_s__rosidl_typesupport_c.cpython-311-aarch64-linux-gnu.so
[5.082s] Listing '/home/nvidia/robotics-orin/install/absenc_interface/lib/python3.9/site-packages/absenc_interface'...
[5.082s] Compiling '/home/nvidia/robotics-orin/install/absenc_interface/lib/python3.9/site-packages/absenc_interface/__init__.py'...
[5.082s] Listing '/home/nvidia/robotics-orin/install/absenc_interface/lib/python3.9/site-packages/absenc_interface/msg'...
[5.082s] Compiling '/home/nvidia/robotics-orin/install/absenc_interface/lib/python3.9/site-packages/absenc_interface/msg/__init__.py'...
[5.083s] Compiling '/home/nvidia/robotics-orin/install/absenc_interface/lib/python3.9/site-packages/absenc_interface/msg/_encoder_values.py'...
[5.096s] -- Installing: /home/nvidia/robotics-orin/install/absenc_interface/lib/python3.9/site-packages/absenc_interface/absenc_interface_s__rosidl_typesupport_fastrtps_c.cpython-311-aarch64-linux-gnu.so
[5.097s] -- Set runtime path of "/home/nvidia/robotics-orin/install/absenc_interface/lib/python3.9/site-packages/absenc_interface/absenc_interface_s__rosidl_typesupport_fastrtps_c.cpython-311-aarch64-linux-gnu.so" to ""
[5.097s] -- Installing: /home/nvidia/robotics-orin/install/absenc_interface/lib/python3.9/site-packages/absenc_interface/absenc_interface_s__rosidl_typesupport_introspection_c.cpython-311-aarch64-linux-gnu.so
[5.098s] -- Set runtime path of "/home/nvidia/robotics-orin/install/absenc_interface/lib/python3.9/site-packages/absenc_interface/absenc_interface_s__rosidl_typesupport_introspection_c.cpython-311-aarch64-linux-gnu.so" to ""
[5.101s] -- Installing: /home/nvidia/robotics-orin/install/absenc_interface/lib/python3.9/site-packages/absenc_interface/absenc_interface_s__rosidl_typesupport_c.cpython-311-aarch64-linux-gnu.so
[5.102s] -- Set runtime path of "/home/nvidia/robotics-orin/install/absenc_interface/lib/python3.9/site-packages/absenc_interface/absenc_interface_s__rosidl_typesupport_c.cpython-311-aarch64-linux-gnu.so" to ""
[5.102s] -- Installing: /home/nvidia/robotics-orin/install/absenc_interface/lib/libabsenc_interface__rosidl_generator_py.so
[5.102s] -- Set runtime path of "/home/nvidia/robotics-orin/install/absenc_interface/lib/libabsenc_interface__rosidl_generator_py.so" to ""
[5.102s] -- Installing: /home/nvidia/robotics-orin/install/absenc_interface/share/absenc_interface/msg/EncoderValues.idl
[5.103s] -- Installing: /home/nvidia/robotics-orin/install/absenc_interface/share/absenc_interface/msg/EncoderValues.msg
[5.104s] -- Installing: /home/nvidia/robotics-orin/install/absenc_interface/lib/absenc_interface/absenc_node
[5.108s] -- Set runtime path of "/home/nvidia/robotics-orin/install/absenc_interface/lib/absenc_interface/absenc_node" to ""
[5.108s] -- Installing: /home/nvidia/robotics-orin/install/absenc_interface/share/ament_index/resource_index/package_run_dependencies/absenc_interface
[5.109s] -- Installing: /home/nvidia/robotics-orin/install/absenc_interface/share/ament_index/resource_index/parent_prefix_path/absenc_interface
[5.109s] -- Installing: /home/nvidia/robotics-orin/install/absenc_interface/share/absenc_interface/environment/ament_prefix_path.sh
[5.109s] -- Installing: /home/nvidia/robotics-orin/install/absenc_interface/share/absenc_interface/environment/ament_prefix_path.dsv
[5.111s] -- Installing: /home/nvidia/robotics-orin/install/absenc_interface/share/absenc_interface/environment/path.sh
[5.112s] -- Installing: /home/nvidia/robotics-orin/install/absenc_interface/share/absenc_interface/environment/path.dsv
[5.112s] -- Installing: /home/nvidia/robotics-orin/install/absenc_interface/share/absenc_interface/local_setup.bash
[5.113s] -- Installing: /home/nvidia/robotics-orin/install/absenc_interface/share/absenc_interface/local_setup.sh
[5.114s] -- Installing: /home/nvidia/robotics-orin/install/absenc_interface/share/absenc_interface/local_setup.zsh
[5.117s] -- Installing: /home/nvidia/robotics-orin/install/absenc_interface/share/absenc_interface/local_setup.dsv
[5.117s] -- Installing: /home/nvidia/robotics-orin/install/absenc_interface/share/absenc_interface/package.dsv
[5.118s] -- Installing: /home/nvidia/robotics-orin/install/absenc_interface/share/ament_index/resource_index/packages/absenc_interface
[5.118s] -- Installing: /home/nvidia/robotics-orin/install/absenc_interface/share/absenc_interface/cmake/export_absenc_interface__rosidl_generator_cExport.cmake
[5.118s] -- Installing: /home/nvidia/robotics-orin/install/absenc_interface/share/absenc_interface/cmake/export_absenc_interface__rosidl_generator_cExport-noconfig.cmake
[5.118s] -- Installing: /home/nvidia/robotics-orin/install/absenc_interface/share/absenc_interface/cmake/export_absenc_interface__rosidl_typesupport_fastrtps_cExport.cmake
[5.118s] -- Installing: /home/nvidia/robotics-orin/install/absenc_interface/share/absenc_interface/cmake/export_absenc_interface__rosidl_typesupport_fastrtps_cExport-noconfig.cmake
[5.118s] -- Installing: /home/nvidia/robotics-orin/install/absenc_interface/share/absenc_interface/cmake/export_absenc_interface__rosidl_generator_cppExport.cmake
[5.118s] -- Installing: /home/nvidia/robotics-orin/install/absenc_interface/share/absenc_interface/cmake/export_absenc_interface__rosidl_typesupport_fastrtps_cppExport.cmake
[5.118s] -- Installing: /home/nvidia/robotics-orin/install/absenc_interface/share/absenc_interface/cmake/export_absenc_interface__rosidl_typesupport_fastrtps_cppExport-noconfig.cmake
[5.119s] -- Installing: /home/nvidia/robotics-orin/install/absenc_interface/share/absenc_interface/cmake/absenc_interface__rosidl_typesupport_introspection_cExport.cmake
[5.119s] -- Installing: /home/nvidia/robotics-orin/install/absenc_interface/share/absenc_interface/cmake/absenc_interface__rosidl_typesupport_introspection_cExport-noconfig.cmake
[5.119s] -- Installing: /home/nvidia/robotics-orin/install/absenc_interface/share/absenc_interface/cmake/absenc_interface__rosidl_typesupport_cExport.cmake
[5.119s] -- Installing: /home/nvidia/robotics-orin/install/absenc_interface/share/absenc_interface/cmake/absenc_interface__rosidl_typesupport_cExport-noconfig.cmake
[5.119s] -- Installing: /home/nvidia/robotics-orin/install/absenc_interface/share/absenc_interface/cmake/absenc_interface__rosidl_typesupport_introspection_cppExport.cmake
[5.119s] -- Installing: /home/nvidia/robotics-orin/install/absenc_interface/share/absenc_interface/cmake/absenc_interface__rosidl_typesupport_introspection_cppExport-noconfig.cmake
[5.119s] -- Installing: /home/nvidia/robotics-orin/install/absenc_interface/share/absenc_interface/cmake/absenc_interface__rosidl_typesupport_cppExport.cmake
[5.119s] -- Installing: /home/nvidia/robotics-orin/install/absenc_interface/share/absenc_interface/cmake/absenc_interface__rosidl_typesupport_cppExport-noconfig.cmake
[5.122s] -- Installing: /home/nvidia/robotics-orin/install/absenc_interface/share/absenc_interface/cmake/export_absenc_interface__rosidl_generator_pyExport.cmake
[5.123s] -- Installing: /home/nvidia/robotics-orin/install/absenc_interface/share/absenc_interface/cmake/export_absenc_interface__rosidl_generator_pyExport-noconfig.cmake
[5.123s] -- Installing: /home/nvidia/robotics-orin/install/absenc_interface/share/absenc_interface/cmake/rosidl_cmake-extras.cmake
[5.123s] -- Installing: /home/nvidia/robotics-orin/install/absenc_interface/share/absenc_interface/cmake/ament_cmake_export_include_directories-extras.cmake
[5.124s] -- Installing: /home/nvidia/robotics-orin/install/absenc_interface/share/absenc_interface/cmake/ament_cmake_export_libraries-extras.cmake
[5.124s] -- Installing: /home/nvidia/robotics-orin/install/absenc_interface/share/absenc_interface/cmake/ament_cmake_export_targets-extras.cmake
[5.125s] -- Installing: /home/nvidia/robotics-orin/install/absenc_interface/share/absenc_interface/cmake/rosidl_cmake_export_typesupport_targets-extras.cmake
[5.125s] -- Installing: /home/nvidia/robotics-orin/install/absenc_interface/share/absenc_interface/cmake/ament_cmake_export_dependencies-extras.cmake
[5.125s] -- Installing: /home/nvidia/robotics-orin/install/absenc_interface/share/absenc_interface/cmake/rosidl_cmake_export_typesupport_libraries-extras.cmake
[5.126s] -- Installing: /home/nvidia/robotics-orin/install/absenc_interface/share/absenc_interface/cmake/absenc_interfaceConfig.cmake
[5.126s] -- Installing: /home/nvidia/robotics-orin/install/absenc_interface/share/absenc_interface/cmake/absenc_interfaceConfig-version.cmake
[5.127s] -- Installing: /home/nvidia/robotics-orin/install/absenc_interface/share/absenc_interface/package.xml
[5.924s] Invoked command in '/home/nvidia/robotics-orin/build/absenc_interface' returned '0': CMAKE_PREFIX_PATH=${CMAKE_PREFIX_PATH}:/opt/ros/humble CONDA_PROMPT_MODIFIER=(base) /usr/bin/cmake --install /home/nvidia/robotics-orin/build/absenc_interface
