[10.383s] DEBUG:colcon:Command line arguments: ['/usr/bin/colcon', 'build', '--packages-select', 'absenc_interface']
[10.383s] DEBUG:colcon:Parsed command line arguments: Namespace(allow_overriding=[], ament_cmake_args=None, base_paths=['.'], build_base='build', catkin_cmake_args=None, catkin_skip_building_tests=False, cmake_args=None, cmake_clean_cache=False, cmake_clean_first=False, cmake_force_configure=False, cmake_target=None, cmake_target_skip_unavailable=False, continue_on_error=False, event_handlers=None, executor='parallel', ignore_user_meta=False, install_base='install', log_base=None, log_level=None, main=<bound method BuildVerb.main of <colcon_core.verb.build.BuildVerb object at 0xffff9bbed8b0>>, merge_install=False, metas=['./colcon.meta'], packages_above=None, packages_above_and_dependencies=None, packages_above_depth=None, packages_end=None, packages_ignore=None, packages_ignore_regex=None, packages_select=['absenc_interface'], packages_select_build_failed=False, packages_select_by_dep=None, packages_select_regex=None, packages_select_test_failures=False, packages_skip=None, packages_skip_build_finished=False, packages_skip_by_dep=None, packages_skip_regex=None, packages_skip_test_passed=False, packages_skip_up_to=None, packages_start=None, packages_up_to=None, packages_up_to_regex=None, parallel_workers=6, paths=None, symlink_install=False, test_result_base=None, verb_extension=<colcon_core.verb.build.BuildVerb object at 0xffff9bbed8b0>, verb_name='build', verb_parser=<colcon_defaults.argument_parser.defaults.DefaultArgumentsDecorator object at 0xffff9b87f790>)
[10.788s] Level 1:colcon.colcon_core.package_discovery:discover_packages(colcon_meta) check parameters
[10.788s] Level 1:colcon.colcon_core.package_discovery:discover_packages(recursive) check parameters
[10.788s] Level 1:colcon.colcon_core.package_discovery:discover_packages(ignore) check parameters
[10.788s] Level 1:colcon.colcon_core.package_discovery:discover_packages(path) check parameters
[10.788s] Level 1:colcon.colcon_core.package_discovery:discover_packages(colcon_meta) discover
[10.788s] Level 1:colcon.colcon_core.package_discovery:discover_packages(recursive) discover
[10.788s] INFO:colcon.colcon_core.package_discovery:Crawling recursively for packages in '/home/nvidia/robotics-orin'
[10.789s] Level 1:colcon.colcon_core.package_identification:_identify(.) by extensions ['ignore', 'ignore_ament_install']
[10.789s] Level 1:colcon.colcon_core.package_identification:_identify(.) by extension 'ignore'
[10.789s] Level 1:colcon.colcon_core.package_identification:_identify(.) by extension 'ignore_ament_install'
[10.789s] Level 1:colcon.colcon_core.package_identification:_identify(.) by extensions ['colcon_pkg']
[10.789s] Level 1:colcon.colcon_core.package_identification:_identify(.) by extension 'colcon_pkg'
[10.789s] Level 1:colcon.colcon_core.package_identification:_identify(.) by extensions ['colcon_meta']
[10.789s] Level 1:colcon.colcon_core.package_identification:_identify(.) by extension 'colcon_meta'
[10.789s] Level 1:colcon.colcon_core.package_identification:_identify(.) by extensions ['ros']
[10.789s] Level 1:colcon.colcon_core.package_identification:_identify(.) by extension 'ros'
[10.807s] Level 1:colcon.colcon_core.package_identification:_identify(.) by extensions ['cmake', 'python']
[10.808s] Level 1:colcon.colcon_core.package_identification:_identify(.) by extension 'cmake'
[10.808s] Level 1:colcon.colcon_core.package_identification:_identify(.) by extension 'python'
[10.808s] Level 1:colcon.colcon_core.package_identification:_identify(.) by extensions ['python_setup_py']
[10.808s] Level 1:colcon.colcon_core.package_identification:_identify(.) by extension 'python_setup_py'
[10.808s] Level 1:colcon.colcon_core.package_identification:_identify(JetsonGPIO) by extensions ['ignore', 'ignore_ament_install']
[10.808s] Level 1:colcon.colcon_core.package_identification:_identify(JetsonGPIO) by extension 'ignore'
[10.808s] Level 1:colcon.colcon_core.package_identification:_identify(JetsonGPIO) ignored
[10.809s] Level 1:colcon.colcon_core.package_identification:_identify(build) by extensions ['ignore', 'ignore_ament_install']
[10.809s] Level 1:colcon.colcon_core.package_identification:_identify(build) by extension 'ignore'
[10.809s] Level 1:colcon.colcon_core.package_identification:_identify(build) ignored
[10.809s] Level 1:colcon.colcon_core.package_identification:_identify(install) by extensions ['ignore', 'ignore_ament_install']
[10.809s] Level 1:colcon.colcon_core.package_identification:_identify(install) by extension 'ignore'
[10.809s] Level 1:colcon.colcon_core.package_identification:_identify(install) ignored
[10.810s] Level 1:colcon.colcon_core.package_identification:_identify(launch) by extensions ['ignore', 'ignore_ament_install']
[10.810s] Level 1:colcon.colcon_core.package_identification:_identify(launch) by extension 'ignore'
[10.810s] Level 1:colcon.colcon_core.package_identification:_identify(launch) by extension 'ignore_ament_install'
[10.810s] Level 1:colcon.colcon_core.package_identification:_identify(launch) by extensions ['colcon_pkg']
[10.810s] Level 1:colcon.colcon_core.package_identification:_identify(launch) by extension 'colcon_pkg'
[10.810s] Level 1:colcon.colcon_core.package_identification:_identify(launch) by extensions ['colcon_meta']
[10.810s] Level 1:colcon.colcon_core.package_identification:_identify(launch) by extension 'colcon_meta'
[10.810s] Level 1:colcon.colcon_core.package_identification:_identify(launch) by extensions ['ros']
[10.810s] Level 1:colcon.colcon_core.package_identification:_identify(launch) by extension 'ros'
[10.810s] Level 1:colcon.colcon_core.package_identification:_identify(launch) by extensions ['cmake', 'python']
[10.810s] Level 1:colcon.colcon_core.package_identification:_identify(launch) by extension 'cmake'
[10.810s] Level 1:colcon.colcon_core.package_identification:_identify(launch) by extension 'python'
[10.811s] Level 1:colcon.colcon_core.package_identification:_identify(launch) by extensions ['python_setup_py']
[10.811s] Level 1:colcon.colcon_core.package_identification:_identify(launch) by extension 'python_setup_py'
[10.811s] Level 1:colcon.colcon_core.package_identification:_identify(launch/__pycache__) by extensions ['ignore', 'ignore_ament_install']
[10.811s] Level 1:colcon.colcon_core.package_identification:_identify(launch/__pycache__) by extension 'ignore'
[10.811s] Level 1:colcon.colcon_core.package_identification:_identify(launch/__pycache__) by extension 'ignore_ament_install'
[10.811s] Level 1:colcon.colcon_core.package_identification:_identify(launch/__pycache__) by extensions ['colcon_pkg']
[10.811s] Level 1:colcon.colcon_core.package_identification:_identify(launch/__pycache__) by extension 'colcon_pkg'
[10.811s] Level 1:colcon.colcon_core.package_identification:_identify(launch/__pycache__) by extensions ['colcon_meta']
[10.811s] Level 1:colcon.colcon_core.package_identification:_identify(launch/__pycache__) by extension 'colcon_meta'
[10.811s] Level 1:colcon.colcon_core.package_identification:_identify(launch/__pycache__) by extensions ['ros']
[10.811s] Level 1:colcon.colcon_core.package_identification:_identify(launch/__pycache__) by extension 'ros'
[10.812s] Level 1:colcon.colcon_core.package_identification:_identify(launch/__pycache__) by extensions ['cmake', 'python']
[10.812s] Level 1:colcon.colcon_core.package_identification:_identify(launch/__pycache__) by extension 'cmake'
[10.812s] Level 1:colcon.colcon_core.package_identification:_identify(launch/__pycache__) by extension 'python'
[10.812s] Level 1:colcon.colcon_core.package_identification:_identify(launch/__pycache__) by extensions ['python_setup_py']
[10.812s] Level 1:colcon.colcon_core.package_identification:_identify(launch/__pycache__) by extension 'python_setup_py'
[10.812s] Level 1:colcon.colcon_core.package_identification:_identify(launch/build) by extensions ['ignore', 'ignore_ament_install']
[10.812s] Level 1:colcon.colcon_core.package_identification:_identify(launch/build) by extension 'ignore'
[10.812s] Level 1:colcon.colcon_core.package_identification:_identify(launch/build) ignored
[10.812s] Level 1:colcon.colcon_core.package_identification:_identify(launch/install) by extensions ['ignore', 'ignore_ament_install']
[10.812s] Level 1:colcon.colcon_core.package_identification:_identify(launch/install) by extension 'ignore'
[10.813s] Level 1:colcon.colcon_core.package_identification:_identify(launch/install) ignored
[10.813s] Level 1:colcon.colcon_core.package_identification:_identify(launch/log) by extensions ['ignore', 'ignore_ament_install']
[10.813s] Level 1:colcon.colcon_core.package_identification:_identify(launch/log) by extension 'ignore'
[10.813s] Level 1:colcon.colcon_core.package_identification:_identify(launch/log) ignored
[10.813s] Level 1:colcon.colcon_core.package_identification:_identify(log) by extensions ['ignore', 'ignore_ament_install']
[10.813s] Level 1:colcon.colcon_core.package_identification:_identify(log) by extension 'ignore'
[10.813s] Level 1:colcon.colcon_core.package_identification:_identify(log) ignored
[10.813s] Level 1:colcon.colcon_core.package_identification:_identify(src) by extensions ['ignore', 'ignore_ament_install']
[10.814s] Level 1:colcon.colcon_core.package_identification:_identify(src) by extension 'ignore'
[10.814s] Level 1:colcon.colcon_core.package_identification:_identify(src) by extension 'ignore_ament_install'
[10.814s] Level 1:colcon.colcon_core.package_identification:_identify(src) by extensions ['colcon_pkg']
[10.814s] Level 1:colcon.colcon_core.package_identification:_identify(src) by extension 'colcon_pkg'
[10.814s] Level 1:colcon.colcon_core.package_identification:_identify(src) by extensions ['colcon_meta']
[10.814s] Level 1:colcon.colcon_core.package_identification:_identify(src) by extension 'colcon_meta'
[10.814s] Level 1:colcon.colcon_core.package_identification:_identify(src) by extensions ['ros']
[10.814s] Level 1:colcon.colcon_core.package_identification:_identify(src) by extension 'ros'
[10.814s] Level 1:colcon.colcon_core.package_identification:_identify(src) by extensions ['cmake', 'python']
[10.814s] Level 1:colcon.colcon_core.package_identification:_identify(src) by extension 'cmake'
[10.814s] Level 1:colcon.colcon_core.package_identification:_identify(src) by extension 'python'
[10.814s] Level 1:colcon.colcon_core.package_identification:_identify(src) by extensions ['python_setup_py']
[10.814s] Level 1:colcon.colcon_core.package_identification:_identify(src) by extension 'python_setup_py'
[10.815s] Level 1:colcon.colcon_core.package_identification:_identify(src/absenc_interface) by extensions ['ignore', 'ignore_ament_install']
[10.815s] Level 1:colcon.colcon_core.package_identification:_identify(src/absenc_interface) by extension 'ignore'
[10.815s] Level 1:colcon.colcon_core.package_identification:_identify(src/absenc_interface) by extension 'ignore_ament_install'
[10.815s] Level 1:colcon.colcon_core.package_identification:_identify(src/absenc_interface) by extensions ['colcon_pkg']
[10.815s] Level 1:colcon.colcon_core.package_identification:_identify(src/absenc_interface) by extension 'colcon_pkg'
[10.815s] Level 1:colcon.colcon_core.package_identification:_identify(src/absenc_interface) by extensions ['colcon_meta']
[10.815s] Level 1:colcon.colcon_core.package_identification:_identify(src/absenc_interface) by extension 'colcon_meta'
[10.815s] Level 1:colcon.colcon_core.package_identification:_identify(src/absenc_interface) by extensions ['ros']
[10.815s] Level 1:colcon.colcon_core.package_identification:_identify(src/absenc_interface) by extension 'ros'
[10.820s] DEBUG:colcon.colcon_core.package_identification:Package 'src/absenc_interface' with type 'ros.ament_cmake' and name 'absenc_interface'
[10.821s] Level 1:colcon.colcon_core.package_identification:_identify(src/arm_controller) by extensions ['ignore', 'ignore_ament_install']
[10.821s] Level 1:colcon.colcon_core.package_identification:_identify(src/arm_controller) by extension 'ignore'
[10.821s] Level 1:colcon.colcon_core.package_identification:_identify(src/arm_controller) by extension 'ignore_ament_install'
[10.821s] Level 1:colcon.colcon_core.package_identification:_identify(src/arm_controller) by extensions ['colcon_pkg']
[10.821s] Level 1:colcon.colcon_core.package_identification:_identify(src/arm_controller) by extension 'colcon_pkg'
[10.821s] Level 1:colcon.colcon_core.package_identification:_identify(src/arm_controller) by extensions ['colcon_meta']
[10.821s] Level 1:colcon.colcon_core.package_identification:_identify(src/arm_controller) by extension 'colcon_meta'
[10.821s] Level 1:colcon.colcon_core.package_identification:_identify(src/arm_controller) by extensions ['ros']
[10.822s] Level 1:colcon.colcon_core.package_identification:_identify(src/arm_controller) by extension 'ros'
[10.822s] DEBUG:colcon.colcon_core.package_identification:Package 'src/arm_controller' with type 'ros.ament_cmake' and name 'arm_controller'
[10.823s] Level 1:colcon.colcon_core.package_identification:_identify(src/arm_ik) by extensions ['ignore', 'ignore_ament_install']
[10.823s] Level 1:colcon.colcon_core.package_identification:_identify(src/arm_ik) by extension 'ignore'
[10.823s] Level 1:colcon.colcon_core.package_identification:_identify(src/arm_ik) by extension 'ignore_ament_install'
[10.823s] Level 1:colcon.colcon_core.package_identification:_identify(src/arm_ik) by extensions ['colcon_pkg']
[10.823s] Level 1:colcon.colcon_core.package_identification:_identify(src/arm_ik) by extension 'colcon_pkg'
[10.823s] Level 1:colcon.colcon_core.package_identification:_identify(src/arm_ik) by extensions ['colcon_meta']
[10.823s] Level 1:colcon.colcon_core.package_identification:_identify(src/arm_ik) by extension 'colcon_meta'
[10.823s] Level 1:colcon.colcon_core.package_identification:_identify(src/arm_ik) by extensions ['ros']
[10.823s] Level 1:colcon.colcon_core.package_identification:_identify(src/arm_ik) by extension 'ros'
[10.826s] DEBUG:colcon.colcon_core.package_identification:Package 'src/arm_ik' with type 'ros.ament_python' and name 'arm_ik'
[10.827s] Level 1:colcon.colcon_core.package_identification:_identify(src/gps) by extensions ['ignore', 'ignore_ament_install']
[10.827s] Level 1:colcon.colcon_core.package_identification:_identify(src/gps) by extension 'ignore'
[10.827s] Level 1:colcon.colcon_core.package_identification:_identify(src/gps) ignored
[10.827s] Level 1:colcon.colcon_core.package_identification:_identify(src/sil) by extensions ['ignore', 'ignore_ament_install']
[10.827s] Level 1:colcon.colcon_core.package_identification:_identify(src/sil) by extension 'ignore'
[10.827s] Level 1:colcon.colcon_core.package_identification:_identify(src/sil) by extension 'ignore_ament_install'
[10.827s] Level 1:colcon.colcon_core.package_identification:_identify(src/sil) by extensions ['colcon_pkg']
[10.828s] Level 1:colcon.colcon_core.package_identification:_identify(src/sil) by extension 'colcon_pkg'
[10.828s] Level 1:colcon.colcon_core.package_identification:_identify(src/sil) by extensions ['colcon_meta']
[10.828s] Level 1:colcon.colcon_core.package_identification:_identify(src/sil) by extension 'colcon_meta'
[10.828s] Level 1:colcon.colcon_core.package_identification:_identify(src/sil) by extensions ['ros']
[10.828s] Level 1:colcon.colcon_core.package_identification:_identify(src/sil) by extension 'ros'
[10.829s] DEBUG:colcon.colcon_core.package_identification:Package 'src/sil' with type 'ros.ament_cmake' and name 'sil'
[10.829s] Level 1:colcon.colcon_core.package_identification:_identify(src/wheels_controller) by extensions ['ignore', 'ignore_ament_install']
[10.829s] Level 1:colcon.colcon_core.package_identification:_identify(src/wheels_controller) by extension 'ignore'
[10.829s] Level 1:colcon.colcon_core.package_identification:_identify(src/wheels_controller) by extension 'ignore_ament_install'
[10.829s] Level 1:colcon.colcon_core.package_identification:_identify(src/wheels_controller) by extensions ['colcon_pkg']
[10.829s] Level 1:colcon.colcon_core.package_identification:_identify(src/wheels_controller) by extension 'colcon_pkg'
[10.829s] Level 1:colcon.colcon_core.package_identification:_identify(src/wheels_controller) by extensions ['colcon_meta']
[10.829s] Level 1:colcon.colcon_core.package_identification:_identify(src/wheels_controller) by extension 'colcon_meta'
[10.830s] Level 1:colcon.colcon_core.package_identification:_identify(src/wheels_controller) by extensions ['ros']
[10.830s] Level 1:colcon.colcon_core.package_identification:_identify(src/wheels_controller) by extension 'ros'
[10.830s] DEBUG:colcon.colcon_core.package_identification:Package 'src/wheels_controller' with type 'ros.ament_cmake' and name 'wheels_controller'
[10.830s] Level 1:colcon.colcon_core.package_identification:_identify(util) by extensions ['ignore', 'ignore_ament_install']
[10.831s] Level 1:colcon.colcon_core.package_identification:_identify(util) by extension 'ignore'
[10.831s] Level 1:colcon.colcon_core.package_identification:_identify(util) ignored
[10.831s] Level 1:colcon.colcon_core.package_discovery:discover_packages(recursive) using defaults
[10.831s] Level 1:colcon.colcon_core.package_discovery:discover_packages(ignore) discover
[10.831s] Level 1:colcon.colcon_core.package_discovery:discover_packages(ignore) using defaults
[10.831s] Level 1:colcon.colcon_core.package_discovery:discover_packages(path) discover
[10.831s] Level 1:colcon.colcon_core.package_discovery:discover_packages(path) using defaults
[11.476s] INFO:colcon.colcon_core.package_selection:Skipping not selected package 'arm_controller' in 'src/arm_controller'
[11.476s] INFO:colcon.colcon_core.package_selection:Skipping not selected package 'arm_ik' in 'src/arm_ik'
[11.476s] INFO:colcon.colcon_core.package_selection:Skipping not selected package 'sil' in 'src/sil'
[11.476s] INFO:colcon.colcon_core.package_selection:Skipping not selected package 'wheels_controller' in 'src/wheels_controller'
[11.834s] Level 1:colcon.colcon_core.package_discovery:discover_packages(prefix_path) check parameters
[11.834s] Level 1:colcon.colcon_core.package_discovery:discover_packages(prefix_path) discover
[12.193s] DEBUG:colcon.colcon_installed_package_information.package_discovery:Found 5 installed packages in /home/nvidia/robotics-orin/install
[12.372s] DEBUG:colcon.colcon_installed_package_information.package_discovery:Found 319 installed packages in /opt/ros/humble
[12.375s] Level 1:colcon.colcon_core.package_discovery:discover_packages(prefix_path) using defaults
[12.912s] Level 5:colcon.colcon_core.verb:set package 'absenc_interface' build argument 'cmake_args' from command line to 'None'
[12.912s] Level 5:colcon.colcon_core.verb:set package 'absenc_interface' build argument 'cmake_target' from command line to 'None'
[12.912s] Level 5:colcon.colcon_core.verb:set package 'absenc_interface' build argument 'cmake_target_skip_unavailable' from command line to 'False'
[12.912s] Level 5:colcon.colcon_core.verb:set package 'absenc_interface' build argument 'cmake_clean_cache' from command line to 'False'
[12.912s] Level 5:colcon.colcon_core.verb:set package 'absenc_interface' build argument 'cmake_clean_first' from command line to 'False'
[12.913s] Level 5:colcon.colcon_core.verb:set package 'absenc_interface' build argument 'cmake_force_configure' from command line to 'False'
[12.913s] Level 5:colcon.colcon_core.verb:set package 'absenc_interface' build argument 'ament_cmake_args' from command line to 'None'
[12.913s] Level 5:colcon.colcon_core.verb:set package 'absenc_interface' build argument 'catkin_cmake_args' from command line to 'None'
[12.913s] Level 5:colcon.colcon_core.verb:set package 'absenc_interface' build argument 'catkin_skip_building_tests' from command line to 'False'
[12.913s] DEBUG:colcon.colcon_core.verb:Building package 'absenc_interface' with the following arguments: {'ament_cmake_args': None, 'build_base': '/home/nvidia/robotics-orin/build/absenc_interface', 'catkin_cmake_args': None, 'catkin_skip_building_tests': False, 'cmake_args': None, 'cmake_clean_cache': False, 'cmake_clean_first': False, 'cmake_force_configure': False, 'cmake_target': None, 'cmake_target_skip_unavailable': False, 'install_base': '/home/nvidia/robotics-orin/install/absenc_interface', 'merge_install': False, 'path': '/home/nvidia/robotics-orin/src/absenc_interface', 'symlink_install': False, 'test_result_base': None}
[13.095s] INFO:colcon.colcon_core.executor:Executing jobs using 'parallel' executor
[13.286s] DEBUG:colcon.colcon_parallel_executor.executor.parallel:run_until_complete
[13.287s] INFO:colcon.colcon_ros.task.ament_cmake.build:Building ROS package in '/home/nvidia/robotics-orin/src/absenc_interface' with build type 'ament_cmake'
[13.288s] INFO:colcon.colcon_cmake.task.cmake.build:Building CMake package in '/home/nvidia/robotics-orin/src/absenc_interface'
[13.484s] INFO:colcon.colcon_core.plugin_system:Skipping extension 'colcon_core.shell.bat': Not used on non-Windows systems
[13.484s] INFO:colcon.colcon_core.shell:Skip shell extension 'powershell' for command environment: Not usable outside of PowerShell
[13.484s] DEBUG:colcon.colcon_core.shell:Skip shell extension 'dsv' for command environment
[14.071s] DEBUG:colcon.colcon_core.event_handler.log_command:Invoking command in '/home/nvidia/robotics-orin/build/absenc_interface': CMAKE_PREFIX_PATH=${CMAKE_PREFIX_PATH}:/opt/ros/humble:/home/nvidia/robotics-orin/install/arm_ik CONDA_PROMPT_MODIFIER=(base) /usr/bin/cmake --build /home/nvidia/robotics-orin/build/absenc_interface -- -j6 -l6
[26.016s] DEBUG:colcon.colcon_core.event_handler.log_command:Invoked command in '/home/nvidia/robotics-orin/build/absenc_interface' returned '2': CMAKE_PREFIX_PATH=${CMAKE_PREFIX_PATH}:/opt/ros/humble:/home/nvidia/robotics-orin/install/arm_ik CONDA_PROMPT_MODIFIER=(base) /usr/bin/cmake --build /home/nvidia/robotics-orin/build/absenc_interface -- -j6 -l6
[26.307s] Level 1:colcon.colcon_core.environment:create_environment_scripts_only(absenc_interface)
[26.499s] Level 1:colcon.colcon_core.environment:checking '/home/nvidia/robotics-orin/install/absenc_interface' for CMake module files
[26.500s] Level 1:colcon.colcon_core.environment:checking '/home/nvidia/robotics-orin/install/absenc_interface' for CMake config files
[26.501s] Level 1:colcon.colcon_core.shell:create_environment_hook('absenc_interface', 'cmake_prefix_path')
[26.687s] INFO:colcon.colcon_core.shell:Creating environment hook '/home/nvidia/robotics-orin/install/absenc_interface/share/absenc_interface/hook/cmake_prefix_path.ps1'
[26.689s] INFO:colcon.colcon_core.shell:Creating environment descriptor '/home/nvidia/robotics-orin/install/absenc_interface/share/absenc_interface/hook/cmake_prefix_path.dsv'
[26.690s] INFO:colcon.colcon_core.shell:Creating environment hook '/home/nvidia/robotics-orin/install/absenc_interface/share/absenc_interface/hook/cmake_prefix_path.sh'
[26.691s] Level 1:colcon.colcon_core.environment:checking '/home/nvidia/robotics-orin/install/absenc_interface/lib'
[26.691s] Level 1:colcon.colcon_core.shell:create_environment_hook('absenc_interface', 'ld_library_path_lib')
[26.874s] INFO:colcon.colcon_core.shell:Creating environment hook '/home/nvidia/robotics-orin/install/absenc_interface/share/absenc_interface/hook/ld_library_path_lib.ps1'
[26.875s] INFO:colcon.colcon_core.shell:Creating environment descriptor '/home/nvidia/robotics-orin/install/absenc_interface/share/absenc_interface/hook/ld_library_path_lib.dsv'
[26.876s] INFO:colcon.colcon_core.shell:Creating environment hook '/home/nvidia/robotics-orin/install/absenc_interface/share/absenc_interface/hook/ld_library_path_lib.sh'
[26.876s] Level 1:colcon.colcon_core.environment:checking '/home/nvidia/robotics-orin/install/absenc_interface/bin'
[26.876s] Level 1:colcon.colcon_core.environment:checking '/home/nvidia/robotics-orin/install/absenc_interface/lib/pkgconfig/absenc_interface.pc'
[26.877s] Level 1:colcon.colcon_core.environment:checking '/home/nvidia/robotics-orin/install/absenc_interface/lib/python3.8/site-packages'
[26.877s] Level 1:colcon.colcon_core.environment:checking '/home/nvidia/robotics-orin/install/absenc_interface/bin'
[27.062s] INFO:colcon.colcon_core.shell:Creating package script '/home/nvidia/robotics-orin/install/absenc_interface/share/absenc_interface/package.ps1'
[27.064s] INFO:colcon.colcon_core.shell:Creating package descriptor '/home/nvidia/robotics-orin/install/absenc_interface/share/absenc_interface/package.dsv'
[27.065s] INFO:colcon.colcon_core.shell:Creating package script '/home/nvidia/robotics-orin/install/absenc_interface/share/absenc_interface/package.sh'
[27.067s] INFO:colcon.colcon_core.shell:Creating package script '/home/nvidia/robotics-orin/install/absenc_interface/share/absenc_interface/package.bash'
[27.068s] INFO:colcon.colcon_core.shell:Creating package script '/home/nvidia/robotics-orin/install/absenc_interface/share/absenc_interface/package.zsh'
[27.069s] Level 1:colcon.colcon_core.environment:create_file_with_runtime_dependencies(/home/nvidia/robotics-orin/install/absenc_interface/share/colcon-core/packages/absenc_interface)
[27.080s] DEBUG:colcon.colcon_parallel_executor.executor.parallel:closing loop
[27.081s] DEBUG:colcon.colcon_parallel_executor.executor.parallel:loop closed
[27.081s] DEBUG:colcon.colcon_parallel_executor.executor.parallel:run_until_complete finished with '2'
[27.081s] DEBUG:colcon.colcon_core.event_reactor:joining thread
[27.283s] INFO:colcon.colcon_core.plugin_system:Skipping extension 'colcon_notification.desktop_notification.terminal_notifier': Not used on non-Darwin systems
[27.283s] INFO:colcon.colcon_core.plugin_system:Skipping extension 'colcon_notification.desktop_notification.win32': Not used on non-Windows systems
[27.283s] INFO:colcon.colcon_notification.desktop_notification:Sending desktop notification using 'notify2'
[27.328s] DEBUG:colcon.colcon_core.event_reactor:joined thread
[27.518s] INFO:colcon.colcon_core.shell:Creating prefix script '/home/nvidia/robotics-orin/install/local_setup.ps1'
[27.519s] INFO:colcon.colcon_core.shell:Creating prefix util module '/home/nvidia/robotics-orin/install/_local_setup_util_ps1.py'
[27.521s] INFO:colcon.colcon_core.shell:Creating prefix chain script '/home/nvidia/robotics-orin/install/setup.ps1'
[27.704s] INFO:colcon.colcon_core.shell:Creating prefix script '/home/nvidia/robotics-orin/install/local_setup.sh'
[27.705s] INFO:colcon.colcon_core.shell:Creating prefix util module '/home/nvidia/robotics-orin/install/_local_setup_util_sh.py'
[27.706s] INFO:colcon.colcon_core.shell:Creating prefix chain script '/home/nvidia/robotics-orin/install/setup.sh'
[27.887s] INFO:colcon.colcon_core.shell:Creating prefix script '/home/nvidia/robotics-orin/install/local_setup.bash'
[27.888s] INFO:colcon.colcon_core.shell:Creating prefix chain script '/home/nvidia/robotics-orin/install/setup.bash'
[28.068s] INFO:colcon.colcon_core.shell:Creating prefix script '/home/nvidia/robotics-orin/install/local_setup.zsh'
[28.069s] INFO:colcon.colcon_core.shell:Creating prefix chain script '/home/nvidia/robotics-orin/install/setup.zsh'
