[  8%] Built target absenc_interface__cpp
[ 11%] Built target absenc_interface__rosidl_generator_c
[ 11%] Built target ament_cmake_python_symlink_absenc_interface
[ 26%] Built target absenc_interface__rosidl_typesupport_introspection_c
[ 29%] Built target absenc_interface__rosidl_typesupport_introspection_cpp
[ 38%] Built target absenc_interface__rosidl_typesupport_cpp
[ 47%] Built target absenc_interface__rosidl_typesupport_fastrtps_c
[ 55%] Built target absenc_interface__rosidl_typesupport_fastrtps_cpp
[ 64%] Built target absenc_interface__rosidl_typesupport_c
[ 64%] Built target absenc_interface
[ 67%] Built target absenc_interface__py
[ 70%] [32mBuilding CXX object CMakeFiles/absenc_node.dir/src/absenc_node.cpp.o[0m
[ 76%] Built target absenc_interface__rosidl_generator_py
[ 94%] Built target absenc_interface__rosidl_typesupport_c__pyext
[ 94%] Built target absenc_interface__rosidl_typesupport_fastrtps_c__pyext
[ 94%] Built target absenc_interface__rosidl_typesupport_introspection_c__pyext
running egg_info
writing absenc_interface.egg-info/PKG-INFO
writing dependency_links to absenc_interface.egg-info/dependency_links.txt
writing top-level names to absenc_interface.egg-info/top_level.txt
reading manifest file 'absenc_interface.egg-info/SOURCES.txt'
writing manifest file 'absenc_interface.egg-info/SOURCES.txt'
[ 94%] Built target ament_cmake_python_build_absenc_interface_egg
