[0.750s] Invoking command in '/home/nvidia/robotics-orin/build/absenc_interface': CMAKE_PREFIX_PATH=${CMAKE_PREFIX_PATH}:/opt/ros/humble:/home/nvidia/robotics-orin/install/arm_ik CONDA_PROMPT_MODIFIER=(base) /usr/bin/cmake --build /home/nvidia/robotics-orin/build/absenc_interface -- -j6 -l6
[0.845s] [  8%] Built target absenc_interface__cpp
[0.845s] [ 11%] Built target absenc_interface__rosidl_generator_c
[0.863s] [ 11%] Built target ament_cmake_python_symlink_absenc_interface
[0.883s] [ 26%] Built target absenc_interface__rosidl_typesupport_introspection_c
[0.883s] [ 29%] Built target absenc_interface__rosidl_typesupport_introspection_cpp
[0.884s] [ 38%] Built target absenc_interface__rosidl_typesupport_cpp
[0.886s] [ 47%] Built target absenc_interface__rosidl_typesupport_fastrtps_c
[0.887s] [ 55%] Built target absenc_interface__rosidl_typesupport_fastrtps_cpp
[0.905s] [ 64%] Built target absenc_interface__rosidl_typesupport_c
[0.942s] [ 64%] Built target absenc_interface
[0.981s] [ 67%] Built target absenc_interface__py
[0.992s] [ 70%] [32mBuilding CXX object CMakeFiles/absenc_node.dir/src/absenc_node.cpp.o[0m
[1.024s] [ 76%] Built target absenc_interface__rosidl_generator_py
[1.067s] [ 94%] Built target absenc_interface__rosidl_typesupport_c__pyext
[1.068s] [ 94%] Built target absenc_interface__rosidl_typesupport_fastrtps_c__pyext
[1.068s] [ 94%] Built target absenc_interface__rosidl_typesupport_introspection_c__pyext
[1.444s] running egg_info
[1.445s] writing absenc_interface.egg-info/PKG-INFO
[1.445s] writing dependency_links to absenc_interface.egg-info/dependency_links.txt
[1.446s] writing top-level names to absenc_interface.egg-info/top_level.txt
[1.524s] reading manifest file 'absenc_interface.egg-info/SOURCES.txt'
[1.525s] writing manifest file 'absenc_interface.egg-info/SOURCES.txt'
[1.590s] [ 94%] Built target ament_cmake_python_build_absenc_interface_egg
[5.714s] [01m[K/home/nvidia/robotics-orin/src/absenc_interface/src/absenc_node.cpp:[m[K In member function ‘[01m[Kvoid AbsEnc::ikValuesCallback(sensor_msgs::msg::JointState_<std::allocator<void> >::SharedPtr)[m[K’:
[5.715s] [01m[K/home/nvidia/robotics-orin/src/absenc_interface/src/absenc_node.cpp:104:25:[m[K [01;35m[Kwarning: [m[Kcomparison of integer expressions of different signedness: ‘[01m[Kint[m[K’ and ‘[01m[Kstd::array<float, 4>::size_type[m[K’ {aka ‘[01m[Klong unsigned int[m[K’} [[01;35m[K-Wsign-compare[m[K]
[5.715s]   104 |       for (int i = 0; [01;35m[Ki < std::size(ik_angles)[m[K; i++) {
[5.715s]       |                       [01;35m[K~~^~~~~~~~~~~~~~~~~~~~~~[m[K
[5.716s] [01m[K/home/nvidia/robotics-orin/src/absenc_interface/src/absenc_node.cpp:109:25:[m[K [01;35m[Kwarning: [m[Kcomparison of integer expressions of different signedness: ‘[01m[Kint[m[K’ and ‘[01m[Kstd::array<float, 4>::size_type[m[K’ {aka ‘[01m[Klong unsigned int[m[K’} [[01;35m[K-Wsign-compare[m[K]
[5.716s]   109 |       for (int i = 0; [01;35m[Ki < std::size(ik_angles)[m[K; i++) {
[5.716s]       |                       [01;35m[K~~^~~~~~~~~~~~~~~~~~~~~~[m[K
[5.720s] [01m[K/home/nvidia/robotics-orin/src/absenc_interface/src/absenc_node.cpp:152:24:[m[K [01;31m[Kerror: [m[Kno match for ‘[01m[Koperator=[m[K’ (operand types are ‘[01m[Kstd_msgs::msg::Float32MultiArray_<std::allocator<void> >::_data_type[m[K’ {aka ‘[01m[Kstd::vector<float>[m[K’} and ‘[01m[Kfloat [6][m[K’)
[5.720s]   152 |       arm_msg_2.data = [01;31m[Kangles[m[K;
[5.721s]       |                        [01;31m[K^~~~~~[m[K
[5.721s] In file included from [01m[K/usr/include/c++/9/vector:72[m[K,
[5.721s]                  from [01m[K/usr/include/c++/9/functional:62[m[K,
[5.721s]                  from [01m[K/usr/include/c++/9/pstl/glue_algorithm_defs.h:13[m[K,
[5.722s]                  from [01m[K/usr/include/c++/9/algorithm:71[m[K,
[5.722s]                  from [01m[K/opt/ros/humble/include/rclcpp/rclcpp/executor.hpp:18[m[K,
[5.722s]                  from [01m[K/opt/ros/humble/include/rclcpp/rclcpp/executors/multi_threaded_executor.hpp:25[m[K,
[5.722s]                  from [01m[K/opt/ros/humble/include/rclcpp/rclcpp/executors.hpp:21[m[K,
[5.723s]                  from [01m[K/opt/ros/humble/include/rclcpp/rclcpp/rclcpp.hpp:155[m[K,
[5.723s]                  from [01m[K/home/nvidia/robotics-orin/src/absenc_interface/src/absenc_node.cpp:3[m[K:
[5.723s] [01m[K/usr/include/c++/9/bits/vector.tcc:198:5:[m[K [01;36m[Knote: [m[Kcandidate: ‘[01m[Kstd::vector<_Tp, _Alloc>& std::vector<_Tp, _Alloc>::operator=(const std::vector<_Tp, _Alloc>&) [with _Tp = float; _Alloc = std::allocator<float>][m[K’
[5.723s]   198 |     [01;36m[Kvector<_Tp, _Alloc>[m[K::
[5.724s]       |     [01;36m[K^~~~~~~~~~~~~~~~~~~[m[K
[5.724s] [01m[K/usr/include/c++/9/bits/vector.tcc:199:42:[m[K [01;36m[Knote: [m[K  no known conversion for argument 1 from ‘[01m[Kfloat [6][m[K’ to ‘[01m[Kconst std::vector<float>&[m[K’
[5.724s]   199 |     operator=([01;36m[Kconst vector<_Tp, _Alloc>& __x[m[K)
[5.724s]       |               [01;36m[K~~~~~~~~~~~~~~~~~~~~~~~~~~~^~~[m[K
[5.725s] In file included from [01m[K/usr/include/c++/9/vector:67[m[K,
[5.725s]                  from [01m[K/usr/include/c++/9/functional:62[m[K,
[5.725s]                  from [01m[K/usr/include/c++/9/pstl/glue_algorithm_defs.h:13[m[K,
[5.725s]                  from [01m[K/usr/include/c++/9/algorithm:71[m[K,
[5.725s]                  from [01m[K/opt/ros/humble/include/rclcpp/rclcpp/executor.hpp:18[m[K,
[5.726s]                  from [01m[K/opt/ros/humble/include/rclcpp/rclcpp/executors/multi_threaded_executor.hpp:25[m[K,
[5.726s]                  from [01m[K/opt/ros/humble/include/rclcpp/rclcpp/executors.hpp:21[m[K,
[5.726s]                  from [01m[K/opt/ros/humble/include/rclcpp/rclcpp/rclcpp.hpp:155[m[K,
[5.726s]                  from [01m[K/home/nvidia/robotics-orin/src/absenc_interface/src/absenc_node.cpp:3[m[K:
[5.727s] [01m[K/usr/include/c++/9/bits/stl_vector.h:706:7:[m[K [01;36m[Knote: [m[Kcandidate: ‘[01m[Kstd::vector<_Tp, _Alloc>& std::vector<_Tp, _Alloc>::operator=(std::vector<_Tp, _Alloc>&&) [with _Tp = float; _Alloc = std::allocator<float>][m[K’
[5.727s]   706 |       [01;36m[Koperator[m[K=(vector&& __x) noexcept(_Alloc_traits::_S_nothrow_move())
[5.727s]       |       [01;36m[K^~~~~~~~[m[K
[5.727s] [01m[K/usr/include/c++/9/bits/stl_vector.h:706:26:[m[K [01;36m[Knote: [m[K  no known conversion for argument 1 from ‘[01m[Kfloat [6][m[K’ to ‘[01m[Kstd::vector<float>&&[m[K’
[5.728s]   706 |       operator=([01;36m[Kvector&& __x[m[K) noexcept(_Alloc_traits::_S_nothrow_move())
[5.728s]       |                 [01;36m[K~~~~~~~~~^~~[m[K
[5.728s] [01m[K/usr/include/c++/9/bits/stl_vector.h:727:7:[m[K [01;36m[Knote: [m[Kcandidate: ‘[01m[Kstd::vector<_Tp, _Alloc>& std::vector<_Tp, _Alloc>::operator=(std::initializer_list<_Tp>) [with _Tp = float; _Alloc = std::allocator<float>][m[K’
[5.728s]   727 |       [01;36m[Koperator[m[K=(initializer_list<value_type> __l)
[5.729s]       |       [01;36m[K^~~~~~~~[m[K
[5.729s] [01m[K/usr/include/c++/9/bits/stl_vector.h:727:46:[m[K [01;36m[Knote: [m[K  no known conversion for argument 1 from ‘[01m[Kfloat [6][m[K’ to ‘[01m[Kstd::initializer_list<float>[m[K’
[5.729s]   727 |       operator=([01;36m[Kinitializer_list<value_type> __l[m[K)
[5.729s]       |                 [01;36m[K~~~~~~~~~~~~~~~~~~~~~~~~~~~~~^~~[m[K
[11.696s] make[2]: *** [CMakeFiles/absenc_node.dir/build.make:63: CMakeFiles/absenc_node.dir/src/absenc_node.cpp.o] Error 1
[11.697s] make[1]: *** [CMakeFiles/Makefile2:128: CMakeFiles/absenc_node.dir/all] Error 2
[11.698s] make: *** [Makefile:141: all] Error 2
[11.703s] Invoked command in '/home/nvidia/robotics-orin/build/absenc_interface' returned '2': CMAKE_PREFIX_PATH=${CMAKE_PREFIX_PATH}:/opt/ros/humble:/home/nvidia/robotics-orin/install/arm_ik CONDA_PROMPT_MODIFIER=(base) /usr/bin/cmake --build /home/nvidia/robotics-orin/build/absenc_interface -- -j6 -l6
