-- The C compiler identification is GNU 9.4.0
-- The CXX compiler identification is GNU 9.4.0
-- Check for working C compiler: /usr/bin/cc
-- Check for working C compiler: /usr/bin/cc -- works
-- Detecting C compiler ABI info
-- Detecting C compiler ABI info - done
-- Detecting C compile features
-- Detecting C compile features - done
-- Check for working CXX compiler: /usr/bin/c++
-- Check for working CXX compiler: /usr/bin/c++ -- works
-- Detecting CXX compiler ABI info
-- Detecting CXX compiler ABI info - done
-- Detecting CXX compile features
-- Detecting CXX compile features - done
-- Found ament_cmake: 1.3.6 (/opt/ros/humble/share/ament_cmake/cmake)
-- Found Python3: /usr/bin/python3.9 (found version "3.9.5") found components: Interpreter 
-- Override CMake install command with custom implementation using symlinks instead of copying resources
-- Found rclcpp: 16.0.7 (/opt/ros/humble/share/rclcpp/cmake)
-- Found rosidl_generator_c: 3.1.5 (/opt/ros/humble/share/rosidl_generator_c/cmake)
-- Found rosidl_adapter: 3.1.5 (/opt/ros/humble/share/rosidl_adapter/cmake)
-- Found rosidl_generator_cpp: 3.1.5 (/opt/ros/humble/share/rosidl_generator_cpp/cmake)
-- Using all available rosidl_typesupport_c: rosidl_typesupport_fastrtps_c;rosidl_typesupport_introspection_c
-- Using all available rosidl_typesupport_cpp: rosidl_typesupport_fastrtps_cpp;rosidl_typesupport_introspection_cpp
-- Found rmw_implementation_cmake: 6.1.1 (/opt/ros/humble/share/rmw_implementation_cmake/cmake)
-- Found rmw_fastrtps_cpp: 6.2.5 (/opt/ros/humble/share/rmw_fastrtps_cpp/cmake)
-- Found OpenSSL: /usr/lib/aarch64-linux-gnu/libcrypto.so (found version "1.1.1f")  
-- Found FastRTPS: /opt/ros/humble/include  
-- Using RMW implementation 'rmw_fastrtps_cpp' as default
-- Looking for pthread.h
-- Looking for pthread.h - found
-- Performing Test CMAKE_HAVE_LIBC_PTHREAD
-- Performing Test CMAKE_HAVE_LIBC_PTHREAD - Failed
-- Looking for pthread_create in pthreads
-- Looking for pthread_create in pthreads - not found
-- Looking for pthread_create in pthread
-- Looking for pthread_create in pthread - found
-- Found Threads: TRUE  
-- Found geometry_msgs: 4.2.3 (/opt/ros/humble/share/geometry_msgs/cmake)
-- Found sensor_msgs: 4.2.3 (/opt/ros/humble/share/sensor_msgs/cmake)
-- Found rosidl_default_generators: 1.2.0 (/opt/ros/humble/share/rosidl_default_generators/cmake)
-- Configuring done
-- Generating done
-- Build files have been written to: /home/nvidia/robotics-orin/build/wheels_controller
[35m[1mScanning dependencies of target wheels_controller_node[0m
[ 25%] [32mBuilding CXX object CMakeFiles/wheels_controller_node.dir/src/wheels_controller_node.cpp.o[0m
[ 50%] [32mBuilding CXX object CMakeFiles/wheels_controller_node.dir/src/can_controller.cpp.o[0m
[ 75%] [32mBuilding CXX object CMakeFiles/wheels_controller_node.dir/src/rev_motor_controller.cpp.o[0m
[01m[K/home/nvidia/robotics-orin/src/wheels_controller/src/wheels_controller_node.cpp:[m[K In member function ‘[01m[Kvoid WheelsControllerNode::pollControllersCallback()[m[K’:
[01m[K/home/nvidia/robotics-orin/src/wheels_controller/src/wheels_controller_node.cpp:49:22:[m[K [01;35m[Kwarning: [m[Kunused variable ‘[01m[Kframe[m[K’ [[01;35m[K-Wunused-variable[m[K]
   49 |     struct can_frame [01;35m[Kframe[m[K;
      |                      [01;35m[K^~~~~[m[K
[100%] [32m[1mLinking CXX executable wheels_controller_node[0m
[100%] Built target wheels_controller_node
-- Install configuration: ""
-- Execute custom install script
-- Symlinking: /home/nvidia/robotics-orin/install/wheels_controller/lib/wheels_controller/wheels_controller_node
-- Symlinking: /home/nvidia/robotics-orin/install/wheels_controller/share/ament_index/resource_index/package_run_dependencies/wheels_controller
-- Symlinking: /home/nvidia/robotics-orin/install/wheels_controller/share/ament_index/resource_index/parent_prefix_path/wheels_controller
-- Symlinking: /home/nvidia/robotics-orin/install/wheels_controller/share/wheels_controller/environment/ament_prefix_path.sh
-- Symlinking: /home/nvidia/robotics-orin/install/wheels_controller/share/wheels_controller/environment/ament_prefix_path.dsv
-- Symlinking: /home/nvidia/robotics-orin/install/wheels_controller/share/wheels_controller/environment/path.sh
-- Symlinking: /home/nvidia/robotics-orin/install/wheels_controller/share/wheels_controller/environment/path.dsv
-- Symlinking: /home/nvidia/robotics-orin/install/wheels_controller/share/wheels_controller/local_setup.bash
-- Symlinking: /home/nvidia/robotics-orin/install/wheels_controller/share/wheels_controller/local_setup.sh
-- Symlinking: /home/nvidia/robotics-orin/install/wheels_controller/share/wheels_controller/local_setup.zsh
-- Symlinking: /home/nvidia/robotics-orin/install/wheels_controller/share/wheels_controller/local_setup.dsv
-- Symlinking: /home/nvidia/robotics-orin/install/wheels_controller/share/wheels_controller/package.dsv
-- Symlinking: /home/nvidia/robotics-orin/install/wheels_controller/share/ament_index/resource_index/packages/wheels_controller
-- Symlinking: /home/nvidia/robotics-orin/install/wheels_controller/share/wheels_controller/cmake/wheels_controllerConfig.cmake
-- Symlinking: /home/nvidia/robotics-orin/install/wheels_controller/share/wheels_controller/cmake/wheels_controllerConfig-version.cmake
-- Symlinking: /home/nvidia/robotics-orin/install/wheels_controller/share/wheels_controller/package.xml
