[0.771s] Invoking command in '/home/nvidia/robotics-orin/build/wheels_controller': CMAKE_PREFIX_PATH=${CMAKE_PREFIX_PATH}:/opt/ros/humble:/home/nvidia/robotics-orin/install/arm_ik CONDA_PROMPT_MODIFIER=(base) /usr/bin/cmake /home/nvidia/robotics-orin/src/wheels_controller -DAMENT_CMAKE_SYMLINK_INSTALL=1 -DCMAKE_INSTALL_PREFIX=/home/nvidia/robotics-orin/install/wheels_controller
[0.914s] -- The C compiler identification is GNU 9.4.0
[1.049s] -- The CXX compiler identification is GNU 9.4.0
[1.058s] -- Check for working C compiler: /usr/bin/cc
[1.175s] -- Check for working C compiler: /usr/bin/cc -- works
[1.177s] -- Detecting C compiler ABI info
[1.289s] -- Detecting C compiler ABI info - done
[1.316s] -- Detecting C compile features
[1.316s] -- Detecting C compile features - done
[1.321s] -- Check for working CXX compiler: /usr/bin/c++
[1.458s] -- Check for working CXX compiler: /usr/bin/c++ -- works
[1.460s] -- Detecting CXX compiler ABI info
[1.593s] -- Detecting CXX compiler ABI info - done
[1.616s] -- Detecting CXX compile features
[1.616s] -- Detecting CXX compile features - done
[1.624s] -- Found ament_cmake: 1.3.6 (/opt/ros/humble/share/ament_cmake/cmake)
[1.909s] -- Found Python3: /usr/bin/python3.9 (found version "3.9.5") found components: Interpreter 
[2.037s] -- Override CMake install command with custom implementation using symlinks instead of copying resources
[2.094s] -- Found rclcpp: 16.0.7 (/opt/ros/humble/share/rclcpp/cmake)
[2.176s] -- Found rosidl_generator_c: 3.1.5 (/opt/ros/humble/share/rosidl_generator_c/cmake)
[2.185s] -- Found rosidl_adapter: 3.1.5 (/opt/ros/humble/share/rosidl_adapter/cmake)
[2.202s] -- Found rosidl_generator_cpp: 3.1.5 (/opt/ros/humble/share/rosidl_generator_cpp/cmake)
[2.232s] -- Using all available rosidl_typesupport_c: rosidl_typesupport_fastrtps_c;rosidl_typesupport_introspection_c
[2.271s] -- Using all available rosidl_typesupport_cpp: rosidl_typesupport_fastrtps_cpp;rosidl_typesupport_introspection_cpp
[2.406s] -- Found rmw_implementation_cmake: 6.1.1 (/opt/ros/humble/share/rmw_implementation_cmake/cmake)
[2.412s] -- Found rmw_fastrtps_cpp: 6.2.5 (/opt/ros/humble/share/rmw_fastrtps_cpp/cmake)
[2.633s] -- Found OpenSSL: /usr/lib/aarch64-linux-gnu/libcrypto.so (found version "1.1.1f")  
[2.685s] -- Found FastRTPS: /opt/ros/humble/include  
[2.772s] -- Using RMW implementation 'rmw_fastrtps_cpp' as default
[2.794s] -- Looking for pthread.h
[2.923s] -- Looking for pthread.h - found
[2.924s] -- Performing Test CMAKE_HAVE_LIBC_PTHREAD
[3.044s] -- Performing Test CMAKE_HAVE_LIBC_PTHREAD - Failed
[3.044s] -- Looking for pthread_create in pthreads
[3.158s] -- Looking for pthread_create in pthreads - not found
[3.159s] -- Looking for pthread_create in pthread
[3.283s] -- Looking for pthread_create in pthread - found
[3.286s] -- Found Threads: TRUE  
[3.581s] -- Found geometry_msgs: 4.2.3 (/opt/ros/humble/share/geometry_msgs/cmake)
[3.662s] -- Found sensor_msgs: 4.2.3 (/opt/ros/humble/share/sensor_msgs/cmake)
[3.807s] -- Found rosidl_default_generators: 1.2.0 (/opt/ros/humble/share/rosidl_default_generators/cmake)
[4.016s] -- Configuring done
[4.032s] -- Generating done
[4.034s] -- Build files have been written to: /home/nvidia/robotics-orin/build/wheels_controller
[4.069s] Invoked command in '/home/nvidia/robotics-orin/build/wheels_controller' returned '0': CMAKE_PREFIX_PATH=${CMAKE_PREFIX_PATH}:/opt/ros/humble:/home/nvidia/robotics-orin/install/arm_ik CONDA_PROMPT_MODIFIER=(base) /usr/bin/cmake /home/nvidia/robotics-orin/src/wheels_controller -DAMENT_CMAKE_SYMLINK_INSTALL=1 -DCMAKE_INSTALL_PREFIX=/home/nvidia/robotics-orin/install/wheels_controller
[4.071s] Invoking command in '/home/nvidia/robotics-orin/build/wheels_controller': CMAKE_PREFIX_PATH=${CMAKE_PREFIX_PATH}:/opt/ros/humble:/home/nvidia/robotics-orin/install/arm_ik CONDA_PROMPT_MODIFIER=(base) /usr/bin/cmake --build /home/nvidia/robotics-orin/build/wheels_controller -- -j6 -l6
[4.147s] [35m[1mScanning dependencies of target wheels_controller_node[0m
[4.234s] [ 25%] [32mBuilding CXX object CMakeFiles/wheels_controller_node.dir/src/wheels_controller_node.cpp.o[0m
[4.241s] [ 50%] [32mBuilding CXX object CMakeFiles/wheels_controller_node.dir/src/can_controller.cpp.o[0m
[4.254s] [ 75%] [32mBuilding CXX object CMakeFiles/wheels_controller_node.dir/src/rev_motor_controller.cpp.o[0m
[10.133s] [01m[K/home/nvidia/robotics-orin/src/wheels_controller/src/wheels_controller_node.cpp:[m[K In member function ‘[01m[Kvoid WheelsControllerNode::pollControllersCallback()[m[K’:
[10.133s] [01m[K/home/nvidia/robotics-orin/src/wheels_controller/src/wheels_controller_node.cpp:49:22:[m[K [01;35m[Kwarning: [m[Kunused variable ‘[01m[Kframe[m[K’ [[01;35m[K-Wunused-variable[m[K]
[10.134s]    49 |     struct can_frame [01;35m[Kframe[m[K;
[10.134s]       |                      [01;35m[K^~~~~[m[K
[29.600s] [100%] [32m[1mLinking CXX executable wheels_controller_node[0m
[30.788s] [100%] Built target wheels_controller_node
[30.957s] Invoked command in '/home/nvidia/robotics-orin/build/wheels_controller' returned '0': CMAKE_PREFIX_PATH=${CMAKE_PREFIX_PATH}:/opt/ros/humble:/home/nvidia/robotics-orin/install/arm_ik CONDA_PROMPT_MODIFIER=(base) /usr/bin/cmake --build /home/nvidia/robotics-orin/build/wheels_controller -- -j6 -l6
[31.740s] Invoking command in '/home/nvidia/robotics-orin/build/wheels_controller': CMAKE_PREFIX_PATH=${CMAKE_PREFIX_PATH}:/opt/ros/humble:/home/nvidia/robotics-orin/install/arm_ik CONDA_PROMPT_MODIFIER=(base) /usr/bin/cmake --install /home/nvidia/robotics-orin/build/wheels_controller
[31.758s] -- Install configuration: ""
[31.758s] -- Execute custom install script
[31.759s] -- Symlinking: /home/nvidia/robotics-orin/install/wheels_controller/lib/wheels_controller/wheels_controller_node
[31.776s] -- Symlinking: /home/nvidia/robotics-orin/install/wheels_controller/share/ament_index/resource_index/package_run_dependencies/wheels_controller
[31.791s] -- Symlinking: /home/nvidia/robotics-orin/install/wheels_controller/share/ament_index/resource_index/parent_prefix_path/wheels_controller
[31.808s] -- Symlinking: /home/nvidia/robotics-orin/install/wheels_controller/share/wheels_controller/environment/ament_prefix_path.sh
[31.825s] -- Symlinking: /home/nvidia/robotics-orin/install/wheels_controller/share/wheels_controller/environment/ament_prefix_path.dsv
[31.840s] -- Symlinking: /home/nvidia/robotics-orin/install/wheels_controller/share/wheels_controller/environment/path.sh
[31.857s] -- Symlinking: /home/nvidia/robotics-orin/install/wheels_controller/share/wheels_controller/environment/path.dsv
[31.873s] -- Symlinking: /home/nvidia/robotics-orin/install/wheels_controller/share/wheels_controller/local_setup.bash
[31.887s] -- Symlinking: /home/nvidia/robotics-orin/install/wheels_controller/share/wheels_controller/local_setup.sh
[31.902s] -- Symlinking: /home/nvidia/robotics-orin/install/wheels_controller/share/wheels_controller/local_setup.zsh
[31.917s] -- Symlinking: /home/nvidia/robotics-orin/install/wheels_controller/share/wheels_controller/local_setup.dsv
[31.934s] -- Symlinking: /home/nvidia/robotics-orin/install/wheels_controller/share/wheels_controller/package.dsv
[31.951s] -- Symlinking: /home/nvidia/robotics-orin/install/wheels_controller/share/ament_index/resource_index/packages/wheels_controller
[31.968s] -- Symlinking: /home/nvidia/robotics-orin/install/wheels_controller/share/wheels_controller/cmake/wheels_controllerConfig.cmake
[31.985s] -- Symlinking: /home/nvidia/robotics-orin/install/wheels_controller/share/wheels_controller/cmake/wheels_controllerConfig-version.cmake
[32.002s] -- Symlinking: /home/nvidia/robotics-orin/install/wheels_controller/share/wheels_controller/package.xml
[32.028s] Invoked command in '/home/nvidia/robotics-orin/build/wheels_controller' returned '0': CMAKE_PREFIX_PATH=${CMAKE_PREFIX_PATH}:/opt/ros/humble:/home/nvidia/robotics-orin/install/arm_ik CONDA_PROMPT_MODIFIER=(base) /usr/bin/cmake --install /home/nvidia/robotics-orin/build/wheels_controller
