[8.643s] DEBUG:colcon:Command line arguments: ['/usr/bin/colcon', 'build', '--symlink-install']
[8.643s] DEBUG:colcon:Parsed command line arguments: Namespace(allow_overriding=[], ament_cmake_args=None, base_paths=['.'], build_base='build', catkin_cmake_args=None, catkin_skip_building_tests=False, cmake_args=None, cmake_clean_cache=False, cmake_clean_first=False, cmake_force_configure=False, cmake_target=None, cmake_target_skip_unavailable=False, continue_on_error=False, event_handlers=None, executor='parallel', ignore_user_meta=False, install_base='install', log_base=None, log_level=None, main=<bound method BuildVerb.main of <colcon_core.verb.build.BuildVerb object at 0xffff909a1250>>, merge_install=False, metas=['./colcon.meta'], packages_above=None, packages_above_and_dependencies=None, packages_above_depth=None, packages_end=None, packages_ignore=None, packages_ignore_regex=None, packages_select=None, packages_select_build_failed=False, packages_select_by_dep=None, packages_select_regex=None, packages_select_test_failures=False, packages_skip=None, packages_skip_build_finished=False, packages_skip_by_dep=None, packages_skip_regex=None, packages_skip_test_passed=False, packages_skip_up_to=None, packages_start=None, packages_up_to=None, packages_up_to_regex=None, parallel_workers=6, paths=None, symlink_install=True, test_result_base=None, verb_extension=<colcon_core.verb.build.BuildVerb object at 0xffff909a1250>, verb_name='build', verb_parser=<colcon_defaults.argument_parser.defaults.DefaultArgumentsDecorator object at 0xffff909a47c0>)
[9.001s] Level 1:colcon.colcon_core.package_discovery:discover_packages(colcon_meta) check parameters
[9.001s] Level 1:colcon.colcon_core.package_discovery:discover_packages(recursive) check parameters
[9.001s] Level 1:colcon.colcon_core.package_discovery:discover_packages(ignore) check parameters
[9.001s] Level 1:colcon.colcon_core.package_discovery:discover_packages(path) check parameters
[9.001s] Level 1:colcon.colcon_core.package_discovery:discover_packages(colcon_meta) discover
[9.001s] Level 1:colcon.colcon_core.package_discovery:discover_packages(recursive) discover
[9.002s] INFO:colcon.colcon_core.package_discovery:Crawling recursively for packages in '/home/nvidia/robotics-orin'
[9.002s] Level 1:colcon.colcon_core.package_identification:_identify(.) by extensions ['ignore', 'ignore_ament_install']
[9.002s] Level 1:colcon.colcon_core.package_identification:_identify(.) by extension 'ignore'
[9.002s] Level 1:colcon.colcon_core.package_identification:_identify(.) by extension 'ignore_ament_install'
[9.002s] Level 1:colcon.colcon_core.package_identification:_identify(.) by extensions ['colcon_pkg']
[9.002s] Level 1:colcon.colcon_core.package_identification:_identify(.) by extension 'colcon_pkg'
[9.002s] Level 1:colcon.colcon_core.package_identification:_identify(.) by extensions ['colcon_meta']
[9.002s] Level 1:colcon.colcon_core.package_identification:_identify(.) by extension 'colcon_meta'
[9.002s] Level 1:colcon.colcon_core.package_identification:_identify(.) by extensions ['ros']
[9.002s] Level 1:colcon.colcon_core.package_identification:_identify(.) by extension 'ros'
[9.021s] Level 1:colcon.colcon_core.package_identification:_identify(.) by extensions ['cmake', 'python']
[9.021s] Level 1:colcon.colcon_core.package_identification:_identify(.) by extension 'cmake'
[9.021s] Level 1:colcon.colcon_core.package_identification:_identify(.) by extension 'python'
[9.021s] Level 1:colcon.colcon_core.package_identification:_identify(.) by extensions ['python_setup_py']
[9.021s] Level 1:colcon.colcon_core.package_identification:_identify(.) by extension 'python_setup_py'
[9.022s] Level 1:colcon.colcon_core.package_identification:_identify(build) by extensions ['ignore', 'ignore_ament_install']
[9.022s] Level 1:colcon.colcon_core.package_identification:_identify(build) by extension 'ignore'
[9.022s] Level 1:colcon.colcon_core.package_identification:_identify(build) ignored
[9.022s] Level 1:colcon.colcon_core.package_identification:_identify(install) by extensions ['ignore', 'ignore_ament_install']
[9.022s] Level 1:colcon.colcon_core.package_identification:_identify(install) by extension 'ignore'
[9.022s] Level 1:colcon.colcon_core.package_identification:_identify(install) ignored
[9.023s] Level 1:colcon.colcon_core.package_identification:_identify(log) by extensions ['ignore', 'ignore_ament_install']
[9.023s] Level 1:colcon.colcon_core.package_identification:_identify(log) by extension 'ignore'
[9.023s] Level 1:colcon.colcon_core.package_identification:_identify(log) ignored
[9.023s] Level 1:colcon.colcon_core.package_identification:_identify(src) by extensions ['ignore', 'ignore_ament_install']
[9.023s] Level 1:colcon.colcon_core.package_identification:_identify(src) by extension 'ignore'
[9.023s] Level 1:colcon.colcon_core.package_identification:_identify(src) by extension 'ignore_ament_install'
[9.023s] Level 1:colcon.colcon_core.package_identification:_identify(src) by extensions ['colcon_pkg']
[9.023s] Level 1:colcon.colcon_core.package_identification:_identify(src) by extension 'colcon_pkg'
[9.024s] Level 1:colcon.colcon_core.package_identification:_identify(src) by extensions ['colcon_meta']
[9.024s] Level 1:colcon.colcon_core.package_identification:_identify(src) by extension 'colcon_meta'
[9.024s] Level 1:colcon.colcon_core.package_identification:_identify(src) by extensions ['ros']
[9.024s] Level 1:colcon.colcon_core.package_identification:_identify(src) by extension 'ros'
[9.024s] Level 1:colcon.colcon_core.package_identification:_identify(src) by extensions ['cmake', 'python']
[9.024s] Level 1:colcon.colcon_core.package_identification:_identify(src) by extension 'cmake'
[9.024s] Level 1:colcon.colcon_core.package_identification:_identify(src) by extension 'python'
[9.024s] Level 1:colcon.colcon_core.package_identification:_identify(src) by extensions ['python_setup_py']
[9.024s] Level 1:colcon.colcon_core.package_identification:_identify(src) by extension 'python_setup_py'
[9.024s] Level 1:colcon.colcon_core.package_identification:_identify(src/absenc_interface) by extensions ['ignore', 'ignore_ament_install']
[9.025s] Level 1:colcon.colcon_core.package_identification:_identify(src/absenc_interface) by extension 'ignore'
[9.025s] Level 1:colcon.colcon_core.package_identification:_identify(src/absenc_interface) by extension 'ignore_ament_install'
[9.025s] Level 1:colcon.colcon_core.package_identification:_identify(src/absenc_interface) by extensions ['colcon_pkg']
[9.025s] Level 1:colcon.colcon_core.package_identification:_identify(src/absenc_interface) by extension 'colcon_pkg'
[9.025s] Level 1:colcon.colcon_core.package_identification:_identify(src/absenc_interface) by extensions ['colcon_meta']
[9.025s] Level 1:colcon.colcon_core.package_identification:_identify(src/absenc_interface) by extension 'colcon_meta'
[9.025s] Level 1:colcon.colcon_core.package_identification:_identify(src/absenc_interface) by extensions ['ros']
[9.025s] Level 1:colcon.colcon_core.package_identification:_identify(src/absenc_interface) by extension 'ros'
[9.030s] DEBUG:colcon.colcon_core.package_identification:Package 'src/absenc_interface' with type 'ros.ament_cmake' and name 'absenc_interface'
[9.030s] Level 1:colcon.colcon_core.package_identification:_identify(src/arm_controller) by extensions ['ignore', 'ignore_ament_install']
[9.030s] Level 1:colcon.colcon_core.package_identification:_identify(src/arm_controller) by extension 'ignore'
[9.031s] Level 1:colcon.colcon_core.package_identification:_identify(src/arm_controller) by extension 'ignore_ament_install'
[9.031s] Level 1:colcon.colcon_core.package_identification:_identify(src/arm_controller) by extensions ['colcon_pkg']
[9.031s] Level 1:colcon.colcon_core.package_identification:_identify(src/arm_controller) by extension 'colcon_pkg'
[9.031s] Level 1:colcon.colcon_core.package_identification:_identify(src/arm_controller) by extensions ['colcon_meta']
[9.031s] Level 1:colcon.colcon_core.package_identification:_identify(src/arm_controller) by extension 'colcon_meta'
[9.031s] Level 1:colcon.colcon_core.package_identification:_identify(src/arm_controller) by extensions ['ros']
[9.031s] Level 1:colcon.colcon_core.package_identification:_identify(src/arm_controller) by extension 'ros'
[9.032s] DEBUG:colcon.colcon_core.package_identification:Package 'src/arm_controller' with type 'ros.ament_cmake' and name 'arm_controller'
[9.032s] Level 1:colcon.colcon_core.package_identification:_identify(src/gps) by extensions ['ignore', 'ignore_ament_install']
[9.032s] Level 1:colcon.colcon_core.package_identification:_identify(src/gps) by extension 'ignore'
[9.033s] Level 1:colcon.colcon_core.package_identification:_identify(src/gps) ignored
[9.033s] Level 1:colcon.colcon_core.package_identification:_identify(src/sil) by extensions ['ignore', 'ignore_ament_install']
[9.033s] Level 1:colcon.colcon_core.package_identification:_identify(src/sil) by extension 'ignore'
[9.033s] Level 1:colcon.colcon_core.package_identification:_identify(src/sil) by extension 'ignore_ament_install'
[9.033s] Level 1:colcon.colcon_core.package_identification:_identify(src/sil) by extensions ['colcon_pkg']
[9.033s] Level 1:colcon.colcon_core.package_identification:_identify(src/sil) by extension 'colcon_pkg'
[9.033s] Level 1:colcon.colcon_core.package_identification:_identify(src/sil) by extensions ['colcon_meta']
[9.033s] Level 1:colcon.colcon_core.package_identification:_identify(src/sil) by extension 'colcon_meta'
[9.033s] Level 1:colcon.colcon_core.package_identification:_identify(src/sil) by extensions ['ros']
[9.033s] Level 1:colcon.colcon_core.package_identification:_identify(src/sil) by extension 'ros'
[9.035s] DEBUG:colcon.colcon_core.package_identification:Package 'src/sil' with type 'ros.ament_cmake' and name 'sil'
[9.035s] Level 1:colcon.colcon_core.package_identification:_identify(src/wheels_controller) by extensions ['ignore', 'ignore_ament_install']
[9.035s] Level 1:colcon.colcon_core.package_identification:_identify(src/wheels_controller) by extension 'ignore'
[9.035s] Level 1:colcon.colcon_core.package_identification:_identify(src/wheels_controller) by extension 'ignore_ament_install'
[9.035s] Level 1:colcon.colcon_core.package_identification:_identify(src/wheels_controller) by extensions ['colcon_pkg']
[9.035s] Level 1:colcon.colcon_core.package_identification:_identify(src/wheels_controller) by extension 'colcon_pkg'
[9.035s] Level 1:colcon.colcon_core.package_identification:_identify(src/wheels_controller) by extensions ['colcon_meta']
[9.035s] Level 1:colcon.colcon_core.package_identification:_identify(src/wheels_controller) by extension 'colcon_meta'
[9.035s] Level 1:colcon.colcon_core.package_identification:_identify(src/wheels_controller) by extensions ['ros']
[9.035s] Level 1:colcon.colcon_core.package_identification:_identify(src/wheels_controller) by extension 'ros'
[9.036s] DEBUG:colcon.colcon_core.package_identification:Package 'src/wheels_controller' with type 'ros.ament_cmake' and name 'wheels_controller'
[9.037s] Level 1:colcon.colcon_core.package_discovery:discover_packages(recursive) using defaults
[9.037s] Level 1:colcon.colcon_core.package_discovery:discover_packages(ignore) discover
[9.037s] Level 1:colcon.colcon_core.package_discovery:discover_packages(ignore) using defaults
[9.037s] Level 1:colcon.colcon_core.package_discovery:discover_packages(path) discover
[9.037s] Level 1:colcon.colcon_core.package_discovery:discover_packages(path) using defaults
[9.867s] Level 1:colcon.colcon_core.package_discovery:discover_packages(prefix_path) check parameters
[9.867s] Level 1:colcon.colcon_core.package_discovery:discover_packages(prefix_path) discover
[10.181s] DEBUG:colcon.colcon_installed_package_information.package_discovery:Found 256 installed packages in /opt/ros/foxy
[10.183s] Level 1:colcon.colcon_core.package_discovery:discover_packages(prefix_path) using defaults
[10.598s] Level 5:colcon.colcon_core.verb:set package 'absenc_interface' build argument 'cmake_args' from command line to 'None'
[10.598s] Level 5:colcon.colcon_core.verb:set package 'absenc_interface' build argument 'cmake_target' from command line to 'None'
[10.598s] Level 5:colcon.colcon_core.verb:set package 'absenc_interface' build argument 'cmake_target_skip_unavailable' from command line to 'False'
[10.598s] Level 5:colcon.colcon_core.verb:set package 'absenc_interface' build argument 'cmake_clean_cache' from command line to 'False'
[10.598s] Level 5:colcon.colcon_core.verb:set package 'absenc_interface' build argument 'cmake_clean_first' from command line to 'False'
[10.598s] Level 5:colcon.colcon_core.verb:set package 'absenc_interface' build argument 'cmake_force_configure' from command line to 'False'
[10.598s] Level 5:colcon.colcon_core.verb:set package 'absenc_interface' build argument 'ament_cmake_args' from command line to 'None'
[10.598s] Level 5:colcon.colcon_core.verb:set package 'absenc_interface' build argument 'catkin_cmake_args' from command line to 'None'
[10.598s] Level 5:colcon.colcon_core.verb:set package 'absenc_interface' build argument 'catkin_skip_building_tests' from command line to 'False'
[10.599s] DEBUG:colcon.colcon_core.verb:Building package 'absenc_interface' with the following arguments: {'ament_cmake_args': None, 'build_base': '/home/nvidia/robotics-orin/build/absenc_interface', 'catkin_cmake_args': None, 'catkin_skip_building_tests': False, 'cmake_args': None, 'cmake_clean_cache': False, 'cmake_clean_first': False, 'cmake_force_configure': False, 'cmake_target': None, 'cmake_target_skip_unavailable': False, 'install_base': '/home/nvidia/robotics-orin/install/absenc_interface', 'merge_install': False, 'path': '/home/nvidia/robotics-orin/src/absenc_interface', 'symlink_install': True, 'test_result_base': None}
[10.753s] Level 5:colcon.colcon_core.verb:set package 'arm_controller' build argument 'cmake_args' from command line to 'None'
[10.753s] Level 5:colcon.colcon_core.verb:set package 'arm_controller' build argument 'cmake_target' from command line to 'None'
[10.753s] Level 5:colcon.colcon_core.verb:set package 'arm_controller' build argument 'cmake_target_skip_unavailable' from command line to 'False'
[10.753s] Level 5:colcon.colcon_core.verb:set package 'arm_controller' build argument 'cmake_clean_cache' from command line to 'False'
[10.753s] Level 5:colcon.colcon_core.verb:set package 'arm_controller' build argument 'cmake_clean_first' from command line to 'False'
[10.753s] Level 5:colcon.colcon_core.verb:set package 'arm_controller' build argument 'cmake_force_configure' from command line to 'False'
[10.753s] Level 5:colcon.colcon_core.verb:set package 'arm_controller' build argument 'ament_cmake_args' from command line to 'None'
[10.753s] Level 5:colcon.colcon_core.verb:set package 'arm_controller' build argument 'catkin_cmake_args' from command line to 'None'
[10.753s] Level 5:colcon.colcon_core.verb:set package 'arm_controller' build argument 'catkin_skip_building_tests' from command line to 'False'
[10.753s] DEBUG:colcon.colcon_core.verb:Building package 'arm_controller' with the following arguments: {'ament_cmake_args': None, 'build_base': '/home/nvidia/robotics-orin/build/arm_controller', 'catkin_cmake_args': None, 'catkin_skip_building_tests': False, 'cmake_args': None, 'cmake_clean_cache': False, 'cmake_clean_first': False, 'cmake_force_configure': False, 'cmake_target': None, 'cmake_target_skip_unavailable': False, 'install_base': '/home/nvidia/robotics-orin/install/arm_controller', 'merge_install': False, 'path': '/home/nvidia/robotics-orin/src/arm_controller', 'symlink_install': True, 'test_result_base': None}
[10.908s] Level 5:colcon.colcon_core.verb:set package 'sil' build argument 'cmake_args' from command line to 'None'
[10.908s] Level 5:colcon.colcon_core.verb:set package 'sil' build argument 'cmake_target' from command line to 'None'
[10.908s] Level 5:colcon.colcon_core.verb:set package 'sil' build argument 'cmake_target_skip_unavailable' from command line to 'False'
[10.908s] Level 5:colcon.colcon_core.verb:set package 'sil' build argument 'cmake_clean_cache' from command line to 'False'
[10.908s] Level 5:colcon.colcon_core.verb:set package 'sil' build argument 'cmake_clean_first' from command line to 'False'
[10.908s] Level 5:colcon.colcon_core.verb:set package 'sil' build argument 'cmake_force_configure' from command line to 'False'
[10.908s] Level 5:colcon.colcon_core.verb:set package 'sil' build argument 'ament_cmake_args' from command line to 'None'
[10.908s] Level 5:colcon.colcon_core.verb:set package 'sil' build argument 'catkin_cmake_args' from command line to 'None'
[10.908s] Level 5:colcon.colcon_core.verb:set package 'sil' build argument 'catkin_skip_building_tests' from command line to 'False'
[10.909s] DEBUG:colcon.colcon_core.verb:Building package 'sil' with the following arguments: {'ament_cmake_args': None, 'build_base': '/home/nvidia/robotics-orin/build/sil', 'catkin_cmake_args': None, 'catkin_skip_building_tests': False, 'cmake_args': None, 'cmake_clean_cache': False, 'cmake_clean_first': False, 'cmake_force_configure': False, 'cmake_target': None, 'cmake_target_skip_unavailable': False, 'install_base': '/home/nvidia/robotics-orin/install/sil', 'merge_install': False, 'path': '/home/nvidia/robotics-orin/src/sil', 'symlink_install': True, 'test_result_base': None}
[11.063s] Level 5:colcon.colcon_core.verb:set package 'wheels_controller' build argument 'cmake_args' from command line to 'None'
[11.064s] Level 5:colcon.colcon_core.verb:set package 'wheels_controller' build argument 'cmake_target' from command line to 'None'
[11.064s] Level 5:colcon.colcon_core.verb:set package 'wheels_controller' build argument 'cmake_target_skip_unavailable' from command line to 'False'
[11.064s] Level 5:colcon.colcon_core.verb:set package 'wheels_controller' build argument 'cmake_clean_cache' from command line to 'False'
[11.064s] Level 5:colcon.colcon_core.verb:set package 'wheels_controller' build argument 'cmake_clean_first' from command line to 'False'
[11.064s] Level 5:colcon.colcon_core.verb:set package 'wheels_controller' build argument 'cmake_force_configure' from command line to 'False'
[11.064s] Level 5:colcon.colcon_core.verb:set package 'wheels_controller' build argument 'ament_cmake_args' from command line to 'None'
[11.064s] Level 5:colcon.colcon_core.verb:set package 'wheels_controller' build argument 'catkin_cmake_args' from command line to 'None'
[11.064s] Level 5:colcon.colcon_core.verb:set package 'wheels_controller' build argument 'catkin_skip_building_tests' from command line to 'False'
[11.064s] DEBUG:colcon.colcon_core.verb:Building package 'wheels_controller' with the following arguments: {'ament_cmake_args': None, 'build_base': '/home/nvidia/robotics-orin/build/wheels_controller', 'catkin_cmake_args': None, 'catkin_skip_building_tests': False, 'cmake_args': None, 'cmake_clean_cache': False, 'cmake_clean_first': False, 'cmake_force_configure': False, 'cmake_target': None, 'cmake_target_skip_unavailable': False, 'install_base': '/home/nvidia/robotics-orin/install/wheels_controller', 'merge_install': False, 'path': '/home/nvidia/robotics-orin/src/wheels_controller', 'symlink_install': True, 'test_result_base': None}
[11.218s] INFO:colcon.colcon_core.executor:Executing jobs using 'parallel' executor
[11.374s] DEBUG:colcon.colcon_parallel_executor.executor.parallel:run_until_complete
[11.375s] INFO:colcon.colcon_ros.task.ament_cmake.build:Building ROS package in '/home/nvidia/robotics-orin/src/absenc_interface' with build type 'ament_cmake'
[11.375s] INFO:colcon.colcon_cmake.task.cmake.build:Building CMake package in '/home/nvidia/robotics-orin/src/absenc_interface'
[11.564s] INFO:colcon.colcon_core.plugin_system:Skipping extension 'colcon_core.shell.bat': Not used on non-Windows systems
[11.564s] INFO:colcon.colcon_core.shell:Skip shell extension 'powershell' for command environment: Not usable outside of PowerShell
[11.564s] DEBUG:colcon.colcon_core.shell:Skip shell extension 'dsv' for command environment
[11.887s] INFO:colcon.colcon_ros.task.ament_cmake.build:Building ROS package in '/home/nvidia/robotics-orin/src/arm_controller' with build type 'ament_cmake'
[11.887s] INFO:colcon.colcon_cmake.task.cmake.build:Building CMake package in '/home/nvidia/robotics-orin/src/arm_controller'
[12.048s] INFO:colcon.colcon_core.shell:Skip shell extension 'powershell' for command environment: Not usable outside of PowerShell
[12.048s] DEBUG:colcon.colcon_core.shell:Skip shell extension 'dsv' for command environment
[12.369s] INFO:colcon.colcon_ros.task.ament_cmake.build:Building ROS package in '/home/nvidia/robotics-orin/src/sil' with build type 'ament_cmake'
[12.370s] INFO:colcon.colcon_cmake.task.cmake.build:Building CMake package in '/home/nvidia/robotics-orin/src/sil'
[12.529s] INFO:colcon.colcon_core.shell:Skip shell extension 'powershell' for command environment: Not usable outside of PowerShell
[12.529s] DEBUG:colcon.colcon_core.shell:Skip shell extension 'dsv' for command environment
[12.849s] INFO:colcon.colcon_ros.task.ament_cmake.build:Building ROS package in '/home/nvidia/robotics-orin/src/wheels_controller' with build type 'ament_cmake'
[12.850s] INFO:colcon.colcon_cmake.task.cmake.build:Building CMake package in '/home/nvidia/robotics-orin/src/wheels_controller'
[13.011s] INFO:colcon.colcon_core.shell:Skip shell extension 'powershell' for command environment: Not usable outside of PowerShell
[13.011s] DEBUG:colcon.colcon_core.shell:Skip shell extension 'dsv' for command environment
[13.341s] DEBUG:colcon.colcon_core.event_handler.log_command:Invoking command in '/home/nvidia/robotics-orin/build/absenc_interface': CMAKE_PREFIX_PATH=/opt/ros/foxy CONDA_PROMPT_MODIFIER=(base) /usr/bin/cmake /home/nvidia/robotics-orin/src/absenc_interface -DAMENT_CMAKE_SYMLINK_INSTALL=1 -DCMAKE_INSTALL_PREFIX=/home/nvidia/robotics-orin/install/absenc_interface
[13.354s] DEBUG:colcon.colcon_core.event_handler.log_command:Invoking command in '/home/nvidia/robotics-orin/build/arm_controller': CMAKE_PREFIX_PATH=/opt/ros/foxy CONDA_PROMPT_MODIFIER=(base) /usr/bin/cmake /home/nvidia/robotics-orin/src/arm_controller -DAMENT_CMAKE_SYMLINK_INSTALL=1 -DCMAKE_INSTALL_PREFIX=/home/nvidia/robotics-orin/install/arm_controller
[13.361s] DEBUG:colcon.colcon_core.event_handler.log_command:Invoking command in '/home/nvidia/robotics-orin/build/sil': CMAKE_PREFIX_PATH=/opt/ros/foxy CONDA_PROMPT_MODIFIER=(base) /usr/bin/cmake /home/nvidia/robotics-orin/src/sil -DAMENT_CMAKE_SYMLINK_INSTALL=1 -DCMAKE_INSTALL_PREFIX=/home/nvidia/robotics-orin/install/sil
[13.368s] DEBUG:colcon.colcon_core.event_handler.log_command:Invoking command in '/home/nvidia/robotics-orin/build/wheels_controller': CMAKE_PREFIX_PATH=/opt/ros/foxy CONDA_PROMPT_MODIFIER=(base) /usr/bin/cmake /home/nvidia/robotics-orin/src/wheels_controller -DAMENT_CMAKE_SYMLINK_INSTALL=1 -DCMAKE_INSTALL_PREFIX=/home/nvidia/robotics-orin/install/wheels_controller
[14.514s] DEBUG:colcon.colcon_core.event_handler.log_command:Invoked command in '/home/nvidia/robotics-orin/build/sil' returned '1': CMAKE_PREFIX_PATH=/opt/ros/foxy CONDA_PROMPT_MODIFIER=(base) /usr/bin/cmake /home/nvidia/robotics-orin/src/sil -DAMENT_CMAKE_SYMLINK_INSTALL=1 -DCMAKE_INSTALL_PREFIX=/home/nvidia/robotics-orin/install/sil
[14.539s] Level 1:colcon.colcon_core.environment:create_environment_scripts_only(sil)
[14.728s] Level 1:colcon.colcon_core.environment:checking '/home/nvidia/robotics-orin/install/sil' for CMake module files
[14.729s] Level 1:colcon.colcon_core.environment:checking '/home/nvidia/robotics-orin/install/sil' for CMake config files
[14.730s] Level 1:colcon.colcon_core.environment:checking '/home/nvidia/robotics-orin/install/sil/bin'
[14.730s] Level 1:colcon.colcon_core.environment:checking '/home/nvidia/robotics-orin/install/sil/lib/pkgconfig/sil.pc'
[14.730s] Level 1:colcon.colcon_core.environment:checking '/home/nvidia/robotics-orin/install/sil/lib/python3.8/site-packages'
[14.731s] Level 1:colcon.colcon_core.environment:checking '/home/nvidia/robotics-orin/install/sil/bin'
[14.906s] INFO:colcon.colcon_core.shell:Creating package script '/home/nvidia/robotics-orin/install/sil/share/sil/package.ps1'
[14.908s] INFO:colcon.colcon_core.shell:Creating package descriptor '/home/nvidia/robotics-orin/install/sil/share/sil/package.dsv'
[14.909s] INFO:colcon.colcon_core.shell:Creating package script '/home/nvidia/robotics-orin/install/sil/share/sil/package.sh'
[14.910s] INFO:colcon.colcon_core.shell:Creating package script '/home/nvidia/robotics-orin/install/sil/share/sil/package.bash'
[14.911s] INFO:colcon.colcon_core.shell:Creating package script '/home/nvidia/robotics-orin/install/sil/share/sil/package.zsh'
[14.912s] Level 1:colcon.colcon_core.environment:create_file_with_runtime_dependencies(/home/nvidia/robotics-orin/install/sil/share/colcon-core/packages/sil)
[14.926s] DEBUG:colcon.colcon_parallel_executor.executor.parallel:closing loop
[14.927s] DEBUG:colcon.colcon_parallel_executor.executor.parallel:loop closed
[14.927s] DEBUG:colcon.colcon_parallel_executor.executor.parallel:run_until_complete finished with '1'
[14.927s] DEBUG:colcon.colcon_core.event_reactor:joining thread
[15.110s] INFO:colcon.colcon_core.plugin_system:Skipping extension 'colcon_notification.desktop_notification.terminal_notifier': Not used on non-Darwin systems
[15.110s] INFO:colcon.colcon_core.plugin_system:Skipping extension 'colcon_notification.desktop_notification.win32': Not used on non-Windows systems
[15.110s] INFO:colcon.colcon_notification.desktop_notification:Sending desktop notification using 'notify2'
[15.148s] DEBUG:colcon.colcon_core.event_reactor:joined thread
[15.306s] INFO:colcon.colcon_core.shell:Creating prefix script '/home/nvidia/robotics-orin/install/local_setup.ps1'
[15.308s] INFO:colcon.colcon_core.shell:Creating prefix util module '/home/nvidia/robotics-orin/install/_local_setup_util_ps1.py'
[15.310s] INFO:colcon.colcon_core.shell:Creating prefix chain script '/home/nvidia/robotics-orin/install/setup.ps1'
[15.468s] INFO:colcon.colcon_core.shell:Creating prefix script '/home/nvidia/robotics-orin/install/local_setup.sh'
[15.470s] INFO:colcon.colcon_core.shell:Creating prefix util module '/home/nvidia/robotics-orin/install/_local_setup_util_sh.py'
[15.470s] INFO:colcon.colcon_core.shell:Creating prefix chain script '/home/nvidia/robotics-orin/install/setup.sh'
[15.629s] INFO:colcon.colcon_core.shell:Creating prefix script '/home/nvidia/robotics-orin/install/local_setup.bash'
[15.630s] INFO:colcon.colcon_core.shell:Creating prefix chain script '/home/nvidia/robotics-orin/install/setup.bash'
[15.787s] INFO:colcon.colcon_core.shell:Creating prefix script '/home/nvidia/robotics-orin/install/local_setup.zsh'
[15.788s] INFO:colcon.colcon_core.shell:Creating prefix chain script '/home/nvidia/robotics-orin/install/setup.zsh'
