[2.001s] Invoking command in '/home/nvidia/robotics-orin/build/wheels_controller': CMAKE_PREFIX_PATH=${CMAKE_PREFIX_PATH}:/opt/ros/humble:/home/nvidia/robotics-orin/install/arm_ik CONDA_PROMPT_MODIFIER=(base) /usr/bin/cmake /home/nvidia/robotics-orin/src/wheels_controller -DCMAKE_INSTALL_PREFIX=/home/nvidia/robotics-orin/install/wheels_controller
[2.024s] -- Found ament_cmake: 1.3.6 (/opt/ros/humble/share/ament_cmake/cmake)
[2.487s] -- Override CMake install command with custom implementation using symlinks instead of copying resources
[2.500s] -- Found rclcpp: 16.0.7 (/opt/ros/humble/share/rclcpp/cmake)
[2.554s] -- Found rosidl_generator_c: 3.1.5 (/opt/ros/humble/share/rosidl_generator_c/cmake)
[2.558s] -- Found rosidl_adapter: 3.1.5 (/opt/ros/humble/share/rosidl_adapter/cmake)
[2.570s] -- Found rosidl_generator_cpp: 3.1.5 (/opt/ros/humble/share/rosidl_generator_cpp/cmake)
[2.595s] -- Using all available rosidl_typesupport_c: rosidl_typesupport_fastrtps_c;rosidl_typesupport_introspection_c
[2.636s] -- Using all available rosidl_typesupport_cpp: rosidl_typesupport_fastrtps_cpp;rosidl_typesupport_introspection_cpp
[2.751s] -- Found rmw_implementation_cmake: 6.1.1 (/opt/ros/humble/share/rmw_implementation_cmake/cmake)
[2.754s] -- Found rmw_fastrtps_cpp: 6.2.5 (/opt/ros/humble/share/rmw_fastrtps_cpp/cmake)
[3.001s] -- Using RMW implementation 'rmw_fastrtps_cpp' as default
[3.297s] -- Found geometry_msgs: 4.2.3 (/opt/ros/humble/share/geometry_msgs/cmake)
[3.376s] -- Found sensor_msgs: 4.2.3 (/opt/ros/humble/share/sensor_msgs/cmake)
[3.523s] -- Found rosidl_default_generators: 1.2.0 (/opt/ros/humble/share/rosidl_default_generators/cmake)
[3.729s] -- Configuring done
[3.747s] -- Generating done
[3.751s] -- Build files have been written to: /home/nvidia/robotics-orin/build/wheels_controller
[4.312s] Invoked command in '/home/nvidia/robotics-orin/build/wheels_controller' returned '0': CMAKE_PREFIX_PATH=${CMAKE_PREFIX_PATH}:/opt/ros/humble:/home/nvidia/robotics-orin/install/arm_ik CONDA_PROMPT_MODIFIER=(base) /usr/bin/cmake /home/nvidia/robotics-orin/src/wheels_controller -DCMAKE_INSTALL_PREFIX=/home/nvidia/robotics-orin/install/wheels_controller
[4.319s] Invoking command in '/home/nvidia/robotics-orin/build/wheels_controller': CMAKE_PREFIX_PATH=${CMAKE_PREFIX_PATH}:/opt/ros/humble:/home/nvidia/robotics-orin/install/arm_ik CONDA_PROMPT_MODIFIER=(base) /usr/bin/cmake --build /home/nvidia/robotics-orin/build/wheels_controller -- -j6 -l6
[4.436s] [100%] Built target wheels_controller_node
[4.460s] Invoked command in '/home/nvidia/robotics-orin/build/wheels_controller' returned '0': CMAKE_PREFIX_PATH=${CMAKE_PREFIX_PATH}:/opt/ros/humble:/home/nvidia/robotics-orin/install/arm_ik CONDA_PROMPT_MODIFIER=(base) /usr/bin/cmake --build /home/nvidia/robotics-orin/build/wheels_controller -- -j6 -l6
[4.512s] Invoking command in '/home/nvidia/robotics-orin/build/wheels_controller': CMAKE_PREFIX_PATH=${CMAKE_PREFIX_PATH}:/opt/ros/humble:/home/nvidia/robotics-orin/install/arm_ik CONDA_PROMPT_MODIFIER=(base) /usr/bin/cmake --install /home/nvidia/robotics-orin/build/wheels_controller
[4.530s] -- Install configuration: ""
[4.531s] -- Execute custom install script
[4.531s] -- Up-to-date symlink: /home/nvidia/robotics-orin/install/wheels_controller/lib/wheels_controller/wheels_controller_node
[4.532s] -- Up-to-date symlink: /home/nvidia/robotics-orin/install/wheels_controller/share/ament_index/resource_index/package_run_dependencies/wheels_controller
[4.532s] -- Up-to-date symlink: /home/nvidia/robotics-orin/install/wheels_controller/share/ament_index/resource_index/parent_prefix_path/wheels_controller
[4.533s] -- Up-to-date symlink: /home/nvidia/robotics-orin/install/wheels_controller/share/wheels_controller/environment/ament_prefix_path.sh
[4.533s] -- Up-to-date symlink: /home/nvidia/robotics-orin/install/wheels_controller/share/wheels_controller/environment/ament_prefix_path.dsv
[4.533s] -- Up-to-date symlink: /home/nvidia/robotics-orin/install/wheels_controller/share/wheels_controller/environment/path.sh
[4.534s] -- Up-to-date symlink: /home/nvidia/robotics-orin/install/wheels_controller/share/wheels_controller/environment/path.dsv
[4.534s] -- Up-to-date symlink: /home/nvidia/robotics-orin/install/wheels_controller/share/wheels_controller/local_setup.bash
[4.535s] -- Up-to-date symlink: /home/nvidia/robotics-orin/install/wheels_controller/share/wheels_controller/local_setup.sh
[4.535s] -- Up-to-date symlink: /home/nvidia/robotics-orin/install/wheels_controller/share/wheels_controller/local_setup.zsh
[4.535s] -- Up-to-date symlink: /home/nvidia/robotics-orin/install/wheels_controller/share/wheels_controller/local_setup.dsv
[4.536s] -- Symlinking: /home/nvidia/robotics-orin/install/wheels_controller/share/wheels_controller/package.dsv
[4.555s] -- Up-to-date symlink: /home/nvidia/robotics-orin/install/wheels_controller/share/ament_index/resource_index/packages/wheels_controller
[4.555s] -- Up-to-date symlink: /home/nvidia/robotics-orin/install/wheels_controller/share/wheels_controller/cmake/wheels_controllerConfig.cmake
[4.555s] -- Up-to-date symlink: /home/nvidia/robotics-orin/install/wheels_controller/share/wheels_controller/cmake/wheels_controllerConfig-version.cmake
[4.556s] -- Up-to-date symlink: /home/nvidia/robotics-orin/install/wheels_controller/share/wheels_controller/package.xml
[5.720s] Invoked command in '/home/nvidia/robotics-orin/build/wheels_controller' returned '0': CMAKE_PREFIX_PATH=${CMAKE_PREFIX_PATH}:/opt/ros/humble:/home/nvidia/robotics-orin/install/arm_ik CONDA_PROMPT_MODIFIER=(base) /usr/bin/cmake --install /home/nvidia/robotics-orin/build/wheels_controller
