[1.320s] Invoking command in '/home/nvidia/robotics-orin/build/wheels_controller': CMAKE_PREFIX_PATH=${CMAKE_PREFIX_PATH}:/opt/ros/humble:/home/nvidia/robotics-orin/install/arm_ik:/opt/ros/foxy CONDA_PROMPT_MODIFIER=(base) /usr/bin/cmake /home/nvidia/robotics-orin/src/wheels_controller -DCMAKE_INSTALL_PREFIX=/home/nvidia/robotics-orin/install/wheels_controller
[1.422s] -- The C compiler identification is GNU 9.4.0
[1.515s] -- The CXX compiler identification is GNU 9.4.0
[1.523s] -- Check for working C compiler: /usr/bin/cc
[1.651s] -- Check for working C compiler: /usr/bin/cc -- works
[1.653s] -- Detecting C compiler ABI info
[1.798s] -- Detecting C compiler ABI info - done
[1.821s] -- Detecting C compile features
[1.821s] -- Detecting C compile features - done
[1.826s] -- Check for working CXX compiler: /usr/bin/c++
[1.976s] -- Check for working CXX compiler: /usr/bin/c++ -- works
[1.979s] -- Detecting CXX compiler ABI info
[2.125s] -- Detecting CXX compiler ABI info - done
[2.145s] -- Detecting CXX compile features
[2.146s] -- Detecting CXX compile features - done
[2.149s] -- Found ament_cmake: 1.3.6 (/opt/ros/humble/share/ament_cmake/cmake)
[2.440s] -- Found Python3: /usr/bin/python3.9 (found version "3.9.5") found components: Interpreter 
[2.600s] -- Found rclcpp: 16.0.7 (/opt/ros/humble/share/rclcpp/cmake)
[2.671s] -- Found rosidl_generator_c: 3.1.5 (/opt/ros/humble/share/rosidl_generator_c/cmake)
[2.681s] -- Found rosidl_adapter: 3.1.5 (/opt/ros/humble/share/rosidl_adapter/cmake)
[2.698s] -- Found rosidl_generator_cpp: 3.1.5 (/opt/ros/humble/share/rosidl_generator_cpp/cmake)
[2.728s] -- Using all available rosidl_typesupport_c: rosidl_typesupport_fastrtps_c;rosidl_typesupport_introspection_c
[2.768s] -- Using all available rosidl_typesupport_cpp: rosidl_typesupport_fastrtps_cpp;rosidl_typesupport_introspection_cpp
[2.904s] -- Found rmw_implementation_cmake: 6.1.1 (/opt/ros/humble/share/rmw_implementation_cmake/cmake)
[2.910s] -- Found rmw_fastrtps_cpp: 6.2.5 (/opt/ros/humble/share/rmw_fastrtps_cpp/cmake)
[3.143s] -- Found OpenSSL: /usr/lib/aarch64-linux-gnu/libcrypto.so (found version "1.1.1f")  
[3.201s] -- Found FastRTPS: /opt/ros/humble/include  
[3.299s] -- Using RMW implementation 'rmw_fastrtps_cpp' as default
[3.323s] -- Looking for pthread.h
[3.458s] -- Looking for pthread.h - found
[3.458s] -- Performing Test CMAKE_HAVE_LIBC_PTHREAD
[3.592s] -- Performing Test CMAKE_HAVE_LIBC_PTHREAD - Failed
[3.592s] -- Looking for pthread_create in pthreads
[3.712s] -- Looking for pthread_create in pthreads - not found
[3.712s] -- Looking for pthread_create in pthread
[3.848s] -- Looking for pthread_create in pthread - found
[3.849s] -- Found Threads: TRUE  
[4.147s] -- Found geometry_msgs: 4.2.3 (/opt/ros/humble/share/geometry_msgs/cmake)
[4.232s] -- Found sensor_msgs: 4.2.3 (/opt/ros/humble/share/sensor_msgs/cmake)
[4.377s] -- Found rosidl_default_generators: 1.2.0 (/opt/ros/humble/share/rosidl_default_generators/cmake)
[4.593s] -- Configuring done
[4.610s] -- Generating done
[4.614s] -- Build files have been written to: /home/nvidia/robotics-orin/build/wheels_controller
