[1.180s] Invoking command in '/home/nvidia/robotics-orin/build/sil': CMAKE_PREFIX_PATH=/opt/ros/humble CONDA_PROMPT_MODIFIER=(base) /usr/bin/cmake --build /home/nvidia/robotics-orin/build/sil -- -j6 -l6
[1.307s] [100%] Built target talker
[1.337s] Invoked command in '/home/nvidia/robotics-orin/build/sil' returned '0': CMAKE_PREFIX_PATH=/opt/ros/humble CONDA_PROMPT_MODIFIER=(base) /usr/bin/cmake --build /home/nvidia/robotics-orin/build/sil -- -j6 -l6
[1.416s] Invoking command in '/home/nvidia/robotics-orin/build/sil': CMAKE_PREFIX_PATH=/opt/ros/humble CONDA_PROMPT_MODIFIER=(base) /usr/bin/cmake --install /home/nvidia/robotics-orin/build/sil
[1.435s] -- Install configuration: ""
[1.435s] -- Up-to-date: /home/nvidia/robotics-orin/install/sil/lib/sil/talker
[1.436s] -- Up-to-date: /home/nvidia/robotics-orin/install/sil/share/ament_index/resource_index/package_run_dependencies/sil
[1.436s] -- Up-to-date: /home/nvidia/robotics-orin/install/sil/share/ament_index/resource_index/parent_prefix_path/sil
[1.436s] -- Up-to-date: /home/nvidia/robotics-orin/install/sil/share/sil/environment/ament_prefix_path.sh
[1.436s] -- Up-to-date: /home/nvidia/robotics-orin/install/sil/share/sil/environment/ament_prefix_path.dsv
[1.436s] -- Up-to-date: /home/nvidia/robotics-orin/install/sil/share/sil/environment/path.sh
[1.437s] -- Up-to-date: /home/nvidia/robotics-orin/install/sil/share/sil/environment/path.dsv
[1.437s] -- Up-to-date: /home/nvidia/robotics-orin/install/sil/share/sil/local_setup.bash
[1.437s] -- Up-to-date: /home/nvidia/robotics-orin/install/sil/share/sil/local_setup.sh
[1.437s] -- Up-to-date: /home/nvidia/robotics-orin/install/sil/share/sil/local_setup.zsh
[1.437s] -- Up-to-date: /home/nvidia/robotics-orin/install/sil/share/sil/local_setup.dsv
[1.437s] -- Installing: /home/nvidia/robotics-orin/install/sil/share/sil/package.dsv
[1.437s] -- Up-to-date: /home/nvidia/robotics-orin/install/sil/share/ament_index/resource_index/packages/sil
[1.438s] -- Up-to-date: /home/nvidia/robotics-orin/install/sil/share/sil/cmake/silConfig.cmake
[1.438s] -- Up-to-date: /home/nvidia/robotics-orin/install/sil/share/sil/cmake/silConfig-version.cmake
[1.438s] -- Up-to-date: /home/nvidia/robotics-orin/install/sil/share/sil/package.xml
[1.448s] Invoked command in '/home/nvidia/robotics-orin/build/sil' returned '0': CMAKE_PREFIX_PATH=/opt/ros/humble CONDA_PROMPT_MODIFIER=(base) /usr/bin/cmake --install /home/nvidia/robotics-orin/build/sil
