[8.654s] DEBUG:colcon:Command line arguments: ['/usr/bin/colcon', 'build', '--symlink-install', '--packages-select', 'absenc_interface']
[8.654s] DEBUG:colcon:Parsed command line arguments: Namespace(allow_overriding=[], ament_cmake_args=None, base_paths=['.'], build_base='build', catkin_cmake_args=None, catkin_skip_building_tests=False, cmake_args=None, cmake_clean_cache=False, cmake_clean_first=False, cmake_force_configure=False, cmake_target=None, cmake_target_skip_unavailable=False, continue_on_error=False, event_handlers=None, executor='parallel', ignore_user_meta=False, install_base='install', log_base=None, log_level=None, main=<bound method BuildVerb.main of <colcon_core.verb.build.BuildVerb object at 0xffffb044cfd0>>, merge_install=False, metas=['./colcon.meta'], packages_above=None, packages_above_and_dependencies=None, packages_above_depth=None, packages_end=None, packages_ignore=None, packages_ignore_regex=None, packages_select=['absenc_interface'], packages_select_build_failed=False, packages_select_by_dep=None, packages_select_regex=None, packages_select_test_failures=False, packages_skip=None, packages_skip_build_finished=False, packages_skip_by_dep=None, packages_skip_regex=None, packages_skip_test_passed=False, packages_skip_up_to=None, packages_start=None, packages_up_to=None, packages_up_to_regex=None, parallel_workers=6, paths=None, symlink_install=True, test_result_base=None, verb_extension=<colcon_core.verb.build.BuildVerb object at 0xffffb044cfd0>, verb_name='build', verb_parser=<colcon_defaults.argument_parser.defaults.DefaultArgumentsDecorator object at 0xffffb00e1fa0>)
[9.000s] Level 1:colcon.colcon_core.package_discovery:discover_packages(colcon_meta) check parameters
[9.001s] Level 1:colcon.colcon_core.package_discovery:discover_packages(recursive) check parameters
[9.001s] Level 1:colcon.colcon_core.package_discovery:discover_packages(ignore) check parameters
[9.001s] Level 1:colcon.colcon_core.package_discovery:discover_packages(path) check parameters
[9.001s] Level 1:colcon.colcon_core.package_discovery:discover_packages(colcon_meta) discover
[9.001s] Level 1:colcon.colcon_core.package_discovery:discover_packages(recursive) discover
[9.001s] INFO:colcon.colcon_core.package_discovery:Crawling recursively for packages in '/home/nvidia/robotics-orin'
[9.001s] Level 1:colcon.colcon_core.package_identification:_identify(.) by extensions ['ignore', 'ignore_ament_install']
[9.001s] Level 1:colcon.colcon_core.package_identification:_identify(.) by extension 'ignore'
[9.002s] Level 1:colcon.colcon_core.package_identification:_identify(.) by extension 'ignore_ament_install'
[9.002s] Level 1:colcon.colcon_core.package_identification:_identify(.) by extensions ['colcon_pkg']
[9.002s] Level 1:colcon.colcon_core.package_identification:_identify(.) by extension 'colcon_pkg'
[9.002s] Level 1:colcon.colcon_core.package_identification:_identify(.) by extensions ['colcon_meta']
[9.002s] Level 1:colcon.colcon_core.package_identification:_identify(.) by extension 'colcon_meta'
[9.002s] Level 1:colcon.colcon_core.package_identification:_identify(.) by extensions ['ros']
[9.002s] Level 1:colcon.colcon_core.package_identification:_identify(.) by extension 'ros'
[9.019s] Level 1:colcon.colcon_core.package_identification:_identify(.) by extensions ['cmake', 'python']
[9.019s] Level 1:colcon.colcon_core.package_identification:_identify(.) by extension 'cmake'
[9.020s] Level 1:colcon.colcon_core.package_identification:_identify(.) by extension 'python'
[9.020s] Level 1:colcon.colcon_core.package_identification:_identify(.) by extensions ['python_setup_py']
[9.020s] Level 1:colcon.colcon_core.package_identification:_identify(.) by extension 'python_setup_py'
[9.020s] Level 1:colcon.colcon_core.package_identification:_identify(JetsonGPIO) by extensions ['ignore', 'ignore_ament_install']
[9.020s] Level 1:colcon.colcon_core.package_identification:_identify(JetsonGPIO) by extension 'ignore'
[9.020s] Level 1:colcon.colcon_core.package_identification:_identify(JetsonGPIO) by extension 'ignore_ament_install'
[9.020s] Level 1:colcon.colcon_core.package_identification:_identify(JetsonGPIO) by extensions ['colcon_pkg']
[9.020s] Level 1:colcon.colcon_core.package_identification:_identify(JetsonGPIO) by extension 'colcon_pkg'
[9.020s] Level 1:colcon.colcon_core.package_identification:_identify(JetsonGPIO) by extensions ['colcon_meta']
[9.021s] Level 1:colcon.colcon_core.package_identification:_identify(JetsonGPIO) by extension 'colcon_meta'
[9.021s] Level 1:colcon.colcon_core.package_identification:_identify(JetsonGPIO) by extensions ['ros']
[9.021s] Level 1:colcon.colcon_core.package_identification:_identify(JetsonGPIO) by extension 'ros'
[9.021s] Level 1:colcon.colcon_core.package_identification:_identify(JetsonGPIO) by extensions ['cmake', 'python']
[9.021s] Level 1:colcon.colcon_core.package_identification:_identify(JetsonGPIO) by extension 'cmake'
[9.036s] Level 1:colcon.colcon_core.package_identification:_identify(JetsonGPIO) by extension 'python'
[9.036s] DEBUG:colcon.colcon_core.package_identification:Package 'JetsonGPIO' with type 'cmake' and name 'JetsonGPIO'
[9.036s] Level 1:colcon.colcon_core.package_identification:_identify(build) by extensions ['ignore', 'ignore_ament_install']
[9.036s] Level 1:colcon.colcon_core.package_identification:_identify(build) by extension 'ignore'
[9.036s] Level 1:colcon.colcon_core.package_identification:_identify(build) ignored
[9.037s] Level 1:colcon.colcon_core.package_identification:_identify(install) by extensions ['ignore', 'ignore_ament_install']
[9.037s] Level 1:colcon.colcon_core.package_identification:_identify(install) by extension 'ignore'
[9.037s] Level 1:colcon.colcon_core.package_identification:_identify(install) ignored
[9.037s] Level 1:colcon.colcon_core.package_identification:_identify(launch) by extensions ['ignore', 'ignore_ament_install']
[9.037s] Level 1:colcon.colcon_core.package_identification:_identify(launch) by extension 'ignore'
[9.037s] Level 1:colcon.colcon_core.package_identification:_identify(launch) by extension 'ignore_ament_install'
[9.037s] Level 1:colcon.colcon_core.package_identification:_identify(launch) by extensions ['colcon_pkg']
[9.037s] Level 1:colcon.colcon_core.package_identification:_identify(launch) by extension 'colcon_pkg'
[9.038s] Level 1:colcon.colcon_core.package_identification:_identify(launch) by extensions ['colcon_meta']
[9.038s] Level 1:colcon.colcon_core.package_identification:_identify(launch) by extension 'colcon_meta'
[9.038s] Level 1:colcon.colcon_core.package_identification:_identify(launch) by extensions ['ros']
[9.038s] Level 1:colcon.colcon_core.package_identification:_identify(launch) by extension 'ros'
[9.038s] Level 1:colcon.colcon_core.package_identification:_identify(launch) by extensions ['cmake', 'python']
[9.038s] Level 1:colcon.colcon_core.package_identification:_identify(launch) by extension 'cmake'
[9.038s] Level 1:colcon.colcon_core.package_identification:_identify(launch) by extension 'python'
[9.038s] Level 1:colcon.colcon_core.package_identification:_identify(launch) by extensions ['python_setup_py']
[9.038s] Level 1:colcon.colcon_core.package_identification:_identify(launch) by extension 'python_setup_py'
[9.038s] Level 1:colcon.colcon_core.package_identification:_identify(launch/__pycache__) by extensions ['ignore', 'ignore_ament_install']
[9.038s] Level 1:colcon.colcon_core.package_identification:_identify(launch/__pycache__) by extension 'ignore'
[9.039s] Level 1:colcon.colcon_core.package_identification:_identify(launch/__pycache__) by extension 'ignore_ament_install'
[9.039s] Level 1:colcon.colcon_core.package_identification:_identify(launch/__pycache__) by extensions ['colcon_pkg']
[9.039s] Level 1:colcon.colcon_core.package_identification:_identify(launch/__pycache__) by extension 'colcon_pkg'
[9.039s] Level 1:colcon.colcon_core.package_identification:_identify(launch/__pycache__) by extensions ['colcon_meta']
[9.039s] Level 1:colcon.colcon_core.package_identification:_identify(launch/__pycache__) by extension 'colcon_meta'
[9.039s] Level 1:colcon.colcon_core.package_identification:_identify(launch/__pycache__) by extensions ['ros']
[9.039s] Level 1:colcon.colcon_core.package_identification:_identify(launch/__pycache__) by extension 'ros'
[9.039s] Level 1:colcon.colcon_core.package_identification:_identify(launch/__pycache__) by extensions ['cmake', 'python']
[9.039s] Level 1:colcon.colcon_core.package_identification:_identify(launch/__pycache__) by extension 'cmake'
[9.039s] Level 1:colcon.colcon_core.package_identification:_identify(launch/__pycache__) by extension 'python'
[9.039s] Level 1:colcon.colcon_core.package_identification:_identify(launch/__pycache__) by extensions ['python_setup_py']
[9.039s] Level 1:colcon.colcon_core.package_identification:_identify(launch/__pycache__) by extension 'python_setup_py'
[9.040s] Level 1:colcon.colcon_core.package_identification:_identify(log) by extensions ['ignore', 'ignore_ament_install']
[9.040s] Level 1:colcon.colcon_core.package_identification:_identify(log) by extension 'ignore'
[9.040s] Level 1:colcon.colcon_core.package_identification:_identify(log) ignored
[9.040s] Level 1:colcon.colcon_core.package_identification:_identify(src) by extensions ['ignore', 'ignore_ament_install']
[9.040s] Level 1:colcon.colcon_core.package_identification:_identify(src) by extension 'ignore'
[9.040s] Level 1:colcon.colcon_core.package_identification:_identify(src) by extension 'ignore_ament_install'
[9.040s] Level 1:colcon.colcon_core.package_identification:_identify(src) by extensions ['colcon_pkg']
[9.040s] Level 1:colcon.colcon_core.package_identification:_identify(src) by extension 'colcon_pkg'
[9.040s] Level 1:colcon.colcon_core.package_identification:_identify(src) by extensions ['colcon_meta']
[9.040s] Level 1:colcon.colcon_core.package_identification:_identify(src) by extension 'colcon_meta'
[9.040s] Level 1:colcon.colcon_core.package_identification:_identify(src) by extensions ['ros']
[9.040s] Level 1:colcon.colcon_core.package_identification:_identify(src) by extension 'ros'
[9.041s] Level 1:colcon.colcon_core.package_identification:_identify(src) by extensions ['cmake', 'python']
[9.041s] Level 1:colcon.colcon_core.package_identification:_identify(src) by extension 'cmake'
[9.041s] Level 1:colcon.colcon_core.package_identification:_identify(src) by extension 'python'
[9.041s] Level 1:colcon.colcon_core.package_identification:_identify(src) by extensions ['python_setup_py']
[9.041s] Level 1:colcon.colcon_core.package_identification:_identify(src) by extension 'python_setup_py'
[9.041s] Level 1:colcon.colcon_core.package_identification:_identify(src/absenc_interface) by extensions ['ignore', 'ignore_ament_install']
[9.041s] Level 1:colcon.colcon_core.package_identification:_identify(src/absenc_interface) by extension 'ignore'
[9.041s] Level 1:colcon.colcon_core.package_identification:_identify(src/absenc_interface) by extension 'ignore_ament_install'
[9.041s] Level 1:colcon.colcon_core.package_identification:_identify(src/absenc_interface) by extensions ['colcon_pkg']
[9.041s] Level 1:colcon.colcon_core.package_identification:_identify(src/absenc_interface) by extension 'colcon_pkg'
[9.041s] Level 1:colcon.colcon_core.package_identification:_identify(src/absenc_interface) by extensions ['colcon_meta']
[9.041s] Level 1:colcon.colcon_core.package_identification:_identify(src/absenc_interface) by extension 'colcon_meta'
[9.042s] Level 1:colcon.colcon_core.package_identification:_identify(src/absenc_interface) by extensions ['ros']
[9.042s] Level 1:colcon.colcon_core.package_identification:_identify(src/absenc_interface) by extension 'ros'
[9.045s] DEBUG:colcon.colcon_core.package_identification:Package 'src/absenc_interface' with type 'ros.ament_cmake' and name 'absenc_interface'
[9.046s] Level 1:colcon.colcon_core.package_identification:_identify(src/arm_controller) by extensions ['ignore', 'ignore_ament_install']
[9.046s] Level 1:colcon.colcon_core.package_identification:_identify(src/arm_controller) by extension 'ignore'
[9.046s] Level 1:colcon.colcon_core.package_identification:_identify(src/arm_controller) by extension 'ignore_ament_install'
[9.046s] Level 1:colcon.colcon_core.package_identification:_identify(src/arm_controller) by extensions ['colcon_pkg']
[9.046s] Level 1:colcon.colcon_core.package_identification:_identify(src/arm_controller) by extension 'colcon_pkg'
[9.046s] Level 1:colcon.colcon_core.package_identification:_identify(src/arm_controller) by extensions ['colcon_meta']
[9.046s] Level 1:colcon.colcon_core.package_identification:_identify(src/arm_controller) by extension 'colcon_meta'
[9.046s] Level 1:colcon.colcon_core.package_identification:_identify(src/arm_controller) by extensions ['ros']
[9.047s] Level 1:colcon.colcon_core.package_identification:_identify(src/arm_controller) by extension 'ros'
[9.047s] DEBUG:colcon.colcon_core.package_identification:Package 'src/arm_controller' with type 'ros.ament_cmake' and name 'arm_controller'
[9.047s] Level 1:colcon.colcon_core.package_identification:_identify(src/arm_ik) by extensions ['ignore', 'ignore_ament_install']
[9.048s] Level 1:colcon.colcon_core.package_identification:_identify(src/arm_ik) by extension 'ignore'
[9.048s] Level 1:colcon.colcon_core.package_identification:_identify(src/arm_ik) by extension 'ignore_ament_install'
[9.048s] Level 1:colcon.colcon_core.package_identification:_identify(src/arm_ik) by extensions ['colcon_pkg']
[9.048s] Level 1:colcon.colcon_core.package_identification:_identify(src/arm_ik) by extension 'colcon_pkg'
[9.048s] Level 1:colcon.colcon_core.package_identification:_identify(src/arm_ik) by extensions ['colcon_meta']
[9.048s] Level 1:colcon.colcon_core.package_identification:_identify(src/arm_ik) by extension 'colcon_meta'
[9.048s] Level 1:colcon.colcon_core.package_identification:_identify(src/arm_ik) by extensions ['ros']
[9.048s] Level 1:colcon.colcon_core.package_identification:_identify(src/arm_ik) by extension 'ros'
[9.049s] DEBUG:colcon.colcon_core.package_identification:Package 'src/arm_ik' with type 'ros.ament_python' and name 'arm_ik'
[9.049s] Level 1:colcon.colcon_core.package_identification:_identify(src/gps) by extensions ['ignore', 'ignore_ament_install']
[9.049s] Level 1:colcon.colcon_core.package_identification:_identify(src/gps) by extension 'ignore'
[9.049s] Level 1:colcon.colcon_core.package_identification:_identify(src/gps) ignored
[9.049s] Level 1:colcon.colcon_core.package_identification:_identify(src/sil) by extensions ['ignore', 'ignore_ament_install']
[9.049s] Level 1:colcon.colcon_core.package_identification:_identify(src/sil) by extension 'ignore'
[9.050s] Level 1:colcon.colcon_core.package_identification:_identify(src/sil) by extension 'ignore_ament_install'
[9.050s] Level 1:colcon.colcon_core.package_identification:_identify(src/sil) by extensions ['colcon_pkg']
[9.050s] Level 1:colcon.colcon_core.package_identification:_identify(src/sil) by extension 'colcon_pkg'
[9.050s] Level 1:colcon.colcon_core.package_identification:_identify(src/sil) by extensions ['colcon_meta']
[9.050s] Level 1:colcon.colcon_core.package_identification:_identify(src/sil) by extension 'colcon_meta'
[9.050s] Level 1:colcon.colcon_core.package_identification:_identify(src/sil) by extensions ['ros']
[9.050s] Level 1:colcon.colcon_core.package_identification:_identify(src/sil) by extension 'ros'
[9.051s] DEBUG:colcon.colcon_core.package_identification:Package 'src/sil' with type 'ros.ament_cmake' and name 'sil'
[9.051s] Level 1:colcon.colcon_core.package_identification:_identify(src/wheels_controller) by extensions ['ignore', 'ignore_ament_install']
[9.051s] Level 1:colcon.colcon_core.package_identification:_identify(src/wheels_controller) by extension 'ignore'
[9.051s] Level 1:colcon.colcon_core.package_identification:_identify(src/wheels_controller) by extension 'ignore_ament_install'
[9.051s] Level 1:colcon.colcon_core.package_identification:_identify(src/wheels_controller) by extensions ['colcon_pkg']
[9.052s] Level 1:colcon.colcon_core.package_identification:_identify(src/wheels_controller) by extension 'colcon_pkg'
[9.052s] Level 1:colcon.colcon_core.package_identification:_identify(src/wheels_controller) by extensions ['colcon_meta']
[9.052s] Level 1:colcon.colcon_core.package_identification:_identify(src/wheels_controller) by extension 'colcon_meta'
[9.052s] Level 1:colcon.colcon_core.package_identification:_identify(src/wheels_controller) by extensions ['ros']
[9.052s] Level 1:colcon.colcon_core.package_identification:_identify(src/wheels_controller) by extension 'ros'
[9.052s] DEBUG:colcon.colcon_core.package_identification:Package 'src/wheels_controller' with type 'ros.ament_cmake' and name 'wheels_controller'
[9.052s] Level 1:colcon.colcon_core.package_discovery:discover_packages(recursive) using defaults
[9.053s] Level 1:colcon.colcon_core.package_discovery:discover_packages(ignore) discover
[9.053s] Level 1:colcon.colcon_core.package_discovery:discover_packages(ignore) using defaults
[9.053s] Level 1:colcon.colcon_core.package_discovery:discover_packages(path) discover
[9.053s] Level 1:colcon.colcon_core.package_discovery:discover_packages(path) using defaults
[9.585s] INFO:colcon.colcon_core.package_selection:Skipping not selected package 'JetsonGPIO' in 'JetsonGPIO'
[9.585s] INFO:colcon.colcon_core.package_selection:Skipping not selected package 'arm_controller' in 'src/arm_controller'
[9.585s] INFO:colcon.colcon_core.package_selection:Skipping not selected package 'arm_ik' in 'src/arm_ik'
[9.585s] INFO:colcon.colcon_core.package_selection:Skipping not selected package 'sil' in 'src/sil'
[9.586s] INFO:colcon.colcon_core.package_selection:Skipping not selected package 'wheels_controller' in 'src/wheels_controller'
[9.897s] Level 1:colcon.colcon_core.package_discovery:discover_packages(prefix_path) check parameters
[9.898s] Level 1:colcon.colcon_core.package_discovery:discover_packages(prefix_path) discover
[10.212s] DEBUG:colcon.colcon_installed_package_information.package_discovery:Found 6 installed packages in /home/nvidia/robotics-orin/install
[10.369s] DEBUG:colcon.colcon_installed_package_information.package_discovery:Found 256 installed packages in /opt/ros/foxy
[10.371s] Level 1:colcon.colcon_core.package_discovery:discover_packages(prefix_path) using defaults
[10.788s] Level 5:colcon.colcon_core.verb:set package 'absenc_interface' build argument 'cmake_args' from command line to 'None'
[10.789s] Level 5:colcon.colcon_core.verb:set package 'absenc_interface' build argument 'cmake_target' from command line to 'None'
[10.789s] Level 5:colcon.colcon_core.verb:set package 'absenc_interface' build argument 'cmake_target_skip_unavailable' from command line to 'False'
[10.789s] Level 5:colcon.colcon_core.verb:set package 'absenc_interface' build argument 'cmake_clean_cache' from command line to 'False'
[10.789s] Level 5:colcon.colcon_core.verb:set package 'absenc_interface' build argument 'cmake_clean_first' from command line to 'False'
[10.789s] Level 5:colcon.colcon_core.verb:set package 'absenc_interface' build argument 'cmake_force_configure' from command line to 'False'
[10.789s] Level 5:colcon.colcon_core.verb:set package 'absenc_interface' build argument 'ament_cmake_args' from command line to 'None'
[10.789s] Level 5:colcon.colcon_core.verb:set package 'absenc_interface' build argument 'catkin_cmake_args' from command line to 'None'
[10.789s] Level 5:colcon.colcon_core.verb:set package 'absenc_interface' build argument 'catkin_skip_building_tests' from command line to 'False'
[10.789s] DEBUG:colcon.colcon_core.verb:Building package 'absenc_interface' with the following arguments: {'ament_cmake_args': None, 'build_base': '/home/nvidia/robotics-orin/build/absenc_interface', 'catkin_cmake_args': None, 'catkin_skip_building_tests': False, 'cmake_args': None, 'cmake_clean_cache': False, 'cmake_clean_first': False, 'cmake_force_configure': False, 'cmake_target': None, 'cmake_target_skip_unavailable': False, 'install_base': '/home/nvidia/robotics-orin/install/absenc_interface', 'merge_install': False, 'path': '/home/nvidia/robotics-orin/src/absenc_interface', 'symlink_install': True, 'test_result_base': None}
[10.945s] INFO:colcon.colcon_core.executor:Executing jobs using 'parallel' executor
[11.131s] DEBUG:colcon.colcon_parallel_executor.executor.parallel:run_until_complete
[11.132s] INFO:colcon.colcon_ros.task.ament_cmake.build:Building ROS package in '/home/nvidia/robotics-orin/src/absenc_interface' with build type 'ament_cmake'
[11.132s] INFO:colcon.colcon_cmake.task.cmake.build:Building CMake package in '/home/nvidia/robotics-orin/src/absenc_interface'
[11.296s] INFO:colcon.colcon_core.plugin_system:Skipping extension 'colcon_core.shell.bat': Not used on non-Windows systems
[11.297s] INFO:colcon.colcon_core.shell:Skip shell extension 'powershell' for command environment: Not usable outside of PowerShell
[11.297s] DEBUG:colcon.colcon_core.shell:Skip shell extension 'dsv' for command environment
[11.792s] DEBUG:colcon.colcon_core.event_handler.log_command:Invoking command in '/home/nvidia/robotics-orin/build/absenc_interface': CMAKE_PREFIX_PATH=${CMAKE_PREFIX_PATH}:/home/nvidia/robotics-orin/install/arm_ik:/opt/ros/foxy CONDA_PROMPT_MODIFIER=(base) /usr/bin/cmake --build /home/nvidia/robotics-orin/build/absenc_interface -- -j6 -l6
[22.588s] DEBUG:colcon.colcon_core.event_handler.log_command:Invoked command in '/home/nvidia/robotics-orin/build/absenc_interface' returned '0': CMAKE_PREFIX_PATH=${CMAKE_PREFIX_PATH}:/home/nvidia/robotics-orin/install/arm_ik:/opt/ros/foxy CONDA_PROMPT_MODIFIER=(base) /usr/bin/cmake --build /home/nvidia/robotics-orin/build/absenc_interface -- -j6 -l6
[22.692s] DEBUG:colcon.colcon_core.event_handler.log_command:Invoking command in '/home/nvidia/robotics-orin/build/absenc_interface': CMAKE_PREFIX_PATH=${CMAKE_PREFIX_PATH}:/home/nvidia/robotics-orin/install/arm_ik:/opt/ros/foxy CONDA_PROMPT_MODIFIER=(base) /usr/bin/cmake --install /home/nvidia/robotics-orin/build/absenc_interface
[22.828s] Level 1:colcon.colcon_core.environment:create_environment_scripts_only(absenc_interface)
[22.829s] DEBUG:colcon.colcon_core.event_handler.log_command:Invoked command in '/home/nvidia/robotics-orin/build/absenc_interface' returned '0': CMAKE_PREFIX_PATH=${CMAKE_PREFIX_PATH}:/home/nvidia/robotics-orin/install/arm_ik:/opt/ros/foxy CONDA_PROMPT_MODIFIER=(base) /usr/bin/cmake --install /home/nvidia/robotics-orin/build/absenc_interface
[23.012s] Level 1:colcon.colcon_core.environment:checking '/home/nvidia/robotics-orin/install/absenc_interface' for CMake module files
[23.013s] Level 1:colcon.colcon_core.environment:checking '/home/nvidia/robotics-orin/install/absenc_interface' for CMake config files
[23.014s] Level 1:colcon.colcon_core.shell:create_environment_hook('absenc_interface', 'cmake_prefix_path')
[23.174s] INFO:colcon.colcon_core.shell:Creating environment hook '/home/nvidia/robotics-orin/install/absenc_interface/share/absenc_interface/hook/cmake_prefix_path.ps1'
[23.176s] INFO:colcon.colcon_core.shell:Creating environment descriptor '/home/nvidia/robotics-orin/install/absenc_interface/share/absenc_interface/hook/cmake_prefix_path.dsv'
[23.177s] INFO:colcon.colcon_core.shell:Creating environment hook '/home/nvidia/robotics-orin/install/absenc_interface/share/absenc_interface/hook/cmake_prefix_path.sh'
[23.178s] Level 1:colcon.colcon_core.environment:checking '/home/nvidia/robotics-orin/install/absenc_interface/lib'
[23.178s] Level 1:colcon.colcon_core.shell:create_environment_hook('absenc_interface', 'ld_library_path_lib')
[23.339s] INFO:colcon.colcon_core.shell:Creating environment hook '/home/nvidia/robotics-orin/install/absenc_interface/share/absenc_interface/hook/ld_library_path_lib.ps1'
[23.340s] INFO:colcon.colcon_core.shell:Creating environment descriptor '/home/nvidia/robotics-orin/install/absenc_interface/share/absenc_interface/hook/ld_library_path_lib.dsv'
[23.340s] INFO:colcon.colcon_core.shell:Creating environment hook '/home/nvidia/robotics-orin/install/absenc_interface/share/absenc_interface/hook/ld_library_path_lib.sh'
[23.341s] Level 1:colcon.colcon_core.environment:checking '/home/nvidia/robotics-orin/install/absenc_interface/bin'
[23.341s] Level 1:colcon.colcon_core.environment:checking '/home/nvidia/robotics-orin/install/absenc_interface/lib/pkgconfig/absenc_interface.pc'
[23.341s] Level 1:colcon.colcon_core.environment:checking '/home/nvidia/robotics-orin/install/absenc_interface/lib/python3.8/site-packages'
[23.342s] Level 1:colcon.colcon_core.environment:checking '/home/nvidia/robotics-orin/install/absenc_interface/bin'
[23.501s] INFO:colcon.colcon_core.shell:Creating package script '/home/nvidia/robotics-orin/install/absenc_interface/share/absenc_interface/package.ps1'
[23.503s] INFO:colcon.colcon_core.shell:Creating package descriptor '/home/nvidia/robotics-orin/install/absenc_interface/share/absenc_interface/package.dsv'
[23.504s] INFO:colcon.colcon_core.shell:Creating package script '/home/nvidia/robotics-orin/install/absenc_interface/share/absenc_interface/package.sh'
[23.505s] INFO:colcon.colcon_core.shell:Creating package script '/home/nvidia/robotics-orin/install/absenc_interface/share/absenc_interface/package.bash'
[23.506s] INFO:colcon.colcon_core.shell:Creating package script '/home/nvidia/robotics-orin/install/absenc_interface/share/absenc_interface/package.zsh'
[23.507s] Level 1:colcon.colcon_core.environment:create_file_with_runtime_dependencies(/home/nvidia/robotics-orin/install/absenc_interface/share/colcon-core/packages/absenc_interface)
[23.752s] Level 1:colcon.colcon_core.environment:create_environment_scripts_only(absenc_interface)
[23.916s] Level 1:colcon.colcon_core.environment:checking '/home/nvidia/robotics-orin/install/absenc_interface' for CMake module files
[23.917s] Level 1:colcon.colcon_core.environment:checking '/home/nvidia/robotics-orin/install/absenc_interface' for CMake config files
[23.918s] Level 1:colcon.colcon_core.shell:create_environment_hook('absenc_interface', 'cmake_prefix_path')
[24.082s] INFO:colcon.colcon_core.shell:Creating environment hook '/home/nvidia/robotics-orin/install/absenc_interface/share/absenc_interface/hook/cmake_prefix_path.ps1'
[24.083s] INFO:colcon.colcon_core.shell:Creating environment descriptor '/home/nvidia/robotics-orin/install/absenc_interface/share/absenc_interface/hook/cmake_prefix_path.dsv'
[24.084s] INFO:colcon.colcon_core.shell:Creating environment hook '/home/nvidia/robotics-orin/install/absenc_interface/share/absenc_interface/hook/cmake_prefix_path.sh'
[24.085s] Level 1:colcon.colcon_core.environment:checking '/home/nvidia/robotics-orin/install/absenc_interface/lib'
[24.085s] Level 1:colcon.colcon_core.shell:create_environment_hook('absenc_interface', 'ld_library_path_lib')
[24.247s] INFO:colcon.colcon_core.shell:Creating environment hook '/home/nvidia/robotics-orin/install/absenc_interface/share/absenc_interface/hook/ld_library_path_lib.ps1'
[24.248s] INFO:colcon.colcon_core.shell:Creating environment descriptor '/home/nvidia/robotics-orin/install/absenc_interface/share/absenc_interface/hook/ld_library_path_lib.dsv'
[24.249s] INFO:colcon.colcon_core.shell:Creating environment hook '/home/nvidia/robotics-orin/install/absenc_interface/share/absenc_interface/hook/ld_library_path_lib.sh'
[24.249s] Level 1:colcon.colcon_core.environment:checking '/home/nvidia/robotics-orin/install/absenc_interface/bin'
[24.249s] Level 1:colcon.colcon_core.environment:checking '/home/nvidia/robotics-orin/install/absenc_interface/lib/pkgconfig/absenc_interface.pc'
[24.250s] Level 1:colcon.colcon_core.environment:checking '/home/nvidia/robotics-orin/install/absenc_interface/lib/python3.8/site-packages'
[24.250s] Level 1:colcon.colcon_core.environment:checking '/home/nvidia/robotics-orin/install/absenc_interface/bin'
[24.415s] INFO:colcon.colcon_core.shell:Creating package script '/home/nvidia/robotics-orin/install/absenc_interface/share/absenc_interface/package.ps1'
[24.416s] INFO:colcon.colcon_core.shell:Creating package descriptor '/home/nvidia/robotics-orin/install/absenc_interface/share/absenc_interface/package.dsv'
[24.417s] INFO:colcon.colcon_core.shell:Creating package script '/home/nvidia/robotics-orin/install/absenc_interface/share/absenc_interface/package.sh'
[24.418s] INFO:colcon.colcon_core.shell:Creating package script '/home/nvidia/robotics-orin/install/absenc_interface/share/absenc_interface/package.bash'
[24.419s] INFO:colcon.colcon_core.shell:Creating package script '/home/nvidia/robotics-orin/install/absenc_interface/share/absenc_interface/package.zsh'
[24.419s] Level 1:colcon.colcon_core.environment:create_file_with_runtime_dependencies(/home/nvidia/robotics-orin/install/absenc_interface/share/colcon-core/packages/absenc_interface)
[24.420s] DEBUG:colcon.colcon_parallel_executor.executor.parallel:closing loop
[24.421s] DEBUG:colcon.colcon_parallel_executor.executor.parallel:loop closed
[24.421s] DEBUG:colcon.colcon_parallel_executor.executor.parallel:run_until_complete finished with '0'
[24.421s] DEBUG:colcon.colcon_core.event_reactor:joining thread
[24.608s] INFO:colcon.colcon_core.plugin_system:Skipping extension 'colcon_notification.desktop_notification.terminal_notifier': Not used on non-Darwin systems
[24.608s] INFO:colcon.colcon_core.plugin_system:Skipping extension 'colcon_notification.desktop_notification.win32': Not used on non-Windows systems
[24.608s] INFO:colcon.colcon_notification.desktop_notification:Sending desktop notification using 'notify2'
[24.638s] DEBUG:colcon.colcon_core.event_reactor:joined thread
[24.797s] INFO:colcon.colcon_core.shell:Creating prefix script '/home/nvidia/robotics-orin/install/local_setup.ps1'
[24.799s] INFO:colcon.colcon_core.shell:Creating prefix util module '/home/nvidia/robotics-orin/install/_local_setup_util_ps1.py'
[24.801s] INFO:colcon.colcon_core.shell:Creating prefix chain script '/home/nvidia/robotics-orin/install/setup.ps1'
[24.961s] INFO:colcon.colcon_core.shell:Creating prefix script '/home/nvidia/robotics-orin/install/local_setup.sh'
[24.962s] INFO:colcon.colcon_core.shell:Creating prefix util module '/home/nvidia/robotics-orin/install/_local_setup_util_sh.py'
[24.962s] INFO:colcon.colcon_core.shell:Creating prefix chain script '/home/nvidia/robotics-orin/install/setup.sh'
[25.122s] INFO:colcon.colcon_core.shell:Creating prefix script '/home/nvidia/robotics-orin/install/local_setup.bash'
[25.123s] INFO:colcon.colcon_core.shell:Creating prefix chain script '/home/nvidia/robotics-orin/install/setup.bash'
[25.281s] INFO:colcon.colcon_core.shell:Creating prefix script '/home/nvidia/robotics-orin/install/local_setup.zsh'
[25.282s] INFO:colcon.colcon_core.shell:Creating prefix chain script '/home/nvidia/robotics-orin/install/setup.zsh'
