[7.410s] Invoking command in '/home/nvidia/robotics-orin/build/arm_ik': CONDA_PROMPT_MODIFIER=(base) PYTHONPATH=/home/nvidia/robotics-orin/build/arm_ik/prefix_override:/home/nvidia/robotics-orin/install/arm_ik/lib/python3.8/site-packages:${PYTHONPATH} /usr/bin/python3 setup.py develop --uninstall --editable --build-directory /home/nvidia/robotics-orin/build/arm_ik/build
[8.643s] running develop
[9.376s] Removing /home/nvidia/robotics-orin/install/arm_ik/lib/python3.8/site-packages/arm-ik.egg-link (link to .)
[11.390s] Invoked command in '/home/nvidia/robotics-orin/build/arm_ik' returned '0': CONDA_PROMPT_MODIFIER=(base) PYTHONPATH=/home/nvidia/robotics-orin/build/arm_ik/prefix_override:/home/nvidia/robotics-orin/install/arm_ik/lib/python3.8/site-packages:${PYTHONPATH} /usr/bin/python3 setup.py develop --uninstall --editable --build-directory /home/nvidia/robotics-orin/build/arm_ik/build
[11.397s] Invoking command in '/home/nvidia/robotics-orin/src/arm_ik': CONDA_PROMPT_MODIFIER=(base) PYTHONPATH=/home/nvidia/robotics-orin/build/arm_ik/prefix_override:/home/nvidia/robotics-orin/install/arm_ik/lib/python3.8/site-packages:${PYTHONPATH} /usr/bin/python3 setup.py egg_info --egg-base ../../build/arm_ik build --build-base /home/nvidia/robotics-orin/build/arm_ik/build install --record /home/nvidia/robotics-orin/build/arm_ik/install.log --single-version-externally-managed
[12.547s] running egg_info
[12.549s] writing ../../build/arm_ik/arm_ik.egg-info/PKG-INFO
[12.550s] writing dependency_links to ../../build/arm_ik/arm_ik.egg-info/dependency_links.txt
[12.551s] writing entry points to ../../build/arm_ik/arm_ik.egg-info/entry_points.txt
[12.551s] writing requirements to ../../build/arm_ik/arm_ik.egg-info/requires.txt
[12.552s] writing top-level names to ../../build/arm_ik/arm_ik.egg-info/top_level.txt
[12.647s] reading manifest file '../../build/arm_ik/arm_ik.egg-info/SOURCES.txt'
[12.650s] writing manifest file '../../build/arm_ik/arm_ik.egg-info/SOURCES.txt'
[12.651s] running build
[12.651s] running build_py
[12.652s] creating /home/nvidia/robotics-orin/build/arm_ik/build
[12.652s] creating /home/nvidia/robotics-orin/build/arm_ik/build/lib
[12.653s] creating /home/nvidia/robotics-orin/build/arm_ik/build/lib/arm_ik
[12.653s] copying arm_ik/IKNode.py -> /home/nvidia/robotics-orin/build/arm_ik/build/lib/arm_ik
[12.653s] copying arm_ik/AbsencNode.py -> /home/nvidia/robotics-orin/build/arm_ik/build/lib/arm_ik
[12.653s] copying arm_ik/__init__.py -> /home/nvidia/robotics-orin/build/arm_ik/build/lib/arm_ik
[12.653s] copying arm_ik/CadMouseJoyNode.py -> /home/nvidia/robotics-orin/build/arm_ik/build/lib/arm_ik
[12.653s] running install
[12.655s] running install_lib
[12.657s] creating /home/nvidia/robotics-orin/install/arm_ik/lib/python3.8/site-packages/arm_ik
[12.657s] copying /home/nvidia/robotics-orin/build/arm_ik/build/lib/arm_ik/IKNode.py -> /home/nvidia/robotics-orin/install/arm_ik/lib/python3.8/site-packages/arm_ik
[12.659s] copying /home/nvidia/robotics-orin/build/arm_ik/build/lib/arm_ik/AbsencNode.py -> /home/nvidia/robotics-orin/install/arm_ik/lib/python3.8/site-packages/arm_ik
[12.659s] copying /home/nvidia/robotics-orin/build/arm_ik/build/lib/arm_ik/__init__.py -> /home/nvidia/robotics-orin/install/arm_ik/lib/python3.8/site-packages/arm_ik
[12.659s] copying /home/nvidia/robotics-orin/build/arm_ik/build/lib/arm_ik/CadMouseJoyNode.py -> /home/nvidia/robotics-orin/install/arm_ik/lib/python3.8/site-packages/arm_ik
[12.666s] byte-compiling /home/nvidia/robotics-orin/install/arm_ik/lib/python3.8/site-packages/arm_ik/IKNode.py to IKNode.cpython-38.pyc
[12.668s] byte-compiling /home/nvidia/robotics-orin/install/arm_ik/lib/python3.8/site-packages/arm_ik/AbsencNode.py to AbsencNode.cpython-38.pyc
[12.670s] byte-compiling /home/nvidia/robotics-orin/install/arm_ik/lib/python3.8/site-packages/arm_ik/__init__.py to __init__.cpython-38.pyc
[12.671s] byte-compiling /home/nvidia/robotics-orin/install/arm_ik/lib/python3.8/site-packages/arm_ik/CadMouseJoyNode.py to CadMouseJoyNode.cpython-38.pyc
[12.672s] running install_data
[12.674s] running install_egg_info
[12.679s] Copying ../../build/arm_ik/arm_ik.egg-info to /home/nvidia/robotics-orin/install/arm_ik/lib/python3.8/site-packages/arm_ik-0.0.0-py3.8.egg-info
[12.684s] running install_scripts
[12.719s] Installing CadMouseJoyNode script to /home/nvidia/robotics-orin/install/arm_ik/lib/arm_ik
[12.720s] Installing IKNode script to /home/nvidia/robotics-orin/install/arm_ik/lib/arm_ik
[12.720s] Installing state_publisher script to /home/nvidia/robotics-orin/install/arm_ik/lib/arm_ik
[12.720s] writing list of installed files to '/home/nvidia/robotics-orin/build/arm_ik/install.log'
[14.986s] Invoked command in '/home/nvidia/robotics-orin/src/arm_ik' returned '0': CONDA_PROMPT_MODIFIER=(base) PYTHONPATH=/home/nvidia/robotics-orin/build/arm_ik/prefix_override:/home/nvidia/robotics-orin/install/arm_ik/lib/python3.8/site-packages:${PYTHONPATH} /usr/bin/python3 setup.py egg_info --egg-base ../../build/arm_ik build --build-base /home/nvidia/robotics-orin/build/arm_ik/build install --record /home/nvidia/robotics-orin/build/arm_ik/install.log --single-version-externally-managed
