[9.905s] DEBUG:colcon:Command line arguments: ['/usr/bin/colcon', 'build']
[9.905s] DEBUG:colcon:Parsed command line arguments: Namespace(allow_overriding=[], ament_cmake_args=None, base_paths=['.'], build_base='build', catkin_cmake_args=None, catkin_skip_building_tests=False, cmake_args=None, cmake_clean_cache=False, cmake_clean_first=False, cmake_force_configure=False, cmake_target=None, cmake_target_skip_unavailable=False, continue_on_error=False, event_handlers=None, executor='parallel', ignore_user_meta=False, install_base='install', log_base=None, log_level=None, main=<bound method BuildVerb.main of <colcon_core.verb.build.BuildVerb object at 0xffffaedf38b0>>, merge_install=False, metas=['./colcon.meta'], packages_above=None, packages_above_and_dependencies=None, packages_above_depth=None, packages_end=None, packages_ignore=None, packages_ignore_regex=None, packages_select=None, packages_select_build_failed=False, packages_select_by_dep=None, packages_select_regex=None, packages_select_test_failures=False, packages_skip=None, packages_skip_build_finished=False, packages_skip_by_dep=None, packages_skip_regex=None, packages_skip_test_passed=False, packages_skip_up_to=None, packages_start=None, packages_up_to=None, packages_up_to_regex=None, parallel_workers=6, paths=None, symlink_install=False, test_result_base=None, verb_extension=<colcon_core.verb.build.BuildVerb object at 0xffffaedf38b0>, verb_name='build', verb_parser=<colcon_defaults.argument_parser.defaults.DefaultArgumentsDecorator object at 0xffffaea7d4c0>)
[10.298s] Level 1:colcon.colcon_core.package_discovery:discover_packages(colcon_meta) check parameters
[10.298s] Level 1:colcon.colcon_core.package_discovery:discover_packages(recursive) check parameters
[10.298s] Level 1:colcon.colcon_core.package_discovery:discover_packages(ignore) check parameters
[10.298s] Level 1:colcon.colcon_core.package_discovery:discover_packages(path) check parameters
[10.298s] Level 1:colcon.colcon_core.package_discovery:discover_packages(colcon_meta) discover
[10.298s] Level 1:colcon.colcon_core.package_discovery:discover_packages(recursive) discover
[10.298s] INFO:colcon.colcon_core.package_discovery:Crawling recursively for packages in '/home/nvidia/robotics-orin'
[10.299s] Level 1:colcon.colcon_core.package_identification:_identify(.) by extensions ['ignore', 'ignore_ament_install']
[10.299s] Level 1:colcon.colcon_core.package_identification:_identify(.) by extension 'ignore'
[10.299s] Level 1:colcon.colcon_core.package_identification:_identify(.) by extension 'ignore_ament_install'
[10.299s] Level 1:colcon.colcon_core.package_identification:_identify(.) by extensions ['colcon_pkg']
[10.299s] Level 1:colcon.colcon_core.package_identification:_identify(.) by extension 'colcon_pkg'
[10.299s] Level 1:colcon.colcon_core.package_identification:_identify(.) by extensions ['colcon_meta']
[10.299s] Level 1:colcon.colcon_core.package_identification:_identify(.) by extension 'colcon_meta'
[10.299s] Level 1:colcon.colcon_core.package_identification:_identify(.) by extensions ['ros']
[10.299s] Level 1:colcon.colcon_core.package_identification:_identify(.) by extension 'ros'
[10.316s] Level 1:colcon.colcon_core.package_identification:_identify(.) by extensions ['cmake', 'python']
[10.316s] Level 1:colcon.colcon_core.package_identification:_identify(.) by extension 'cmake'
[10.316s] Level 1:colcon.colcon_core.package_identification:_identify(.) by extension 'python'
[10.316s] Level 1:colcon.colcon_core.package_identification:_identify(.) by extensions ['python_setup_py']
[10.316s] Level 1:colcon.colcon_core.package_identification:_identify(.) by extension 'python_setup_py'
[10.316s] Level 1:colcon.colcon_core.package_identification:_identify(JetsonGPIO) by extensions ['ignore', 'ignore_ament_install']
[10.317s] Level 1:colcon.colcon_core.package_identification:_identify(JetsonGPIO) by extension 'ignore'
[10.317s] Level 1:colcon.colcon_core.package_identification:_identify(JetsonGPIO) ignored
[10.317s] Level 1:colcon.colcon_core.package_identification:_identify(build) by extensions ['ignore', 'ignore_ament_install']
[10.317s] Level 1:colcon.colcon_core.package_identification:_identify(build) by extension 'ignore'
[10.317s] Level 1:colcon.colcon_core.package_identification:_identify(build) ignored
[10.317s] Level 1:colcon.colcon_core.package_identification:_identify(install) by extensions ['ignore', 'ignore_ament_install']
[10.318s] Level 1:colcon.colcon_core.package_identification:_identify(install) by extension 'ignore'
[10.318s] Level 1:colcon.colcon_core.package_identification:_identify(install) ignored
[10.318s] Level 1:colcon.colcon_core.package_identification:_identify(launch) by extensions ['ignore', 'ignore_ament_install']
[10.318s] Level 1:colcon.colcon_core.package_identification:_identify(launch) by extension 'ignore'
[10.318s] Level 1:colcon.colcon_core.package_identification:_identify(launch) by extension 'ignore_ament_install'
[10.318s] Level 1:colcon.colcon_core.package_identification:_identify(launch) by extensions ['colcon_pkg']
[10.318s] Level 1:colcon.colcon_core.package_identification:_identify(launch) by extension 'colcon_pkg'
[10.318s] Level 1:colcon.colcon_core.package_identification:_identify(launch) by extensions ['colcon_meta']
[10.318s] Level 1:colcon.colcon_core.package_identification:_identify(launch) by extension 'colcon_meta'
[10.318s] Level 1:colcon.colcon_core.package_identification:_identify(launch) by extensions ['ros']
[10.318s] Level 1:colcon.colcon_core.package_identification:_identify(launch) by extension 'ros'
[10.319s] Level 1:colcon.colcon_core.package_identification:_identify(launch) by extensions ['cmake', 'python']
[10.319s] Level 1:colcon.colcon_core.package_identification:_identify(launch) by extension 'cmake'
[10.319s] Level 1:colcon.colcon_core.package_identification:_identify(launch) by extension 'python'
[10.319s] Level 1:colcon.colcon_core.package_identification:_identify(launch) by extensions ['python_setup_py']
[10.319s] Level 1:colcon.colcon_core.package_identification:_identify(launch) by extension 'python_setup_py'
[10.319s] Level 1:colcon.colcon_core.package_identification:_identify(launch/__pycache__) by extensions ['ignore', 'ignore_ament_install']
[10.319s] Level 1:colcon.colcon_core.package_identification:_identify(launch/__pycache__) by extension 'ignore'
[10.319s] Level 1:colcon.colcon_core.package_identification:_identify(launch/__pycache__) by extension 'ignore_ament_install'
[10.319s] Level 1:colcon.colcon_core.package_identification:_identify(launch/__pycache__) by extensions ['colcon_pkg']
[10.319s] Level 1:colcon.colcon_core.package_identification:_identify(launch/__pycache__) by extension 'colcon_pkg'
[10.319s] Level 1:colcon.colcon_core.package_identification:_identify(launch/__pycache__) by extensions ['colcon_meta']
[10.319s] Level 1:colcon.colcon_core.package_identification:_identify(launch/__pycache__) by extension 'colcon_meta'
[10.320s] Level 1:colcon.colcon_core.package_identification:_identify(launch/__pycache__) by extensions ['ros']
[10.320s] Level 1:colcon.colcon_core.package_identification:_identify(launch/__pycache__) by extension 'ros'
[10.320s] Level 1:colcon.colcon_core.package_identification:_identify(launch/__pycache__) by extensions ['cmake', 'python']
[10.320s] Level 1:colcon.colcon_core.package_identification:_identify(launch/__pycache__) by extension 'cmake'
[10.320s] Level 1:colcon.colcon_core.package_identification:_identify(launch/__pycache__) by extension 'python'
[10.320s] Level 1:colcon.colcon_core.package_identification:_identify(launch/__pycache__) by extensions ['python_setup_py']
[10.320s] Level 1:colcon.colcon_core.package_identification:_identify(launch/__pycache__) by extension 'python_setup_py'
[10.320s] Level 1:colcon.colcon_core.package_identification:_identify(log) by extensions ['ignore', 'ignore_ament_install']
[10.320s] Level 1:colcon.colcon_core.package_identification:_identify(log) by extension 'ignore'
[10.320s] Level 1:colcon.colcon_core.package_identification:_identify(log) ignored
[10.320s] Level 1:colcon.colcon_core.package_identification:_identify(src) by extensions ['ignore', 'ignore_ament_install']
[10.321s] Level 1:colcon.colcon_core.package_identification:_identify(src) by extension 'ignore'
[10.321s] Level 1:colcon.colcon_core.package_identification:_identify(src) by extension 'ignore_ament_install'
[10.321s] Level 1:colcon.colcon_core.package_identification:_identify(src) by extensions ['colcon_pkg']
[10.321s] Level 1:colcon.colcon_core.package_identification:_identify(src) by extension 'colcon_pkg'
[10.321s] Level 1:colcon.colcon_core.package_identification:_identify(src) by extensions ['colcon_meta']
[10.321s] Level 1:colcon.colcon_core.package_identification:_identify(src) by extension 'colcon_meta'
[10.321s] Level 1:colcon.colcon_core.package_identification:_identify(src) by extensions ['ros']
[10.321s] Level 1:colcon.colcon_core.package_identification:_identify(src) by extension 'ros'
[10.321s] Level 1:colcon.colcon_core.package_identification:_identify(src) by extensions ['cmake', 'python']
[10.321s] Level 1:colcon.colcon_core.package_identification:_identify(src) by extension 'cmake'
[10.321s] Level 1:colcon.colcon_core.package_identification:_identify(src) by extension 'python'
[10.321s] Level 1:colcon.colcon_core.package_identification:_identify(src) by extensions ['python_setup_py']
[10.321s] Level 1:colcon.colcon_core.package_identification:_identify(src) by extension 'python_setup_py'
[10.322s] Level 1:colcon.colcon_core.package_identification:_identify(src/absenc_interface) by extensions ['ignore', 'ignore_ament_install']
[10.322s] Level 1:colcon.colcon_core.package_identification:_identify(src/absenc_interface) by extension 'ignore'
[10.322s] Level 1:colcon.colcon_core.package_identification:_identify(src/absenc_interface) by extension 'ignore_ament_install'
[10.322s] Level 1:colcon.colcon_core.package_identification:_identify(src/absenc_interface) by extensions ['colcon_pkg']
[10.322s] Level 1:colcon.colcon_core.package_identification:_identify(src/absenc_interface) by extension 'colcon_pkg'
[10.322s] Level 1:colcon.colcon_core.package_identification:_identify(src/absenc_interface) by extensions ['colcon_meta']
[10.322s] Level 1:colcon.colcon_core.package_identification:_identify(src/absenc_interface) by extension 'colcon_meta'
[10.322s] Level 1:colcon.colcon_core.package_identification:_identify(src/absenc_interface) by extensions ['ros']
[10.322s] Level 1:colcon.colcon_core.package_identification:_identify(src/absenc_interface) by extension 'ros'
[10.326s] DEBUG:colcon.colcon_core.package_identification:Package 'src/absenc_interface' with type 'ros.ament_cmake' and name 'absenc_interface'
[10.327s] Level 1:colcon.colcon_core.package_identification:_identify(src/arm_controller) by extensions ['ignore', 'ignore_ament_install']
[10.327s] Level 1:colcon.colcon_core.package_identification:_identify(src/arm_controller) by extension 'ignore'
[10.327s] Level 1:colcon.colcon_core.package_identification:_identify(src/arm_controller) by extension 'ignore_ament_install'
[10.327s] Level 1:colcon.colcon_core.package_identification:_identify(src/arm_controller) by extensions ['colcon_pkg']
[10.327s] Level 1:colcon.colcon_core.package_identification:_identify(src/arm_controller) by extension 'colcon_pkg'
[10.327s] Level 1:colcon.colcon_core.package_identification:_identify(src/arm_controller) by extensions ['colcon_meta']
[10.327s] Level 1:colcon.colcon_core.package_identification:_identify(src/arm_controller) by extension 'colcon_meta'
[10.327s] Level 1:colcon.colcon_core.package_identification:_identify(src/arm_controller) by extensions ['ros']
[10.327s] Level 1:colcon.colcon_core.package_identification:_identify(src/arm_controller) by extension 'ros'
[10.328s] DEBUG:colcon.colcon_core.package_identification:Package 'src/arm_controller' with type 'ros.ament_cmake' and name 'arm_controller'
[10.328s] Level 1:colcon.colcon_core.package_identification:_identify(src/arm_ik) by extensions ['ignore', 'ignore_ament_install']
[10.328s] Level 1:colcon.colcon_core.package_identification:_identify(src/arm_ik) by extension 'ignore'
[10.329s] Level 1:colcon.colcon_core.package_identification:_identify(src/arm_ik) by extension 'ignore_ament_install'
[10.329s] Level 1:colcon.colcon_core.package_identification:_identify(src/arm_ik) by extensions ['colcon_pkg']
[10.329s] Level 1:colcon.colcon_core.package_identification:_identify(src/arm_ik) by extension 'colcon_pkg'
[10.329s] Level 1:colcon.colcon_core.package_identification:_identify(src/arm_ik) by extensions ['colcon_meta']
[10.329s] Level 1:colcon.colcon_core.package_identification:_identify(src/arm_ik) by extension 'colcon_meta'
[10.329s] Level 1:colcon.colcon_core.package_identification:_identify(src/arm_ik) by extensions ['ros']
[10.329s] Level 1:colcon.colcon_core.package_identification:_identify(src/arm_ik) by extension 'ros'
[10.330s] DEBUG:colcon.colcon_core.package_identification:Package 'src/arm_ik' with type 'ros.ament_python' and name 'arm_ik'
[10.330s] Level 1:colcon.colcon_core.package_identification:_identify(src/gps) by extensions ['ignore', 'ignore_ament_install']
[10.330s] Level 1:colcon.colcon_core.package_identification:_identify(src/gps) by extension 'ignore'
[10.330s] Level 1:colcon.colcon_core.package_identification:_identify(src/gps) ignored
[10.330s] Level 1:colcon.colcon_core.package_identification:_identify(src/sil) by extensions ['ignore', 'ignore_ament_install']
[10.331s] Level 1:colcon.colcon_core.package_identification:_identify(src/sil) by extension 'ignore'
[10.331s] Level 1:colcon.colcon_core.package_identification:_identify(src/sil) by extension 'ignore_ament_install'
[10.331s] Level 1:colcon.colcon_core.package_identification:_identify(src/sil) by extensions ['colcon_pkg']
[10.331s] Level 1:colcon.colcon_core.package_identification:_identify(src/sil) by extension 'colcon_pkg'
[10.331s] Level 1:colcon.colcon_core.package_identification:_identify(src/sil) by extensions ['colcon_meta']
[10.331s] Level 1:colcon.colcon_core.package_identification:_identify(src/sil) by extension 'colcon_meta'
[10.331s] Level 1:colcon.colcon_core.package_identification:_identify(src/sil) by extensions ['ros']
[10.331s] Level 1:colcon.colcon_core.package_identification:_identify(src/sil) by extension 'ros'
[10.333s] DEBUG:colcon.colcon_core.package_identification:Package 'src/sil' with type 'ros.ament_cmake' and name 'sil'
[10.334s] Level 1:colcon.colcon_core.package_identification:_identify(src/wheels_controller) by extensions ['ignore', 'ignore_ament_install']
[10.334s] Level 1:colcon.colcon_core.package_identification:_identify(src/wheels_controller) by extension 'ignore'
[10.334s] Level 1:colcon.colcon_core.package_identification:_identify(src/wheels_controller) by extension 'ignore_ament_install'
[10.334s] Level 1:colcon.colcon_core.package_identification:_identify(src/wheels_controller) by extensions ['colcon_pkg']
[10.334s] Level 1:colcon.colcon_core.package_identification:_identify(src/wheels_controller) by extension 'colcon_pkg'
[10.334s] Level 1:colcon.colcon_core.package_identification:_identify(src/wheels_controller) by extensions ['colcon_meta']
[10.334s] Level 1:colcon.colcon_core.package_identification:_identify(src/wheels_controller) by extension 'colcon_meta'
[10.334s] Level 1:colcon.colcon_core.package_identification:_identify(src/wheels_controller) by extensions ['ros']
[10.334s] Level 1:colcon.colcon_core.package_identification:_identify(src/wheels_controller) by extension 'ros'
[10.335s] DEBUG:colcon.colcon_core.package_identification:Package 'src/wheels_controller' with type 'ros.ament_cmake' and name 'wheels_controller'
[10.335s] Level 1:colcon.colcon_core.package_identification:_identify(util) by extensions ['ignore', 'ignore_ament_install']
[10.335s] Level 1:colcon.colcon_core.package_identification:_identify(util) by extension 'ignore'
[10.335s] Level 1:colcon.colcon_core.package_identification:_identify(util) ignored
[10.336s] Level 1:colcon.colcon_core.package_discovery:discover_packages(recursive) using defaults
[10.336s] Level 1:colcon.colcon_core.package_discovery:discover_packages(ignore) discover
[10.336s] Level 1:colcon.colcon_core.package_discovery:discover_packages(ignore) using defaults
[10.336s] Level 1:colcon.colcon_core.package_discovery:discover_packages(path) discover
[10.336s] Level 1:colcon.colcon_core.package_discovery:discover_packages(path) using defaults
[11.295s] Level 1:colcon.colcon_core.package_discovery:discover_packages(prefix_path) check parameters
[11.296s] Level 1:colcon.colcon_core.package_discovery:discover_packages(prefix_path) discover
[11.657s] DEBUG:colcon.colcon_installed_package_information.package_discovery:Found 5 installed packages in /home/nvidia/robotics-orin/install
[11.837s] DEBUG:colcon.colcon_installed_package_information.package_discovery:Found 319 installed packages in /opt/ros/humble
[11.840s] Level 1:colcon.colcon_core.package_discovery:discover_packages(prefix_path) using defaults
[12.368s] Level 5:colcon.colcon_core.verb:set package 'absenc_interface' build argument 'cmake_args' from command line to 'None'
[12.369s] Level 5:colcon.colcon_core.verb:set package 'absenc_interface' build argument 'cmake_target' from command line to 'None'
[12.369s] Level 5:colcon.colcon_core.verb:set package 'absenc_interface' build argument 'cmake_target_skip_unavailable' from command line to 'False'
[12.369s] Level 5:colcon.colcon_core.verb:set package 'absenc_interface' build argument 'cmake_clean_cache' from command line to 'False'
[12.369s] Level 5:colcon.colcon_core.verb:set package 'absenc_interface' build argument 'cmake_clean_first' from command line to 'False'
[12.369s] Level 5:colcon.colcon_core.verb:set package 'absenc_interface' build argument 'cmake_force_configure' from command line to 'False'
[12.369s] Level 5:colcon.colcon_core.verb:set package 'absenc_interface' build argument 'ament_cmake_args' from command line to 'None'
[12.369s] Level 5:colcon.colcon_core.verb:set package 'absenc_interface' build argument 'catkin_cmake_args' from command line to 'None'
[12.369s] Level 5:colcon.colcon_core.verb:set package 'absenc_interface' build argument 'catkin_skip_building_tests' from command line to 'False'
[12.369s] DEBUG:colcon.colcon_core.verb:Building package 'absenc_interface' with the following arguments: {'ament_cmake_args': None, 'build_base': '/home/nvidia/robotics-orin/build/absenc_interface', 'catkin_cmake_args': None, 'catkin_skip_building_tests': False, 'cmake_args': None, 'cmake_clean_cache': False, 'cmake_clean_first': False, 'cmake_force_configure': False, 'cmake_target': None, 'cmake_target_skip_unavailable': False, 'install_base': '/home/nvidia/robotics-orin/install/absenc_interface', 'merge_install': False, 'path': '/home/nvidia/robotics-orin/src/absenc_interface', 'symlink_install': False, 'test_result_base': None}
[12.548s] Level 5:colcon.colcon_core.verb:set package 'arm_controller' build argument 'cmake_args' from command line to 'None'
[12.549s] Level 5:colcon.colcon_core.verb:set package 'arm_controller' build argument 'cmake_target' from command line to 'None'
[12.549s] Level 5:colcon.colcon_core.verb:set package 'arm_controller' build argument 'cmake_target_skip_unavailable' from command line to 'False'
[12.549s] Level 5:colcon.colcon_core.verb:set package 'arm_controller' build argument 'cmake_clean_cache' from command line to 'False'
[12.549s] Level 5:colcon.colcon_core.verb:set package 'arm_controller' build argument 'cmake_clean_first' from command line to 'False'
[12.549s] Level 5:colcon.colcon_core.verb:set package 'arm_controller' build argument 'cmake_force_configure' from command line to 'False'
[12.549s] Level 5:colcon.colcon_core.verb:set package 'arm_controller' build argument 'ament_cmake_args' from command line to 'None'
[12.549s] Level 5:colcon.colcon_core.verb:set package 'arm_controller' build argument 'catkin_cmake_args' from command line to 'None'
[12.549s] Level 5:colcon.colcon_core.verb:set package 'arm_controller' build argument 'catkin_skip_building_tests' from command line to 'False'
[12.549s] DEBUG:colcon.colcon_core.verb:Building package 'arm_controller' with the following arguments: {'ament_cmake_args': None, 'build_base': '/home/nvidia/robotics-orin/build/arm_controller', 'catkin_cmake_args': None, 'catkin_skip_building_tests': False, 'cmake_args': None, 'cmake_clean_cache': False, 'cmake_clean_first': False, 'cmake_force_configure': False, 'cmake_target': None, 'cmake_target_skip_unavailable': False, 'install_base': '/home/nvidia/robotics-orin/install/arm_controller', 'merge_install': False, 'path': '/home/nvidia/robotics-orin/src/arm_controller', 'symlink_install': False, 'test_result_base': None}
[12.728s] Level 5:colcon.colcon_core.verb:set package 'arm_ik' build argument 'cmake_args' from command line to 'None'
[12.729s] Level 5:colcon.colcon_core.verb:set package 'arm_ik' build argument 'cmake_target' from command line to 'None'
[12.729s] Level 5:colcon.colcon_core.verb:set package 'arm_ik' build argument 'cmake_target_skip_unavailable' from command line to 'False'
[12.729s] Level 5:colcon.colcon_core.verb:set package 'arm_ik' build argument 'cmake_clean_cache' from command line to 'False'
[12.729s] Level 5:colcon.colcon_core.verb:set package 'arm_ik' build argument 'cmake_clean_first' from command line to 'False'
[12.729s] Level 5:colcon.colcon_core.verb:set package 'arm_ik' build argument 'cmake_force_configure' from command line to 'False'
[12.729s] Level 5:colcon.colcon_core.verb:set package 'arm_ik' build argument 'ament_cmake_args' from command line to 'None'
[12.729s] Level 5:colcon.colcon_core.verb:set package 'arm_ik' build argument 'catkin_cmake_args' from command line to 'None'
[12.729s] Level 5:colcon.colcon_core.verb:set package 'arm_ik' build argument 'catkin_skip_building_tests' from command line to 'False'
[12.729s] DEBUG:colcon.colcon_core.verb:Building package 'arm_ik' with the following arguments: {'ament_cmake_args': None, 'build_base': '/home/nvidia/robotics-orin/build/arm_ik', 'catkin_cmake_args': None, 'catkin_skip_building_tests': False, 'cmake_args': None, 'cmake_clean_cache': False, 'cmake_clean_first': False, 'cmake_force_configure': False, 'cmake_target': None, 'cmake_target_skip_unavailable': False, 'install_base': '/home/nvidia/robotics-orin/install/arm_ik', 'merge_install': False, 'path': '/home/nvidia/robotics-orin/src/arm_ik', 'symlink_install': False, 'test_result_base': None}
[12.909s] Level 5:colcon.colcon_core.verb:set package 'sil' build argument 'cmake_args' from command line to 'None'
[12.909s] Level 5:colcon.colcon_core.verb:set package 'sil' build argument 'cmake_target' from command line to 'None'
[12.909s] Level 5:colcon.colcon_core.verb:set package 'sil' build argument 'cmake_target_skip_unavailable' from command line to 'False'
[12.909s] Level 5:colcon.colcon_core.verb:set package 'sil' build argument 'cmake_clean_cache' from command line to 'False'
[12.909s] Level 5:colcon.colcon_core.verb:set package 'sil' build argument 'cmake_clean_first' from command line to 'False'
[12.909s] Level 5:colcon.colcon_core.verb:set package 'sil' build argument 'cmake_force_configure' from command line to 'False'
[12.909s] Level 5:colcon.colcon_core.verb:set package 'sil' build argument 'ament_cmake_args' from command line to 'None'
[12.909s] Level 5:colcon.colcon_core.verb:set package 'sil' build argument 'catkin_cmake_args' from command line to 'None'
[12.909s] Level 5:colcon.colcon_core.verb:set package 'sil' build argument 'catkin_skip_building_tests' from command line to 'False'
[12.909s] DEBUG:colcon.colcon_core.verb:Building package 'sil' with the following arguments: {'ament_cmake_args': None, 'build_base': '/home/nvidia/robotics-orin/build/sil', 'catkin_cmake_args': None, 'catkin_skip_building_tests': False, 'cmake_args': None, 'cmake_clean_cache': False, 'cmake_clean_first': False, 'cmake_force_configure': False, 'cmake_target': None, 'cmake_target_skip_unavailable': False, 'install_base': '/home/nvidia/robotics-orin/install/sil', 'merge_install': False, 'path': '/home/nvidia/robotics-orin/src/sil', 'symlink_install': False, 'test_result_base': None}
[13.088s] Level 5:colcon.colcon_core.verb:set package 'wheels_controller' build argument 'cmake_args' from command line to 'None'
[13.088s] Level 5:colcon.colcon_core.verb:set package 'wheels_controller' build argument 'cmake_target' from command line to 'None'
[13.088s] Level 5:colcon.colcon_core.verb:set package 'wheels_controller' build argument 'cmake_target_skip_unavailable' from command line to 'False'
[13.088s] Level 5:colcon.colcon_core.verb:set package 'wheels_controller' build argument 'cmake_clean_cache' from command line to 'False'
[13.088s] Level 5:colcon.colcon_core.verb:set package 'wheels_controller' build argument 'cmake_clean_first' from command line to 'False'
[13.088s] Level 5:colcon.colcon_core.verb:set package 'wheels_controller' build argument 'cmake_force_configure' from command line to 'False'
[13.089s] Level 5:colcon.colcon_core.verb:set package 'wheels_controller' build argument 'ament_cmake_args' from command line to 'None'
[13.089s] Level 5:colcon.colcon_core.verb:set package 'wheels_controller' build argument 'catkin_cmake_args' from command line to 'None'
[13.089s] Level 5:colcon.colcon_core.verb:set package 'wheels_controller' build argument 'catkin_skip_building_tests' from command line to 'False'
[13.089s] DEBUG:colcon.colcon_core.verb:Building package 'wheels_controller' with the following arguments: {'ament_cmake_args': None, 'build_base': '/home/nvidia/robotics-orin/build/wheels_controller', 'catkin_cmake_args': None, 'catkin_skip_building_tests': False, 'cmake_args': None, 'cmake_clean_cache': False, 'cmake_clean_first': False, 'cmake_force_configure': False, 'cmake_target': None, 'cmake_target_skip_unavailable': False, 'install_base': '/home/nvidia/robotics-orin/install/wheels_controller', 'merge_install': False, 'path': '/home/nvidia/robotics-orin/src/wheels_controller', 'symlink_install': False, 'test_result_base': None}
[13.267s] INFO:colcon.colcon_core.executor:Executing jobs using 'parallel' executor
[13.447s] DEBUG:colcon.colcon_parallel_executor.executor.parallel:run_until_complete
[13.448s] INFO:colcon.colcon_ros.task.ament_cmake.build:Building ROS package in '/home/nvidia/robotics-orin/src/absenc_interface' with build type 'ament_cmake'
[13.448s] INFO:colcon.colcon_cmake.task.cmake.build:Building CMake package in '/home/nvidia/robotics-orin/src/absenc_interface'
[13.634s] INFO:colcon.colcon_core.plugin_system:Skipping extension 'colcon_core.shell.bat': Not used on non-Windows systems
[13.635s] INFO:colcon.colcon_core.shell:Skip shell extension 'powershell' for command environment: Not usable outside of PowerShell
[13.635s] DEBUG:colcon.colcon_core.shell:Skip shell extension 'dsv' for command environment
[14.197s] INFO:colcon.colcon_ros.task.ament_cmake.build:Building ROS package in '/home/nvidia/robotics-orin/src/arm_controller' with build type 'ament_cmake'
[14.197s] INFO:colcon.colcon_cmake.task.cmake.build:Building CMake package in '/home/nvidia/robotics-orin/src/arm_controller'
[14.384s] INFO:colcon.colcon_core.shell:Skip shell extension 'powershell' for command environment: Not usable outside of PowerShell
[14.384s] DEBUG:colcon.colcon_core.shell:Skip shell extension 'dsv' for command environment
[14.943s] INFO:colcon.colcon_ros.task.ament_python.build:Building ROS package in '/home/nvidia/robotics-orin/src/arm_ik' with build type 'ament_python'
[14.943s] Level 1:colcon.colcon_core.shell:create_environment_hook('arm_ik', 'ament_prefix_path')
[15.130s] INFO:colcon.colcon_core.shell:Creating environment hook '/home/nvidia/robotics-orin/install/arm_ik/share/arm_ik/hook/ament_prefix_path.ps1'
[15.131s] INFO:colcon.colcon_core.shell:Creating environment descriptor '/home/nvidia/robotics-orin/install/arm_ik/share/arm_ik/hook/ament_prefix_path.dsv'
[15.132s] INFO:colcon.colcon_core.shell:Creating environment hook '/home/nvidia/robotics-orin/install/arm_ik/share/arm_ik/hook/ament_prefix_path.sh'
[15.316s] INFO:colcon.colcon_core.shell:Skip shell extension 'powershell' for command environment: Not usable outside of PowerShell
[15.317s] DEBUG:colcon.colcon_core.shell:Skip shell extension 'dsv' for command environment
[15.877s] INFO:colcon.colcon_ros.task.ament_cmake.build:Building ROS package in '/home/nvidia/robotics-orin/src/sil' with build type 'ament_cmake'
[15.878s] INFO:colcon.colcon_cmake.task.cmake.build:Building CMake package in '/home/nvidia/robotics-orin/src/sil'
[16.064s] INFO:colcon.colcon_core.shell:Skip shell extension 'powershell' for command environment: Not usable outside of PowerShell
[16.065s] DEBUG:colcon.colcon_core.shell:Skip shell extension 'dsv' for command environment
[16.624s] INFO:colcon.colcon_ros.task.ament_cmake.build:Building ROS package in '/home/nvidia/robotics-orin/src/wheels_controller' with build type 'ament_cmake'
[16.625s] INFO:colcon.colcon_cmake.task.cmake.build:Building CMake package in '/home/nvidia/robotics-orin/src/wheels_controller'
[16.813s] INFO:colcon.colcon_core.shell:Skip shell extension 'powershell' for command environment: Not usable outside of PowerShell
[16.813s] DEBUG:colcon.colcon_core.shell:Skip shell extension 'dsv' for command environment
[17.393s] DEBUG:colcon.colcon_core.event_handler.log_command:Invoking command in '/home/nvidia/robotics-orin/build/absenc_interface': CMAKE_PREFIX_PATH=${CMAKE_PREFIX_PATH}:/opt/ros/humble:/home/nvidia/robotics-orin/install/arm_ik CONDA_PROMPT_MODIFIER=(base) /usr/bin/cmake --build /home/nvidia/robotics-orin/build/absenc_interface -- -j6 -l6
[17.402s] DEBUG:colcon.colcon_core.event_handler.log_command:Invoking command in '/home/nvidia/robotics-orin/build/arm_controller': CMAKE_PREFIX_PATH=${CMAKE_PREFIX_PATH}:/opt/ros/humble:/home/nvidia/robotics-orin/install/arm_ik CONDA_PROMPT_MODIFIER=(base) /usr/bin/cmake --build /home/nvidia/robotics-orin/build/arm_controller -- -j6 -l6
[17.837s] INFO:colcon.colcon_core.task.python.build:Building Python package in '/home/nvidia/robotics-orin/src/arm_ik'
[18.026s] INFO:colcon.colcon_core.shell:Skip shell extension 'powershell' for command environment: Not usable outside of PowerShell
[18.026s] DEBUG:colcon.colcon_core.shell:Skip shell extension 'dsv' for command environment
[18.606s] DEBUG:colcon.colcon_core.event_handler.log_command:Invoking command in '/home/nvidia/robotics-orin/build/sil': CMAKE_PREFIX_PATH=${CMAKE_PREFIX_PATH}:/opt/ros/humble:/home/nvidia/robotics-orin/install/arm_ik CONDA_PROMPT_MODIFIER=(base) /usr/bin/cmake --build /home/nvidia/robotics-orin/build/sil -- -j6 -l6
[18.616s] DEBUG:colcon.colcon_core.event_handler.log_command:Invoking command in '/home/nvidia/robotics-orin/build/wheels_controller': CMAKE_PREFIX_PATH=${CMAKE_PREFIX_PATH}:/opt/ros/humble:/home/nvidia/robotics-orin/install/arm_ik CONDA_PROMPT_MODIFIER=(base) /usr/bin/cmake --build /home/nvidia/robotics-orin/build/wheels_controller -- -j6 -l6
[18.638s] DEBUG:colcon.colcon_core.event_handler.log_command:Invoked command in '/home/nvidia/robotics-orin/build/absenc_interface' returned '0': CMAKE_PREFIX_PATH=${CMAKE_PREFIX_PATH}:/opt/ros/humble:/home/nvidia/robotics-orin/install/arm_ik CONDA_PROMPT_MODIFIER=(base) /usr/bin/cmake --build /home/nvidia/robotics-orin/build/absenc_interface -- -j6 -l6
[18.643s] DEBUG:colcon.colcon_core.event_handler.log_command:Invoked command in '/home/nvidia/robotics-orin/build/arm_controller' returned '0': CMAKE_PREFIX_PATH=${CMAKE_PREFIX_PATH}:/opt/ros/humble:/home/nvidia/robotics-orin/install/arm_ik CONDA_PROMPT_MODIFIER=(base) /usr/bin/cmake --build /home/nvidia/robotics-orin/build/arm_controller -- -j6 -l6
[18.710s] DEBUG:colcon.colcon_core.event_handler.log_command:Invoking command in '/home/nvidia/robotics-orin/build/arm_controller': CMAKE_PREFIX_PATH=${CMAKE_PREFIX_PATH}:/opt/ros/humble:/home/nvidia/robotics-orin/install/arm_ik CONDA_PROMPT_MODIFIER=(base) /usr/bin/cmake --install /home/nvidia/robotics-orin/build/arm_controller
[18.750s] DEBUG:colcon.colcon_core.event_handler.log_command:Invoking command in '/home/nvidia/robotics-orin/build/absenc_interface': CMAKE_PREFIX_PATH=${CMAKE_PREFIX_PATH}:/opt/ros/humble:/home/nvidia/robotics-orin/install/arm_ik CONDA_PROMPT_MODIFIER=(base) /usr/bin/cmake --install /home/nvidia/robotics-orin/build/absenc_interface
[18.757s] DEBUG:colcon.colcon_core.event_handler.log_command:Invoked command in '/home/nvidia/robotics-orin/build/sil' returned '0': CMAKE_PREFIX_PATH=${CMAKE_PREFIX_PATH}:/opt/ros/humble:/home/nvidia/robotics-orin/install/arm_ik CONDA_PROMPT_MODIFIER=(base) /usr/bin/cmake --build /home/nvidia/robotics-orin/build/sil -- -j6 -l6
[18.765s] Level 1:colcon.colcon_core.environment:create_environment_scripts_only(arm_controller)
[18.767s] DEBUG:colcon.colcon_core.event_handler.log_command:Invoked command in '/home/nvidia/robotics-orin/build/arm_controller' returned '0': CMAKE_PREFIX_PATH=${CMAKE_PREFIX_PATH}:/opt/ros/humble:/home/nvidia/robotics-orin/install/arm_ik CONDA_PROMPT_MODIFIER=(base) /usr/bin/cmake --install /home/nvidia/robotics-orin/build/arm_controller
[18.993s] Level 1:colcon.colcon_core.environment:checking '/home/nvidia/robotics-orin/install/arm_controller' for CMake module files
[18.994s] Level 1:colcon.colcon_core.environment:checking '/home/nvidia/robotics-orin/install/arm_controller' for CMake config files
[18.995s] Level 1:colcon.colcon_core.shell:create_environment_hook('arm_controller', 'cmake_prefix_path')
[19.179s] INFO:colcon.colcon_core.shell:Creating environment hook '/home/nvidia/robotics-orin/install/arm_controller/share/arm_controller/hook/cmake_prefix_path.ps1'
[19.180s] INFO:colcon.colcon_core.shell:Creating environment descriptor '/home/nvidia/robotics-orin/install/arm_controller/share/arm_controller/hook/cmake_prefix_path.dsv'
[19.181s] INFO:colcon.colcon_core.shell:Creating environment hook '/home/nvidia/robotics-orin/install/arm_controller/share/arm_controller/hook/cmake_prefix_path.sh'
[19.182s] Level 1:colcon.colcon_core.environment:checking '/home/nvidia/robotics-orin/install/arm_controller/lib'
[19.183s] Level 1:colcon.colcon_core.environment:checking '/home/nvidia/robotics-orin/install/arm_controller/bin'
[19.183s] Level 1:colcon.colcon_core.environment:checking '/home/nvidia/robotics-orin/install/arm_controller/lib/pkgconfig/arm_controller.pc'
[19.183s] Level 1:colcon.colcon_core.environment:checking '/home/nvidia/robotics-orin/install/arm_controller/lib/python3.8/site-packages'
[19.183s] Level 1:colcon.colcon_core.environment:checking '/home/nvidia/robotics-orin/install/arm_controller/bin'
[19.368s] INFO:colcon.colcon_core.shell:Creating package script '/home/nvidia/robotics-orin/install/arm_controller/share/arm_controller/package.ps1'
[19.370s] INFO:colcon.colcon_core.shell:Creating package descriptor '/home/nvidia/robotics-orin/install/arm_controller/share/arm_controller/package.dsv'
[19.371s] INFO:colcon.colcon_core.shell:Creating package script '/home/nvidia/robotics-orin/install/arm_controller/share/arm_controller/package.sh'
[19.372s] INFO:colcon.colcon_core.shell:Creating package script '/home/nvidia/robotics-orin/install/arm_controller/share/arm_controller/package.bash'
[19.373s] INFO:colcon.colcon_core.shell:Creating package script '/home/nvidia/robotics-orin/install/arm_controller/share/arm_controller/package.zsh'
[19.374s] Level 1:colcon.colcon_core.environment:create_file_with_runtime_dependencies(/home/nvidia/robotics-orin/install/arm_controller/share/colcon-core/packages/arm_controller)
[19.383s] DEBUG:colcon.colcon_core.event_handler.log_command:Invoked command in '/home/nvidia/robotics-orin/build/wheels_controller' returned '0': CMAKE_PREFIX_PATH=${CMAKE_PREFIX_PATH}:/opt/ros/humble:/home/nvidia/robotics-orin/install/arm_ik CONDA_PROMPT_MODIFIER=(base) /usr/bin/cmake --build /home/nvidia/robotics-orin/build/wheels_controller -- -j6 -l6
[19.394s] Level 1:colcon.colcon_core.environment:create_environment_scripts_only(absenc_interface)
[19.395s] DEBUG:colcon.colcon_core.event_handler.log_command:Invoked command in '/home/nvidia/robotics-orin/build/absenc_interface' returned '0': CMAKE_PREFIX_PATH=${CMAKE_PREFIX_PATH}:/opt/ros/humble:/home/nvidia/robotics-orin/install/arm_ik CONDA_PROMPT_MODIFIER=(base) /usr/bin/cmake --install /home/nvidia/robotics-orin/build/absenc_interface
[19.590s] Level 1:colcon.colcon_core.environment:checking '/home/nvidia/robotics-orin/install/absenc_interface' for CMake module files
[19.591s] Level 1:colcon.colcon_core.environment:checking '/home/nvidia/robotics-orin/install/absenc_interface' for CMake config files
[19.593s] Level 1:colcon.colcon_core.shell:create_environment_hook('absenc_interface', 'cmake_prefix_path')
[19.780s] INFO:colcon.colcon_core.shell:Creating environment hook '/home/nvidia/robotics-orin/install/absenc_interface/share/absenc_interface/hook/cmake_prefix_path.ps1'
[19.781s] INFO:colcon.colcon_core.shell:Creating environment descriptor '/home/nvidia/robotics-orin/install/absenc_interface/share/absenc_interface/hook/cmake_prefix_path.dsv'
[19.782s] INFO:colcon.colcon_core.shell:Creating environment hook '/home/nvidia/robotics-orin/install/absenc_interface/share/absenc_interface/hook/cmake_prefix_path.sh'
[19.783s] Level 1:colcon.colcon_core.environment:checking '/home/nvidia/robotics-orin/install/absenc_interface/lib'
[19.783s] Level 1:colcon.colcon_core.shell:create_environment_hook('absenc_interface', 'ld_library_path_lib')
[19.970s] INFO:colcon.colcon_core.shell:Creating environment hook '/home/nvidia/robotics-orin/install/absenc_interface/share/absenc_interface/hook/ld_library_path_lib.ps1'
[19.971s] INFO:colcon.colcon_core.shell:Creating environment descriptor '/home/nvidia/robotics-orin/install/absenc_interface/share/absenc_interface/hook/ld_library_path_lib.dsv'
[19.971s] INFO:colcon.colcon_core.shell:Creating environment hook '/home/nvidia/robotics-orin/install/absenc_interface/share/absenc_interface/hook/ld_library_path_lib.sh'
[19.972s] Level 1:colcon.colcon_core.environment:checking '/home/nvidia/robotics-orin/install/absenc_interface/bin'
[19.972s] Level 1:colcon.colcon_core.environment:checking '/home/nvidia/robotics-orin/install/absenc_interface/lib/pkgconfig/absenc_interface.pc'
[19.973s] Level 1:colcon.colcon_core.environment:checking '/home/nvidia/robotics-orin/install/absenc_interface/lib/python3.8/site-packages'
[19.973s] Level 1:colcon.colcon_core.environment:checking '/home/nvidia/robotics-orin/install/absenc_interface/bin'
[20.162s] INFO:colcon.colcon_core.shell:Creating package script '/home/nvidia/robotics-orin/install/absenc_interface/share/absenc_interface/package.ps1'
[20.163s] INFO:colcon.colcon_core.shell:Creating package descriptor '/home/nvidia/robotics-orin/install/absenc_interface/share/absenc_interface/package.dsv'
[20.164s] INFO:colcon.colcon_core.shell:Creating package script '/home/nvidia/robotics-orin/install/absenc_interface/share/absenc_interface/package.sh'
[20.165s] INFO:colcon.colcon_core.shell:Creating package script '/home/nvidia/robotics-orin/install/absenc_interface/share/absenc_interface/package.bash'
[20.166s] INFO:colcon.colcon_core.shell:Creating package script '/home/nvidia/robotics-orin/install/absenc_interface/share/absenc_interface/package.zsh'
[20.166s] Level 1:colcon.colcon_core.environment:create_file_with_runtime_dependencies(/home/nvidia/robotics-orin/install/absenc_interface/share/colcon-core/packages/absenc_interface)
[20.181s] DEBUG:colcon.colcon_core.event_handler.log_command:Invoking command in '/home/nvidia/robotics-orin/build/sil': CMAKE_PREFIX_PATH=${CMAKE_PREFIX_PATH}:/opt/ros/humble:/home/nvidia/robotics-orin/install/arm_ik CONDA_PROMPT_MODIFIER=(base) /usr/bin/cmake --install /home/nvidia/robotics-orin/build/sil
[20.191s] DEBUG:colcon.colcon_core.event_handler.log_command:Invoking command in '/home/nvidia/robotics-orin/src/arm_ik': CONDA_PROMPT_MODIFIER=(base) PYTHONPATH=/home/nvidia/robotics-orin/build/arm_ik/prefix_override:/home/nvidia/robotics-orin/install/arm_ik/lib/python3.8/site-packages:${PYTHONPATH} /usr/bin/python3 setup.py egg_info --egg-base ../../build/arm_ik build --build-base /home/nvidia/robotics-orin/build/arm_ik/build install --record /home/nvidia/robotics-orin/build/arm_ik/install.log --single-version-externally-managed
[20.394s] Level 1:colcon.colcon_core.environment:create_environment_scripts_only(arm_controller)
[20.578s] Level 1:colcon.colcon_core.environment:checking '/home/nvidia/robotics-orin/install/arm_controller' for CMake module files
[20.579s] Level 1:colcon.colcon_core.environment:checking '/home/nvidia/robotics-orin/install/arm_controller' for CMake config files
[20.580s] Level 1:colcon.colcon_core.shell:create_environment_hook('arm_controller', 'cmake_prefix_path')
[20.765s] INFO:colcon.colcon_core.shell:Creating environment hook '/home/nvidia/robotics-orin/install/arm_controller/share/arm_controller/hook/cmake_prefix_path.ps1'
[20.766s] INFO:colcon.colcon_core.shell:Creating environment descriptor '/home/nvidia/robotics-orin/install/arm_controller/share/arm_controller/hook/cmake_prefix_path.dsv'
[20.767s] INFO:colcon.colcon_core.shell:Creating environment hook '/home/nvidia/robotics-orin/install/arm_controller/share/arm_controller/hook/cmake_prefix_path.sh'
[20.768s] Level 1:colcon.colcon_core.environment:checking '/home/nvidia/robotics-orin/install/arm_controller/lib'
[20.768s] Level 1:colcon.colcon_core.environment:checking '/home/nvidia/robotics-orin/install/arm_controller/bin'
[20.768s] Level 1:colcon.colcon_core.environment:checking '/home/nvidia/robotics-orin/install/arm_controller/lib/pkgconfig/arm_controller.pc'
[20.769s] Level 1:colcon.colcon_core.environment:checking '/home/nvidia/robotics-orin/install/arm_controller/lib/python3.8/site-packages'
[20.769s] Level 1:colcon.colcon_core.environment:checking '/home/nvidia/robotics-orin/install/arm_controller/bin'
[20.953s] INFO:colcon.colcon_core.shell:Creating package script '/home/nvidia/robotics-orin/install/arm_controller/share/arm_controller/package.ps1'
[20.954s] INFO:colcon.colcon_core.shell:Creating package descriptor '/home/nvidia/robotics-orin/install/arm_controller/share/arm_controller/package.dsv'
[20.955s] INFO:colcon.colcon_core.shell:Creating package script '/home/nvidia/robotics-orin/install/arm_controller/share/arm_controller/package.sh'
[20.956s] INFO:colcon.colcon_core.shell:Creating package script '/home/nvidia/robotics-orin/install/arm_controller/share/arm_controller/package.bash'
[20.957s] INFO:colcon.colcon_core.shell:Creating package script '/home/nvidia/robotics-orin/install/arm_controller/share/arm_controller/package.zsh'
[20.957s] Level 1:colcon.colcon_core.environment:create_file_with_runtime_dependencies(/home/nvidia/robotics-orin/install/arm_controller/share/colcon-core/packages/arm_controller)
[20.965s] DEBUG:colcon.colcon_core.event_handler.log_command:Invoking command in '/home/nvidia/robotics-orin/build/wheels_controller': CMAKE_PREFIX_PATH=${CMAKE_PREFIX_PATH}:/opt/ros/humble:/home/nvidia/robotics-orin/install/arm_ik CONDA_PROMPT_MODIFIER=(base) /usr/bin/cmake --install /home/nvidia/robotics-orin/build/wheels_controller
[21.167s] Level 1:colcon.colcon_core.environment:create_environment_scripts_only(absenc_interface)
[21.352s] Level 1:colcon.colcon_core.environment:checking '/home/nvidia/robotics-orin/install/absenc_interface' for CMake module files
[21.353s] Level 1:colcon.colcon_core.environment:checking '/home/nvidia/robotics-orin/install/absenc_interface' for CMake config files
[21.354s] Level 1:colcon.colcon_core.shell:create_environment_hook('absenc_interface', 'cmake_prefix_path')
[21.539s] INFO:colcon.colcon_core.shell:Creating environment hook '/home/nvidia/robotics-orin/install/absenc_interface/share/absenc_interface/hook/cmake_prefix_path.ps1'
[21.540s] INFO:colcon.colcon_core.shell:Creating environment descriptor '/home/nvidia/robotics-orin/install/absenc_interface/share/absenc_interface/hook/cmake_prefix_path.dsv'
[21.541s] INFO:colcon.colcon_core.shell:Creating environment hook '/home/nvidia/robotics-orin/install/absenc_interface/share/absenc_interface/hook/cmake_prefix_path.sh'
[21.541s] Level 1:colcon.colcon_core.environment:checking '/home/nvidia/robotics-orin/install/absenc_interface/lib'
[21.542s] Level 1:colcon.colcon_core.shell:create_environment_hook('absenc_interface', 'ld_library_path_lib')
[21.726s] INFO:colcon.colcon_core.shell:Creating environment hook '/home/nvidia/robotics-orin/install/absenc_interface/share/absenc_interface/hook/ld_library_path_lib.ps1'
[21.727s] INFO:colcon.colcon_core.shell:Creating environment descriptor '/home/nvidia/robotics-orin/install/absenc_interface/share/absenc_interface/hook/ld_library_path_lib.dsv'
[21.727s] INFO:colcon.colcon_core.shell:Creating environment hook '/home/nvidia/robotics-orin/install/absenc_interface/share/absenc_interface/hook/ld_library_path_lib.sh'
[21.728s] Level 1:colcon.colcon_core.environment:checking '/home/nvidia/robotics-orin/install/absenc_interface/bin'
[21.728s] Level 1:colcon.colcon_core.environment:checking '/home/nvidia/robotics-orin/install/absenc_interface/lib/pkgconfig/absenc_interface.pc'
[21.728s] Level 1:colcon.colcon_core.environment:checking '/home/nvidia/robotics-orin/install/absenc_interface/lib/python3.8/site-packages'
[21.729s] Level 1:colcon.colcon_core.environment:checking '/home/nvidia/robotics-orin/install/absenc_interface/bin'
[21.912s] INFO:colcon.colcon_core.shell:Creating package script '/home/nvidia/robotics-orin/install/absenc_interface/share/absenc_interface/package.ps1'
[21.914s] INFO:colcon.colcon_core.shell:Creating package descriptor '/home/nvidia/robotics-orin/install/absenc_interface/share/absenc_interface/package.dsv'
[21.915s] INFO:colcon.colcon_core.shell:Creating package script '/home/nvidia/robotics-orin/install/absenc_interface/share/absenc_interface/package.sh'
[21.915s] INFO:colcon.colcon_core.shell:Creating package script '/home/nvidia/robotics-orin/install/absenc_interface/share/absenc_interface/package.bash'
[21.916s] INFO:colcon.colcon_core.shell:Creating package script '/home/nvidia/robotics-orin/install/absenc_interface/share/absenc_interface/package.zsh'
[21.916s] Level 1:colcon.colcon_core.environment:create_file_with_runtime_dependencies(/home/nvidia/robotics-orin/install/absenc_interface/share/colcon-core/packages/absenc_interface)
[21.921s] DEBUG:colcon.colcon_core.event_handler.log_command:Invoked command in '/home/nvidia/robotics-orin/src/arm_ik' returned '0': CONDA_PROMPT_MODIFIER=(base) PYTHONPATH=/home/nvidia/robotics-orin/build/arm_ik/prefix_override:/home/nvidia/robotics-orin/install/arm_ik/lib/python3.8/site-packages:${PYTHONPATH} /usr/bin/python3 setup.py egg_info --egg-base ../../build/arm_ik build --build-base /home/nvidia/robotics-orin/build/arm_ik/build install --record /home/nvidia/robotics-orin/build/arm_ik/install.log --single-version-externally-managed
[22.105s] Level 1:colcon.colcon_core.environment:checking '/home/nvidia/robotics-orin/install/arm_ik' for CMake module files
[22.105s] Level 1:colcon.colcon_core.environment:checking '/home/nvidia/robotics-orin/install/arm_ik' for CMake config files
[22.106s] Level 1:colcon.colcon_core.environment:checking '/home/nvidia/robotics-orin/install/arm_ik/lib'
[22.107s] Level 1:colcon.colcon_core.environment:checking '/home/nvidia/robotics-orin/install/arm_ik/bin'
[22.107s] Level 1:colcon.colcon_core.environment:checking '/home/nvidia/robotics-orin/install/arm_ik/lib/pkgconfig/arm_ik.pc'
[22.107s] Level 1:colcon.colcon_core.environment:checking '/home/nvidia/robotics-orin/install/arm_ik/lib/python3.8/site-packages'
[22.107s] Level 1:colcon.colcon_core.shell:create_environment_hook('arm_ik', 'pythonpath')
[22.291s] INFO:colcon.colcon_core.shell:Creating environment hook '/home/nvidia/robotics-orin/install/arm_ik/share/arm_ik/hook/pythonpath.ps1'
[22.292s] INFO:colcon.colcon_core.shell:Creating environment descriptor '/home/nvidia/robotics-orin/install/arm_ik/share/arm_ik/hook/pythonpath.dsv'
[22.292s] INFO:colcon.colcon_core.shell:Creating environment hook '/home/nvidia/robotics-orin/install/arm_ik/share/arm_ik/hook/pythonpath.sh'
[22.293s] Level 1:colcon.colcon_core.environment:checking '/home/nvidia/robotics-orin/install/arm_ik/bin'
[22.293s] Level 1:colcon.colcon_core.environment:create_environment_scripts_only(arm_ik)
[22.477s] INFO:colcon.colcon_core.shell:Creating package script '/home/nvidia/robotics-orin/install/arm_ik/share/arm_ik/package.ps1'
[22.478s] INFO:colcon.colcon_core.shell:Creating package descriptor '/home/nvidia/robotics-orin/install/arm_ik/share/arm_ik/package.dsv'
[22.479s] INFO:colcon.colcon_core.shell:Creating package script '/home/nvidia/robotics-orin/install/arm_ik/share/arm_ik/package.sh'
[22.480s] INFO:colcon.colcon_core.shell:Creating package script '/home/nvidia/robotics-orin/install/arm_ik/share/arm_ik/package.bash'
[22.480s] INFO:colcon.colcon_core.shell:Creating package script '/home/nvidia/robotics-orin/install/arm_ik/share/arm_ik/package.zsh'
[22.481s] Level 1:colcon.colcon_core.environment:create_file_with_runtime_dependencies(/home/nvidia/robotics-orin/install/arm_ik/share/colcon-core/packages/arm_ik)
[22.481s] Level 1:colcon.colcon_core.environment:create_environment_scripts_only(sil)
[22.484s] DEBUG:colcon.colcon_core.event_handler.log_command:Invoked command in '/home/nvidia/robotics-orin/build/sil' returned '0': CMAKE_PREFIX_PATH=${CMAKE_PREFIX_PATH}:/opt/ros/humble:/home/nvidia/robotics-orin/install/arm_ik CONDA_PROMPT_MODIFIER=(base) /usr/bin/cmake --install /home/nvidia/robotics-orin/build/sil
[22.668s] Level 1:colcon.colcon_core.environment:checking '/home/nvidia/robotics-orin/install/sil' for CMake module files
[22.669s] Level 1:colcon.colcon_core.environment:checking '/home/nvidia/robotics-orin/install/sil' for CMake config files
[22.670s] Level 1:colcon.colcon_core.shell:create_environment_hook('sil', 'cmake_prefix_path')
[22.854s] INFO:colcon.colcon_core.shell:Creating environment hook '/home/nvidia/robotics-orin/install/sil/share/sil/hook/cmake_prefix_path.ps1'
[22.855s] INFO:colcon.colcon_core.shell:Creating environment descriptor '/home/nvidia/robotics-orin/install/sil/share/sil/hook/cmake_prefix_path.dsv'
[22.856s] INFO:colcon.colcon_core.shell:Creating environment hook '/home/nvidia/robotics-orin/install/sil/share/sil/hook/cmake_prefix_path.sh'
[22.857s] Level 1:colcon.colcon_core.environment:checking '/home/nvidia/robotics-orin/install/sil/lib'
[22.857s] Level 1:colcon.colcon_core.environment:checking '/home/nvidia/robotics-orin/install/sil/bin'
[22.857s] Level 1:colcon.colcon_core.environment:checking '/home/nvidia/robotics-orin/install/sil/lib/pkgconfig/sil.pc'
[22.857s] Level 1:colcon.colcon_core.environment:checking '/home/nvidia/robotics-orin/install/sil/lib/python3.8/site-packages'
[22.858s] Level 1:colcon.colcon_core.environment:checking '/home/nvidia/robotics-orin/install/sil/bin'
[23.042s] INFO:colcon.colcon_core.shell:Creating package script '/home/nvidia/robotics-orin/install/sil/share/sil/package.ps1'
[23.044s] INFO:colcon.colcon_core.shell:Creating package descriptor '/home/nvidia/robotics-orin/install/sil/share/sil/package.dsv'
[23.044s] INFO:colcon.colcon_core.shell:Creating package script '/home/nvidia/robotics-orin/install/sil/share/sil/package.sh'
[23.045s] INFO:colcon.colcon_core.shell:Creating package script '/home/nvidia/robotics-orin/install/sil/share/sil/package.bash'
[23.045s] INFO:colcon.colcon_core.shell:Creating package script '/home/nvidia/robotics-orin/install/sil/share/sil/package.zsh'
[23.046s] Level 1:colcon.colcon_core.environment:create_file_with_runtime_dependencies(/home/nvidia/robotics-orin/install/sil/share/colcon-core/packages/sil)
[23.055s] Level 1:colcon.colcon_core.environment:create_environment_scripts_only(wheels_controller)
[23.057s] DEBUG:colcon.colcon_core.event_handler.log_command:Invoked command in '/home/nvidia/robotics-orin/build/wheels_controller' returned '0': CMAKE_PREFIX_PATH=${CMAKE_PREFIX_PATH}:/opt/ros/humble:/home/nvidia/robotics-orin/install/arm_ik CONDA_PROMPT_MODIFIER=(base) /usr/bin/cmake --install /home/nvidia/robotics-orin/build/wheels_controller
[23.243s] Level 1:colcon.colcon_core.environment:checking '/home/nvidia/robotics-orin/install/wheels_controller' for CMake module files
[23.244s] Level 1:colcon.colcon_core.environment:checking '/home/nvidia/robotics-orin/install/wheels_controller' for CMake config files
[23.245s] Level 1:colcon.colcon_core.shell:create_environment_hook('wheels_controller', 'cmake_prefix_path')
[23.429s] INFO:colcon.colcon_core.shell:Creating environment hook '/home/nvidia/robotics-orin/install/wheels_controller/share/wheels_controller/hook/cmake_prefix_path.ps1'
[23.430s] INFO:colcon.colcon_core.shell:Creating environment descriptor '/home/nvidia/robotics-orin/install/wheels_controller/share/wheels_controller/hook/cmake_prefix_path.dsv'
[23.430s] INFO:colcon.colcon_core.shell:Creating environment hook '/home/nvidia/robotics-orin/install/wheels_controller/share/wheels_controller/hook/cmake_prefix_path.sh'
[23.431s] Level 1:colcon.colcon_core.environment:checking '/home/nvidia/robotics-orin/install/wheels_controller/lib'
[23.432s] Level 1:colcon.colcon_core.environment:checking '/home/nvidia/robotics-orin/install/wheels_controller/bin'
[23.432s] Level 1:colcon.colcon_core.environment:checking '/home/nvidia/robotics-orin/install/wheels_controller/lib/pkgconfig/wheels_controller.pc'
[23.432s] Level 1:colcon.colcon_core.environment:checking '/home/nvidia/robotics-orin/install/wheels_controller/lib/python3.8/site-packages'
[23.432s] Level 1:colcon.colcon_core.environment:checking '/home/nvidia/robotics-orin/install/wheels_controller/bin'
[23.617s] INFO:colcon.colcon_core.shell:Creating package script '/home/nvidia/robotics-orin/install/wheels_controller/share/wheels_controller/package.ps1'
[23.618s] INFO:colcon.colcon_core.shell:Creating package descriptor '/home/nvidia/robotics-orin/install/wheels_controller/share/wheels_controller/package.dsv'
[23.619s] INFO:colcon.colcon_core.shell:Creating package script '/home/nvidia/robotics-orin/install/wheels_controller/share/wheels_controller/package.sh'
[23.620s] INFO:colcon.colcon_core.shell:Creating package script '/home/nvidia/robotics-orin/install/wheels_controller/share/wheels_controller/package.bash'
[23.620s] INFO:colcon.colcon_core.shell:Creating package script '/home/nvidia/robotics-orin/install/wheels_controller/share/wheels_controller/package.zsh'
[23.621s] Level 1:colcon.colcon_core.environment:create_file_with_runtime_dependencies(/home/nvidia/robotics-orin/install/wheels_controller/share/colcon-core/packages/wheels_controller)
[23.820s] Level 1:colcon.colcon_core.environment:create_environment_scripts_only(sil)
[24.005s] Level 1:colcon.colcon_core.environment:checking '/home/nvidia/robotics-orin/install/sil' for CMake module files
[24.006s] Level 1:colcon.colcon_core.environment:checking '/home/nvidia/robotics-orin/install/sil' for CMake config files
[24.007s] Level 1:colcon.colcon_core.shell:create_environment_hook('sil', 'cmake_prefix_path')
[24.191s] INFO:colcon.colcon_core.shell:Creating environment hook '/home/nvidia/robotics-orin/install/sil/share/sil/hook/cmake_prefix_path.ps1'
[24.192s] INFO:colcon.colcon_core.shell:Creating environment descriptor '/home/nvidia/robotics-orin/install/sil/share/sil/hook/cmake_prefix_path.dsv'
[24.193s] INFO:colcon.colcon_core.shell:Creating environment hook '/home/nvidia/robotics-orin/install/sil/share/sil/hook/cmake_prefix_path.sh'
[24.194s] Level 1:colcon.colcon_core.environment:checking '/home/nvidia/robotics-orin/install/sil/lib'
[24.194s] Level 1:colcon.colcon_core.environment:checking '/home/nvidia/robotics-orin/install/sil/bin'
[24.194s] Level 1:colcon.colcon_core.environment:checking '/home/nvidia/robotics-orin/install/sil/lib/pkgconfig/sil.pc'
[24.195s] Level 1:colcon.colcon_core.environment:checking '/home/nvidia/robotics-orin/install/sil/lib/python3.8/site-packages'
[24.195s] Level 1:colcon.colcon_core.environment:checking '/home/nvidia/robotics-orin/install/sil/bin'
[24.382s] INFO:colcon.colcon_core.shell:Creating package script '/home/nvidia/robotics-orin/install/sil/share/sil/package.ps1'
[24.384s] INFO:colcon.colcon_core.shell:Creating package descriptor '/home/nvidia/robotics-orin/install/sil/share/sil/package.dsv'
[24.385s] INFO:colcon.colcon_core.shell:Creating package script '/home/nvidia/robotics-orin/install/sil/share/sil/package.sh'
[24.385s] INFO:colcon.colcon_core.shell:Creating package script '/home/nvidia/robotics-orin/install/sil/share/sil/package.bash'
[24.386s] INFO:colcon.colcon_core.shell:Creating package script '/home/nvidia/robotics-orin/install/sil/share/sil/package.zsh'
[24.387s] Level 1:colcon.colcon_core.environment:create_file_with_runtime_dependencies(/home/nvidia/robotics-orin/install/sil/share/colcon-core/packages/sil)
[24.581s] Level 1:colcon.colcon_core.environment:create_environment_scripts_only(wheels_controller)
[24.766s] Level 1:colcon.colcon_core.environment:checking '/home/nvidia/robotics-orin/install/wheels_controller' for CMake module files
[24.767s] Level 1:colcon.colcon_core.environment:checking '/home/nvidia/robotics-orin/install/wheels_controller' for CMake config files
[24.768s] Level 1:colcon.colcon_core.shell:create_environment_hook('wheels_controller', 'cmake_prefix_path')
[24.952s] INFO:colcon.colcon_core.shell:Creating environment hook '/home/nvidia/robotics-orin/install/wheels_controller/share/wheels_controller/hook/cmake_prefix_path.ps1'
[24.953s] INFO:colcon.colcon_core.shell:Creating environment descriptor '/home/nvidia/robotics-orin/install/wheels_controller/share/wheels_controller/hook/cmake_prefix_path.dsv'
[24.954s] INFO:colcon.colcon_core.shell:Creating environment hook '/home/nvidia/robotics-orin/install/wheels_controller/share/wheels_controller/hook/cmake_prefix_path.sh'
[24.954s] Level 1:colcon.colcon_core.environment:checking '/home/nvidia/robotics-orin/install/wheels_controller/lib'
[24.955s] Level 1:colcon.colcon_core.environment:checking '/home/nvidia/robotics-orin/install/wheels_controller/bin'
[24.955s] Level 1:colcon.colcon_core.environment:checking '/home/nvidia/robotics-orin/install/wheels_controller/lib/pkgconfig/wheels_controller.pc'
[24.955s] Level 1:colcon.colcon_core.environment:checking '/home/nvidia/robotics-orin/install/wheels_controller/lib/python3.8/site-packages'
[24.955s] Level 1:colcon.colcon_core.environment:checking '/home/nvidia/robotics-orin/install/wheels_controller/bin'
[25.141s] INFO:colcon.colcon_core.shell:Creating package script '/home/nvidia/robotics-orin/install/wheels_controller/share/wheels_controller/package.ps1'
[25.142s] INFO:colcon.colcon_core.shell:Creating package descriptor '/home/nvidia/robotics-orin/install/wheels_controller/share/wheels_controller/package.dsv'
[25.143s] INFO:colcon.colcon_core.shell:Creating package script '/home/nvidia/robotics-orin/install/wheels_controller/share/wheels_controller/package.sh'
[25.144s] INFO:colcon.colcon_core.shell:Creating package script '/home/nvidia/robotics-orin/install/wheels_controller/share/wheels_controller/package.bash'
[25.144s] INFO:colcon.colcon_core.shell:Creating package script '/home/nvidia/robotics-orin/install/wheels_controller/share/wheels_controller/package.zsh'
[25.145s] Level 1:colcon.colcon_core.environment:create_file_with_runtime_dependencies(/home/nvidia/robotics-orin/install/wheels_controller/share/colcon-core/packages/wheels_controller)
[25.145s] DEBUG:colcon.colcon_parallel_executor.executor.parallel:closing loop
[25.146s] DEBUG:colcon.colcon_parallel_executor.executor.parallel:loop closed
[25.146s] DEBUG:colcon.colcon_parallel_executor.executor.parallel:run_until_complete finished with '0'
[25.146s] DEBUG:colcon.colcon_core.event_reactor:joining thread
[25.344s] INFO:colcon.colcon_core.plugin_system:Skipping extension 'colcon_notification.desktop_notification.terminal_notifier': Not used on non-Darwin systems
[25.344s] INFO:colcon.colcon_core.plugin_system:Skipping extension 'colcon_notification.desktop_notification.win32': Not used on non-Windows systems
[25.345s] INFO:colcon.colcon_notification.desktop_notification:Sending desktop notification using 'notify2'
[25.377s] DEBUG:colcon.colcon_core.event_reactor:joined thread
[25.603s] INFO:colcon.colcon_core.shell:Creating prefix script '/home/nvidia/robotics-orin/install/local_setup.ps1'
[25.604s] INFO:colcon.colcon_core.shell:Creating prefix util module '/home/nvidia/robotics-orin/install/_local_setup_util_ps1.py'
[25.606s] INFO:colcon.colcon_core.shell:Creating prefix chain script '/home/nvidia/robotics-orin/install/setup.ps1'
[25.792s] INFO:colcon.colcon_core.shell:Creating prefix script '/home/nvidia/robotics-orin/install/local_setup.sh'
[25.792s] INFO:colcon.colcon_core.shell:Creating prefix util module '/home/nvidia/robotics-orin/install/_local_setup_util_sh.py'
[25.793s] INFO:colcon.colcon_core.shell:Creating prefix chain script '/home/nvidia/robotics-orin/install/setup.sh'
[25.978s] INFO:colcon.colcon_core.shell:Creating prefix script '/home/nvidia/robotics-orin/install/local_setup.bash'
[25.979s] INFO:colcon.colcon_core.shell:Creating prefix chain script '/home/nvidia/robotics-orin/install/setup.bash'
[26.164s] INFO:colcon.colcon_core.shell:Creating prefix script '/home/nvidia/robotics-orin/install/local_setup.zsh'
[26.165s] INFO:colcon.colcon_core.shell:Creating prefix chain script '/home/nvidia/robotics-orin/install/setup.zsh'
