[1.466s] Invoking command in '/home/nvidia/robotics-orin/build/arm_controller': CMAKE_PREFIX_PATH=/opt/ros/foxy CONDA_PROMPT_MODIFIER=(base) /usr/bin/cmake /home/nvidia/robotics-orin/src/arm_controller -DAMENT_CMAKE_SYMLINK_INSTALL=1 -DCMAKE_INSTALL_PREFIX=/home/nvidia/robotics-orin/install/arm_controller
[1.500s] -- Found ament_cmake: 0.9.12 (/opt/ros/foxy/share/ament_cmake/cmake)
[1.542s] -- Found PythonInterp: /home/nvidia/anaconda3/bin/python3 (found suitable version "3.11.5", minimum required is "3") 
[1.542s] -- Using PYTHON_EXECUTABLE: /home/nvidia/anaconda3/bin/python3
[2.008s] -- Override CMake install command with custom implementation using symlinks instead of copying resources
[2.032s] -- Found rclcpp: 2.4.3 (/opt/ros/foxy/share/rclcpp/cmake)
[2.088s] -- Using all available rosidl_typesupport_c: rosidl_typesupport_fastrtps_c;rosidl_typesupport_introspection_c
[2.093s] -- Found rosidl_adapter: 1.3.1 (/opt/ros/foxy/share/rosidl_adapter/cmake)
[2.286s] -- Using all available rosidl_typesupport_cpp: rosidl_typesupport_fastrtps_cpp;rosidl_typesupport_introspection_cpp
[2.354s] -- Found rmw_implementation_cmake: 1.0.4 (/opt/ros/foxy/share/rmw_implementation_cmake/cmake)
[2.356s] -- Using RMW implementation 'rmw_fastrtps_cpp' as default
[2.553s] -- Found sensor_msgs: 2.0.5 (/opt/ros/foxy/share/sensor_msgs/cmake)
[2.708s] -- Found rosidl_default_generators: 1.0.1 (/opt/ros/foxy/share/rosidl_default_generators/cmake)
[2.738s] CMake Warning at CMakeLists.txt:18 (find_package):
[2.739s]   By not providing "FindJetsonGPIO.cmake" in CMAKE_MODULE_PATH this project
[2.740s]   has asked CMake to find a package configuration file provided by
[2.740s]   "JetsonGPIO", but CMake did not find one.
[2.740s] 
[2.741s]   Could not find a package configuration file provided by "JetsonGPIO" with
[2.741s]   any of the following names:
[2.742s] 
[2.742s]     JetsonGPIOConfig.cmake
[2.743s]     jetsongpio-config.cmake
[2.744s] 
[2.746s]   Add the installation prefix of "JetsonGPIO" to CMAKE_PREFIX_PATH or set
[2.746s]   "JetsonGPIO_DIR" to a directory containing one of the above files.  If
[2.747s]   "JetsonGPIO" provides a separate development package or SDK, be sure it has
[2.747s]   been installed.
[2.748s] 
[2.748s] 
[2.779s] -- Found PythonInterp: /home/nvidia/anaconda3/bin/python3 (found version "3.11.5") 
[2.878s] CMake Error at /opt/ros/foxy/share/rosidl_adapter/cmake/rosidl_adapt_interfaces.cmake:60 (message):
[2.879s]   execute_process(/home/nvidia/anaconda3/bin/python3 -m rosidl_adapter
[2.879s]   --package-name arm_controller --arguments-file
[2.880s]   /home/nvidia/robotics-orin/build/arm_controller/rosidl_adapter__arguments__arm_controller.json
[2.880s]   --output-dir
[2.881s]   /home/nvidia/robotics-orin/build/arm_controller/rosidl_adapter/arm_controller
[2.881s]   --output-file
[2.881s]   /home/nvidia/robotics-orin/build/arm_controller/rosidl_adapter/arm_controller.idls)
[2.882s]   returned error code 1:
[2.882s] 
[2.883s]   Traceback (most recent call last):
[2.883s] 
[2.884s]     File "<frozen runpy>", line 198, in _run_module_as_main
[2.884s]     File "<frozen runpy>", line 88, in _run_code
[2.884s]     File "/opt/ros/foxy/lib/python3.8/site-packages/rosidl_adapter/__main__.py", line 19, in <module>
[2.885s]       sys.exit(main())
[2.885s]                ^^^^^^
[2.885s]     File "/opt/ros/foxy/lib/python3.8/site-packages/rosidl_adapter/main.py", line 53, in main
[2.886s]       abs_idl_file = convert_to_idl(
[2.886s]                      ^^^^^^^^^^^^^^^
[2.887s]     File "/opt/ros/foxy/lib/python3.8/site-packages/rosidl_adapter/__init__.py", line 18, in convert_to_idl
[2.887s]       from rosidl_adapter.msg import convert_msg_to_idl
[2.887s]     File "/opt/ros/foxy/lib/python3.8/site-packages/rosidl_adapter/msg/__init__.py", line 16, in <module>
[2.888s]       from rosidl_adapter.resource import expand_template
[2.888s]     File "/opt/ros/foxy/lib/python3.8/site-packages/rosidl_adapter/resource/__init__.py", line 19, in <module>
[2.888s]       import em
[2.889s] 
[2.889s]   ModuleNotFoundError: No module named 'em'
[2.890s] 
[2.890s] Call Stack (most recent call first):
[2.891s]   /opt/ros/foxy/share/rosidl_cmake/cmake/rosidl_generate_interfaces.cmake:130 (rosidl_adapt_interfaces)
[2.891s]   CMakeLists.txt:20 (rosidl_generate_interfaces)
[2.892s] 
[2.892s] 
[2.893s] -- Configuring incomplete, errors occurred!
[2.893s] See also "/home/nvidia/robotics-orin/build/arm_controller/CMakeFiles/CMakeOutput.log".
[2.893s] See also "/home/nvidia/robotics-orin/build/arm_controller/CMakeFiles/CMakeError.log".
