[1.746s] Invoking command in '/home/nvidia/robotics-orin/build/arm_controller': CMAKE_PREFIX_PATH=/opt/ros/humble CONDA_PROMPT_MODIFIER=(base) /usr/bin/cmake --build /home/nvidia/robotics-orin/build/arm_controller -- -j6 -l6
[1.839s] [  3%] Built target arm_controller__cpp
[1.844s] [ 12%] Built target arm_controller__rosidl_generator_c
[1.862s] [ 12%] Built target ament_cmake_python_copy_arm_controller
[1.907s] [ 21%] Built target arm_controller__rosidl_typesupport_cpp
[1.917s] [ 30%] Built target arm_controller__rosidl_typesupport_introspection_cpp
[1.918s] [ 45%] Built target arm_controller__rosidl_typesupport_c
[1.918s] [ 48%] Built target arm_controller__rosidl_typesupport_introspection_c
[1.924s] [ 57%] Built target arm_controller__rosidl_typesupport_fastrtps_cpp
[1.924s] [ 66%] Built target arm_controller__rosidl_typesupport_fastrtps_c
[1.967s] [ 66%] Built target arm_controller
[2.022s] [ 69%] Built target arm_controller__py
[2.026s] [ 75%] Built target arm_controller_node
[2.069s] [ 81%] Built target arm_controller__rosidl_generator_py
[2.125s] [ 87%] Built target arm_controller__rosidl_typesupport_c__pyext
[2.132s] [ 93%] Built target arm_controller__rosidl_typesupport_fastrtps_c__pyext
[2.153s] [100%] Built target arm_controller__rosidl_typesupport_introspection_c__pyext
[2.497s] running egg_info
[2.498s] writing arm_controller.egg-info/PKG-INFO
[2.498s] writing dependency_links to arm_controller.egg-info/dependency_links.txt
[2.499s] writing top-level names to arm_controller.egg-info/top_level.txt
[2.589s] reading manifest file 'arm_controller.egg-info/SOURCES.txt'
[2.590s] writing manifest file 'arm_controller.egg-info/SOURCES.txt'
[2.662s] [100%] Built target ament_cmake_python_build_arm_controller_egg
[2.682s] Invoked command in '/home/nvidia/robotics-orin/build/arm_controller' returned '0': CMAKE_PREFIX_PATH=/opt/ros/humble CONDA_PROMPT_MODIFIER=(base) /usr/bin/cmake --build /home/nvidia/robotics-orin/build/arm_controller -- -j6 -l6
[3.505s] Invoking command in '/home/nvidia/robotics-orin/build/arm_controller': CMAKE_PREFIX_PATH=/opt/ros/humble CONDA_PROMPT_MODIFIER=(base) /usr/bin/cmake --install /home/nvidia/robotics-orin/build/arm_controller
[3.524s] -- Install configuration: ""
[3.525s] -- Installing: /home/nvidia/robotics-orin/install/arm_controller/share/ament_index/resource_index/rosidl_interfaces/arm_controller
[3.527s] -- Installing: /home/nvidia/robotics-orin/install/arm_controller/include/arm_controller/arm_controller
[3.529s] -- Installing: /home/nvidia/robotics-orin/install/arm_controller/include/arm_controller/arm_controller/msg
[3.529s] -- Installing: /home/nvidia/robotics-orin/install/arm_controller/include/arm_controller/arm_controller/msg/arm_motor_values.h
[3.532s] -- Installing: /home/nvidia/robotics-orin/install/arm_controller/include/arm_controller/arm_controller/msg/detail
[3.533s] -- Installing: /home/nvidia/robotics-orin/install/arm_controller/include/arm_controller/arm_controller/msg/detail/arm_motor_values__functions.h
[3.535s] -- Installing: /home/nvidia/robotics-orin/install/arm_controller/include/arm_controller/arm_controller/msg/detail/arm_motor_values__functions.c
[3.537s] -- Installing: /home/nvidia/robotics-orin/install/arm_controller/include/arm_controller/arm_controller/msg/detail/arm_motor_values__struct.h
[3.537s] -- Installing: /home/nvidia/robotics-orin/install/arm_controller/include/arm_controller/arm_controller/msg/detail/arm_motor_values__type_support.h
[3.537s] -- Installing: /home/nvidia/robotics-orin/install/arm_controller/include/arm_controller/arm_controller/msg/rosidl_generator_c__visibility_control.h
[3.538s] -- Installing: /home/nvidia/robotics-orin/install/arm_controller/share/arm_controller/environment/library_path.sh
[3.538s] -- Installing: /home/nvidia/robotics-orin/install/arm_controller/share/arm_controller/environment/library_path.dsv
[3.539s] -- Installing: /home/nvidia/robotics-orin/install/arm_controller/lib/libarm_controller__rosidl_generator_c.so
[3.540s] -- Set runtime path of "/home/nvidia/robotics-orin/install/arm_controller/lib/libarm_controller__rosidl_generator_c.so" to ""
[3.540s] -- Up-to-date: /home/nvidia/robotics-orin/install/arm_controller/include/arm_controller/arm_controller
[3.540s] -- Up-to-date: /home/nvidia/robotics-orin/install/arm_controller/include/arm_controller/arm_controller/msg
[3.540s] -- Installing: /home/nvidia/robotics-orin/install/arm_controller/include/arm_controller/arm_controller/msg/rosidl_typesupport_fastrtps_c__visibility_control.h
[3.540s] -- Up-to-date: /home/nvidia/robotics-orin/install/arm_controller/include/arm_controller/arm_controller/msg/detail
[3.541s] -- Installing: /home/nvidia/robotics-orin/install/arm_controller/include/arm_controller/arm_controller/msg/detail/arm_motor_values__rosidl_typesupport_fastrtps_c.h
[3.541s] -- Installing: /home/nvidia/robotics-orin/install/arm_controller/lib/libarm_controller__rosidl_typesupport_fastrtps_c.so
[3.541s] -- Set runtime path of "/home/nvidia/robotics-orin/install/arm_controller/lib/libarm_controller__rosidl_typesupport_fastrtps_c.so" to ""
[3.541s] -- Up-to-date: /home/nvidia/robotics-orin/install/arm_controller/include/arm_controller/arm_controller
[3.541s] -- Up-to-date: /home/nvidia/robotics-orin/install/arm_controller/include/arm_controller/arm_controller/msg
[3.541s] -- Installing: /home/nvidia/robotics-orin/install/arm_controller/include/arm_controller/arm_controller/msg/arm_motor_values.hpp
[3.542s] -- Up-to-date: /home/nvidia/robotics-orin/install/arm_controller/include/arm_controller/arm_controller/msg/detail
[3.542s] -- Installing: /home/nvidia/robotics-orin/install/arm_controller/include/arm_controller/arm_controller/msg/detail/arm_motor_values__traits.hpp
[3.542s] -- Installing: /home/nvidia/robotics-orin/install/arm_controller/include/arm_controller/arm_controller/msg/detail/arm_motor_values__struct.hpp
[3.542s] -- Installing: /home/nvidia/robotics-orin/install/arm_controller/include/arm_controller/arm_controller/msg/detail/arm_motor_values__builder.hpp
[3.542s] -- Up-to-date: /home/nvidia/robotics-orin/install/arm_controller/include/arm_controller/arm_controller
[3.542s] -- Up-to-date: /home/nvidia/robotics-orin/install/arm_controller/include/arm_controller/arm_controller/msg
[3.542s] -- Installing: /home/nvidia/robotics-orin/install/arm_controller/include/arm_controller/arm_controller/msg/rosidl_typesupport_fastrtps_cpp__visibility_control.h
[3.543s] -- Up-to-date: /home/nvidia/robotics-orin/install/arm_controller/include/arm_controller/arm_controller/msg/detail
[3.543s] -- Installing: /home/nvidia/robotics-orin/install/arm_controller/include/arm_controller/arm_controller/msg/detail/arm_motor_values__rosidl_typesupport_fastrtps_cpp.hpp
[3.543s] -- Installing: /home/nvidia/robotics-orin/install/arm_controller/include/arm_controller/arm_controller/msg/detail/dds_fastrtps
[3.543s] -- Installing: /home/nvidia/robotics-orin/install/arm_controller/lib/libarm_controller__rosidl_typesupport_fastrtps_cpp.so
[3.543s] -- Set runtime path of "/home/nvidia/robotics-orin/install/arm_controller/lib/libarm_controller__rosidl_typesupport_fastrtps_cpp.so" to ""
[3.544s] -- Up-to-date: /home/nvidia/robotics-orin/install/arm_controller/include/arm_controller/arm_controller
[3.544s] -- Up-to-date: /home/nvidia/robotics-orin/install/arm_controller/include/arm_controller/arm_controller/msg
[3.544s] -- Installing: /home/nvidia/robotics-orin/install/arm_controller/include/arm_controller/arm_controller/msg/rosidl_typesupport_introspection_c__visibility_control.h
[3.544s] -- Up-to-date: /home/nvidia/robotics-orin/install/arm_controller/include/arm_controller/arm_controller/msg/detail
[3.544s] -- Installing: /home/nvidia/robotics-orin/install/arm_controller/include/arm_controller/arm_controller/msg/detail/arm_motor_values__rosidl_typesupport_introspection_c.h
[3.544s] -- Installing: /home/nvidia/robotics-orin/install/arm_controller/include/arm_controller/arm_controller/msg/detail/arm_motor_values__type_support.c
[3.545s] -- Installing: /home/nvidia/robotics-orin/install/arm_controller/lib/libarm_controller__rosidl_typesupport_introspection_c.so
[3.545s] -- Set runtime path of "/home/nvidia/robotics-orin/install/arm_controller/lib/libarm_controller__rosidl_typesupport_introspection_c.so" to ""
[3.545s] -- Installing: /home/nvidia/robotics-orin/install/arm_controller/lib/libarm_controller__rosidl_typesupport_c.so
[3.546s] -- Set runtime path of "/home/nvidia/robotics-orin/install/arm_controller/lib/libarm_controller__rosidl_typesupport_c.so" to ""
[3.546s] -- Up-to-date: /home/nvidia/robotics-orin/install/arm_controller/include/arm_controller/arm_controller
[3.546s] -- Up-to-date: /home/nvidia/robotics-orin/install/arm_controller/include/arm_controller/arm_controller/msg
[3.546s] -- Up-to-date: /home/nvidia/robotics-orin/install/arm_controller/include/arm_controller/arm_controller/msg/detail
[3.546s] -- Installing: /home/nvidia/robotics-orin/install/arm_controller/include/arm_controller/arm_controller/msg/detail/arm_motor_values__rosidl_typesupport_introspection_cpp.hpp
[3.546s] -- Installing: /home/nvidia/robotics-orin/install/arm_controller/include/arm_controller/arm_controller/msg/detail/arm_motor_values__type_support.cpp
[3.547s] -- Installing: /home/nvidia/robotics-orin/install/arm_controller/lib/libarm_controller__rosidl_typesupport_introspection_cpp.so
[3.548s] -- Set runtime path of "/home/nvidia/robotics-orin/install/arm_controller/lib/libarm_controller__rosidl_typesupport_introspection_cpp.so" to ""
[3.548s] -- Installing: /home/nvidia/robotics-orin/install/arm_controller/lib/libarm_controller__rosidl_typesupport_cpp.so
[3.548s] -- Set runtime path of "/home/nvidia/robotics-orin/install/arm_controller/lib/libarm_controller__rosidl_typesupport_cpp.so" to ""
[3.548s] -- Installing: /home/nvidia/robotics-orin/install/arm_controller/share/arm_controller/environment/pythonpath.sh
[3.549s] -- Installing: /home/nvidia/robotics-orin/install/arm_controller/share/arm_controller/environment/pythonpath.dsv
[3.549s] -- Installing: /home/nvidia/robotics-orin/install/arm_controller/lib/python3.9/site-packages/arm_controller-0.0.0-py3.9.egg-info
[3.549s] -- Installing: /home/nvidia/robotics-orin/install/arm_controller/lib/python3.9/site-packages/arm_controller-0.0.0-py3.9.egg-info/dependency_links.txt
[3.549s] -- Installing: /home/nvidia/robotics-orin/install/arm_controller/lib/python3.9/site-packages/arm_controller-0.0.0-py3.9.egg-info/SOURCES.txt
[3.550s] -- Installing: /home/nvidia/robotics-orin/install/arm_controller/lib/python3.9/site-packages/arm_controller-0.0.0-py3.9.egg-info/PKG-INFO
[3.550s] -- Installing: /home/nvidia/robotics-orin/install/arm_controller/lib/python3.9/site-packages/arm_controller-0.0.0-py3.9.egg-info/top_level.txt
[3.550s] -- Installing: /home/nvidia/robotics-orin/install/arm_controller/lib/python3.9/site-packages/arm_controller
[3.550s] -- Installing: /home/nvidia/robotics-orin/install/arm_controller/lib/python3.9/site-packages/arm_controller/arm_controller_s__rosidl_typesupport_fastrtps_c.cpython-311-aarch64-linux-gnu.so
[3.550s] -- Installing: /home/nvidia/robotics-orin/install/arm_controller/lib/python3.9/site-packages/arm_controller/arm_controller_s__rosidl_typesupport_introspection_c.cpython-311-aarch64-linux-gnu.so
[3.550s] -- Installing: /home/nvidia/robotics-orin/install/arm_controller/lib/python3.9/site-packages/arm_controller/__init__.py
[3.551s] -- Installing: /home/nvidia/robotics-orin/install/arm_controller/lib/python3.9/site-packages/arm_controller/msg
[3.551s] -- Installing: /home/nvidia/robotics-orin/install/arm_controller/lib/python3.9/site-packages/arm_controller/msg/_arm_motor_values_s.c
[3.551s] -- Installing: /home/nvidia/robotics-orin/install/arm_controller/lib/python3.9/site-packages/arm_controller/msg/__init__.py
[3.551s] -- Installing: /home/nvidia/robotics-orin/install/arm_controller/lib/python3.9/site-packages/arm_controller/msg/_arm_motor_values.py
[3.551s] -- Installing: /home/nvidia/robotics-orin/install/arm_controller/lib/python3.9/site-packages/arm_controller/arm_controller_s__rosidl_typesupport_c.cpython-311-aarch64-linux-gnu.so
[3.551s] -- Installing: /home/nvidia/robotics-orin/install/arm_controller/lib/python3.9/site-packages/arm_controller/libarm_controller__rosidl_generator_py.so
[3.552s] -- Installing: /home/nvidia/robotics-orin/install/arm_controller/lib/python3.9/site-packages/arm_controller/_arm_controller_s.ep.rosidl_typesupport_fastrtps_c.c
[3.552s] -- Installing: /home/nvidia/robotics-orin/install/arm_controller/lib/python3.9/site-packages/arm_controller/_arm_controller_s.ep.rosidl_typesupport_introspection_c.c
[3.552s] -- Installing: /home/nvidia/robotics-orin/install/arm_controller/lib/python3.9/site-packages/arm_controller/_arm_controller_s.ep.rosidl_typesupport_c.c
[3.617s] Listing '/home/nvidia/robotics-orin/install/arm_controller/lib/python3.9/site-packages/arm_controller'...
[3.617s] Compiling '/home/nvidia/robotics-orin/install/arm_controller/lib/python3.9/site-packages/arm_controller/__init__.py'...
[3.617s] Listing '/home/nvidia/robotics-orin/install/arm_controller/lib/python3.9/site-packages/arm_controller/msg'...
[3.618s] Compiling '/home/nvidia/robotics-orin/install/arm_controller/lib/python3.9/site-packages/arm_controller/msg/__init__.py'...
[3.618s] Compiling '/home/nvidia/robotics-orin/install/arm_controller/lib/python3.9/site-packages/arm_controller/msg/_arm_motor_values.py'...
[3.632s] -- Installing: /home/nvidia/robotics-orin/install/arm_controller/lib/python3.9/site-packages/arm_controller/arm_controller_s__rosidl_typesupport_fastrtps_c.cpython-311-aarch64-linux-gnu.so
[3.632s] -- Set runtime path of "/home/nvidia/robotics-orin/install/arm_controller/lib/python3.9/site-packages/arm_controller/arm_controller_s__rosidl_typesupport_fastrtps_c.cpython-311-aarch64-linux-gnu.so" to ""
[3.633s] -- Installing: /home/nvidia/robotics-orin/install/arm_controller/lib/python3.9/site-packages/arm_controller/arm_controller_s__rosidl_typesupport_introspection_c.cpython-311-aarch64-linux-gnu.so
[3.633s] -- Set runtime path of "/home/nvidia/robotics-orin/install/arm_controller/lib/python3.9/site-packages/arm_controller/arm_controller_s__rosidl_typesupport_introspection_c.cpython-311-aarch64-linux-gnu.so" to ""
[3.634s] -- Installing: /home/nvidia/robotics-orin/install/arm_controller/lib/python3.9/site-packages/arm_controller/arm_controller_s__rosidl_typesupport_c.cpython-311-aarch64-linux-gnu.so
[3.635s] -- Set runtime path of "/home/nvidia/robotics-orin/install/arm_controller/lib/python3.9/site-packages/arm_controller/arm_controller_s__rosidl_typesupport_c.cpython-311-aarch64-linux-gnu.so" to ""
[3.635s] -- Installing: /home/nvidia/robotics-orin/install/arm_controller/lib/libarm_controller__rosidl_generator_py.so
[3.635s] -- Set runtime path of "/home/nvidia/robotics-orin/install/arm_controller/lib/libarm_controller__rosidl_generator_py.so" to ""
[3.636s] -- Installing: /home/nvidia/robotics-orin/install/arm_controller/share/arm_controller/msg/ArmMotorValues.idl
[3.636s] -- Installing: /home/nvidia/robotics-orin/install/arm_controller/share/arm_controller/msg/ArmMotorValues.msg
[3.636s] -- Installing: /home/nvidia/robotics-orin/install/arm_controller/lib/arm_controller/arm_controller_node
[3.648s] -- Set runtime path of "/home/nvidia/robotics-orin/install/arm_controller/lib/arm_controller/arm_controller_node" to ""
[3.648s] -- Installing: /home/nvidia/robotics-orin/install/arm_controller/share/ament_index/resource_index/package_run_dependencies/arm_controller
[3.648s] -- Installing: /home/nvidia/robotics-orin/install/arm_controller/share/ament_index/resource_index/parent_prefix_path/arm_controller
[3.648s] -- Installing: /home/nvidia/robotics-orin/install/arm_controller/share/arm_controller/environment/ament_prefix_path.sh
[3.649s] -- Installing: /home/nvidia/robotics-orin/install/arm_controller/share/arm_controller/environment/ament_prefix_path.dsv
[3.649s] -- Installing: /home/nvidia/robotics-orin/install/arm_controller/share/arm_controller/environment/path.sh
[3.649s] -- Installing: /home/nvidia/robotics-orin/install/arm_controller/share/arm_controller/environment/path.dsv
[3.649s] -- Installing: /home/nvidia/robotics-orin/install/arm_controller/share/arm_controller/local_setup.bash
[3.650s] -- Installing: /home/nvidia/robotics-orin/install/arm_controller/share/arm_controller/local_setup.sh
[3.650s] -- Installing: /home/nvidia/robotics-orin/install/arm_controller/share/arm_controller/local_setup.zsh
[3.650s] -- Installing: /home/nvidia/robotics-orin/install/arm_controller/share/arm_controller/local_setup.dsv
[3.651s] -- Installing: /home/nvidia/robotics-orin/install/arm_controller/share/arm_controller/package.dsv
[3.651s] -- Installing: /home/nvidia/robotics-orin/install/arm_controller/share/ament_index/resource_index/packages/arm_controller
[3.651s] -- Installing: /home/nvidia/robotics-orin/install/arm_controller/share/arm_controller/cmake/export_arm_controller__rosidl_generator_cExport.cmake
[3.652s] -- Installing: /home/nvidia/robotics-orin/install/arm_controller/share/arm_controller/cmake/export_arm_controller__rosidl_generator_cExport-noconfig.cmake
[3.652s] -- Installing: /home/nvidia/robotics-orin/install/arm_controller/share/arm_controller/cmake/export_arm_controller__rosidl_typesupport_fastrtps_cExport.cmake
[3.652s] -- Installing: /home/nvidia/robotics-orin/install/arm_controller/share/arm_controller/cmake/export_arm_controller__rosidl_typesupport_fastrtps_cExport-noconfig.cmake
[3.653s] -- Installing: /home/nvidia/robotics-orin/install/arm_controller/share/arm_controller/cmake/export_arm_controller__rosidl_generator_cppExport.cmake
[3.653s] -- Installing: /home/nvidia/robotics-orin/install/arm_controller/share/arm_controller/cmake/export_arm_controller__rosidl_typesupport_fastrtps_cppExport.cmake
[3.654s] -- Installing: /home/nvidia/robotics-orin/install/arm_controller/share/arm_controller/cmake/export_arm_controller__rosidl_typesupport_fastrtps_cppExport-noconfig.cmake
[3.654s] -- Installing: /home/nvidia/robotics-orin/install/arm_controller/share/arm_controller/cmake/arm_controller__rosidl_typesupport_introspection_cExport.cmake
[3.654s] -- Installing: /home/nvidia/robotics-orin/install/arm_controller/share/arm_controller/cmake/arm_controller__rosidl_typesupport_introspection_cExport-noconfig.cmake
[3.655s] -- Installing: /home/nvidia/robotics-orin/install/arm_controller/share/arm_controller/cmake/arm_controller__rosidl_typesupport_cExport.cmake
[3.655s] -- Installing: /home/nvidia/robotics-orin/install/arm_controller/share/arm_controller/cmake/arm_controller__rosidl_typesupport_cExport-noconfig.cmake
[3.656s] -- Installing: /home/nvidia/robotics-orin/install/arm_controller/share/arm_controller/cmake/arm_controller__rosidl_typesupport_introspection_cppExport.cmake
[3.656s] -- Installing: /home/nvidia/robotics-orin/install/arm_controller/share/arm_controller/cmake/arm_controller__rosidl_typesupport_introspection_cppExport-noconfig.cmake
[3.656s] -- Installing: /home/nvidia/robotics-orin/install/arm_controller/share/arm_controller/cmake/arm_controller__rosidl_typesupport_cppExport.cmake
[3.657s] -- Installing: /home/nvidia/robotics-orin/install/arm_controller/share/arm_controller/cmake/arm_controller__rosidl_typesupport_cppExport-noconfig.cmake
[3.657s] -- Installing: /home/nvidia/robotics-orin/install/arm_controller/share/arm_controller/cmake/export_arm_controller__rosidl_generator_pyExport.cmake
[3.658s] -- Installing: /home/nvidia/robotics-orin/install/arm_controller/share/arm_controller/cmake/export_arm_controller__rosidl_generator_pyExport-noconfig.cmake
[3.658s] -- Installing: /home/nvidia/robotics-orin/install/arm_controller/share/arm_controller/cmake/rosidl_cmake-extras.cmake
[3.658s] -- Installing: /home/nvidia/robotics-orin/install/arm_controller/share/arm_controller/cmake/ament_cmake_export_include_directories-extras.cmake
[3.659s] -- Installing: /home/nvidia/robotics-orin/install/arm_controller/share/arm_controller/cmake/ament_cmake_export_libraries-extras.cmake
[3.659s] -- Installing: /home/nvidia/robotics-orin/install/arm_controller/share/arm_controller/cmake/ament_cmake_export_targets-extras.cmake
[3.659s] -- Installing: /home/nvidia/robotics-orin/install/arm_controller/share/arm_controller/cmake/rosidl_cmake_export_typesupport_targets-extras.cmake
[3.660s] -- Installing: /home/nvidia/robotics-orin/install/arm_controller/share/arm_controller/cmake/ament_cmake_export_dependencies-extras.cmake
[3.660s] -- Installing: /home/nvidia/robotics-orin/install/arm_controller/share/arm_controller/cmake/rosidl_cmake_export_typesupport_libraries-extras.cmake
[3.660s] -- Installing: /home/nvidia/robotics-orin/install/arm_controller/share/arm_controller/cmake/arm_controllerConfig.cmake
[3.660s] -- Installing: /home/nvidia/robotics-orin/install/arm_controller/share/arm_controller/cmake/arm_controllerConfig-version.cmake
[3.661s] -- Installing: /home/nvidia/robotics-orin/install/arm_controller/share/arm_controller/package.xml
[3.666s] Invoked command in '/home/nvidia/robotics-orin/build/arm_controller' returned '0': CMAKE_PREFIX_PATH=/opt/ros/humble CONDA_PROMPT_MODIFIER=(base) /usr/bin/cmake --install /home/nvidia/robotics-orin/build/arm_controller
