[5.163s] Invoking command in '/home/nvidia/robotics-orin/build/arm_ik': CONDA_PROMPT_MODIFIER=(base) PYTHONPATH=/home/nvidia/robotics-orin/build/arm_ik/prefix_override:/home/nvidia/robotics-orin/install/arm_ik/lib/python3.8/site-packages:${PYTHONPATH} /usr/bin/python3 setup.py develop --editable --build-directory /home/nvidia/robotics-orin/build/arm_ik/build --no-deps install_data
[5.938s] running develop
[5.938s] running egg_info
[5.938s] writing arm_ik.egg-info/PKG-INFO
[5.939s] writing dependency_links to arm_ik.egg-info/dependency_links.txt
[5.939s] writing entry points to arm_ik.egg-info/entry_points.txt
[5.939s] writing requirements to arm_ik.egg-info/requires.txt
[5.939s] writing top-level names to arm_ik.egg-info/top_level.txt
[5.939s] reading manifest file 'arm_ik.egg-info/SOURCES.txt'
[5.939s] writing manifest file 'arm_ik.egg-info/SOURCES.txt'
[5.956s] running build_ext
[5.958s] Creating /home/nvidia/robotics-orin/install/arm_ik/lib/python3.8/site-packages/arm-ik.egg-link (link to .)
[5.959s] Installing CadMouseJoyNode script to /home/nvidia/robotics-orin/install/arm_ik/lib/arm_ik
[5.960s] Installing IKNode script to /home/nvidia/robotics-orin/install/arm_ik/lib/arm_ik
[5.960s] Installing state_publisher script to /home/nvidia/robotics-orin/install/arm_ik/lib/arm_ik
[5.960s] 
[5.960s] Installed /home/nvidia/robotics-orin/build/arm_ik
[5.960s] running install_data
[5.960s] copying package.xml -> /home/nvidia/robotics-orin/install/arm_ik/share/arm_ik
[7.461s] Invoked command in '/home/nvidia/robotics-orin/build/arm_ik' returned '0': CONDA_PROMPT_MODIFIER=(base) PYTHONPATH=/home/nvidia/robotics-orin/build/arm_ik/prefix_override:/home/nvidia/robotics-orin/install/arm_ik/lib/python3.8/site-packages:${PYTHONPATH} /usr/bin/python3 setup.py develop --editable --build-directory /home/nvidia/robotics-orin/build/arm_ik/build --no-deps install_data
