[2.308s] Invoking command in '/home/nvidia/robotics-orin/build/absenc_interface': CMAKE_PREFIX_PATH=/opt/ros/humble CONDA_PROMPT_MODIFIER=(base) /usr/bin/cmake /home/nvidia/robotics-orin/src/absenc_interface -DCMAKE_INSTALL_PREFIX=/home/nvidia/robotics-orin/install/absenc_interface
[2.344s] -- Found ament_cmake: 1.3.6 (/opt/ros/humble/share/ament_cmake/cmake)
[2.749s] -- Found rclcpp: 16.0.7 (/opt/ros/humble/share/rclcpp/cmake)
[2.802s] -- Found rosidl_generator_c: 3.1.5 (/opt/ros/humble/share/rosidl_generator_c/cmake)
[2.806s] -- Found rosidl_adapter: 3.1.5 (/opt/ros/humble/share/rosidl_adapter/cmake)
[2.817s] -- Found rosidl_generator_cpp: 3.1.5 (/opt/ros/humble/share/rosidl_generator_cpp/cmake)
[2.837s] -- Using all available rosidl_typesupport_c: rosidl_typesupport_fastrtps_c;rosidl_typesupport_introspection_c
[2.867s] -- Using all available rosidl_typesupport_cpp: rosidl_typesupport_fastrtps_cpp;rosidl_typesupport_introspection_cpp
[2.973s] -- Found rmw_implementation_cmake: 6.1.1 (/opt/ros/humble/share/rmw_implementation_cmake/cmake)
[2.975s] -- Found rmw_fastrtps_cpp: 6.2.5 (/opt/ros/humble/share/rmw_fastrtps_cpp/cmake)
[3.203s] -- Using RMW implementation 'rmw_fastrtps_cpp' as default
[3.487s] -- Found sensor_msgs: 4.2.3 (/opt/ros/humble/share/sensor_msgs/cmake)
[3.719s] CMake Error at CMakeLists.txt:16 (find_package):
[3.719s]   By not providing "Findarm_controller.cmake" in CMAKE_MODULE_PATH this
[3.720s]   project has asked CMake to find a package configuration file provided by
[3.720s]   "arm_controller", but CMake did not find one.
[3.721s] 
[3.721s]   Could not find a package configuration file provided by "arm_controller"
[3.722s]   with any of the following names:
[3.722s] 
[3.723s]     arm_controllerConfig.cmake
[3.723s]     arm_controller-config.cmake
[3.724s] 
[3.724s]   Add the installation prefix of "arm_controller" to CMAKE_PREFIX_PATH or set
[3.724s]   "arm_controller_DIR" to a directory containing one of the above files.  If
[3.725s]   "arm_controller" provides a separate development package or SDK, be sure it
[3.725s]   has been installed.
[3.726s] 
[3.727s] 
[3.727s] -- Configuring incomplete, errors occurred!
[3.728s] See also "/home/nvidia/robotics-orin/build/absenc_interface/CMakeFiles/CMakeOutput.log".
[3.728s] See also "/home/nvidia/robotics-orin/build/absenc_interface/CMakeFiles/CMakeError.log".
[4.091s] Invoked command in '/home/nvidia/robotics-orin/build/absenc_interface' returned '1': CMAKE_PREFIX_PATH=/opt/ros/humble CONDA_PROMPT_MODIFIER=(base) /usr/bin/cmake /home/nvidia/robotics-orin/src/absenc_interface -DCMAKE_INSTALL_PREFIX=/home/nvidia/robotics-orin/install/absenc_interface
