-- Found ament_cmake: 0.9.12 (/opt/ros/foxy/share/ament_cmake/cmake)
-- Found PythonInterp: /home/nvidia/anaconda3/bin/python3 (found suitable version "3.11.5", minimum required is "3") 
-- Using PYTHON_EXECUTABLE: /home/nvidia/anaconda3/bin/python3
-- Override CMake install command with custom implementation using symlinks instead of copying resources
-- Found rclcpp: 2.4.3 (/opt/ros/foxy/share/rclcpp/cmake)
-- Using all available rosidl_typesupport_c: rosidl_typesupport_fastrtps_c;rosidl_typesupport_introspection_c
-- Found rosidl_adapter: 1.3.1 (/opt/ros/foxy/share/rosidl_adapter/cmake)
-- Using all available rosidl_typesupport_cpp: rosidl_typesupport_fastrtps_cpp;rosidl_typesupport_introspection_cpp
-- Found rmw_implementation_cmake: 1.0.4 (/opt/ros/foxy/share/rmw_implementation_cmake/cmake)
-- Using RMW implementation 'rmw_fastrtps_cpp' as default
-- Found sensor_msgs: 2.0.5 (/opt/ros/foxy/share/sensor_msgs/cmake)
-- Found arm_controller: 0.0.0 (/home/nvidia/robotics-orin/install/arm_controller/share/arm_controller/cmake)
-- Found rosidl_default_generators: 1.0.1 (/opt/ros/foxy/share/rosidl_default_generators/cmake)
-- Found PythonInterp: /home/nvidia/anaconda3/bin/python3 (found version "3.11.5") 
-- Found ament_cmake_ros: 0.9.2 (/opt/ros/foxy/share/ament_cmake_ros/cmake)
-- Using all available rosidl_typesupport_c: rosidl_typesupport_fastrtps_c;rosidl_typesupport_introspection_c
-- Using all available rosidl_typesupport_cpp: rosidl_typesupport_fastrtps_cpp;rosidl_typesupport_introspection_cpp
-- Found PythonInterp: /home/nvidia/anaconda3/bin/python3 (found suitable version "3.11.5", minimum required is "3.5") 
-- Found python_cmake_module: 0.8.1 (/opt/ros/foxy/share/python_cmake_module/cmake)
-- Using PYTHON_EXECUTABLE: /home/nvidia/anaconda3/bin/python3
-- Using PYTHON_INCLUDE_DIRS: /home/nvidia/anaconda3/include/python3.11
-- Using PYTHON_LIBRARIES: /home/nvidia/anaconda3/lib/libpython3.11.so
-- Configuring done
-- Generating done
-- Build files have been written to: /home/nvidia/robotics-orin/build/absenc_interface
[  8%] Built target absenc_interface__rosidl_generator_c
[ 11%] Built target absenc_interface__cpp
[ 20%] Built target absenc_interface__rosidl_typesupport_introspection_c
[ 29%] Built target absenc_interface__rosidl_typesupport_introspection_cpp
[ 38%] Built target absenc_interface__rosidl_typesupport_c
[ 47%] Built target absenc_interface__rosidl_typesupport_cpp
[ 55%] Built target absenc_interface__rosidl_typesupport_fastrtps_cpp
[ 64%] Built target absenc_interface__rosidl_typesupport_fastrtps_c
[ 64%] Built target absenc_interface
[35m[1mScanning dependencies of target absenc_node[0m
[ 67%] Built target absenc_interface__py
[ 70%] [32mBuilding CXX object CMakeFiles/absenc_node.dir/src/absenc_node.cpp.o[0m
[ 76%] Built target absenc_interface__python
[ 82%] Built target absenc_interface__rosidl_typesupport_introspection_c__pyext
[ 88%] Built target absenc_interface__rosidl_typesupport_c__pyext
[ 94%] Built target absenc_interface__rosidl_typesupport_fastrtps_c__pyext
