[2.525s] Invoking command in '/home/nvidia/robotics-orin/build/sil': CMAKE_PREFIX_PATH=${CMAKE_PREFIX_PATH}:/opt/ros/humble:/home/nvidia/robotics-orin/install/arm_ik:/opt/ros/foxy CONDA_PROMPT_MODIFIER=(base) /usr/bin/cmake /home/nvidia/robotics-orin/src/sil -DCMAKE_INSTALL_PREFIX=/home/nvidia/robotics-orin/install/sil
[2.630s] -- The C compiler identification is GNU 9.4.0
[2.718s] -- The CXX compiler identification is GNU 9.4.0
[2.725s] -- Check for working C compiler: /usr/bin/cc
[2.855s] -- Check for working C compiler: /usr/bin/cc -- works
[2.856s] -- Detecting C compiler ABI info
[2.983s] -- Detecting C compiler ABI info - done
[3.000s] -- Detecting C compile features
[3.000s] -- Detecting C compile features - done
[3.004s] -- Check for working CXX compiler: /usr/bin/c++
[3.147s] -- Check for working CXX compiler: /usr/bin/c++ -- works
[3.150s] -- Detecting CXX compiler ABI info
[3.300s] -- Detecting CXX compiler ABI info - done
[3.313s] -- Detecting CXX compile features
[3.313s] -- Detecting CXX compile features - done
[3.323s] -- Found ament_cmake: 1.3.6 (/opt/ros/humble/share/ament_cmake/cmake)
[3.649s] -- Found Python3: /usr/bin/python3.9 (found version "3.9.5") found components: Interpreter 
[3.814s] -- Found rclcpp: 16.0.7 (/opt/ros/humble/share/rclcpp/cmake)
[3.898s] -- Found rosidl_generator_c: 3.1.5 (/opt/ros/humble/share/rosidl_generator_c/cmake)
[3.908s] -- Found rosidl_adapter: 3.1.5 (/opt/ros/humble/share/rosidl_adapter/cmake)
[3.926s] -- Found rosidl_generator_cpp: 3.1.5 (/opt/ros/humble/share/rosidl_generator_cpp/cmake)
[3.957s] -- Using all available rosidl_typesupport_c: rosidl_typesupport_fastrtps_c;rosidl_typesupport_introspection_c
[3.996s] -- Using all available rosidl_typesupport_cpp: rosidl_typesupport_fastrtps_cpp;rosidl_typesupport_introspection_cpp
[4.132s] -- Found rmw_implementation_cmake: 6.1.1 (/opt/ros/humble/share/rmw_implementation_cmake/cmake)
[4.136s] -- Found rmw_fastrtps_cpp: 6.2.5 (/opt/ros/humble/share/rmw_fastrtps_cpp/cmake)
[4.372s] -- Found OpenSSL: /usr/lib/aarch64-linux-gnu/libcrypto.so (found version "1.1.1f")  
[4.426s] -- Found FastRTPS: /opt/ros/humble/include  
[4.526s] -- Using RMW implementation 'rmw_fastrtps_cpp' as default
[4.549s] -- Looking for pthread.h
[4.692s] -- Looking for pthread.h - found
[4.693s] -- Performing Test CMAKE_HAVE_LIBC_PTHREAD
[4.835s] -- Performing Test CMAKE_HAVE_LIBC_PTHREAD - Failed
[4.836s] -- Looking for pthread_create in pthreads
[4.957s] -- Looking for pthread_create in pthreads - not found
[4.959s] -- Looking for pthread_create in pthread
[5.092s] -- Looking for pthread_create in pthread - found
[5.094s] -- Found Threads: TRUE  
[5.379s] -- Found ament_lint_auto: 0.12.9 (/opt/ros/humble/share/ament_lint_auto/cmake)
[5.586s] -- Added test 'copyright' to check source files copyright and LICENSE
[5.588s] -- Added test 'cppcheck' to perform static code analysis on C / C++ code
[5.588s] -- Configured cppcheck include dirs: 
[5.589s] -- Configured cppcheck exclude dirs and/or files: 
[5.590s] -- Added test 'cpplint' to check C / C++ code against the Google style
[5.590s] -- Configured cpplint exclude dirs and/or files: 
[5.590s] -- Added test 'lint_cmake' to check CMake code style
[5.592s] -- Added test 'uncrustify' to check C / C++ code style
[5.592s] -- Configured uncrustify additional arguments: 
[5.593s] -- Added test 'xmllint' to check XML markup files
[5.600s] -- Configuring done
[5.614s] -- Generating done
[5.617s] -- Build files have been written to: /home/nvidia/robotics-orin/build/sil
[5.651s] Invoked command in '/home/nvidia/robotics-orin/build/sil' returned '0': CMAKE_PREFIX_PATH=${CMAKE_PREFIX_PATH}:/opt/ros/humble:/home/nvidia/robotics-orin/install/arm_ik:/opt/ros/foxy CONDA_PROMPT_MODIFIER=(base) /usr/bin/cmake /home/nvidia/robotics-orin/src/sil -DCMAKE_INSTALL_PREFIX=/home/nvidia/robotics-orin/install/sil
[5.652s] Invoking command in '/home/nvidia/robotics-orin/build/sil': CMAKE_PREFIX_PATH=${CMAKE_PREFIX_PATH}:/opt/ros/humble:/home/nvidia/robotics-orin/install/arm_ik:/opt/ros/foxy CONDA_PROMPT_MODIFIER=(base) /usr/bin/cmake --build /home/nvidia/robotics-orin/build/sil -- -j6 -l6
[5.740s] [35m[1mScanning dependencies of target talker[0m
[5.897s] [ 50%] [32mBuilding CXX object CMakeFiles/talker.dir/src/SIL_color_publisher_node.cpp.o[0m
[22.953s] [100%] [32m[1mLinking CXX executable talker[0m
[23.725s] [100%] Built target talker
