[2.124s] Invoking command in '/home/nvidia/robotics-orin/build/absenc_interface': CMAKE_PREFIX_PATH=${CMAKE_PREFIX_PATH}:/opt/ros/foxy:/home/nvidia/ros2_humble/install/ament_uncrustify:/home/nvidia/ros2_humble/install/tracetools_trace:/home/nvidia/ros2_humble/install/tracetools_read:/home/nvidia/ros2_humble/install/sensor_msgs_py:/home/nvidia/ros2_humble/install/rpyutils:/home/nvidia/ros2_humble/install/rosidl_runtime_py:/home/nvidia/ros2_humble/install/rosidl_cli:/home/nvidia/ros2_humble/install/launch_pytest:/home/nvidia/ros2_humble/install/launch_testing:/home/nvidia/ros2_humble/install/launch_yaml:/home/nvidia/ros2_humble/install/launch_xml:/home/nvidia/ros2_humble/install/launch:/home/nvidia/ros2_humble/install/osrf_pycommon:/home/nvidia/ros2_humble/install/domain_coordinator:/home/nvidia/ros2_humble/install/ament_xmllint:/home/nvidia/ros2_humble/install/ament_pyflakes:/home/nvidia/ros2_humble/install/ament_pycodestyle:/home/nvidia/ros2_humble/install/ament_pep257:/home/nvidia/ros2_humble/install/ament_pclint:/home/nvidia/ros2_humble/install/ament_package:/home/nvidia/ros2_humble/install/ament_mypy:/home/nvidia/ros2_humble/install/ament_lint_cmake:/home/nvidia/ros2_humble/install/ament_flake8:/home/nvidia/ros2_humble/install/ament_copyright:/home/nvidia/ros2_humble/install/ament_lint:/home/nvidia/ros2_humble/install/ament_index_python:/home/nvidia/ros2_humble/install/ament_cpplint:/home/nvidia/ros2_humble/install/ament_cppcheck:/home/nvidia/ros2_humble/install/ament_clang_tidy:/home/nvidia/ros2_humble/install/ament_clang_format CONDA_PROMPT_MODIFIER=(base) /usr/bin/cmake /home/nvidia/robotics-orin/src/absenc_interface -DAMENT_CMAKE_SYMLINK_INSTALL=1 -DCMAKE_INSTALL_PREFIX=/home/nvidia/robotics-orin/install/absenc_interface
[2.268s] -- The C compiler identification is GNU 9.4.0
[2.414s] -- The CXX compiler identification is GNU 9.4.0
[2.434s] -- Check for working C compiler: /usr/bin/cc
[2.600s] -- Check for working C compiler: /usr/bin/cc -- works
[2.601s] -- Detecting C compiler ABI info
[2.761s] -- Detecting C compiler ABI info - done
[2.775s] -- Detecting C compile features
[2.776s] -- Detecting C compile features - done
[2.780s] -- Check for working CXX compiler: /usr/bin/c++
[2.955s] -- Check for working CXX compiler: /usr/bin/c++ -- works
[2.955s] -- Detecting CXX compiler ABI info
[3.127s] -- Detecting CXX compiler ABI info - done
[3.142s] -- Detecting CXX compile features
[3.143s] -- Detecting CXX compile features - done
[3.146s] -- Found ament_cmake: 0.9.12 (/opt/ros/foxy/share/ament_cmake/cmake)
[3.221s] -- Found PythonInterp: /home/nvidia/anaconda3/bin/python3 (found suitable version "3.11.5", minimum required is "3") 
[3.221s] -- Using PYTHON_EXECUTABLE: /home/nvidia/anaconda3/bin/python3
[3.611s] -- Override CMake install command with custom implementation using symlinks instead of copying resources
[3.655s] -- Found rclcpp: 2.4.3 (/opt/ros/foxy/share/rclcpp/cmake)
[3.773s] -- Using all available rosidl_typesupport_c: rosidl_typesupport_fastrtps_c;rosidl_typesupport_introspection_c
[3.783s] -- Found rosidl_adapter: 1.3.1 (/opt/ros/foxy/share/rosidl_adapter/cmake)
[4.019s] -- Found OpenSSL: /usr/lib/aarch64-linux-gnu/libcrypto.so (found version "1.1.1f")  
[4.079s] -- Found FastRTPS: /opt/ros/foxy/include  
[4.226s] -- Using all available rosidl_typesupport_cpp: rosidl_typesupport_fastrtps_cpp;rosidl_typesupport_introspection_cpp
[4.320s] -- Found rmw_implementation_cmake: 1.0.4 (/opt/ros/foxy/share/rmw_implementation_cmake/cmake)
[4.340s] -- Using RMW implementation 'rmw_fastrtps_cpp' as default
[4.342s] -- Looking for pthread.h
[4.508s] -- Looking for pthread.h - found
[4.508s] -- Performing Test CMAKE_HAVE_LIBC_PTHREAD
[4.670s] -- Performing Test CMAKE_HAVE_LIBC_PTHREAD - Failed
[4.671s] -- Looking for pthread_create in pthreads
[4.811s] -- Looking for pthread_create in pthreads - not found
[4.812s] -- Looking for pthread_create in pthread
[4.982s] -- Looking for pthread_create in pthread - found
[4.984s] -- Found Threads: TRUE  
[5.224s] -- Found sensor_msgs: 2.0.5 (/opt/ros/foxy/share/sensor_msgs/cmake)
[5.386s] -- Found rosidl_default_generators: 1.0.1 (/opt/ros/foxy/share/rosidl_default_generators/cmake)
[5.510s] -- Found PythonInterp: /home/nvidia/anaconda3/bin/python3 (found version "3.11.5") 
[5.618s] CMake Error at /opt/ros/foxy/share/rosidl_adapter/cmake/rosidl_adapt_interfaces.cmake:60 (message):
[5.618s]   execute_process(/home/nvidia/anaconda3/bin/python3 -m rosidl_adapter
[5.619s]   --package-name absenc_interface --arguments-file
[5.619s]   /home/nvidia/robotics-orin/build/absenc_interface/rosidl_adapter__arguments__absenc_interface.json
[5.619s]   --output-dir
[5.619s]   /home/nvidia/robotics-orin/build/absenc_interface/rosidl_adapter/absenc_interface
[5.619s]   --output-file
[5.619s]   /home/nvidia/robotics-orin/build/absenc_interface/rosidl_adapter/absenc_interface.idls)
[5.619s]   returned error code 1:
[5.619s] 
[5.619s]   Traceback (most recent call last):
[5.619s] 
[5.619s]     File "<frozen runpy>", line 198, in _run_module_as_main
[5.620s]     File "<frozen runpy>", line 88, in _run_code
[5.620s]     File "/opt/ros/foxy/lib/python3.8/site-packages/rosidl_adapter/__main__.py", line 19, in <module>
[5.620s]       sys.exit(main())
[5.620s]                ^^^^^^
[5.620s]     File "/opt/ros/foxy/lib/python3.8/site-packages/rosidl_adapter/main.py", line 53, in main
[5.620s]       abs_idl_file = convert_to_idl(
[5.620s]                      ^^^^^^^^^^^^^^^
[5.620s]     File "/opt/ros/foxy/lib/python3.8/site-packages/rosidl_adapter/__init__.py", line 18, in convert_to_idl
[5.620s]       from rosidl_adapter.msg import convert_msg_to_idl
[5.620s]     File "/opt/ros/foxy/lib/python3.8/site-packages/rosidl_adapter/msg/__init__.py", line 16, in <module>
[5.620s]       from rosidl_adapter.resource import expand_template
[5.621s]     File "/opt/ros/foxy/lib/python3.8/site-packages/rosidl_adapter/resource/__init__.py", line 19, in <module>
[5.621s]       import em
[5.621s] 
[5.621s]   ModuleNotFoundError: No module named 'em'
[5.621s] 
[5.621s] Call Stack (most recent call first):
[5.621s]   /opt/ros/foxy/share/rosidl_cmake/cmake/rosidl_generate_interfaces.cmake:130 (rosidl_adapt_interfaces)
[5.621s]   CMakeLists.txt:18 (rosidl_generate_interfaces)
[5.621s] 
[5.621s] 
[5.623s] -- Configuring incomplete, errors occurred!
[5.623s] See also "/home/nvidia/robotics-orin/build/absenc_interface/CMakeFiles/CMakeOutput.log".
[5.623s] See also "/home/nvidia/robotics-orin/build/absenc_interface/CMakeFiles/CMakeError.log".
