[8.606s] DEBUG:colcon:Command line arguments: ['/usr/bin/colcon', 'build', '--symlink-install', '--packages-select', 'arm_controller']
[8.606s] DEBUG:colcon:Parsed command line arguments: Namespace(allow_overriding=[], ament_cmake_args=None, base_paths=['.'], build_base='build', catkin_cmake_args=None, catkin_skip_building_tests=False, cmake_args=None, cmake_clean_cache=False, cmake_clean_first=False, cmake_force_configure=False, cmake_target=None, cmake_target_skip_unavailable=False, continue_on_error=False, event_handlers=None, executor='parallel', ignore_user_meta=False, install_base='install', log_base=None, log_level=None, main=<bound method BuildVerb.main of <colcon_core.verb.build.BuildVerb object at 0xffff8f3a9730>>, merge_install=False, metas=['./colcon.meta'], packages_above=None, packages_above_and_dependencies=None, packages_above_depth=None, packages_end=None, packages_ignore=None, packages_ignore_regex=None, packages_select=['arm_controller'], packages_select_build_failed=False, packages_select_by_dep=None, packages_select_regex=None, packages_select_test_failures=False, packages_skip=None, packages_skip_build_finished=False, packages_skip_by_dep=None, packages_skip_regex=None, packages_skip_test_passed=False, packages_skip_up_to=None, packages_start=None, packages_up_to=None, packages_up_to_regex=None, parallel_workers=6, paths=None, symlink_install=True, test_result_base=None, verb_extension=<colcon_core.verb.build.BuildVerb object at 0xffff8f3a9730>, verb_name='build', verb_parser=<colcon_defaults.argument_parser.defaults.DefaultArgumentsDecorator object at 0xffff8f097c70>)
[8.955s] Level 1:colcon.colcon_core.package_discovery:discover_packages(colcon_meta) check parameters
[8.955s] Level 1:colcon.colcon_core.package_discovery:discover_packages(recursive) check parameters
[8.956s] Level 1:colcon.colcon_core.package_discovery:discover_packages(ignore) check parameters
[8.956s] Level 1:colcon.colcon_core.package_discovery:discover_packages(path) check parameters
[8.956s] Level 1:colcon.colcon_core.package_discovery:discover_packages(colcon_meta) discover
[8.956s] Level 1:colcon.colcon_core.package_discovery:discover_packages(recursive) discover
[8.956s] INFO:colcon.colcon_core.package_discovery:Crawling recursively for packages in '/home/nvidia/robotics-orin'
[8.956s] Level 1:colcon.colcon_core.package_identification:_identify(.) by extensions ['ignore', 'ignore_ament_install']
[8.956s] Level 1:colcon.colcon_core.package_identification:_identify(.) by extension 'ignore'
[8.957s] Level 1:colcon.colcon_core.package_identification:_identify(.) by extension 'ignore_ament_install'
[8.957s] Level 1:colcon.colcon_core.package_identification:_identify(.) by extensions ['colcon_pkg']
[8.957s] Level 1:colcon.colcon_core.package_identification:_identify(.) by extension 'colcon_pkg'
[8.957s] Level 1:colcon.colcon_core.package_identification:_identify(.) by extensions ['colcon_meta']
[8.957s] Level 1:colcon.colcon_core.package_identification:_identify(.) by extension 'colcon_meta'
[8.957s] Level 1:colcon.colcon_core.package_identification:_identify(.) by extensions ['ros']
[8.957s] Level 1:colcon.colcon_core.package_identification:_identify(.) by extension 'ros'
[8.974s] Level 1:colcon.colcon_core.package_identification:_identify(.) by extensions ['cmake', 'python']
[8.975s] Level 1:colcon.colcon_core.package_identification:_identify(.) by extension 'cmake'
[8.975s] Level 1:colcon.colcon_core.package_identification:_identify(.) by extension 'python'
[8.975s] Level 1:colcon.colcon_core.package_identification:_identify(.) by extensions ['python_setup_py']
[8.975s] Level 1:colcon.colcon_core.package_identification:_identify(.) by extension 'python_setup_py'
[8.975s] Level 1:colcon.colcon_core.package_identification:_identify(JetsonGPIO) by extensions ['ignore', 'ignore_ament_install']
[8.975s] Level 1:colcon.colcon_core.package_identification:_identify(JetsonGPIO) by extension 'ignore'
[8.975s] Level 1:colcon.colcon_core.package_identification:_identify(JetsonGPIO) by extension 'ignore_ament_install'
[8.975s] Level 1:colcon.colcon_core.package_identification:_identify(JetsonGPIO) by extensions ['colcon_pkg']
[8.976s] Level 1:colcon.colcon_core.package_identification:_identify(JetsonGPIO) by extension 'colcon_pkg'
[8.976s] Level 1:colcon.colcon_core.package_identification:_identify(JetsonGPIO) by extensions ['colcon_meta']
[8.976s] Level 1:colcon.colcon_core.package_identification:_identify(JetsonGPIO) by extension 'colcon_meta'
[8.976s] Level 1:colcon.colcon_core.package_identification:_identify(JetsonGPIO) by extensions ['ros']
[8.976s] Level 1:colcon.colcon_core.package_identification:_identify(JetsonGPIO) by extension 'ros'
[8.976s] Level 1:colcon.colcon_core.package_identification:_identify(JetsonGPIO) by extensions ['cmake', 'python']
[8.976s] Level 1:colcon.colcon_core.package_identification:_identify(JetsonGPIO) by extension 'cmake'
[8.992s] Level 1:colcon.colcon_core.package_identification:_identify(JetsonGPIO) by extension 'python'
[8.992s] DEBUG:colcon.colcon_core.package_identification:Package 'JetsonGPIO' with type 'cmake' and name 'JetsonGPIO'
[8.992s] Level 1:colcon.colcon_core.package_identification:_identify(build) by extensions ['ignore', 'ignore_ament_install']
[8.992s] Level 1:colcon.colcon_core.package_identification:_identify(build) by extension 'ignore'
[8.992s] Level 1:colcon.colcon_core.package_identification:_identify(build) ignored
[8.992s] Level 1:colcon.colcon_core.package_identification:_identify(install) by extensions ['ignore', 'ignore_ament_install']
[8.993s] Level 1:colcon.colcon_core.package_identification:_identify(install) by extension 'ignore'
[8.993s] Level 1:colcon.colcon_core.package_identification:_identify(install) ignored
[8.993s] Level 1:colcon.colcon_core.package_identification:_identify(log) by extensions ['ignore', 'ignore_ament_install']
[8.993s] Level 1:colcon.colcon_core.package_identification:_identify(log) by extension 'ignore'
[8.993s] Level 1:colcon.colcon_core.package_identification:_identify(log) ignored
[8.993s] Level 1:colcon.colcon_core.package_identification:_identify(src) by extensions ['ignore', 'ignore_ament_install']
[8.993s] Level 1:colcon.colcon_core.package_identification:_identify(src) by extension 'ignore'
[8.993s] Level 1:colcon.colcon_core.package_identification:_identify(src) by extension 'ignore_ament_install'
[8.994s] Level 1:colcon.colcon_core.package_identification:_identify(src) by extensions ['colcon_pkg']
[8.994s] Level 1:colcon.colcon_core.package_identification:_identify(src) by extension 'colcon_pkg'
[8.994s] Level 1:colcon.colcon_core.package_identification:_identify(src) by extensions ['colcon_meta']
[8.994s] Level 1:colcon.colcon_core.package_identification:_identify(src) by extension 'colcon_meta'
[8.994s] Level 1:colcon.colcon_core.package_identification:_identify(src) by extensions ['ros']
[8.994s] Level 1:colcon.colcon_core.package_identification:_identify(src) by extension 'ros'
[8.994s] Level 1:colcon.colcon_core.package_identification:_identify(src) by extensions ['cmake', 'python']
[8.994s] Level 1:colcon.colcon_core.package_identification:_identify(src) by extension 'cmake'
[8.994s] Level 1:colcon.colcon_core.package_identification:_identify(src) by extension 'python'
[8.994s] Level 1:colcon.colcon_core.package_identification:_identify(src) by extensions ['python_setup_py']
[8.994s] Level 1:colcon.colcon_core.package_identification:_identify(src) by extension 'python_setup_py'
[8.994s] Level 1:colcon.colcon_core.package_identification:_identify(src/absenc_interface) by extensions ['ignore', 'ignore_ament_install']
[8.995s] Level 1:colcon.colcon_core.package_identification:_identify(src/absenc_interface) by extension 'ignore'
[8.995s] Level 1:colcon.colcon_core.package_identification:_identify(src/absenc_interface) by extension 'ignore_ament_install'
[8.995s] Level 1:colcon.colcon_core.package_identification:_identify(src/absenc_interface) by extensions ['colcon_pkg']
[8.995s] Level 1:colcon.colcon_core.package_identification:_identify(src/absenc_interface) by extension 'colcon_pkg'
[8.995s] Level 1:colcon.colcon_core.package_identification:_identify(src/absenc_interface) by extensions ['colcon_meta']
[8.995s] Level 1:colcon.colcon_core.package_identification:_identify(src/absenc_interface) by extension 'colcon_meta'
[8.995s] Level 1:colcon.colcon_core.package_identification:_identify(src/absenc_interface) by extensions ['ros']
[8.995s] Level 1:colcon.colcon_core.package_identification:_identify(src/absenc_interface) by extension 'ros'
[8.999s] DEBUG:colcon.colcon_core.package_identification:Package 'src/absenc_interface' with type 'ros.ament_cmake' and name 'absenc_interface'
[8.999s] Level 1:colcon.colcon_core.package_identification:_identify(src/arm_controller) by extensions ['ignore', 'ignore_ament_install']
[8.999s] Level 1:colcon.colcon_core.package_identification:_identify(src/arm_controller) by extension 'ignore'
[8.999s] Level 1:colcon.colcon_core.package_identification:_identify(src/arm_controller) by extension 'ignore_ament_install'
[9.000s] Level 1:colcon.colcon_core.package_identification:_identify(src/arm_controller) by extensions ['colcon_pkg']
[9.000s] Level 1:colcon.colcon_core.package_identification:_identify(src/arm_controller) by extension 'colcon_pkg'
[9.000s] Level 1:colcon.colcon_core.package_identification:_identify(src/arm_controller) by extensions ['colcon_meta']
[9.000s] Level 1:colcon.colcon_core.package_identification:_identify(src/arm_controller) by extension 'colcon_meta'
[9.000s] Level 1:colcon.colcon_core.package_identification:_identify(src/arm_controller) by extensions ['ros']
[9.000s] Level 1:colcon.colcon_core.package_identification:_identify(src/arm_controller) by extension 'ros'
[9.001s] DEBUG:colcon.colcon_core.package_identification:Package 'src/arm_controller' with type 'ros.ament_cmake' and name 'arm_controller'
[9.001s] Level 1:colcon.colcon_core.package_identification:_identify(src/gps) by extensions ['ignore', 'ignore_ament_install']
[9.001s] Level 1:colcon.colcon_core.package_identification:_identify(src/gps) by extension 'ignore'
[9.001s] Level 1:colcon.colcon_core.package_identification:_identify(src/gps) ignored
[9.001s] Level 1:colcon.colcon_core.package_identification:_identify(src/sil) by extensions ['ignore', 'ignore_ament_install']
[9.001s] Level 1:colcon.colcon_core.package_identification:_identify(src/sil) by extension 'ignore'
[9.001s] Level 1:colcon.colcon_core.package_identification:_identify(src/sil) by extension 'ignore_ament_install'
[9.002s] Level 1:colcon.colcon_core.package_identification:_identify(src/sil) by extensions ['colcon_pkg']
[9.002s] Level 1:colcon.colcon_core.package_identification:_identify(src/sil) by extension 'colcon_pkg'
[9.002s] Level 1:colcon.colcon_core.package_identification:_identify(src/sil) by extensions ['colcon_meta']
[9.002s] Level 1:colcon.colcon_core.package_identification:_identify(src/sil) by extension 'colcon_meta'
[9.002s] Level 1:colcon.colcon_core.package_identification:_identify(src/sil) by extensions ['ros']
[9.002s] Level 1:colcon.colcon_core.package_identification:_identify(src/sil) by extension 'ros'
[9.003s] DEBUG:colcon.colcon_core.package_identification:Package 'src/sil' with type 'ros.ament_cmake' and name 'sil'
[9.003s] Level 1:colcon.colcon_core.package_identification:_identify(src/wheels_controller) by extensions ['ignore', 'ignore_ament_install']
[9.003s] Level 1:colcon.colcon_core.package_identification:_identify(src/wheels_controller) by extension 'ignore'
[9.003s] Level 1:colcon.colcon_core.package_identification:_identify(src/wheels_controller) by extension 'ignore_ament_install'
[9.003s] Level 1:colcon.colcon_core.package_identification:_identify(src/wheels_controller) by extensions ['colcon_pkg']
[9.003s] Level 1:colcon.colcon_core.package_identification:_identify(src/wheels_controller) by extension 'colcon_pkg'
[9.003s] Level 1:colcon.colcon_core.package_identification:_identify(src/wheels_controller) by extensions ['colcon_meta']
[9.004s] Level 1:colcon.colcon_core.package_identification:_identify(src/wheels_controller) by extension 'colcon_meta'
[9.004s] Level 1:colcon.colcon_core.package_identification:_identify(src/wheels_controller) by extensions ['ros']
[9.004s] Level 1:colcon.colcon_core.package_identification:_identify(src/wheels_controller) by extension 'ros'
[9.004s] DEBUG:colcon.colcon_core.package_identification:Package 'src/wheels_controller' with type 'ros.ament_cmake' and name 'wheels_controller'
[9.004s] Level 1:colcon.colcon_core.package_discovery:discover_packages(recursive) using defaults
[9.004s] Level 1:colcon.colcon_core.package_discovery:discover_packages(ignore) discover
[9.005s] Level 1:colcon.colcon_core.package_discovery:discover_packages(ignore) using defaults
[9.005s] Level 1:colcon.colcon_core.package_discovery:discover_packages(path) discover
[9.005s] Level 1:colcon.colcon_core.package_discovery:discover_packages(path) using defaults
[9.523s] INFO:colcon.colcon_core.package_selection:Skipping not selected package 'JetsonGPIO' in 'JetsonGPIO'
[9.524s] INFO:colcon.colcon_core.package_selection:Skipping not selected package 'absenc_interface' in 'src/absenc_interface'
[9.524s] INFO:colcon.colcon_core.package_selection:Skipping not selected package 'sil' in 'src/sil'
[9.524s] INFO:colcon.colcon_core.package_selection:Skipping not selected package 'wheels_controller' in 'src/wheels_controller'
[9.834s] Level 1:colcon.colcon_core.package_discovery:discover_packages(prefix_path) check parameters
[9.835s] Level 1:colcon.colcon_core.package_discovery:discover_packages(prefix_path) discover
[10.147s] DEBUG:colcon.colcon_installed_package_information.package_discovery:Found 5 installed packages in /home/nvidia/robotics-orin/install
[10.305s] DEBUG:colcon.colcon_installed_package_information.package_discovery:Found 256 installed packages in /opt/ros/foxy
[10.307s] Level 1:colcon.colcon_core.package_discovery:discover_packages(prefix_path) using defaults
[10.720s] Level 5:colcon.colcon_core.verb:set package 'arm_controller' build argument 'cmake_args' from command line to 'None'
[10.721s] Level 5:colcon.colcon_core.verb:set package 'arm_controller' build argument 'cmake_target' from command line to 'None'
[10.721s] Level 5:colcon.colcon_core.verb:set package 'arm_controller' build argument 'cmake_target_skip_unavailable' from command line to 'False'
[10.721s] Level 5:colcon.colcon_core.verb:set package 'arm_controller' build argument 'cmake_clean_cache' from command line to 'False'
[10.721s] Level 5:colcon.colcon_core.verb:set package 'arm_controller' build argument 'cmake_clean_first' from command line to 'False'
[10.721s] Level 5:colcon.colcon_core.verb:set package 'arm_controller' build argument 'cmake_force_configure' from command line to 'False'
[10.721s] Level 5:colcon.colcon_core.verb:set package 'arm_controller' build argument 'ament_cmake_args' from command line to 'None'
[10.721s] Level 5:colcon.colcon_core.verb:set package 'arm_controller' build argument 'catkin_cmake_args' from command line to 'None'
[10.721s] Level 5:colcon.colcon_core.verb:set package 'arm_controller' build argument 'catkin_skip_building_tests' from command line to 'False'
[10.721s] DEBUG:colcon.colcon_core.verb:Building package 'arm_controller' with the following arguments: {'ament_cmake_args': None, 'build_base': '/home/nvidia/robotics-orin/build/arm_controller', 'catkin_cmake_args': None, 'catkin_skip_building_tests': False, 'cmake_args': None, 'cmake_clean_cache': False, 'cmake_clean_first': False, 'cmake_force_configure': False, 'cmake_target': None, 'cmake_target_skip_unavailable': False, 'install_base': '/home/nvidia/robotics-orin/install/arm_controller', 'merge_install': False, 'path': '/home/nvidia/robotics-orin/src/arm_controller', 'symlink_install': True, 'test_result_base': None}
[10.877s] INFO:colcon.colcon_core.executor:Executing jobs using 'parallel' executor
[11.060s] DEBUG:colcon.colcon_parallel_executor.executor.parallel:run_until_complete
[11.060s] INFO:colcon.colcon_ros.task.ament_cmake.build:Building ROS package in '/home/nvidia/robotics-orin/src/arm_controller' with build type 'ament_cmake'
[11.061s] INFO:colcon.colcon_cmake.task.cmake.build:Building CMake package in '/home/nvidia/robotics-orin/src/arm_controller'
[11.231s] INFO:colcon.colcon_core.plugin_system:Skipping extension 'colcon_core.shell.bat': Not used on non-Windows systems
[11.231s] INFO:colcon.colcon_core.shell:Skip shell extension 'powershell' for command environment: Not usable outside of PowerShell
[11.231s] DEBUG:colcon.colcon_core.shell:Skip shell extension 'dsv' for command environment
[11.725s] DEBUG:colcon.colcon_core.event_handler.log_command:Invoking command in '/home/nvidia/robotics-orin/build/arm_controller': CMAKE_PREFIX_PATH=${CMAKE_PREFIX_PATH}:/opt/ros/foxy CONDA_PROMPT_MODIFIER=(base) /usr/bin/cmake /home/nvidia/robotics-orin/src/arm_controller -DAMENT_CMAKE_SYMLINK_INSTALL=1 -DCMAKE_INSTALL_PREFIX=/home/nvidia/robotics-orin/install/arm_controller
[13.819s] DEBUG:colcon.colcon_core.event_handler.log_command:Invoked command in '/home/nvidia/robotics-orin/build/arm_controller' returned '0': CMAKE_PREFIX_PATH=${CMAKE_PREFIX_PATH}:/opt/ros/foxy CONDA_PROMPT_MODIFIER=(base) /usr/bin/cmake /home/nvidia/robotics-orin/src/arm_controller -DAMENT_CMAKE_SYMLINK_INSTALL=1 -DCMAKE_INSTALL_PREFIX=/home/nvidia/robotics-orin/install/arm_controller
[13.825s] DEBUG:colcon.colcon_core.event_handler.log_command:Invoking command in '/home/nvidia/robotics-orin/build/arm_controller': CMAKE_PREFIX_PATH=${CMAKE_PREFIX_PATH}:/opt/ros/foxy CONDA_PROMPT_MODIFIER=(base) /usr/bin/cmake --build /home/nvidia/robotics-orin/build/arm_controller -- -j6 -l6
[28.478s] DEBUG:colcon.colcon_core.event_handler.log_command:Invoked command in '/home/nvidia/robotics-orin/build/arm_controller' returned '0': CMAKE_PREFIX_PATH=${CMAKE_PREFIX_PATH}:/opt/ros/foxy CONDA_PROMPT_MODIFIER=(base) /usr/bin/cmake --build /home/nvidia/robotics-orin/build/arm_controller -- -j6 -l6
[28.579s] DEBUG:colcon.colcon_core.event_handler.log_command:Invoking command in '/home/nvidia/robotics-orin/build/arm_controller': CMAKE_PREFIX_PATH=${CMAKE_PREFIX_PATH}:/opt/ros/foxy CONDA_PROMPT_MODIFIER=(base) /usr/bin/cmake --install /home/nvidia/robotics-orin/build/arm_controller
[29.688s] Level 1:colcon.colcon_core.environment:create_environment_scripts_only(arm_controller)
[29.689s] DEBUG:colcon.colcon_core.event_handler.log_command:Invoked command in '/home/nvidia/robotics-orin/build/arm_controller' returned '0': CMAKE_PREFIX_PATH=${CMAKE_PREFIX_PATH}:/opt/ros/foxy CONDA_PROMPT_MODIFIER=(base) /usr/bin/cmake --install /home/nvidia/robotics-orin/build/arm_controller
[29.876s] Level 1:colcon.colcon_core.environment:checking '/home/nvidia/robotics-orin/install/arm_controller' for CMake module files
[29.877s] Level 1:colcon.colcon_core.environment:checking '/home/nvidia/robotics-orin/install/arm_controller' for CMake config files
[29.878s] Level 1:colcon.colcon_core.shell:create_environment_hook('arm_controller', 'cmake_prefix_path')
[30.038s] INFO:colcon.colcon_core.shell:Creating environment hook '/home/nvidia/robotics-orin/install/arm_controller/share/arm_controller/hook/cmake_prefix_path.ps1'
[30.040s] INFO:colcon.colcon_core.shell:Creating environment descriptor '/home/nvidia/robotics-orin/install/arm_controller/share/arm_controller/hook/cmake_prefix_path.dsv'
[30.041s] INFO:colcon.colcon_core.shell:Creating environment hook '/home/nvidia/robotics-orin/install/arm_controller/share/arm_controller/hook/cmake_prefix_path.sh'
[30.042s] Level 1:colcon.colcon_core.environment:checking '/home/nvidia/robotics-orin/install/arm_controller/lib'
[30.042s] Level 1:colcon.colcon_core.shell:create_environment_hook('arm_controller', 'ld_library_path_lib')
[30.202s] INFO:colcon.colcon_core.shell:Creating environment hook '/home/nvidia/robotics-orin/install/arm_controller/share/arm_controller/hook/ld_library_path_lib.ps1'
[30.203s] INFO:colcon.colcon_core.shell:Creating environment descriptor '/home/nvidia/robotics-orin/install/arm_controller/share/arm_controller/hook/ld_library_path_lib.dsv'
[30.203s] INFO:colcon.colcon_core.shell:Creating environment hook '/home/nvidia/robotics-orin/install/arm_controller/share/arm_controller/hook/ld_library_path_lib.sh'
[30.204s] Level 1:colcon.colcon_core.environment:checking '/home/nvidia/robotics-orin/install/arm_controller/bin'
[30.204s] Level 1:colcon.colcon_core.environment:checking '/home/nvidia/robotics-orin/install/arm_controller/lib/pkgconfig/arm_controller.pc'
[30.205s] Level 1:colcon.colcon_core.environment:checking '/home/nvidia/robotics-orin/install/arm_controller/lib/python3.8/site-packages'
[30.205s] Level 1:colcon.colcon_core.environment:checking '/home/nvidia/robotics-orin/install/arm_controller/bin'
[30.363s] INFO:colcon.colcon_core.shell:Creating package script '/home/nvidia/robotics-orin/install/arm_controller/share/arm_controller/package.ps1'
[30.365s] INFO:colcon.colcon_core.shell:Creating package descriptor '/home/nvidia/robotics-orin/install/arm_controller/share/arm_controller/package.dsv'
[30.366s] INFO:colcon.colcon_core.shell:Creating package script '/home/nvidia/robotics-orin/install/arm_controller/share/arm_controller/package.sh'
[30.367s] INFO:colcon.colcon_core.shell:Creating package script '/home/nvidia/robotics-orin/install/arm_controller/share/arm_controller/package.bash'
[30.368s] INFO:colcon.colcon_core.shell:Creating package script '/home/nvidia/robotics-orin/install/arm_controller/share/arm_controller/package.zsh'
[30.369s] Level 1:colcon.colcon_core.environment:create_file_with_runtime_dependencies(/home/nvidia/robotics-orin/install/arm_controller/share/colcon-core/packages/arm_controller)
[30.604s] Level 1:colcon.colcon_core.environment:create_environment_scripts_only(arm_controller)
[30.762s] Level 1:colcon.colcon_core.environment:checking '/home/nvidia/robotics-orin/install/arm_controller' for CMake module files
[30.764s] Level 1:colcon.colcon_core.environment:checking '/home/nvidia/robotics-orin/install/arm_controller' for CMake config files
[30.765s] Level 1:colcon.colcon_core.shell:create_environment_hook('arm_controller', 'cmake_prefix_path')
[30.922s] INFO:colcon.colcon_core.shell:Creating environment hook '/home/nvidia/robotics-orin/install/arm_controller/share/arm_controller/hook/cmake_prefix_path.ps1'
[30.924s] INFO:colcon.colcon_core.shell:Creating environment descriptor '/home/nvidia/robotics-orin/install/arm_controller/share/arm_controller/hook/cmake_prefix_path.dsv'
[30.924s] INFO:colcon.colcon_core.shell:Creating environment hook '/home/nvidia/robotics-orin/install/arm_controller/share/arm_controller/hook/cmake_prefix_path.sh'
[30.925s] Level 1:colcon.colcon_core.environment:checking '/home/nvidia/robotics-orin/install/arm_controller/lib'
[30.925s] Level 1:colcon.colcon_core.shell:create_environment_hook('arm_controller', 'ld_library_path_lib')
[31.083s] INFO:colcon.colcon_core.shell:Creating environment hook '/home/nvidia/robotics-orin/install/arm_controller/share/arm_controller/hook/ld_library_path_lib.ps1'
[31.084s] INFO:colcon.colcon_core.shell:Creating environment descriptor '/home/nvidia/robotics-orin/install/arm_controller/share/arm_controller/hook/ld_library_path_lib.dsv'
[31.085s] INFO:colcon.colcon_core.shell:Creating environment hook '/home/nvidia/robotics-orin/install/arm_controller/share/arm_controller/hook/ld_library_path_lib.sh'
[31.085s] Level 1:colcon.colcon_core.environment:checking '/home/nvidia/robotics-orin/install/arm_controller/bin'
[31.086s] Level 1:colcon.colcon_core.environment:checking '/home/nvidia/robotics-orin/install/arm_controller/lib/pkgconfig/arm_controller.pc'
[31.086s] Level 1:colcon.colcon_core.environment:checking '/home/nvidia/robotics-orin/install/arm_controller/lib/python3.8/site-packages'
[31.086s] Level 1:colcon.colcon_core.environment:checking '/home/nvidia/robotics-orin/install/arm_controller/bin'
[31.244s] INFO:colcon.colcon_core.shell:Creating package script '/home/nvidia/robotics-orin/install/arm_controller/share/arm_controller/package.ps1'
[31.245s] INFO:colcon.colcon_core.shell:Creating package descriptor '/home/nvidia/robotics-orin/install/arm_controller/share/arm_controller/package.dsv'
[31.246s] INFO:colcon.colcon_core.shell:Creating package script '/home/nvidia/robotics-orin/install/arm_controller/share/arm_controller/package.sh'
[31.247s] INFO:colcon.colcon_core.shell:Creating package script '/home/nvidia/robotics-orin/install/arm_controller/share/arm_controller/package.bash'
[31.248s] INFO:colcon.colcon_core.shell:Creating package script '/home/nvidia/robotics-orin/install/arm_controller/share/arm_controller/package.zsh'
[31.249s] Level 1:colcon.colcon_core.environment:create_file_with_runtime_dependencies(/home/nvidia/robotics-orin/install/arm_controller/share/colcon-core/packages/arm_controller)
[31.249s] DEBUG:colcon.colcon_parallel_executor.executor.parallel:closing loop
[31.250s] DEBUG:colcon.colcon_parallel_executor.executor.parallel:loop closed
[31.250s] DEBUG:colcon.colcon_parallel_executor.executor.parallel:run_until_complete finished with '0'
[31.250s] DEBUG:colcon.colcon_core.event_reactor:joining thread
[31.418s] INFO:colcon.colcon_core.plugin_system:Skipping extension 'colcon_notification.desktop_notification.terminal_notifier': Not used on non-Darwin systems
[31.418s] INFO:colcon.colcon_core.plugin_system:Skipping extension 'colcon_notification.desktop_notification.win32': Not used on non-Windows systems
[31.418s] INFO:colcon.colcon_notification.desktop_notification:Sending desktop notification using 'notify2'
[31.472s] DEBUG:colcon.colcon_core.event_reactor:joined thread
[31.634s] INFO:colcon.colcon_core.shell:Creating prefix script '/home/nvidia/robotics-orin/install/local_setup.ps1'
[31.636s] INFO:colcon.colcon_core.shell:Creating prefix util module '/home/nvidia/robotics-orin/install/_local_setup_util_ps1.py'
[31.638s] INFO:colcon.colcon_core.shell:Creating prefix chain script '/home/nvidia/robotics-orin/install/setup.ps1'
[31.797s] INFO:colcon.colcon_core.shell:Creating prefix script '/home/nvidia/robotics-orin/install/local_setup.sh'
[31.798s] INFO:colcon.colcon_core.shell:Creating prefix util module '/home/nvidia/robotics-orin/install/_local_setup_util_sh.py'
[31.799s] INFO:colcon.colcon_core.shell:Creating prefix chain script '/home/nvidia/robotics-orin/install/setup.sh'
[31.957s] INFO:colcon.colcon_core.shell:Creating prefix script '/home/nvidia/robotics-orin/install/local_setup.bash'
[31.958s] INFO:colcon.colcon_core.shell:Creating prefix chain script '/home/nvidia/robotics-orin/install/setup.bash'
[32.115s] INFO:colcon.colcon_core.shell:Creating prefix script '/home/nvidia/robotics-orin/install/local_setup.zsh'
[32.116s] INFO:colcon.colcon_core.shell:Creating prefix chain script '/home/nvidia/robotics-orin/install/setup.zsh'
