[10.974s] DEBUG:colcon:Command line arguments: ['/usr/bin/colcon', 'build', '--packages-select', 'absenc_interface']
[10.974s] DEBUG:colcon:Parsed command line arguments: Namespace(allow_overriding=[], ament_cmake_args=None, base_paths=['.'], build_base='build', catkin_cmake_args=None, catkin_skip_building_tests=False, cmake_args=None, cmake_clean_cache=False, cmake_clean_first=False, cmake_force_configure=False, cmake_target=None, cmake_target_skip_unavailable=False, continue_on_error=False, event_handlers=None, executor='parallel', ignore_user_meta=False, install_base='install', log_base=None, log_level=None, main=<bound method BuildVerb.main of <colcon_core.verb.build.BuildVerb object at 0xffffba89c700>>, merge_install=False, metas=['./colcon.meta'], packages_above=None, packages_above_and_dependencies=None, packages_above_depth=None, packages_end=None, packages_ignore=None, packages_ignore_regex=None, packages_select=['absenc_interface'], packages_select_build_failed=False, packages_select_by_dep=None, packages_select_regex=None, packages_select_test_failures=False, packages_skip=None, packages_skip_build_finished=False, packages_skip_by_dep=None, packages_skip_regex=None, packages_skip_test_passed=False, packages_skip_up_to=None, packages_start=None, packages_up_to=None, packages_up_to_regex=None, parallel_workers=6, paths=None, symlink_install=False, test_result_base=None, verb_extension=<colcon_core.verb.build.BuildVerb object at 0xffffba89c700>, verb_name='build', verb_parser=<colcon_defaults.argument_parser.defaults.DefaultArgumentsDecorator object at 0xffffba521460>)
[11.411s] Level 1:colcon.colcon_core.package_discovery:discover_packages(colcon_meta) check parameters
[11.411s] Level 1:colcon.colcon_core.package_discovery:discover_packages(recursive) check parameters
[11.411s] Level 1:colcon.colcon_core.package_discovery:discover_packages(ignore) check parameters
[11.411s] Level 1:colcon.colcon_core.package_discovery:discover_packages(path) check parameters
[11.411s] Level 1:colcon.colcon_core.package_discovery:discover_packages(colcon_meta) discover
[11.411s] Level 1:colcon.colcon_core.package_discovery:discover_packages(recursive) discover
[11.411s] INFO:colcon.colcon_core.package_discovery:Crawling recursively for packages in '/home/nvidia/robotics-orin'
[11.412s] Level 1:colcon.colcon_core.package_identification:_identify(.) by extensions ['ignore', 'ignore_ament_install']
[11.412s] Level 1:colcon.colcon_core.package_identification:_identify(.) by extension 'ignore'
[11.412s] Level 1:colcon.colcon_core.package_identification:_identify(.) by extension 'ignore_ament_install'
[11.412s] Level 1:colcon.colcon_core.package_identification:_identify(.) by extensions ['colcon_pkg']
[11.412s] Level 1:colcon.colcon_core.package_identification:_identify(.) by extension 'colcon_pkg'
[11.412s] Level 1:colcon.colcon_core.package_identification:_identify(.) by extensions ['colcon_meta']
[11.412s] Level 1:colcon.colcon_core.package_identification:_identify(.) by extension 'colcon_meta'
[11.412s] Level 1:colcon.colcon_core.package_identification:_identify(.) by extensions ['ros']
[11.412s] Level 1:colcon.colcon_core.package_identification:_identify(.) by extension 'ros'
[11.429s] Level 1:colcon.colcon_core.package_identification:_identify(.) by extensions ['cmake', 'python']
[11.430s] Level 1:colcon.colcon_core.package_identification:_identify(.) by extension 'cmake'
[11.430s] Level 1:colcon.colcon_core.package_identification:_identify(.) by extension 'python'
[11.430s] Level 1:colcon.colcon_core.package_identification:_identify(.) by extensions ['python_setup_py']
[11.430s] Level 1:colcon.colcon_core.package_identification:_identify(.) by extension 'python_setup_py'
[11.430s] Level 1:colcon.colcon_core.package_identification:_identify(JetsonGPIO) by extensions ['ignore', 'ignore_ament_install']
[11.430s] Level 1:colcon.colcon_core.package_identification:_identify(JetsonGPIO) by extension 'ignore'
[11.430s] Level 1:colcon.colcon_core.package_identification:_identify(JetsonGPIO) ignored
[11.431s] Level 1:colcon.colcon_core.package_identification:_identify(build) by extensions ['ignore', 'ignore_ament_install']
[11.431s] Level 1:colcon.colcon_core.package_identification:_identify(build) by extension 'ignore'
[11.431s] Level 1:colcon.colcon_core.package_identification:_identify(build) ignored
[11.431s] Level 1:colcon.colcon_core.package_identification:_identify(install) by extensions ['ignore', 'ignore_ament_install']
[11.431s] Level 1:colcon.colcon_core.package_identification:_identify(install) by extension 'ignore'
[11.431s] Level 1:colcon.colcon_core.package_identification:_identify(install) ignored
[11.431s] Level 1:colcon.colcon_core.package_identification:_identify(launch) by extensions ['ignore', 'ignore_ament_install']
[11.431s] Level 1:colcon.colcon_core.package_identification:_identify(launch) by extension 'ignore'
[11.432s] Level 1:colcon.colcon_core.package_identification:_identify(launch) by extension 'ignore_ament_install'
[11.432s] Level 1:colcon.colcon_core.package_identification:_identify(launch) by extensions ['colcon_pkg']
[11.432s] Level 1:colcon.colcon_core.package_identification:_identify(launch) by extension 'colcon_pkg'
[11.432s] Level 1:colcon.colcon_core.package_identification:_identify(launch) by extensions ['colcon_meta']
[11.432s] Level 1:colcon.colcon_core.package_identification:_identify(launch) by extension 'colcon_meta'
[11.432s] Level 1:colcon.colcon_core.package_identification:_identify(launch) by extensions ['ros']
[11.432s] Level 1:colcon.colcon_core.package_identification:_identify(launch) by extension 'ros'
[11.432s] Level 1:colcon.colcon_core.package_identification:_identify(launch) by extensions ['cmake', 'python']
[11.432s] Level 1:colcon.colcon_core.package_identification:_identify(launch) by extension 'cmake'
[11.432s] Level 1:colcon.colcon_core.package_identification:_identify(launch) by extension 'python'
[11.432s] Level 1:colcon.colcon_core.package_identification:_identify(launch) by extensions ['python_setup_py']
[11.432s] Level 1:colcon.colcon_core.package_identification:_identify(launch) by extension 'python_setup_py'
[11.433s] Level 1:colcon.colcon_core.package_identification:_identify(launch/__pycache__) by extensions ['ignore', 'ignore_ament_install']
[11.433s] Level 1:colcon.colcon_core.package_identification:_identify(launch/__pycache__) by extension 'ignore'
[11.433s] Level 1:colcon.colcon_core.package_identification:_identify(launch/__pycache__) by extension 'ignore_ament_install'
[11.433s] Level 1:colcon.colcon_core.package_identification:_identify(launch/__pycache__) by extensions ['colcon_pkg']
[11.433s] Level 1:colcon.colcon_core.package_identification:_identify(launch/__pycache__) by extension 'colcon_pkg'
[11.433s] Level 1:colcon.colcon_core.package_identification:_identify(launch/__pycache__) by extensions ['colcon_meta']
[11.433s] Level 1:colcon.colcon_core.package_identification:_identify(launch/__pycache__) by extension 'colcon_meta'
[11.433s] Level 1:colcon.colcon_core.package_identification:_identify(launch/__pycache__) by extensions ['ros']
[11.433s] Level 1:colcon.colcon_core.package_identification:_identify(launch/__pycache__) by extension 'ros'
[11.433s] Level 1:colcon.colcon_core.package_identification:_identify(launch/__pycache__) by extensions ['cmake', 'python']
[11.434s] Level 1:colcon.colcon_core.package_identification:_identify(launch/__pycache__) by extension 'cmake'
[11.434s] Level 1:colcon.colcon_core.package_identification:_identify(launch/__pycache__) by extension 'python'
[11.434s] Level 1:colcon.colcon_core.package_identification:_identify(launch/__pycache__) by extensions ['python_setup_py']
[11.434s] Level 1:colcon.colcon_core.package_identification:_identify(launch/__pycache__) by extension 'python_setup_py'
[11.434s] Level 1:colcon.colcon_core.package_identification:_identify(log) by extensions ['ignore', 'ignore_ament_install']
[11.434s] Level 1:colcon.colcon_core.package_identification:_identify(log) by extension 'ignore'
[11.434s] Level 1:colcon.colcon_core.package_identification:_identify(log) ignored
[11.434s] Level 1:colcon.colcon_core.package_identification:_identify(rosRoverStart) by extensions ['ignore', 'ignore_ament_install']
[11.434s] Level 1:colcon.colcon_core.package_identification:_identify(rosRoverStart) by extension 'ignore'
[11.435s] Level 1:colcon.colcon_core.package_identification:_identify(rosRoverStart) by extension 'ignore_ament_install'
[11.435s] Level 1:colcon.colcon_core.package_identification:_identify(rosRoverStart) by extensions ['colcon_pkg']
[11.435s] Level 1:colcon.colcon_core.package_identification:_identify(rosRoverStart) by extension 'colcon_pkg'
[11.435s] Level 1:colcon.colcon_core.package_identification:_identify(rosRoverStart) by extensions ['colcon_meta']
[11.435s] Level 1:colcon.colcon_core.package_identification:_identify(rosRoverStart) by extension 'colcon_meta'
[11.435s] Level 1:colcon.colcon_core.package_identification:_identify(rosRoverStart) by extensions ['ros']
[11.435s] Level 1:colcon.colcon_core.package_identification:_identify(rosRoverStart) by extension 'ros'
[11.435s] Level 1:colcon.colcon_core.package_identification:_identify(rosRoverStart) by extensions ['cmake', 'python']
[11.435s] Level 1:colcon.colcon_core.package_identification:_identify(rosRoverStart) by extension 'cmake'
[11.435s] Level 1:colcon.colcon_core.package_identification:_identify(rosRoverStart) by extension 'python'
[11.435s] Level 1:colcon.colcon_core.package_identification:_identify(rosRoverStart) by extensions ['python_setup_py']
[11.435s] Level 1:colcon.colcon_core.package_identification:_identify(rosRoverStart) by extension 'python_setup_py'
[11.436s] Level 1:colcon.colcon_core.package_identification:_identify(rosRoverStart/__pycache__) by extensions ['ignore', 'ignore_ament_install']
[11.436s] Level 1:colcon.colcon_core.package_identification:_identify(rosRoverStart/__pycache__) by extension 'ignore'
[11.436s] Level 1:colcon.colcon_core.package_identification:_identify(rosRoverStart/__pycache__) by extension 'ignore_ament_install'
[11.436s] Level 1:colcon.colcon_core.package_identification:_identify(rosRoverStart/__pycache__) by extensions ['colcon_pkg']
[11.436s] Level 1:colcon.colcon_core.package_identification:_identify(rosRoverStart/__pycache__) by extension 'colcon_pkg'
[11.436s] Level 1:colcon.colcon_core.package_identification:_identify(rosRoverStart/__pycache__) by extensions ['colcon_meta']
[11.436s] Level 1:colcon.colcon_core.package_identification:_identify(rosRoverStart/__pycache__) by extension 'colcon_meta'
[11.436s] Level 1:colcon.colcon_core.package_identification:_identify(rosRoverStart/__pycache__) by extensions ['ros']
[11.436s] Level 1:colcon.colcon_core.package_identification:_identify(rosRoverStart/__pycache__) by extension 'ros'
[11.436s] Level 1:colcon.colcon_core.package_identification:_identify(rosRoverStart/__pycache__) by extensions ['cmake', 'python']
[11.436s] Level 1:colcon.colcon_core.package_identification:_identify(rosRoverStart/__pycache__) by extension 'cmake'
[11.436s] Level 1:colcon.colcon_core.package_identification:_identify(rosRoverStart/__pycache__) by extension 'python'
[11.437s] Level 1:colcon.colcon_core.package_identification:_identify(rosRoverStart/__pycache__) by extensions ['python_setup_py']
[11.437s] Level 1:colcon.colcon_core.package_identification:_identify(rosRoverStart/__pycache__) by extension 'python_setup_py'
[11.437s] Level 1:colcon.colcon_core.package_identification:_identify(rosRoverStart/build) by extensions ['ignore', 'ignore_ament_install']
[11.437s] Level 1:colcon.colcon_core.package_identification:_identify(rosRoverStart/build) by extension 'ignore'
[11.437s] Level 1:colcon.colcon_core.package_identification:_identify(rosRoverStart/build) ignored
[11.437s] Level 1:colcon.colcon_core.package_identification:_identify(rosRoverStart/install) by extensions ['ignore', 'ignore_ament_install']
[11.437s] Level 1:colcon.colcon_core.package_identification:_identify(rosRoverStart/install) by extension 'ignore'
[11.437s] Level 1:colcon.colcon_core.package_identification:_identify(rosRoverStart/install) ignored
[11.437s] Level 1:colcon.colcon_core.package_identification:_identify(rosRoverStart/log) by extensions ['ignore', 'ignore_ament_install']
[11.438s] Level 1:colcon.colcon_core.package_identification:_identify(rosRoverStart/log) by extension 'ignore'
[11.438s] Level 1:colcon.colcon_core.package_identification:_identify(rosRoverStart/log) ignored
[11.438s] Level 1:colcon.colcon_core.package_identification:_identify(src) by extensions ['ignore', 'ignore_ament_install']
[11.438s] Level 1:colcon.colcon_core.package_identification:_identify(src) by extension 'ignore'
[11.438s] Level 1:colcon.colcon_core.package_identification:_identify(src) by extension 'ignore_ament_install'
[11.438s] Level 1:colcon.colcon_core.package_identification:_identify(src) by extensions ['colcon_pkg']
[11.438s] Level 1:colcon.colcon_core.package_identification:_identify(src) by extension 'colcon_pkg'
[11.438s] Level 1:colcon.colcon_core.package_identification:_identify(src) by extensions ['colcon_meta']
[11.438s] Level 1:colcon.colcon_core.package_identification:_identify(src) by extension 'colcon_meta'
[11.438s] Level 1:colcon.colcon_core.package_identification:_identify(src) by extensions ['ros']
[11.438s] Level 1:colcon.colcon_core.package_identification:_identify(src) by extension 'ros'
[11.439s] Level 1:colcon.colcon_core.package_identification:_identify(src) by extensions ['cmake', 'python']
[11.439s] Level 1:colcon.colcon_core.package_identification:_identify(src) by extension 'cmake'
[11.439s] Level 1:colcon.colcon_core.package_identification:_identify(src) by extension 'python'
[11.439s] Level 1:colcon.colcon_core.package_identification:_identify(src) by extensions ['python_setup_py']
[11.439s] Level 1:colcon.colcon_core.package_identification:_identify(src) by extension 'python_setup_py'
[11.439s] Level 1:colcon.colcon_core.package_identification:_identify(src/absenc_interface) by extensions ['ignore', 'ignore_ament_install']
[11.439s] Level 1:colcon.colcon_core.package_identification:_identify(src/absenc_interface) by extension 'ignore'
[11.439s] Level 1:colcon.colcon_core.package_identification:_identify(src/absenc_interface) by extension 'ignore_ament_install'
[11.439s] Level 1:colcon.colcon_core.package_identification:_identify(src/absenc_interface) by extensions ['colcon_pkg']
[11.439s] Level 1:colcon.colcon_core.package_identification:_identify(src/absenc_interface) by extension 'colcon_pkg'
[11.439s] Level 1:colcon.colcon_core.package_identification:_identify(src/absenc_interface) by extensions ['colcon_meta']
[11.439s] Level 1:colcon.colcon_core.package_identification:_identify(src/absenc_interface) by extension 'colcon_meta'
[11.440s] Level 1:colcon.colcon_core.package_identification:_identify(src/absenc_interface) by extensions ['ros']
[11.440s] Level 1:colcon.colcon_core.package_identification:_identify(src/absenc_interface) by extension 'ros'
[11.444s] DEBUG:colcon.colcon_core.package_identification:Package 'src/absenc_interface' with type 'ros.ament_cmake' and name 'absenc_interface'
[11.444s] Level 1:colcon.colcon_core.package_identification:_identify(src/arm_controller) by extensions ['ignore', 'ignore_ament_install']
[11.444s] Level 1:colcon.colcon_core.package_identification:_identify(src/arm_controller) by extension 'ignore'
[11.445s] Level 1:colcon.colcon_core.package_identification:_identify(src/arm_controller) by extension 'ignore_ament_install'
[11.445s] Level 1:colcon.colcon_core.package_identification:_identify(src/arm_controller) by extensions ['colcon_pkg']
[11.445s] Level 1:colcon.colcon_core.package_identification:_identify(src/arm_controller) by extension 'colcon_pkg'
[11.445s] Level 1:colcon.colcon_core.package_identification:_identify(src/arm_controller) by extensions ['colcon_meta']
[11.445s] Level 1:colcon.colcon_core.package_identification:_identify(src/arm_controller) by extension 'colcon_meta'
[11.445s] Level 1:colcon.colcon_core.package_identification:_identify(src/arm_controller) by extensions ['ros']
[11.445s] Level 1:colcon.colcon_core.package_identification:_identify(src/arm_controller) by extension 'ros'
[11.446s] DEBUG:colcon.colcon_core.package_identification:Package 'src/arm_controller' with type 'ros.ament_cmake' and name 'arm_controller'
[11.446s] Level 1:colcon.colcon_core.package_identification:_identify(src/arm_ik) by extensions ['ignore', 'ignore_ament_install']
[11.446s] Level 1:colcon.colcon_core.package_identification:_identify(src/arm_ik) by extension 'ignore'
[11.446s] Level 1:colcon.colcon_core.package_identification:_identify(src/arm_ik) by extension 'ignore_ament_install'
[11.446s] Level 1:colcon.colcon_core.package_identification:_identify(src/arm_ik) by extensions ['colcon_pkg']
[11.446s] Level 1:colcon.colcon_core.package_identification:_identify(src/arm_ik) by extension 'colcon_pkg'
[11.446s] Level 1:colcon.colcon_core.package_identification:_identify(src/arm_ik) by extensions ['colcon_meta']
[11.447s] Level 1:colcon.colcon_core.package_identification:_identify(src/arm_ik) by extension 'colcon_meta'
[11.447s] Level 1:colcon.colcon_core.package_identification:_identify(src/arm_ik) by extensions ['ros']
[11.447s] Level 1:colcon.colcon_core.package_identification:_identify(src/arm_ik) by extension 'ros'
[11.448s] DEBUG:colcon.colcon_core.package_identification:Package 'src/arm_ik' with type 'ros.ament_python' and name 'arm_ik'
[11.448s] Level 1:colcon.colcon_core.package_identification:_identify(src/gps) by extensions ['ignore', 'ignore_ament_install']
[11.448s] Level 1:colcon.colcon_core.package_identification:_identify(src/gps) by extension 'ignore'
[11.448s] Level 1:colcon.colcon_core.package_identification:_identify(src/gps) ignored
[11.448s] Level 1:colcon.colcon_core.package_identification:_identify(src/sil) by extensions ['ignore', 'ignore_ament_install']
[11.448s] Level 1:colcon.colcon_core.package_identification:_identify(src/sil) by extension 'ignore'
[11.449s] Level 1:colcon.colcon_core.package_identification:_identify(src/sil) by extension 'ignore_ament_install'
[11.449s] Level 1:colcon.colcon_core.package_identification:_identify(src/sil) by extensions ['colcon_pkg']
[11.449s] Level 1:colcon.colcon_core.package_identification:_identify(src/sil) by extension 'colcon_pkg'
[11.449s] Level 1:colcon.colcon_core.package_identification:_identify(src/sil) by extensions ['colcon_meta']
[11.449s] Level 1:colcon.colcon_core.package_identification:_identify(src/sil) by extension 'colcon_meta'
[11.449s] Level 1:colcon.colcon_core.package_identification:_identify(src/sil) by extensions ['ros']
[11.449s] Level 1:colcon.colcon_core.package_identification:_identify(src/sil) by extension 'ros'
[11.450s] DEBUG:colcon.colcon_core.package_identification:Package 'src/sil' with type 'ros.ament_cmake' and name 'sil'
[11.450s] Level 1:colcon.colcon_core.package_identification:_identify(src/wheels_controller) by extensions ['ignore', 'ignore_ament_install']
[11.450s] Level 1:colcon.colcon_core.package_identification:_identify(src/wheels_controller) by extension 'ignore'
[11.450s] Level 1:colcon.colcon_core.package_identification:_identify(src/wheels_controller) by extension 'ignore_ament_install'
[11.450s] Level 1:colcon.colcon_core.package_identification:_identify(src/wheels_controller) by extensions ['colcon_pkg']
[11.450s] Level 1:colcon.colcon_core.package_identification:_identify(src/wheels_controller) by extension 'colcon_pkg'
[11.451s] Level 1:colcon.colcon_core.package_identification:_identify(src/wheels_controller) by extensions ['colcon_meta']
[11.451s] Level 1:colcon.colcon_core.package_identification:_identify(src/wheels_controller) by extension 'colcon_meta'
[11.451s] Level 1:colcon.colcon_core.package_identification:_identify(src/wheels_controller) by extensions ['ros']
[11.451s] Level 1:colcon.colcon_core.package_identification:_identify(src/wheels_controller) by extension 'ros'
[11.451s] DEBUG:colcon.colcon_core.package_identification:Package 'src/wheels_controller' with type 'ros.ament_cmake' and name 'wheels_controller'
[11.451s] Level 1:colcon.colcon_core.package_discovery:discover_packages(recursive) using defaults
[11.452s] Level 1:colcon.colcon_core.package_discovery:discover_packages(ignore) discover
[11.452s] Level 1:colcon.colcon_core.package_discovery:discover_packages(ignore) using defaults
[11.452s] Level 1:colcon.colcon_core.package_discovery:discover_packages(path) discover
[11.452s] Level 1:colcon.colcon_core.package_discovery:discover_packages(path) using defaults
[12.120s] INFO:colcon.colcon_core.package_selection:Skipping not selected package 'arm_controller' in 'src/arm_controller'
[12.120s] INFO:colcon.colcon_core.package_selection:Skipping not selected package 'sil' in 'src/sil'
[12.120s] INFO:colcon.colcon_core.package_selection:Skipping not selected package 'wheels_controller' in 'src/wheels_controller'
[12.120s] INFO:colcon.colcon_core.package_selection:Skipping not selected package 'arm_ik' in 'src/arm_ik'
[12.514s] Level 1:colcon.colcon_core.package_discovery:discover_packages(prefix_path) check parameters
[12.514s] Level 1:colcon.colcon_core.package_discovery:discover_packages(prefix_path) discover
[12.713s] WARNING:colcon.colcon_ros.prefix_path.ament:The path '/home/nvidia/robotics-orin/install/wheels_controller' in the environment variable AMENT_PREFIX_PATH doesn't exist
[12.714s] WARNING:colcon.colcon_ros.prefix_path.ament:The path '/home/nvidia/robotics-orin/install/sil' in the environment variable AMENT_PREFIX_PATH doesn't exist
[12.714s] WARNING:colcon.colcon_ros.prefix_path.ament:The path '/home/nvidia/robotics-orin/install/arm_ik' in the environment variable AMENT_PREFIX_PATH doesn't exist
[12.714s] WARNING:colcon.colcon_ros.prefix_path.ament:The path '/home/nvidia/robotics-orin/install/arm_controller' in the environment variable AMENT_PREFIX_PATH doesn't exist
[12.714s] WARNING:colcon.colcon_ros.prefix_path.catkin:The path '/home/nvidia/robotics-orin/install/wheels_controller' in the environment variable CMAKE_PREFIX_PATH doesn't exist
[12.714s] WARNING:colcon.colcon_ros.prefix_path.catkin:The path '/home/nvidia/robotics-orin/install/sil' in the environment variable CMAKE_PREFIX_PATH doesn't exist
[12.714s] WARNING:colcon.colcon_ros.prefix_path.catkin:The path '/home/nvidia/robotics-orin/install/arm_controller' in the environment variable CMAKE_PREFIX_PATH doesn't exist
[12.918s] DEBUG:colcon.colcon_installed_package_information.package_discovery:Found 0 installed packages in /home/nvidia/robotics-orin/rosRoverStart/install
[13.117s] DEBUG:colcon.colcon_installed_package_information.package_discovery:Found 1 installed packages in /home/nvidia/robotics-orin/install
[13.317s] DEBUG:colcon.colcon_installed_package_information.package_discovery:Found 319 installed packages in /opt/ros/humble
[13.519s] DEBUG:colcon.colcon_installed_package_information.package_discovery:Found 290 installed packages in /opt/ros/foxy
[13.533s] Level 1:colcon.colcon_core.package_discovery:discover_packages(prefix_path) using defaults
[14.219s] Level 5:colcon.colcon_core.verb:set package 'absenc_interface' build argument 'cmake_args' from command line to 'None'
[14.219s] Level 5:colcon.colcon_core.verb:set package 'absenc_interface' build argument 'cmake_target' from command line to 'None'
[14.219s] Level 5:colcon.colcon_core.verb:set package 'absenc_interface' build argument 'cmake_target_skip_unavailable' from command line to 'False'
[14.219s] Level 5:colcon.colcon_core.verb:set package 'absenc_interface' build argument 'cmake_clean_cache' from command line to 'False'
[14.219s] Level 5:colcon.colcon_core.verb:set package 'absenc_interface' build argument 'cmake_clean_first' from command line to 'False'
[14.219s] Level 5:colcon.colcon_core.verb:set package 'absenc_interface' build argument 'cmake_force_configure' from command line to 'False'
[14.219s] Level 5:colcon.colcon_core.verb:set package 'absenc_interface' build argument 'ament_cmake_args' from command line to 'None'
[14.219s] Level 5:colcon.colcon_core.verb:set package 'absenc_interface' build argument 'catkin_cmake_args' from command line to 'None'
[14.219s] Level 5:colcon.colcon_core.verb:set package 'absenc_interface' build argument 'catkin_skip_building_tests' from command line to 'False'
[14.220s] DEBUG:colcon.colcon_core.verb:Building package 'absenc_interface' with the following arguments: {'ament_cmake_args': None, 'build_base': '/home/nvidia/robotics-orin/build/absenc_interface', 'catkin_cmake_args': None, 'catkin_skip_building_tests': False, 'cmake_args': None, 'cmake_clean_cache': False, 'cmake_clean_first': False, 'cmake_force_configure': False, 'cmake_target': None, 'cmake_target_skip_unavailable': False, 'install_base': '/home/nvidia/robotics-orin/install/absenc_interface', 'merge_install': False, 'path': '/home/nvidia/robotics-orin/src/absenc_interface', 'symlink_install': False, 'test_result_base': None}
[14.417s] INFO:colcon.colcon_core.executor:Executing jobs using 'parallel' executor
[14.617s] DEBUG:colcon.colcon_parallel_executor.executor.parallel:run_until_complete
[14.618s] INFO:colcon.colcon_ros.task.ament_cmake.build:Building ROS package in '/home/nvidia/robotics-orin/src/absenc_interface' with build type 'ament_cmake'
[14.618s] INFO:colcon.colcon_cmake.task.cmake.build:Building CMake package in '/home/nvidia/robotics-orin/src/absenc_interface'
[14.831s] INFO:colcon.colcon_core.plugin_system:Skipping extension 'colcon_core.shell.bat': Not used on non-Windows systems
[14.832s] INFO:colcon.colcon_core.shell:Skip shell extension 'powershell' for command environment: Not usable outside of PowerShell
[14.832s] DEBUG:colcon.colcon_core.shell:Skip shell extension 'dsv' for command environment
[15.888s] DEBUG:colcon.colcon_core.event_handler.log_command:Invoking command in '/home/nvidia/robotics-orin/build/absenc_interface': CMAKE_PREFIX_PATH=${CMAKE_PREFIX_PATH}:/opt/ros/humble:/home/nvidia/robotics-orin/install/arm_ik:/opt/ros/foxy CONDA_PROMPT_MODIFIER=(base) /usr/bin/cmake /home/nvidia/robotics-orin/src/absenc_interface -DCMAKE_INSTALL_PREFIX=/home/nvidia/robotics-orin/install/absenc_interface
[17.268s] DEBUG:colcon.colcon_core.event_handler.log_command:Invoked command in '/home/nvidia/robotics-orin/build/absenc_interface' returned '1': CMAKE_PREFIX_PATH=${CMAKE_PREFIX_PATH}:/opt/ros/humble:/home/nvidia/robotics-orin/install/arm_ik:/opt/ros/foxy CONDA_PROMPT_MODIFIER=(base) /usr/bin/cmake /home/nvidia/robotics-orin/src/absenc_interface -DCMAKE_INSTALL_PREFIX=/home/nvidia/robotics-orin/install/absenc_interface
[17.296s] Level 1:colcon.colcon_core.environment:create_environment_scripts_only(absenc_interface)
[17.517s] Level 1:colcon.colcon_core.environment:checking '/home/nvidia/robotics-orin/install/absenc_interface' for CMake module files
[17.518s] Level 1:colcon.colcon_core.environment:checking '/home/nvidia/robotics-orin/install/absenc_interface' for CMake config files
[17.519s] Level 1:colcon.colcon_core.environment:checking '/home/nvidia/robotics-orin/install/absenc_interface/bin'
[17.519s] Level 1:colcon.colcon_core.environment:checking '/home/nvidia/robotics-orin/install/absenc_interface/lib/pkgconfig/absenc_interface.pc'
[17.519s] Level 1:colcon.colcon_core.environment:checking '/home/nvidia/robotics-orin/install/absenc_interface/lib/python3.8/site-packages'
[17.520s] Level 1:colcon.colcon_core.environment:checking '/home/nvidia/robotics-orin/install/absenc_interface/bin'
[17.726s] INFO:colcon.colcon_core.shell:Creating package script '/home/nvidia/robotics-orin/install/absenc_interface/share/absenc_interface/package.ps1'
[17.728s] INFO:colcon.colcon_core.shell:Creating package descriptor '/home/nvidia/robotics-orin/install/absenc_interface/share/absenc_interface/package.dsv'
[17.729s] INFO:colcon.colcon_core.shell:Creating package script '/home/nvidia/robotics-orin/install/absenc_interface/share/absenc_interface/package.sh'
[17.730s] INFO:colcon.colcon_core.shell:Creating package script '/home/nvidia/robotics-orin/install/absenc_interface/share/absenc_interface/package.bash'
[17.731s] INFO:colcon.colcon_core.shell:Creating package script '/home/nvidia/robotics-orin/install/absenc_interface/share/absenc_interface/package.zsh'
[17.732s] Level 1:colcon.colcon_core.environment:create_file_with_runtime_dependencies(/home/nvidia/robotics-orin/install/absenc_interface/share/colcon-core/packages/absenc_interface)
[17.743s] DEBUG:colcon.colcon_parallel_executor.executor.parallel:closing loop
[17.744s] DEBUG:colcon.colcon_parallel_executor.executor.parallel:loop closed
[17.744s] DEBUG:colcon.colcon_parallel_executor.executor.parallel:run_until_complete finished with '1'
[17.744s] DEBUG:colcon.colcon_core.event_reactor:joining thread
[17.970s] INFO:colcon.colcon_core.plugin_system:Skipping extension 'colcon_notification.desktop_notification.terminal_notifier': Not used on non-Darwin systems
[17.970s] INFO:colcon.colcon_core.plugin_system:Skipping extension 'colcon_notification.desktop_notification.win32': Not used on non-Windows systems
[17.971s] INFO:colcon.colcon_notification.desktop_notification:Sending desktop notification using 'notify2'
[17.998s] DEBUG:colcon.colcon_core.event_reactor:joined thread
[18.242s] INFO:colcon.colcon_core.shell:Creating prefix script '/home/nvidia/robotics-orin/install/local_setup.ps1'
[18.244s] INFO:colcon.colcon_core.shell:Creating prefix util module '/home/nvidia/robotics-orin/install/_local_setup_util_ps1.py'
[18.247s] INFO:colcon.colcon_core.shell:Creating prefix chain script '/home/nvidia/robotics-orin/install/setup.ps1'
[18.448s] INFO:colcon.colcon_core.shell:Creating prefix script '/home/nvidia/robotics-orin/install/local_setup.sh'
[18.449s] INFO:colcon.colcon_core.shell:Creating prefix util module '/home/nvidia/robotics-orin/install/_local_setup_util_sh.py'
[18.450s] INFO:colcon.colcon_core.shell:Creating prefix chain script '/home/nvidia/robotics-orin/install/setup.sh'
[18.650s] INFO:colcon.colcon_core.shell:Creating prefix script '/home/nvidia/robotics-orin/install/local_setup.bash'
[18.651s] INFO:colcon.colcon_core.shell:Creating prefix chain script '/home/nvidia/robotics-orin/install/setup.bash'
[18.854s] INFO:colcon.colcon_core.shell:Creating prefix script '/home/nvidia/robotics-orin/install/local_setup.zsh'
[18.855s] INFO:colcon.colcon_core.shell:Creating prefix chain script '/home/nvidia/robotics-orin/install/setup.zsh'
