[0.469s] Invoking command in '/home/nvidia/robotics-orin/build/wheels_controller': CMAKE_PREFIX_PATH=${CMAKE_PREFIX_PATH}:/opt/ros/foxy:/home/nvidia/ros2_humble/install/ament_uncrustify:/home/nvidia/ros2_humble/install/tracetools_trace:/home/nvidia/ros2_humble/install/tracetools_read:/home/nvidia/ros2_humble/install/sensor_msgs_py:/home/nvidia/ros2_humble/install/rpyutils:/home/nvidia/ros2_humble/install/rosidl_runtime_py:/home/nvidia/ros2_humble/install/rosidl_cli:/home/nvidia/ros2_humble/install/launch_pytest:/home/nvidia/ros2_humble/install/launch_testing:/home/nvidia/ros2_humble/install/launch_yaml:/home/nvidia/ros2_humble/install/launch_xml:/home/nvidia/ros2_humble/install/launch:/home/nvidia/ros2_humble/install/osrf_pycommon:/home/nvidia/ros2_humble/install/domain_coordinator:/home/nvidia/ros2_humble/install/ament_xmllint:/home/nvidia/ros2_humble/install/ament_pyflakes:/home/nvidia/ros2_humble/install/ament_pycodestyle:/home/nvidia/ros2_humble/install/ament_pep257:/home/nvidia/ros2_humble/install/ament_pclint:/home/nvidia/ros2_humble/install/ament_package:/home/nvidia/ros2_humble/install/ament_mypy:/home/nvidia/ros2_humble/install/ament_lint_cmake:/home/nvidia/ros2_humble/install/ament_flake8:/home/nvidia/ros2_humble/install/ament_copyright:/home/nvidia/ros2_humble/install/ament_lint:/home/nvidia/ros2_humble/install/ament_index_python:/home/nvidia/ros2_humble/install/ament_cpplint:/home/nvidia/ros2_humble/install/ament_cppcheck:/home/nvidia/ros2_humble/install/ament_clang_tidy:/home/nvidia/ros2_humble/install/ament_clang_format CONDA_PROMPT_MODIFIER=(base) /usr/bin/cmake /home/nvidia/robotics-orin/src/wheels_controller -DAMENT_CMAKE_SYMLINK_INSTALL=1 -DCMAKE_INSTALL_PREFIX=/home/nvidia/robotics-orin/install/wheels_controller
[0.503s] -- Found ament_cmake: 0.9.12 (/opt/ros/foxy/share/ament_cmake/cmake)
[0.558s] -- Using PYTHON_EXECUTABLE: /home/nvidia/anaconda3/bin/python3
[0.946s] -- Override CMake install command with custom implementation using symlinks instead of copying resources
[0.956s] -- Found rclcpp: 2.4.3 (/opt/ros/foxy/share/rclcpp/cmake)
[1.041s] -- Using all available rosidl_typesupport_c: rosidl_typesupport_fastrtps_c;rosidl_typesupport_introspection_c
[1.045s] -- Found rosidl_adapter: 1.3.1 (/opt/ros/foxy/share/rosidl_adapter/cmake)
[1.245s] -- Using all available rosidl_typesupport_cpp: rosidl_typesupport_fastrtps_cpp;rosidl_typesupport_introspection_cpp
[1.316s] -- Found rmw_implementation_cmake: 1.0.4 (/opt/ros/foxy/share/rmw_implementation_cmake/cmake)
[1.336s] -- Using RMW implementation 'rmw_fastrtps_cpp' as default
[1.531s] -- Found geometry_msgs: 2.0.5 (/opt/ros/foxy/share/geometry_msgs/cmake)
[1.576s] -- Found sensor_msgs: 2.0.5 (/opt/ros/foxy/share/sensor_msgs/cmake)
[1.674s] -- Found rosidl_default_generators: 1.0.1 (/opt/ros/foxy/share/rosidl_default_generators/cmake)
[1.800s] Traceback (most recent call last):
[1.800s]   File "/opt/ros/foxy/share/ament_cmake_core/cmake/core/package_xml_2_cmake.py", line 21, in <module>
[1.802s]     from catkin_pkg.package import parse_package_string
[1.802s] ModuleNotFoundError: No module named 'catkin_pkg'
[1.808s] CMake Error at /opt/ros/foxy/share/ament_cmake_core/cmake/core/ament_package_xml.cmake:94 (message):
[1.809s]   execute_process(/home/nvidia/anaconda3/bin/python3
[1.809s]   /opt/ros/foxy/share/ament_cmake_core/cmake/core/package_xml_2_cmake.py
[1.809s]   /home/nvidia/robotics-orin/src/wheels_controller/package.xml
[1.810s]   /home/nvidia/robotics-orin/build/wheels_controller/ament_cmake_core/package.cmake)
[1.810s]   returned error code 1
[1.810s] Call Stack (most recent call first):
[1.810s]   /opt/ros/foxy/share/ament_cmake_core/cmake/core/ament_package_xml.cmake:49 (_ament_package_xml)
[1.811s]   /opt/ros/foxy/share/ament_cmake_core/cmake/core/ament_package.cmake:63 (ament_package_xml)
[1.811s]   CMakeLists.txt:42 (ament_package)
[1.811s] 
[1.812s] 
[1.813s] -- Configuring incomplete, errors occurred!
[1.813s] See also "/home/nvidia/robotics-orin/build/wheels_controller/CMakeFiles/CMakeOutput.log".
[1.813s] See also "/home/nvidia/robotics-orin/build/wheels_controller/CMakeFiles/CMakeError.log".
