[  9%] Built target arm_controller__rosidl_generator_c
[ 12%] Built target arm_controller__cpp
[ 30%] Built target arm_controller__rosidl_typesupport_c
[ 39%] Built target arm_controller__rosidl_typesupport_cpp
[ 39%] Built target arm_controller__rosidl_typesupport_introspection_c
[ 48%] Built target arm_controller__rosidl_typesupport_fastrtps_cpp
[ 57%] Built target arm_controller__rosidl_typesupport_introspection_cpp
[ 66%] Built target arm_controller__rosidl_typesupport_fastrtps_c
[ 66%] Built target arm_controller
[35m[1mScanning dependencies of target arm_controller_node[0m
[ 69%] Built target arm_controller__py
[ 72%] [32mBuilding CXX object CMakeFiles/arm_controller_node.dir/src/arm_controller_node.cpp.o[0m
[ 78%] Built target arm_controller__python
[ 84%] Built target arm_controller__rosidl_typesupport_c__pyext
[ 90%] Built target arm_controller__rosidl_typesupport_introspection_c__pyext
[ 96%] Built target arm_controller__rosidl_typesupport_fastrtps_c__pyext
[01m[K/home/nvidia/robotics-orin/src/arm_controller/src/arm_controller_node.cpp:[m[K In member function ‘[01m[Kvoid ArmControllerNode::ArmMessageCallback(arm_controller::msg::ArmMotorValues_<std::allocator<void> >::SharedPtr)[m[K’:
[01m[K/home/nvidia/robotics-orin/src/arm_controller/src/arm_controller_node.cpp:62:9:[m[K [01;35m[Kwarning: [m[Kunused variable ‘[01m[Kstatus[m[K’ [[01;35m[K-Wunused-variable[m[K]
   62 |     int [01;35m[Kstatus[m[K = write(fd,out_buf,sizeof(out_buf));
      |         [01;35m[K^~~~~~[m[K
[01m[K/home/nvidia/robotics-orin/src/arm_controller/src/arm_controller_node.cpp:[m[K In member function ‘[01m[Kvoid ArmControllerNode::JoyMessageCallback(sensor_msgs::msg::Joy_<std::allocator<void> >::SharedPtr)[m[K’:
[01m[K/home/nvidia/robotics-orin/src/arm_controller/src/arm_controller_node.cpp:110:9:[m[K [01;35m[Kwarning: [m[Kunused variable ‘[01m[Kstatus[m[K’ [[01;35m[K-Wunused-variable[m[K]
  110 |     int [01;35m[Kstatus[m[K = write(fd,out_buf,sizeof(out_buf));
      |         [01;35m[K^~~~~~[m[K
[100%] [32m[1mLinking CXX executable arm_controller_node[0m
[100%] Built target arm_controller_node
-- Install configuration: ""
-- Execute custom install script
-- Up-to-date symlink: /home/nvidia/robotics-orin/install/arm_controller/share/ament_index/resource_index/rosidl_interfaces/arm_controller
-- Up-to-date symlink: /home/nvidia/robotics-orin/install/arm_controller/include/arm_controller/msg/arm_motor_values.h
-- Up-to-date symlink: /home/nvidia/robotics-orin/install/arm_controller/include/arm_controller/msg/detail/arm_motor_values__functions.h
-- Up-to-date symlink: /home/nvidia/robotics-orin/install/arm_controller/include/arm_controller/msg/detail/arm_motor_values__struct.h
-- Up-to-date symlink: /home/nvidia/robotics-orin/install/arm_controller/include/arm_controller/msg/detail/arm_motor_values__type_support.h
-- Up-to-date symlink: /home/nvidia/robotics-orin/install/arm_controller/include/arm_controller/msg/rosidl_generator_c__visibility_control.h
-- Up-to-date symlink: /home/nvidia/robotics-orin/install/arm_controller/share/arm_controller/environment/library_path.sh
-- Up-to-date symlink: /home/nvidia/robotics-orin/install/arm_controller/share/arm_controller/environment/library_path.dsv
-- Up-to-date symlink: /home/nvidia/robotics-orin/install/arm_controller/include/arm_controller/msg/detail/arm_motor_values__rosidl_typesupport_fastrtps_c.h
-- Up-to-date symlink: /home/nvidia/robotics-orin/install/arm_controller/include/arm_controller/msg/rosidl_typesupport_fastrtps_c__visibility_control.h
-- Up-to-date symlink: /home/nvidia/robotics-orin/install/arm_controller/lib/libarm_controller__rosidl_typesupport_fastrtps_c.so
-- Up-to-date symlink: /home/nvidia/robotics-orin/install/arm_controller/include/arm_controller/msg/detail/arm_motor_values__rosidl_typesupport_fastrtps_cpp.hpp
-- Up-to-date symlink: /home/nvidia/robotics-orin/install/arm_controller/include/arm_controller/msg/rosidl_typesupport_fastrtps_cpp__visibility_control.h
-- Up-to-date symlink: /home/nvidia/robotics-orin/install/arm_controller/lib/libarm_controller__rosidl_typesupport_fastrtps_cpp.so
-- Up-to-date symlink: /home/nvidia/robotics-orin/install/arm_controller/include/arm_controller/msg/detail/arm_motor_values__rosidl_typesupport_introspection_c.h
-- Up-to-date symlink: /home/nvidia/robotics-orin/install/arm_controller/include/arm_controller/msg/rosidl_typesupport_introspection_c__visibility_control.h
-- Up-to-date symlink: /home/nvidia/robotics-orin/install/arm_controller/include/arm_controller/msg/arm_motor_values.hpp
-- Up-to-date symlink: /home/nvidia/robotics-orin/install/arm_controller/include/arm_controller/msg/detail/arm_motor_values__builder.hpp
-- Up-to-date symlink: /home/nvidia/robotics-orin/install/arm_controller/include/arm_controller/msg/detail/arm_motor_values__struct.hpp
-- Up-to-date symlink: /home/nvidia/robotics-orin/install/arm_controller/include/arm_controller/msg/detail/arm_motor_values__traits.hpp
-- Up-to-date symlink: /home/nvidia/robotics-orin/install/arm_controller/include/arm_controller/msg/detail/arm_motor_values__type_support.hpp
-- Up-to-date symlink: /home/nvidia/robotics-orin/install/arm_controller/include/arm_controller/msg/rosidl_generator_cpp__visibility_control.hpp
-- Up-to-date symlink: /home/nvidia/robotics-orin/install/arm_controller/include/arm_controller/msg/detail/arm_motor_values__rosidl_typesupport_introspection_cpp.hpp
-- Up-to-date symlink: /home/nvidia/robotics-orin/install/arm_controller/share/arm_controller/environment/pythonpath.sh
-- Up-to-date symlink: /home/nvidia/robotics-orin/install/arm_controller/share/arm_controller/environment/pythonpath.dsv
-- Up-to-date symlink: /home/nvidia/robotics-orin/install/arm_controller/lib/python3.11/site-packages/arm_controller/__init__.py
-- Up-to-date symlink: /home/nvidia/robotics-orin/install/arm_controller/lib/python3.11/site-packages/arm_controller/msg/__init__.py
-- Up-to-date symlink: /home/nvidia/robotics-orin/install/arm_controller/lib/python3.11/site-packages/arm_controller/msg/_arm_motor_values.py
-- Up-to-date symlink: /home/nvidia/robotics-orin/install/arm_controller/lib/python3.11/site-packages/arm_controller/arm_controller_s__rosidl_typesupport_fastrtps_c.cpython-311-aarch64-linux-gnu.so
-- Up-to-date symlink: /home/nvidia/robotics-orin/install/arm_controller/lib/python3.11/site-packages/arm_controller/arm_controller_s__rosidl_typesupport_introspection_c.cpython-311-aarch64-linux-gnu.so
-- Up-to-date symlink: /home/nvidia/robotics-orin/install/arm_controller/lib/python3.11/site-packages/arm_controller/arm_controller_s__rosidl_typesupport_c.cpython-311-aarch64-linux-gnu.so
-- Up-to-date symlink: /home/nvidia/robotics-orin/install/arm_controller/lib/libarm_controller__python.so
-- Up-to-date symlink: /home/nvidia/robotics-orin/install/arm_controller/share/arm_controller/msg/ArmMotorValues.idl
-- Up-to-date symlink: /home/nvidia/robotics-orin/install/arm_controller/share/arm_controller/msg/ArmMotorValues.msg
-- Up-to-date symlink: /home/nvidia/robotics-orin/install/arm_controller/lib/arm_controller/arm_controller_node
-- Up-to-date symlink: /home/nvidia/robotics-orin/install/arm_controller/share/ament_index/resource_index/package_run_dependencies/arm_controller
-- Up-to-date symlink: /home/nvidia/robotics-orin/install/arm_controller/share/ament_index/resource_index/parent_prefix_path/arm_controller
-- Up-to-date symlink: /home/nvidia/robotics-orin/install/arm_controller/share/arm_controller/environment/ament_prefix_path.sh
-- Up-to-date symlink: /home/nvidia/robotics-orin/install/arm_controller/share/arm_controller/environment/ament_prefix_path.dsv
-- Up-to-date symlink: /home/nvidia/robotics-orin/install/arm_controller/share/arm_controller/environment/path.sh
-- Up-to-date symlink: /home/nvidia/robotics-orin/install/arm_controller/share/arm_controller/environment/path.dsv
-- Up-to-date symlink: /home/nvidia/robotics-orin/install/arm_controller/share/arm_controller/local_setup.bash
-- Up-to-date symlink: /home/nvidia/robotics-orin/install/arm_controller/share/arm_controller/local_setup.sh
-- Up-to-date symlink: /home/nvidia/robotics-orin/install/arm_controller/share/arm_controller/local_setup.zsh
-- Up-to-date symlink: /home/nvidia/robotics-orin/install/arm_controller/share/arm_controller/local_setup.dsv
-- Symlinking: /home/nvidia/robotics-orin/install/arm_controller/share/arm_controller/package.dsv
-- Up-to-date symlink: /home/nvidia/robotics-orin/install/arm_controller/share/ament_index/resource_index/packages/arm_controller
-- Up-to-date symlink: /home/nvidia/robotics-orin/install/arm_controller/share/arm_controller/cmake/rosidl_cmake-extras.cmake
-- Up-to-date symlink: /home/nvidia/robotics-orin/install/arm_controller/share/arm_controller/cmake/ament_cmake_export_dependencies-extras.cmake
-- Up-to-date symlink: /home/nvidia/robotics-orin/install/arm_controller/share/arm_controller/cmake/ament_cmake_export_libraries-extras.cmake
-- Up-to-date symlink: /home/nvidia/robotics-orin/install/arm_controller/share/arm_controller/cmake/ament_cmake_export_targets-extras.cmake
-- Up-to-date symlink: /home/nvidia/robotics-orin/install/arm_controller/share/arm_controller/cmake/ament_cmake_export_include_directories-extras.cmake
-- Up-to-date symlink: /home/nvidia/robotics-orin/install/arm_controller/share/arm_controller/cmake/rosidl_cmake_export_typesupport_libraries-extras.cmake
-- Up-to-date symlink: /home/nvidia/robotics-orin/install/arm_controller/share/arm_controller/cmake/rosidl_cmake_export_typesupport_targets-extras.cmake
-- Up-to-date symlink: /home/nvidia/robotics-orin/install/arm_controller/share/arm_controller/cmake/arm_controllerConfig.cmake
-- Up-to-date symlink: /home/nvidia/robotics-orin/install/arm_controller/share/arm_controller/cmake/arm_controllerConfig-version.cmake
-- Up-to-date symlink: /home/nvidia/robotics-orin/install/arm_controller/share/arm_controller/package.xml
-- Up-to-date: /home/nvidia/robotics-orin/install/arm_controller/lib/libarm_controller__rosidl_generator_c.so
-- Up-to-date: /home/nvidia/robotics-orin/install/arm_controller/lib/libarm_controller__rosidl_typesupport_introspection_c.so
-- Up-to-date: /home/nvidia/robotics-orin/install/arm_controller/lib/libarm_controller__rosidl_typesupport_c.so
-- Up-to-date: /home/nvidia/robotics-orin/install/arm_controller/lib/libarm_controller__rosidl_typesupport_introspection_cpp.so
-- Up-to-date: /home/nvidia/robotics-orin/install/arm_controller/lib/libarm_controller__rosidl_typesupport_cpp.so
-- Up-to-date: /home/nvidia/robotics-orin/install/arm_controller/share/arm_controller/cmake/arm_controller__rosidl_generator_cExport.cmake
-- Up-to-date: /home/nvidia/robotics-orin/install/arm_controller/share/arm_controller/cmake/arm_controller__rosidl_generator_cExport-noconfig.cmake
-- Up-to-date: /home/nvidia/robotics-orin/install/arm_controller/share/arm_controller/cmake/arm_controller__rosidl_typesupport_introspection_cExport.cmake
-- Up-to-date: /home/nvidia/robotics-orin/install/arm_controller/share/arm_controller/cmake/arm_controller__rosidl_typesupport_introspection_cExport-noconfig.cmake
-- Up-to-date: /home/nvidia/robotics-orin/install/arm_controller/share/arm_controller/cmake/arm_controller__rosidl_typesupport_cExport.cmake
-- Up-to-date: /home/nvidia/robotics-orin/install/arm_controller/share/arm_controller/cmake/arm_controller__rosidl_typesupport_cExport-noconfig.cmake
-- Up-to-date: /home/nvidia/robotics-orin/install/arm_controller/share/arm_controller/cmake/arm_controller__rosidl_generator_cppExport.cmake
-- Up-to-date: /home/nvidia/robotics-orin/install/arm_controller/share/arm_controller/cmake/arm_controller__rosidl_typesupport_introspection_cppExport.cmake
-- Up-to-date: /home/nvidia/robotics-orin/install/arm_controller/share/arm_controller/cmake/arm_controller__rosidl_typesupport_introspection_cppExport-noconfig.cmake
-- Up-to-date: /home/nvidia/robotics-orin/install/arm_controller/share/arm_controller/cmake/arm_controller__rosidl_typesupport_cppExport.cmake
-- Up-to-date: /home/nvidia/robotics-orin/install/arm_controller/share/arm_controller/cmake/arm_controller__rosidl_typesupport_cppExport-noconfig.cmake
