[  8%] Built target absenc_interface__cpp
[ 11%] Built target absenc_interface__rosidl_generator_c
[ 20%] Built target absenc_interface__rosidl_typesupport_cpp
[ 29%] Built target absenc_interface__rosidl_typesupport_fastrtps_cpp
[ 41%] Built target absenc_interface__rosidl_typesupport_introspection_c
[ 52%] Built target absenc_interface__rosidl_typesupport_introspection_cpp
[ 55%] Built target absenc_interface__rosidl_typesupport_c
[ 64%] Built target absenc_interface__rosidl_typesupport_fastrtps_c
[ 64%] Built target absenc_interface
[ 67%] Built target absenc_interface__py
[ 70%] [32mBuilding CXX object CMakeFiles/absenc_node.dir/src/absenc_node.cpp.o[0m
[ 76%] Built target absenc_interface__python
[ 82%] Built target absenc_interface__rosidl_typesupport_c__pyext
[ 88%] Built target absenc_interface__rosidl_typesupport_introspection_c__pyext
[ 94%] Built target absenc_interface__rosidl_typesupport_fastrtps_c__pyext
[01m[K/home/nvidia/robotics-orin/src/absenc_interface/src/absenc_node.cpp:12:10:[m[K [01;31m[Kfatal error: [m[Karm_controller/msg/arm_motor_values.hpp: No such file or directory
   12 | #include [01;31m[K"arm_controller/msg/arm_motor_values.hpp"[m[K
      |          [01;31m[K^~~~~~~~~~~~~~~~~~~~~~~~~~~~~~~~~~~~~~~~~[m[K
compilation terminated.
make[2]: *** [CMakeFiles/absenc_node.dir/build.make:63: CMakeFiles/absenc_node.dir/src/absenc_node.cpp.o] Error 1
make[1]: *** [CMakeFiles/Makefile2:124: CMakeFiles/absenc_node.dir/all] Error 2
make: *** [Makefile:141: all] Error 2
