[1.297s] Invoking command in '/home/nvidia/robotics-orin/build/arm_controller': CMAKE_PREFIX_PATH=${CMAKE_PREFIX_PATH}:/opt/ros/foxy:/home/nvidia/ros2_humble/install/ament_uncrustify:/home/nvidia/ros2_humble/install/tracetools_trace:/home/nvidia/ros2_humble/install/tracetools_read:/home/nvidia/ros2_humble/install/sensor_msgs_py:/home/nvidia/ros2_humble/install/rpyutils:/home/nvidia/ros2_humble/install/rosidl_runtime_py:/home/nvidia/ros2_humble/install/rosidl_cli:/home/nvidia/ros2_humble/install/launch_pytest:/home/nvidia/ros2_humble/install/launch_testing:/home/nvidia/ros2_humble/install/launch_yaml:/home/nvidia/ros2_humble/install/launch_xml:/home/nvidia/ros2_humble/install/launch:/home/nvidia/ros2_humble/install/osrf_pycommon:/home/nvidia/ros2_humble/install/domain_coordinator:/home/nvidia/ros2_humble/install/ament_xmllint:/home/nvidia/ros2_humble/install/ament_pyflakes:/home/nvidia/ros2_humble/install/ament_pycodestyle:/home/nvidia/ros2_humble/install/ament_pep257:/home/nvidia/ros2_humble/install/ament_pclint:/home/nvidia/ros2_humble/install/ament_package:/home/nvidia/ros2_humble/install/ament_mypy:/home/nvidia/ros2_humble/install/ament_lint_cmake:/home/nvidia/ros2_humble/install/ament_flake8:/home/nvidia/ros2_humble/install/ament_copyright:/home/nvidia/ros2_humble/install/ament_lint:/home/nvidia/ros2_humble/install/ament_index_python:/home/nvidia/ros2_humble/install/ament_cpplint:/home/nvidia/ros2_humble/install/ament_cppcheck:/home/nvidia/ros2_humble/install/ament_clang_tidy:/home/nvidia/ros2_humble/install/ament_clang_format CONDA_PROMPT_MODIFIER=(base) /usr/bin/cmake /home/nvidia/robotics-orin/src/arm_controller -DAMENT_CMAKE_SYMLINK_INSTALL=1 -DCMAKE_INSTALL_PREFIX=/home/nvidia/robotics-orin/install/arm_controller
[1.325s] -- Found ament_cmake: 0.9.12 (/opt/ros/foxy/share/ament_cmake/cmake)
[1.377s] -- Found PythonInterp: /home/nvidia/anaconda3/bin/python3 (found suitable version "3.11.5", minimum required is "3") 
[1.377s] -- Using PYTHON_EXECUTABLE: /home/nvidia/anaconda3/bin/python3
[1.753s] -- Override CMake install command with custom implementation using symlinks instead of copying resources
[1.760s] -- Found rclcpp: 2.4.3 (/opt/ros/foxy/share/rclcpp/cmake)
[1.846s] -- Using all available rosidl_typesupport_c: rosidl_typesupport_fastrtps_c;rosidl_typesupport_introspection_c
[1.850s] -- Found rosidl_adapter: 1.3.1 (/opt/ros/foxy/share/rosidl_adapter/cmake)
[2.056s] -- Using all available rosidl_typesupport_cpp: rosidl_typesupport_fastrtps_cpp;rosidl_typesupport_introspection_cpp
[2.127s] -- Found rmw_implementation_cmake: 1.0.4 (/opt/ros/foxy/share/rmw_implementation_cmake/cmake)
[2.147s] -- Using RMW implementation 'rmw_fastrtps_cpp' as default
[2.343s] -- Found sensor_msgs: 2.0.5 (/opt/ros/foxy/share/sensor_msgs/cmake)
[2.499s] -- Found rosidl_default_generators: 1.0.1 (/opt/ros/foxy/share/rosidl_default_generators/cmake)
[2.579s] CMake Warning at CMakeLists.txt:18 (find_package):
[2.580s]   By not providing "FindJetsonGPIO.cmake" in CMAKE_MODULE_PATH this project
[2.581s]   has asked CMake to find a package configuration file provided by
[2.581s]   "JetsonGPIO", but CMake did not find one.
[2.582s] 
[2.582s]   Could not find a package configuration file provided by "JetsonGPIO" with
[2.582s]   any of the following names:
[2.582s] 
[2.583s]     JetsonGPIOConfig.cmake
[2.583s]     jetsongpio-config.cmake
[2.583s] 
[2.583s]   Add the installation prefix of "JetsonGPIO" to CMAKE_PREFIX_PATH or set
[2.583s]   "JetsonGPIO_DIR" to a directory containing one of the above files.  If
[2.583s]   "JetsonGPIO" provides a separate development package or SDK, be sure it has
[2.584s]   been installed.
[2.584s] 
[2.585s] 
[2.634s] -- Found PythonInterp: /home/nvidia/anaconda3/bin/python3 (found version "3.11.5") 
[2.767s] CMake Error at /opt/ros/foxy/share/rosidl_adapter/cmake/rosidl_adapt_interfaces.cmake:60 (message):
[2.767s]   execute_process(/home/nvidia/anaconda3/bin/python3 -m rosidl_adapter
[2.768s]   --package-name arm_controller --arguments-file
[2.768s]   /home/nvidia/robotics-orin/build/arm_controller/rosidl_adapter__arguments__arm_controller.json
[2.768s]   --output-dir
[2.768s]   /home/nvidia/robotics-orin/build/arm_controller/rosidl_adapter/arm_controller
[2.768s]   --output-file
[2.768s]   /home/nvidia/robotics-orin/build/arm_controller/rosidl_adapter/arm_controller.idls)
[2.768s]   returned error code 1:
[2.769s] 
[2.769s]   Traceback (most recent call last):
[2.770s] 
[2.771s]     File "<frozen runpy>", line 198, in _run_module_as_main
[2.772s]     File "<frozen runpy>", line 88, in _run_code
[2.773s]     File "/opt/ros/foxy/lib/python3.8/site-packages/rosidl_adapter/__main__.py", line 19, in <module>
[2.773s]       sys.exit(main())
[2.774s]                ^^^^^^
[2.775s]     File "/opt/ros/foxy/lib/python3.8/site-packages/rosidl_adapter/main.py", line 53, in main
[2.776s]       abs_idl_file = convert_to_idl(
[2.776s]                      ^^^^^^^^^^^^^^^
[2.777s]     File "/opt/ros/foxy/lib/python3.8/site-packages/rosidl_adapter/__init__.py", line 18, in convert_to_idl
[2.778s]       from rosidl_adapter.msg import convert_msg_to_idl
[2.779s]     File "/opt/ros/foxy/lib/python3.8/site-packages/rosidl_adapter/msg/__init__.py", line 16, in <module>
[2.780s]       from rosidl_adapter.resource import expand_template
[2.783s]     File "/opt/ros/foxy/lib/python3.8/site-packages/rosidl_adapter/resource/__init__.py", line 19, in <module>
[2.783s]       import em
[2.784s] 
[2.785s]   ModuleNotFoundError: No module named 'em'
[2.786s] 
[2.786s] Call Stack (most recent call first):
[2.787s]   /opt/ros/foxy/share/rosidl_cmake/cmake/rosidl_generate_interfaces.cmake:130 (rosidl_adapt_interfaces)
[2.788s]   CMakeLists.txt:20 (rosidl_generate_interfaces)
[2.789s] 
[2.790s] 
[2.794s] -- Configuring incomplete, errors occurred!
[2.794s] See also "/home/nvidia/robotics-orin/build/arm_controller/CMakeFiles/CMakeOutput.log".
[2.795s] See also "/home/nvidia/robotics-orin/build/arm_controller/CMakeFiles/CMakeError.log".
