-- Found ament_cmake: 0.9.12 (/opt/ros/foxy/share/ament_cmake/cmake)
-- Found PythonInterp: /home/nvidia/anaconda3/bin/python3 (found suitable version "3.11.5", minimum required is "3") 
-- Using PYTHON_EXECUTABLE: /home/nvidia/anaconda3/bin/python3
-- Override CMake install command with custom implementation using symlinks instead of copying resources
-- Found rclcpp: 2.4.3 (/opt/ros/foxy/share/rclcpp/cmake)
-- Using all available rosidl_typesupport_c: rosidl_typesupport_fastrtps_c;rosidl_typesupport_introspection_c
-- Found rosidl_adapter: 1.3.1 (/opt/ros/foxy/share/rosidl_adapter/cmake)
-- Using all available rosidl_typesupport_cpp: rosidl_typesupport_fastrtps_cpp;rosidl_typesupport_introspection_cpp
-- Found rmw_implementation_cmake: 1.0.4 (/opt/ros/foxy/share/rmw_implementation_cmake/cmake)
-- Using RMW implementation 'rmw_fastrtps_cpp' as default
-- Found sensor_msgs: 2.0.5 (/opt/ros/foxy/share/sensor_msgs/cmake)
-- Found rosidl_default_generators: 1.0.1 (/opt/ros/foxy/share/rosidl_default_generators/cmake)
-- Found PythonInterp: /home/nvidia/anaconda3/bin/python3 (found version "3.11.5") 
-- Found ament_cmake_ros: 0.9.2 (/opt/ros/foxy/share/ament_cmake_ros/cmake)
-- Using all available rosidl_typesupport_c: rosidl_typesupport_fastrtps_c;rosidl_typesupport_introspection_c
-- Using all available rosidl_typesupport_cpp: rosidl_typesupport_fastrtps_cpp;rosidl_typesupport_introspection_cpp
-- Found PythonInterp: /home/nvidia/anaconda3/bin/python3 (found suitable version "3.11.5", minimum required is "3.5") 
-- Found python_cmake_module: 0.8.1 (/opt/ros/foxy/share/python_cmake_module/cmake)
-- Using PYTHON_EXECUTABLE: /home/nvidia/anaconda3/bin/python3
-- Using PYTHON_INCLUDE_DIRS: /home/nvidia/anaconda3/include/python3.11
-- Using PYTHON_LIBRARIES: /home/nvidia/anaconda3/lib/libpython3.11.so
-- Configuring done
-- Generating done
-- Build files have been written to: /home/nvidia/robotics-orin/build/arm_controller
[  9%] Built target arm_controller__rosidl_generator_c
[ 12%] Built target arm_controller__cpp
[ 30%] Built target arm_controller__rosidl_typesupport_cpp
[ 30%] Built target arm_controller__rosidl_typesupport_introspection_c
[ 39%] Built target arm_controller__rosidl_typesupport_fastrtps_cpp
[ 48%] Built target arm_controller__rosidl_typesupport_introspection_cpp
[ 57%] Built target arm_controller__rosidl_typesupport_c
[ 66%] Built target arm_controller__rosidl_typesupport_fastrtps_c
[ 66%] Built target arm_controller
[ 69%] Built target arm_controller__py
[ 75%] Built target arm_controller_node
[ 81%] Built target arm_controller__python
[ 87%] Built target arm_controller__rosidl_typesupport_c__pyext
[ 93%] Built target arm_controller__rosidl_typesupport_introspection_c__pyext
[100%] Built target arm_controller__rosidl_typesupport_fastrtps_c__pyext
-- Install configuration: ""
-- Execute custom install script
-- Up-to-date symlink: /home/nvidia/robotics-orin/install/arm_controller/share/ament_index/resource_index/rosidl_interfaces/arm_controller
-- Up-to-date symlink: /home/nvidia/robotics-orin/install/arm_controller/include/arm_controller/msg/arm_motor_values.h
-- Up-to-date symlink: /home/nvidia/robotics-orin/install/arm_controller/include/arm_controller/msg/detail/arm_motor_values__functions.h
-- Up-to-date symlink: /home/nvidia/robotics-orin/install/arm_controller/include/arm_controller/msg/detail/arm_motor_values__struct.h
-- Up-to-date symlink: /home/nvidia/robotics-orin/install/arm_controller/include/arm_controller/msg/detail/arm_motor_values__type_support.h
-- Up-to-date symlink: /home/nvidia/robotics-orin/install/arm_controller/include/arm_controller/msg/rosidl_generator_c__visibility_control.h
-- Symlinking: /home/nvidia/robotics-orin/install/arm_controller/share/arm_controller/environment/library_path.sh
-- Up-to-date symlink: /home/nvidia/robotics-orin/install/arm_controller/share/arm_controller/environment/library_path.dsv
-- Up-to-date symlink: /home/nvidia/robotics-orin/install/arm_controller/include/arm_controller/msg/detail/arm_motor_values__rosidl_typesupport_fastrtps_c.h
-- Up-to-date symlink: /home/nvidia/robotics-orin/install/arm_controller/include/arm_controller/msg/rosidl_typesupport_fastrtps_c__visibility_control.h
-- Up-to-date symlink: /home/nvidia/robotics-orin/install/arm_controller/lib/libarm_controller__rosidl_typesupport_fastrtps_c.so
-- Up-to-date symlink: /home/nvidia/robotics-orin/install/arm_controller/include/arm_controller/msg/detail/arm_motor_values__rosidl_typesupport_fastrtps_cpp.hpp
-- Up-to-date symlink: /home/nvidia/robotics-orin/install/arm_controller/include/arm_controller/msg/rosidl_typesupport_fastrtps_cpp__visibility_control.h
-- Up-to-date symlink: /home/nvidia/robotics-orin/install/arm_controller/lib/libarm_controller__rosidl_typesupport_fastrtps_cpp.so
-- Up-to-date symlink: /home/nvidia/robotics-orin/install/arm_controller/include/arm_controller/msg/detail/arm_motor_values__rosidl_typesupport_introspection_c.h
-- Up-to-date symlink: /home/nvidia/robotics-orin/install/arm_controller/include/arm_controller/msg/rosidl_typesupport_introspection_c__visibility_control.h
-- Up-to-date symlink: /home/nvidia/robotics-orin/install/arm_controller/include/arm_controller/msg/arm_motor_values.hpp
-- Up-to-date symlink: /home/nvidia/robotics-orin/install/arm_controller/include/arm_controller/msg/detail/arm_motor_values__builder.hpp
-- Up-to-date symlink: /home/nvidia/robotics-orin/install/arm_controller/include/arm_controller/msg/detail/arm_motor_values__struct.hpp
-- Up-to-date symlink: /home/nvidia/robotics-orin/install/arm_controller/include/arm_controller/msg/detail/arm_motor_values__traits.hpp
-- Up-to-date symlink: /home/nvidia/robotics-orin/install/arm_controller/include/arm_controller/msg/detail/arm_motor_values__type_support.hpp
-- Up-to-date symlink: /home/nvidia/robotics-orin/install/arm_controller/include/arm_controller/msg/rosidl_generator_cpp__visibility_control.hpp
-- Up-to-date symlink: /home/nvidia/robotics-orin/install/arm_controller/include/arm_controller/msg/detail/arm_motor_values__rosidl_typesupport_introspection_cpp.hpp
-- Up-to-date symlink: /home/nvidia/robotics-orin/install/arm_controller/share/arm_controller/environment/pythonpath.sh
-- Up-to-date symlink: /home/nvidia/robotics-orin/install/arm_controller/share/arm_controller/environment/pythonpath.dsv
-- Up-to-date symlink: /home/nvidia/robotics-orin/install/arm_controller/lib/python3.11/site-packages/arm_controller/__init__.py
-- Up-to-date symlink: /home/nvidia/robotics-orin/install/arm_controller/lib/python3.11/site-packages/arm_controller/msg/__init__.py
-- Up-to-date symlink: /home/nvidia/robotics-orin/install/arm_controller/lib/python3.11/site-packages/arm_controller/msg/_arm_motor_values.py
-- Up-to-date symlink: /home/nvidia/robotics-orin/install/arm_controller/lib/python3.11/site-packages/arm_controller/arm_controller_s__rosidl_typesupport_fastrtps_c.cpython-311-aarch64-linux-gnu.so
-- Up-to-date symlink: /home/nvidia/robotics-orin/install/arm_controller/lib/python3.11/site-packages/arm_controller/arm_controller_s__rosidl_typesupport_introspection_c.cpython-311-aarch64-linux-gnu.so
-- Up-to-date symlink: /home/nvidia/robotics-orin/install/arm_controller/lib/python3.11/site-packages/arm_controller/arm_controller_s__rosidl_typesupport_c.cpython-311-aarch64-linux-gnu.so
-- Up-to-date symlink: /home/nvidia/robotics-orin/install/arm_controller/lib/libarm_controller__python.so
-- Up-to-date symlink: /home/nvidia/robotics-orin/install/arm_controller/share/arm_controller/msg/ArmMotorValues.idl
-- Up-to-date symlink: /home/nvidia/robotics-orin/install/arm_controller/share/arm_controller/msg/ArmMotorValues.msg
-- Up-to-date symlink: /home/nvidia/robotics-orin/install/arm_controller/lib/arm_controller/arm_controller_node
-- Up-to-date symlink: /home/nvidia/robotics-orin/install/arm_controller/share/ament_index/resource_index/package_run_dependencies/arm_controller
-- Up-to-date symlink: /home/nvidia/robotics-orin/install/arm_controller/share/ament_index/resource_index/parent_prefix_path/arm_controller
-- Up-to-date symlink: /home/nvidia/robotics-orin/install/arm_controller/share/arm_controller/environment/ament_prefix_path.sh
-- Up-to-date symlink: /home/nvidia/robotics-orin/install/arm_controller/share/arm_controller/environment/ament_prefix_path.dsv
-- Up-to-date symlink: /home/nvidia/robotics-orin/install/arm_controller/share/arm_controller/environment/path.sh
-- Up-to-date symlink: /home/nvidia/robotics-orin/install/arm_controller/share/arm_controller/environment/path.dsv
-- Up-to-date symlink: /home/nvidia/robotics-orin/install/arm_controller/share/arm_controller/local_setup.bash
-- Up-to-date symlink: /home/nvidia/robotics-orin/install/arm_controller/share/arm_controller/local_setup.sh
-- Up-to-date symlink: /home/nvidia/robotics-orin/install/arm_controller/share/arm_controller/local_setup.zsh
-- Up-to-date symlink: /home/nvidia/robotics-orin/install/arm_controller/share/arm_controller/local_setup.dsv
-- Symlinking: /home/nvidia/robotics-orin/install/arm_controller/share/arm_controller/package.dsv
-- Up-to-date symlink: /home/nvidia/robotics-orin/install/arm_controller/share/ament_index/resource_index/packages/arm_controller
-- Up-to-date symlink: /home/nvidia/robotics-orin/install/arm_controller/share/arm_controller/cmake/rosidl_cmake-extras.cmake
-- Up-to-date symlink: /home/nvidia/robotics-orin/install/arm_controller/share/arm_controller/cmake/ament_cmake_export_dependencies-extras.cmake
-- Up-to-date symlink: /home/nvidia/robotics-orin/install/arm_controller/share/arm_controller/cmake/ament_cmake_export_libraries-extras.cmake
-- Up-to-date symlink: /home/nvidia/robotics-orin/install/arm_controller/share/arm_controller/cmake/ament_cmake_export_targets-extras.cmake
-- Up-to-date symlink: /home/nvidia/robotics-orin/install/arm_controller/share/arm_controller/cmake/ament_cmake_export_include_directories-extras.cmake
-- Up-to-date symlink: /home/nvidia/robotics-orin/install/arm_controller/share/arm_controller/cmake/rosidl_cmake_export_typesupport_libraries-extras.cmake
-- Up-to-date symlink: /home/nvidia/robotics-orin/install/arm_controller/share/arm_controller/cmake/rosidl_cmake_export_typesupport_targets-extras.cmake
-- Up-to-date symlink: /home/nvidia/robotics-orin/install/arm_controller/share/arm_controller/cmake/arm_controllerConfig.cmake
-- Up-to-date symlink: /home/nvidia/robotics-orin/install/arm_controller/share/arm_controller/cmake/arm_controllerConfig-version.cmake
-- Up-to-date symlink: /home/nvidia/robotics-orin/install/arm_controller/share/arm_controller/package.xml
-- Up-to-date: /home/nvidia/robotics-orin/install/arm_controller/lib/libarm_controller__rosidl_generator_c.so
-- Up-to-date: /home/nvidia/robotics-orin/install/arm_controller/lib/libarm_controller__rosidl_typesupport_introspection_c.so
-- Up-to-date: /home/nvidia/robotics-orin/install/arm_controller/lib/libarm_controller__rosidl_typesupport_c.so
-- Up-to-date: /home/nvidia/robotics-orin/install/arm_controller/lib/libarm_controller__rosidl_typesupport_introspection_cpp.so
-- Up-to-date: /home/nvidia/robotics-orin/install/arm_controller/lib/libarm_controller__rosidl_typesupport_cpp.so
Compiling '/home/nvidia/robotics-orin/install/arm_controller/lib/python3.11/site-packages/arm_controller/__init__.py'...
-- Up-to-date: /home/nvidia/robotics-orin/install/arm_controller/share/arm_controller/cmake/arm_controller__rosidl_generator_cExport.cmake
-- Installing: /home/nvidia/robotics-orin/install/arm_controller/share/arm_controller/cmake/arm_controller__rosidl_generator_cExport-noconfig.cmake
-- Up-to-date: /home/nvidia/robotics-orin/install/arm_controller/share/arm_controller/cmake/arm_controller__rosidl_typesupport_introspection_cExport.cmake
-- Installing: /home/nvidia/robotics-orin/install/arm_controller/share/arm_controller/cmake/arm_controller__rosidl_typesupport_introspection_cExport-noconfig.cmake
-- Up-to-date: /home/nvidia/robotics-orin/install/arm_controller/share/arm_controller/cmake/arm_controller__rosidl_typesupport_cExport.cmake
-- Installing: /home/nvidia/robotics-orin/install/arm_controller/share/arm_controller/cmake/arm_controller__rosidl_typesupport_cExport-noconfig.cmake
-- Up-to-date: /home/nvidia/robotics-orin/install/arm_controller/share/arm_controller/cmake/arm_controller__rosidl_generator_cppExport.cmake
-- Up-to-date: /home/nvidia/robotics-orin/install/arm_controller/share/arm_controller/cmake/arm_controller__rosidl_typesupport_introspection_cppExport.cmake
-- Installing: /home/nvidia/robotics-orin/install/arm_controller/share/arm_controller/cmake/arm_controller__rosidl_typesupport_introspection_cppExport-noconfig.cmake
-- Up-to-date: /home/nvidia/robotics-orin/install/arm_controller/share/arm_controller/cmake/arm_controller__rosidl_typesupport_cppExport.cmake
-- Installing: /home/nvidia/robotics-orin/install/arm_controller/share/arm_controller/cmake/arm_controller__rosidl_typesupport_cppExport-noconfig.cmake
