[4.386s] Invoking command in '/home/nvidia/robotics-orin/build/arm_controller': CMAKE_PREFIX_PATH=${CMAKE_PREFIX_PATH}:/opt/ros/humble:/home/nvidia/robotics-orin/install/arm_ik:/opt/ros/foxy CONDA_PROMPT_MODIFIER=(base) /usr/bin/cmake /home/nvidia/robotics-orin/src/arm_controller -DCMAKE_INSTALL_PREFIX=/home/nvidia/robotics-orin/install/arm_controller
[6.110s] -- Found ament_cmake: 0.9.12 (/opt/ros/foxy/share/ament_cmake/cmake)
[6.110s] -- Found PythonInterp: /home/nvidia/anaconda3/bin/python3 (found suitable version "3.11.5", minimum required is "3") 
[6.110s] -- Using PYTHON_EXECUTABLE: /home/nvidia/anaconda3/bin/python3
[6.110s] -- Override CMake install command with custom implementation using symlinks instead of copying resources
[6.111s] -- Found rclcpp: 2.4.3 (/opt/ros/foxy/share/rclcpp/cmake)
[6.111s] -- Using all available rosidl_typesupport_c: rosidl_typesupport_fastrtps_c;rosidl_typesupport_introspection_c
[6.111s] -- Found rosidl_adapter: 1.3.1 (/opt/ros/foxy/share/rosidl_adapter/cmake)
[6.111s] -- Using all available rosidl_typesupport_cpp: rosidl_typesupport_fastrtps_cpp;rosidl_typesupport_introspection_cpp
[6.111s] -- Found rmw_implementation_cmake: 1.0.4 (/opt/ros/foxy/share/rmw_implementation_cmake/cmake)
[6.111s] -- Using RMW implementation 'rmw_fastrtps_cpp' as default
[6.111s] -- Found sensor_msgs: 2.0.5 (/opt/ros/foxy/share/sensor_msgs/cmake)
[6.111s] -- Found rosidl_default_generators: 1.0.1 (/opt/ros/foxy/share/rosidl_default_generators/cmake)
[6.111s] -- Found PythonInterp: /home/nvidia/anaconda3/bin/python3 (found version "3.11.5") 
[6.112s] -- Found ament_cmake_ros: 0.9.2 (/opt/ros/foxy/share/ament_cmake_ros/cmake)
[6.112s] -- Using all available rosidl_typesupport_c: rosidl_typesupport_fastrtps_c;rosidl_typesupport_introspection_c
[6.112s] -- Using all available rosidl_typesupport_cpp: rosidl_typesupport_fastrtps_cpp;rosidl_typesupport_introspection_cpp
[6.144s] -- Found PythonInterp: /home/nvidia/anaconda3/bin/python3 (found suitable version "3.11.5", minimum required is "3.5") 
[6.144s] -- Found python_cmake_module: 0.8.1 (/opt/ros/foxy/share/python_cmake_module/cmake)
[6.180s] -- Using PYTHON_EXECUTABLE: /home/nvidia/anaconda3/bin/python3
[6.180s] -- Using PYTHON_INCLUDE_DIRS: /home/nvidia/anaconda3/include/python3.11
[6.181s] -- Using PYTHON_LIBRARIES: /home/nvidia/anaconda3/lib/libpython3.11.so
[6.284s] -- Configuring done
[6.410s] -- Generating done
[6.416s] -- Build files have been written to: /home/nvidia/robotics-orin/build/arm_controller
[6.473s] Invoked command in '/home/nvidia/robotics-orin/build/arm_controller' returned '0': CMAKE_PREFIX_PATH=${CMAKE_PREFIX_PATH}:/opt/ros/humble:/home/nvidia/robotics-orin/install/arm_ik:/opt/ros/foxy CONDA_PROMPT_MODIFIER=(base) /usr/bin/cmake /home/nvidia/robotics-orin/src/arm_controller -DCMAKE_INSTALL_PREFIX=/home/nvidia/robotics-orin/install/arm_controller
[6.479s] Invoking command in '/home/nvidia/robotics-orin/build/arm_controller': CMAKE_PREFIX_PATH=${CMAKE_PREFIX_PATH}:/opt/ros/humble:/home/nvidia/robotics-orin/install/arm_ik:/opt/ros/foxy CONDA_PROMPT_MODIFIER=(base) /usr/bin/cmake --build /home/nvidia/robotics-orin/build/arm_controller -- -j6 -l6
[6.883s] [  9%] Built target arm_controller__rosidl_generator_c
[6.889s] [ 12%] Built target arm_controller__cpp
[7.060s] [ 30%] Built target arm_controller__rosidl_typesupport_cpp
[7.061s] [ 30%] Built target arm_controller__rosidl_typesupport_introspection_c
[7.106s] [ 39%] Built target arm_controller__rosidl_typesupport_fastrtps_cpp
[7.135s] [ 48%] Built target arm_controller__rosidl_typesupport_introspection_cpp
[7.152s] [ 57%] Built target arm_controller__rosidl_typesupport_c
[7.285s] [ 66%] Built target arm_controller__rosidl_typesupport_fastrtps_c
[7.441s] [ 66%] Built target arm_controller
[7.629s] [ 69%] Built target arm_controller__py
[7.721s] [ 75%] Built target arm_controller_node
[7.793s] [ 81%] Built target arm_controller__python
[8.046s] [ 87%] Built target arm_controller__rosidl_typesupport_c__pyext
[8.074s] [ 93%] Built target arm_controller__rosidl_typesupport_introspection_c__pyext
[8.078s] [100%] Built target arm_controller__rosidl_typesupport_fastrtps_c__pyext
[8.153s] Invoked command in '/home/nvidia/robotics-orin/build/arm_controller' returned '0': CMAKE_PREFIX_PATH=${CMAKE_PREFIX_PATH}:/opt/ros/humble:/home/nvidia/robotics-orin/install/arm_ik:/opt/ros/foxy CONDA_PROMPT_MODIFIER=(base) /usr/bin/cmake --build /home/nvidia/robotics-orin/build/arm_controller -- -j6 -l6
[8.864s] Invoking command in '/home/nvidia/robotics-orin/build/arm_controller': CMAKE_PREFIX_PATH=${CMAKE_PREFIX_PATH}:/opt/ros/humble:/home/nvidia/robotics-orin/install/arm_ik:/opt/ros/foxy CONDA_PROMPT_MODIFIER=(base) /usr/bin/cmake --install /home/nvidia/robotics-orin/build/arm_controller
[8.914s] -- Install configuration: ""
[8.918s] -- Execute custom install script
[8.922s] -- Up-to-date symlink: /home/nvidia/robotics-orin/install/arm_controller/share/ament_index/resource_index/rosidl_interfaces/arm_controller
[8.929s] -- Up-to-date symlink: /home/nvidia/robotics-orin/install/arm_controller/include/arm_controller/msg/arm_motor_values.h
[8.930s] -- Up-to-date symlink: /home/nvidia/robotics-orin/install/arm_controller/include/arm_controller/msg/detail/arm_motor_values__functions.h
[8.930s] -- Up-to-date symlink: /home/nvidia/robotics-orin/install/arm_controller/include/arm_controller/msg/detail/arm_motor_values__struct.h
[8.931s] -- Up-to-date symlink: /home/nvidia/robotics-orin/install/arm_controller/include/arm_controller/msg/detail/arm_motor_values__type_support.h
[8.931s] -- Up-to-date symlink: /home/nvidia/robotics-orin/install/arm_controller/include/arm_controller/msg/rosidl_generator_c__visibility_control.h
[8.934s] -- Symlinking: /home/nvidia/robotics-orin/install/arm_controller/share/arm_controller/environment/library_path.sh
[8.987s] -- Up-to-date symlink: /home/nvidia/robotics-orin/install/arm_controller/share/arm_controller/environment/library_path.dsv
[8.987s] -- Up-to-date symlink: /home/nvidia/robotics-orin/install/arm_controller/include/arm_controller/msg/detail/arm_motor_values__rosidl_typesupport_fastrtps_c.h
[8.988s] -- Up-to-date symlink: /home/nvidia/robotics-orin/install/arm_controller/include/arm_controller/msg/rosidl_typesupport_fastrtps_c__visibility_control.h
[8.990s] -- Up-to-date symlink: /home/nvidia/robotics-orin/install/arm_controller/lib/libarm_controller__rosidl_typesupport_fastrtps_c.so
[8.991s] -- Up-to-date symlink: /home/nvidia/robotics-orin/install/arm_controller/include/arm_controller/msg/detail/arm_motor_values__rosidl_typesupport_fastrtps_cpp.hpp
[8.992s] -- Up-to-date symlink: /home/nvidia/robotics-orin/install/arm_controller/include/arm_controller/msg/rosidl_typesupport_fastrtps_cpp__visibility_control.h
[8.993s] -- Up-to-date symlink: /home/nvidia/robotics-orin/install/arm_controller/lib/libarm_controller__rosidl_typesupport_fastrtps_cpp.so
[8.994s] -- Up-to-date symlink: /home/nvidia/robotics-orin/install/arm_controller/include/arm_controller/msg/detail/arm_motor_values__rosidl_typesupport_introspection_c.h
[8.995s] -- Up-to-date symlink: /home/nvidia/robotics-orin/install/arm_controller/include/arm_controller/msg/rosidl_typesupport_introspection_c__visibility_control.h
[8.996s] -- Up-to-date symlink: /home/nvidia/robotics-orin/install/arm_controller/include/arm_controller/msg/arm_motor_values.hpp
[8.997s] -- Up-to-date symlink: /home/nvidia/robotics-orin/install/arm_controller/include/arm_controller/msg/detail/arm_motor_values__builder.hpp
[8.998s] -- Up-to-date symlink: /home/nvidia/robotics-orin/install/arm_controller/include/arm_controller/msg/detail/arm_motor_values__struct.hpp
[8.999s] -- Up-to-date symlink: /home/nvidia/robotics-orin/install/arm_controller/include/arm_controller/msg/detail/arm_motor_values__traits.hpp
[9.000s] -- Up-to-date symlink: /home/nvidia/robotics-orin/install/arm_controller/include/arm_controller/msg/detail/arm_motor_values__type_support.hpp
[9.001s] -- Up-to-date symlink: /home/nvidia/robotics-orin/install/arm_controller/include/arm_controller/msg/rosidl_generator_cpp__visibility_control.hpp
[9.003s] -- Up-to-date symlink: /home/nvidia/robotics-orin/install/arm_controller/include/arm_controller/msg/detail/arm_motor_values__rosidl_typesupport_introspection_cpp.hpp
[9.005s] -- Up-to-date symlink: /home/nvidia/robotics-orin/install/arm_controller/share/arm_controller/environment/pythonpath.sh
[9.005s] -- Up-to-date symlink: /home/nvidia/robotics-orin/install/arm_controller/share/arm_controller/environment/pythonpath.dsv
[9.006s] -- Up-to-date symlink: /home/nvidia/robotics-orin/install/arm_controller/lib/python3.11/site-packages/arm_controller/__init__.py
[9.014s] -- Up-to-date symlink: /home/nvidia/robotics-orin/install/arm_controller/lib/python3.11/site-packages/arm_controller/msg/__init__.py
[9.018s] -- Up-to-date symlink: /home/nvidia/robotics-orin/install/arm_controller/lib/python3.11/site-packages/arm_controller/msg/_arm_motor_values.py
[9.020s] -- Up-to-date symlink: /home/nvidia/robotics-orin/install/arm_controller/lib/python3.11/site-packages/arm_controller/arm_controller_s__rosidl_typesupport_fastrtps_c.cpython-311-aarch64-linux-gnu.so
[9.025s] -- Up-to-date symlink: /home/nvidia/robotics-orin/install/arm_controller/lib/python3.11/site-packages/arm_controller/arm_controller_s__rosidl_typesupport_introspection_c.cpython-311-aarch64-linux-gnu.so
[9.028s] -- Up-to-date symlink: /home/nvidia/robotics-orin/install/arm_controller/lib/python3.11/site-packages/arm_controller/arm_controller_s__rosidl_typesupport_c.cpython-311-aarch64-linux-gnu.so
[9.030s] -- Up-to-date symlink: /home/nvidia/robotics-orin/install/arm_controller/lib/libarm_controller__python.so
[9.031s] -- Up-to-date symlink: /home/nvidia/robotics-orin/install/arm_controller/share/arm_controller/msg/ArmMotorValues.idl
[9.032s] -- Up-to-date symlink: /home/nvidia/robotics-orin/install/arm_controller/share/arm_controller/msg/ArmMotorValues.msg
[9.033s] -- Up-to-date symlink: /home/nvidia/robotics-orin/install/arm_controller/lib/arm_controller/arm_controller_node
[9.034s] -- Up-to-date symlink: /home/nvidia/robotics-orin/install/arm_controller/share/ament_index/resource_index/package_run_dependencies/arm_controller
[9.035s] -- Up-to-date symlink: /home/nvidia/robotics-orin/install/arm_controller/share/ament_index/resource_index/parent_prefix_path/arm_controller
[9.037s] -- Up-to-date symlink: /home/nvidia/robotics-orin/install/arm_controller/share/arm_controller/environment/ament_prefix_path.sh
[9.037s] -- Up-to-date symlink: /home/nvidia/robotics-orin/install/arm_controller/share/arm_controller/environment/ament_prefix_path.dsv
[9.041s] -- Up-to-date symlink: /home/nvidia/robotics-orin/install/arm_controller/share/arm_controller/environment/path.sh
[9.042s] -- Up-to-date symlink: /home/nvidia/robotics-orin/install/arm_controller/share/arm_controller/environment/path.dsv
[9.047s] -- Up-to-date symlink: /home/nvidia/robotics-orin/install/arm_controller/share/arm_controller/local_setup.bash
[9.050s] -- Up-to-date symlink: /home/nvidia/robotics-orin/install/arm_controller/share/arm_controller/local_setup.sh
[9.056s] -- Up-to-date symlink: /home/nvidia/robotics-orin/install/arm_controller/share/arm_controller/local_setup.zsh
[9.057s] -- Up-to-date symlink: /home/nvidia/robotics-orin/install/arm_controller/share/arm_controller/local_setup.dsv
[9.057s] -- Symlinking: /home/nvidia/robotics-orin/install/arm_controller/share/arm_controller/package.dsv
[9.127s] -- Up-to-date symlink: /home/nvidia/robotics-orin/install/arm_controller/share/ament_index/resource_index/packages/arm_controller
[9.128s] -- Up-to-date symlink: /home/nvidia/robotics-orin/install/arm_controller/share/arm_controller/cmake/rosidl_cmake-extras.cmake
[9.129s] -- Up-to-date symlink: /home/nvidia/robotics-orin/install/arm_controller/share/arm_controller/cmake/ament_cmake_export_dependencies-extras.cmake
[9.129s] -- Up-to-date symlink: /home/nvidia/robotics-orin/install/arm_controller/share/arm_controller/cmake/ament_cmake_export_libraries-extras.cmake
[9.130s] -- Up-to-date symlink: /home/nvidia/robotics-orin/install/arm_controller/share/arm_controller/cmake/ament_cmake_export_targets-extras.cmake
[9.131s] -- Up-to-date symlink: /home/nvidia/robotics-orin/install/arm_controller/share/arm_controller/cmake/ament_cmake_export_include_directories-extras.cmake
[9.131s] -- Up-to-date symlink: /home/nvidia/robotics-orin/install/arm_controller/share/arm_controller/cmake/rosidl_cmake_export_typesupport_libraries-extras.cmake
[9.132s] -- Up-to-date symlink: /home/nvidia/robotics-orin/install/arm_controller/share/arm_controller/cmake/rosidl_cmake_export_typesupport_targets-extras.cmake
[9.133s] -- Up-to-date symlink: /home/nvidia/robotics-orin/install/arm_controller/share/arm_controller/cmake/arm_controllerConfig.cmake
[9.134s] -- Up-to-date symlink: /home/nvidia/robotics-orin/install/arm_controller/share/arm_controller/cmake/arm_controllerConfig-version.cmake
[9.134s] -- Up-to-date symlink: /home/nvidia/robotics-orin/install/arm_controller/share/arm_controller/package.xml
[9.135s] -- Up-to-date: /home/nvidia/robotics-orin/install/arm_controller/lib/libarm_controller__rosidl_generator_c.so
[9.136s] -- Up-to-date: /home/nvidia/robotics-orin/install/arm_controller/lib/libarm_controller__rosidl_typesupport_introspection_c.so
[9.138s] -- Up-to-date: /home/nvidia/robotics-orin/install/arm_controller/lib/libarm_controller__rosidl_typesupport_c.so
[9.145s] -- Up-to-date: /home/nvidia/robotics-orin/install/arm_controller/lib/libarm_controller__rosidl_typesupport_introspection_cpp.so
[9.147s] -- Up-to-date: /home/nvidia/robotics-orin/install/arm_controller/lib/libarm_controller__rosidl_typesupport_cpp.so
[9.308s] Compiling '/home/nvidia/robotics-orin/install/arm_controller/lib/python3.11/site-packages/arm_controller/__init__.py'...
[9.354s] -- Up-to-date: /home/nvidia/robotics-orin/install/arm_controller/share/arm_controller/cmake/arm_controller__rosidl_generator_cExport.cmake
[9.354s] -- Installing: /home/nvidia/robotics-orin/install/arm_controller/share/arm_controller/cmake/arm_controller__rosidl_generator_cExport-noconfig.cmake
[9.354s] -- Up-to-date: /home/nvidia/robotics-orin/install/arm_controller/share/arm_controller/cmake/arm_controller__rosidl_typesupport_introspection_cExport.cmake
[9.354s] -- Installing: /home/nvidia/robotics-orin/install/arm_controller/share/arm_controller/cmake/arm_controller__rosidl_typesupport_introspection_cExport-noconfig.cmake
[9.354s] -- Up-to-date: /home/nvidia/robotics-orin/install/arm_controller/share/arm_controller/cmake/arm_controller__rosidl_typesupport_cExport.cmake
[9.354s] -- Installing: /home/nvidia/robotics-orin/install/arm_controller/share/arm_controller/cmake/arm_controller__rosidl_typesupport_cExport-noconfig.cmake
[9.354s] -- Up-to-date: /home/nvidia/robotics-orin/install/arm_controller/share/arm_controller/cmake/arm_controller__rosidl_generator_cppExport.cmake
[9.355s] -- Up-to-date: /home/nvidia/robotics-orin/install/arm_controller/share/arm_controller/cmake/arm_controller__rosidl_typesupport_introspection_cppExport.cmake
[9.355s] -- Installing: /home/nvidia/robotics-orin/install/arm_controller/share/arm_controller/cmake/arm_controller__rosidl_typesupport_introspection_cppExport-noconfig.cmake
[9.355s] -- Up-to-date: /home/nvidia/robotics-orin/install/arm_controller/share/arm_controller/cmake/arm_controller__rosidl_typesupport_cppExport.cmake
[9.364s] -- Installing: /home/nvidia/robotics-orin/install/arm_controller/share/arm_controller/cmake/arm_controller__rosidl_typesupport_cppExport-noconfig.cmake
[9.364s] Invoked command in '/home/nvidia/robotics-orin/build/arm_controller' returned '0': CMAKE_PREFIX_PATH=${CMAKE_PREFIX_PATH}:/opt/ros/humble:/home/nvidia/robotics-orin/install/arm_ik:/opt/ros/foxy CONDA_PROMPT_MODIFIER=(base) /usr/bin/cmake --install /home/nvidia/robotics-orin/build/arm_controller
