[2.963s] Invoking command in '/home/nvidia/robotics-orin/build/absenc_interface': CMAKE_PREFIX_PATH=${CMAKE_PREFIX_PATH}:/opt/ros/humble:/home/nvidia/robotics-orin/install/arm_ik CONDA_PROMPT_MODIFIER=(base) /usr/bin/cmake /home/nvidia/robotics-orin/src/absenc_interface -DAMENT_CMAKE_SYMLINK_INSTALL=1 -DCMAKE_INSTALL_PREFIX=/home/nvidia/robotics-orin/install/absenc_interface
[3.133s] -- The C compiler identification is GNU 9.4.0
[3.266s] -- The CXX compiler identification is GNU 9.4.0
[3.275s] -- Check for working C compiler: /usr/bin/cc
[3.394s] -- Check for working C compiler: /usr/bin/cc -- works
[3.397s] -- Detecting C compiler ABI info
[3.518s] -- Detecting C compiler ABI info - done
[3.555s] -- Detecting C compile features
[3.557s] -- Detecting C compile features - done
[3.566s] -- Check for working CXX compiler: /usr/bin/c++
[3.716s] -- Check for working CXX compiler: /usr/bin/c++ -- works
[3.719s] -- Detecting CXX compiler ABI info
[3.856s] -- Detecting CXX compiler ABI info - done
[3.872s] -- Detecting CXX compile features
[3.872s] -- Detecting CXX compile features - done
[3.876s] -- Found ament_cmake: 1.3.6 (/opt/ros/humble/share/ament_cmake/cmake)
[4.146s] -- Found Python3: /usr/bin/python3.9 (found version "3.9.5") found components: Interpreter 
[4.263s] -- Override CMake install command with custom implementation using symlinks instead of copying resources
[4.313s] -- Found rclcpp: 16.0.7 (/opt/ros/humble/share/rclcpp/cmake)
[4.394s] -- Found rosidl_generator_c: 3.1.5 (/opt/ros/humble/share/rosidl_generator_c/cmake)
[4.403s] -- Found rosidl_adapter: 3.1.5 (/opt/ros/humble/share/rosidl_adapter/cmake)
[4.420s] -- Found rosidl_generator_cpp: 3.1.5 (/opt/ros/humble/share/rosidl_generator_cpp/cmake)
[4.450s] -- Using all available rosidl_typesupport_c: rosidl_typesupport_fastrtps_c;rosidl_typesupport_introspection_c
[4.490s] -- Using all available rosidl_typesupport_cpp: rosidl_typesupport_fastrtps_cpp;rosidl_typesupport_introspection_cpp
[4.625s] -- Found rmw_implementation_cmake: 6.1.1 (/opt/ros/humble/share/rmw_implementation_cmake/cmake)
[4.630s] -- Found rmw_fastrtps_cpp: 6.2.5 (/opt/ros/humble/share/rmw_fastrtps_cpp/cmake)
[4.852s] -- Found OpenSSL: /usr/lib/aarch64-linux-gnu/libcrypto.so (found version "1.1.1f")  
[4.903s] -- Found FastRTPS: /opt/ros/humble/include  
[4.991s] -- Using RMW implementation 'rmw_fastrtps_cpp' as default
[5.013s] -- Looking for pthread.h
[5.142s] -- Looking for pthread.h - found
[5.142s] -- Performing Test CMAKE_HAVE_LIBC_PTHREAD
[5.266s] -- Performing Test CMAKE_HAVE_LIBC_PTHREAD - Failed
[5.267s] -- Looking for pthread_create in pthreads
[5.373s] -- Looking for pthread_create in pthreads - not found
[5.373s] -- Looking for pthread_create in pthread
[5.497s] -- Looking for pthread_create in pthread - found
[5.501s] -- Found Threads: TRUE  
[5.800s] -- Found sensor_msgs: 4.2.3 (/opt/ros/humble/share/sensor_msgs/cmake)
[6.026s] -- Found rosidl_default_generators: 1.2.0 (/opt/ros/humble/share/rosidl_default_generators/cmake)
[6.952s] -- Found ament_cmake_ros: 0.10.0 (/opt/ros/humble/share/ament_cmake_ros/cmake)
[8.139s] -- Using all available rosidl_typesupport_c: rosidl_typesupport_fastrtps_c;rosidl_typesupport_introspection_c
[8.549s] -- Using all available rosidl_typesupport_cpp: rosidl_typesupport_fastrtps_cpp;rosidl_typesupport_introspection_cpp
[8.594s] -- Found PythonInterp: /home/nvidia/anaconda3/bin/python3 (found suitable version "3.11.5", minimum required is "3.6") 
[8.597s] -- Found python_cmake_module: 0.10.0 (/opt/ros/humble/share/python_cmake_module/cmake)
[8.647s] -- Found PythonLibs: /home/nvidia/anaconda3/lib/libpython3.11.so (found suitable version "3.11.5", minimum required is "3.5") 
[8.647s] -- Using PYTHON_EXECUTABLE: /home/nvidia/anaconda3/bin/python3
[8.647s] -- Using PYTHON_INCLUDE_DIRS: /home/nvidia/anaconda3/include/python3.11
[8.647s] -- Using PYTHON_LIBRARIES: /home/nvidia/anaconda3/lib/libpython3.11.so
[8.691s] -- Found PythonExtra: .so  
[8.768s] CMake Deprecation Warning at /opt/ros/humble/share/rosidl_cmake/cmake/rosidl_target_interfaces.cmake:32 (message):
[8.768s]   Use rosidl_get_typesupport_target() and target_link_libraries() instead of
[8.769s]   rosidl_target_interfaces()
[8.769s] Call Stack (most recent call first):
[8.769s]   CMakeLists.txt:24 (rosidl_target_interfaces)
[8.769s] 
[8.769s] 
[8.796s] -- Configuring done
[8.854s] -- Generating done
[8.859s] -- Build files have been written to: /home/nvidia/robotics-orin/build/absenc_interface
[8.891s] Invoked command in '/home/nvidia/robotics-orin/build/absenc_interface' returned '0': CMAKE_PREFIX_PATH=${CMAKE_PREFIX_PATH}:/opt/ros/humble:/home/nvidia/robotics-orin/install/arm_ik CONDA_PROMPT_MODIFIER=(base) /usr/bin/cmake /home/nvidia/robotics-orin/src/absenc_interface -DAMENT_CMAKE_SYMLINK_INSTALL=1 -DCMAKE_INSTALL_PREFIX=/home/nvidia/robotics-orin/install/absenc_interface
[8.896s] Invoking command in '/home/nvidia/robotics-orin/build/absenc_interface': CMAKE_PREFIX_PATH=${CMAKE_PREFIX_PATH}:/opt/ros/humble:/home/nvidia/robotics-orin/install/arm_ik CONDA_PROMPT_MODIFIER=(base) /usr/bin/cmake --build /home/nvidia/robotics-orin/build/absenc_interface -- -j6 -l6
[8.973s] [35m[1mScanning dependencies of target ament_cmake_python_symlink_absenc_interface[0m
[8.974s] [35m[1mScanning dependencies of target absenc_interface__cpp[0m
[8.977s] [  2%] [34m[1mGenerating C code for ROS interfaces[0m
[9.002s] [  5%] [34m[1mGenerating C++ code for ROS interfaces[0m
[9.020s] [  5%] Built target ament_cmake_python_symlink_absenc_interface
[9.061s] [35m[1mScanning dependencies of target ament_cmake_python_build_absenc_interface_egg[0m
[9.525s] [35m[1mScanning dependencies of target absenc_interface__rosidl_generator_c[0m
[9.557s] [  8%] [32mBuilding C object CMakeFiles/absenc_interface__rosidl_generator_c.dir/rosidl_generator_c/absenc_interface/msg/detail/encoder_values__functions.c.o[0m
[9.577s] [  8%] Built target absenc_interface__cpp
[9.601s] [ 11%] [34m[1mGenerating C++ type support dispatch for ROS interfaces[0m
[9.623s] [ 14%] [34m[1mGenerating C++ introspection for ROS interfaces[0m
[9.639s] [ 17%] [34m[1mGenerating C++ type support for eProsima Fast-RTPS[0m
[9.678s] [ 20%] [32m[1mLinking C shared library libabsenc_interface__rosidl_generator_c.so[0m
[9.814s] running egg_info
[9.815s] creating absenc_interface.egg-info
[9.815s] writing absenc_interface.egg-info/PKG-INFO
[9.816s] writing dependency_links to absenc_interface.egg-info/dependency_links.txt
[9.816s] writing top-level names to absenc_interface.egg-info/top_level.txt
[9.816s] writing manifest file 'absenc_interface.egg-info/SOURCES.txt'
[9.870s] [ 20%] Built target absenc_interface__rosidl_generator_c
[9.943s] [ 23%] [34m[1mGenerating C type support for eProsima Fast-RTPS[0m
[9.960s] [ 26%] [34m[1mGenerating C introspection for ROS interfaces[0m
[10.006s] reading manifest file 'absenc_interface.egg-info/SOURCES.txt'
[10.007s] writing manifest file 'absenc_interface.egg-info/SOURCES.txt'
[10.191s] [ 26%] Built target ament_cmake_python_build_absenc_interface_egg
[10.193s] [35m[1mScanning dependencies of target absenc_interface__rosidl_typesupport_cpp[0m
[10.194s] [35m[1mScanning dependencies of target absenc_interface__rosidl_typesupport_introspection_cpp[0m
[10.236s] [ 29%] [32mBuilding CXX object CMakeFiles/absenc_interface__rosidl_typesupport_introspection_cpp.dir/rosidl_typesupport_introspection_cpp/absenc_interface/msg/detail/encoder_values__type_support.cpp.o[0m
[10.267s] [ 32%] [34m[1mGenerating C type support dispatch for ROS interfaces[0m
[10.284s] [ 35%] [32mBuilding CXX object CMakeFiles/absenc_interface__rosidl_typesupport_cpp.dir/rosidl_typesupport_cpp/absenc_interface/msg/encoder_values__type_support.cpp.o[0m
[10.379s] [35m[1mScanning dependencies of target absenc_interface__rosidl_typesupport_fastrtps_cpp[0m
[10.461s] [ 38%] [32mBuilding CXX object CMakeFiles/absenc_interface__rosidl_typesupport_fastrtps_cpp.dir/rosidl_typesupport_fastrtps_cpp/absenc_interface/msg/detail/dds_fastrtps/encoder_values__type_support.cpp.o[0m
[10.697s] [35m[1mScanning dependencies of target absenc_interface__rosidl_typesupport_fastrtps_c[0m
[10.797s] [ 41%] [32mBuilding CXX object CMakeFiles/absenc_interface__rosidl_typesupport_fastrtps_c.dir/rosidl_typesupport_fastrtps_c/absenc_interface/msg/detail/encoder_values__type_support_c.cpp.o[0m
[10.823s] [35m[1mScanning dependencies of target absenc_interface__rosidl_typesupport_introspection_c[0m
[10.915s] [ 44%] [32mBuilding C object CMakeFiles/absenc_interface__rosidl_typesupport_introspection_c.dir/rosidl_typesupport_introspection_c/absenc_interface/msg/detail/encoder_values__type_support.c.o[0m
[11.012s] [35m[1mScanning dependencies of target absenc_interface__rosidl_typesupport_c[0m
[11.074s] [ 47%] [32m[1mLinking C shared library libabsenc_interface__rosidl_typesupport_introspection_c.so[0m
[11.077s] [ 50%] [32mBuilding CXX object CMakeFiles/absenc_interface__rosidl_typesupport_c.dir/rosidl_typesupport_c/absenc_interface/msg/encoder_values__type_support.cpp.o[0m
[11.142s] [ 52%] [32m[1mLinking CXX shared library libabsenc_interface__rosidl_typesupport_cpp.so[0m
[11.176s] [ 52%] Built target absenc_interface__rosidl_typesupport_introspection_c
[11.205s] [ 55%] [32m[1mLinking CXX shared library libabsenc_interface__rosidl_typesupport_c.so[0m
[11.250s] [ 55%] Built target absenc_interface__rosidl_typesupport_cpp
[11.271s] [ 58%] [32m[1mLinking CXX shared library libabsenc_interface__rosidl_typesupport_introspection_cpp.so[0m
[11.354s] [ 58%] Built target absenc_interface__rosidl_typesupport_introspection_cpp
[11.360s] [ 58%] Built target absenc_interface__rosidl_typesupport_c
[11.539s] [ 61%] [32m[1mLinking CXX shared library libabsenc_interface__rosidl_typesupport_fastrtps_cpp.so[0m
[11.601s] [ 64%] [32m[1mLinking CXX shared library libabsenc_interface__rosidl_typesupport_fastrtps_c.so[0m
[11.683s] [ 64%] Built target absenc_interface__rosidl_typesupport_fastrtps_cpp
[11.740s] [ 64%] Built target absenc_interface__rosidl_typesupport_fastrtps_c
[11.759s] [35m[1mScanning dependencies of target absenc_interface[0m
[11.778s] [ 64%] Built target absenc_interface
[11.796s] [35m[1mScanning dependencies of target absenc_interface__py[0m
[11.797s] [35m[1mScanning dependencies of target absenc_node[0m
[11.815s] [ 67%] [34m[1mGenerating Python code for ROS interfaces[0m
[11.901s] [ 70%] [32mBuilding CXX object CMakeFiles/absenc_node.dir/src/absenc_node.cpp.o[0m
[11.907s] [ 73%] [32mBuilding CXX object CMakeFiles/absenc_node.dir/src/absenc.cpp.o[0m
[11.973s] [01m[K/home/nvidia/robotics-orin/src/absenc_interface/src/absenc.cpp:[m[K In static member function ‘[01m[Kstatic ABSENC_Error_t ABSENC::OpenPort(const char*, uint16_t)[m[K’:
[11.973s] [01m[K/home/nvidia/robotics-orin/src/absenc_interface/src/absenc.cpp:3:64:[m[K [01;35m[Kwarning: [m[Kunused parameter ‘[01m[Kbaud_rate[m[K’ [[01;35m[K-Wunused-parameter[m[K]
[11.973s]     3 | ABSENC_Error_t ABSENC::OpenPort(const char* fileName, [01;35m[Kuint16_t baud_rate[m[K){
[11.973s]       |                                                       [01;35m[K~~~~~~~~~^~~~~~~~~[m[K
[12.461s] [ 73%] Built target absenc_interface__py
[12.480s] [35m[1mScanning dependencies of target absenc_interface__rosidl_generator_py[0m
[12.529s] [ 76%] [32mBuilding C object CMakeFiles/absenc_interface__rosidl_generator_py.dir/rosidl_generator_py/absenc_interface/msg/_encoder_values_s.c.o[0m
[12.722s] [ 79%] [32m[1mLinking C shared library rosidl_generator_py/absenc_interface/libabsenc_interface__rosidl_generator_py.so[0m
[12.795s] [ 79%] Built target absenc_interface__rosidl_generator_py
[12.816s] [35m[1mScanning dependencies of target absenc_interface__rosidl_typesupport_introspection_c__pyext[0m
[12.816s] [35m[1mScanning dependencies of target absenc_interface__rosidl_typesupport_c__pyext[0m
[12.836s] [35m[1mScanning dependencies of target absenc_interface__rosidl_typesupport_fastrtps_c__pyext[0m
[12.878s] [ 82%] [32mBuilding C object CMakeFiles/absenc_interface__rosidl_typesupport_fastrtps_c__pyext.dir/rosidl_generator_py/absenc_interface/_absenc_interface_s.ep.rosidl_typesupport_fastrtps_c.c.o[0m
[12.893s] [ 88%] [32mBuilding C object CMakeFiles/absenc_interface__rosidl_typesupport_c__pyext.dir/rosidl_generator_py/absenc_interface/_absenc_interface_s.ep.rosidl_typesupport_c.c.o[0m
[12.893s] [ 88%] [32mBuilding C object CMakeFiles/absenc_interface__rosidl_typesupport_introspection_c__pyext.dir/rosidl_generator_py/absenc_interface/_absenc_interface_s.ep.rosidl_typesupport_introspection_c.c.o[0m
[13.133s] [ 91%] [32m[1mLinking C shared library rosidl_generator_py/absenc_interface/absenc_interface_s__rosidl_typesupport_introspection_c.cpython-311-aarch64-linux-gnu.so[0m
[13.148s] [ 94%] [32m[1mLinking C shared library rosidl_generator_py/absenc_interface/absenc_interface_s__rosidl_typesupport_c.cpython-311-aarch64-linux-gnu.so[0m
[13.179s] [ 97%] [32m[1mLinking C shared library rosidl_generator_py/absenc_interface/absenc_interface_s__rosidl_typesupport_fastrtps_c.cpython-311-aarch64-linux-gnu.so[0m
[13.209s] [ 97%] Built target absenc_interface__rosidl_typesupport_introspection_c__pyext
[13.227s] [ 97%] Built target absenc_interface__rosidl_typesupport_c__pyext
[13.256s] [ 97%] Built target absenc_interface__rosidl_typesupport_fastrtps_c__pyext
[17.092s] [01m[K/home/nvidia/robotics-orin/src/absenc_interface/src/absenc_node.cpp:[m[K In member function ‘[01m[Kvoid AbsEnc::ikValuesCallback(sensor_msgs::msg::JointState_<std::allocator<void> >::SharedPtr)[m[K’:
[17.092s] [01m[K/home/nvidia/robotics-orin/src/absenc_interface/src/absenc_node.cpp:94:25:[m[K [01;35m[Kwarning: [m[Kcomparison of integer expressions of different signedness: ‘[01m[Kint[m[K’ and ‘[01m[Kstd::array<float, 4>::size_type[m[K’ {aka ‘[01m[Klong unsigned int[m[K’} [[01;35m[K-Wsign-compare[m[K]
[17.092s]    94 |       for (int i = 0; [01;35m[Ki < std::size(ik_angles)[m[K; i++) {
[17.092s]       |                       [01;35m[K~~^~~~~~~~~~~~~~~~~~~~~~[m[K
[17.093s] [01m[K/home/nvidia/robotics-orin/src/absenc_interface/src/absenc_node.cpp:99:25:[m[K [01;35m[Kwarning: [m[Kcomparison of integer expressions of different signedness: ‘[01m[Kint[m[K’ and ‘[01m[Kstd::array<float, 4>::size_type[m[K’ {aka ‘[01m[Klong unsigned int[m[K’} [[01;35m[K-Wsign-compare[m[K]
[17.093s]    99 |       for (int i = 0; [01;35m[Ki < std::size(ik_angles)[m[K; i++) {
[17.093s]       |                       [01;35m[K~~^~~~~~~~~~~~~~~~~~~~~~[m[K
[31.575s] [100%] [32m[1mLinking CXX executable absenc_node[0m
[32.559s] [100%] Built target absenc_node
[33.169s] Invoked command in '/home/nvidia/robotics-orin/build/absenc_interface' returned '0': CMAKE_PREFIX_PATH=${CMAKE_PREFIX_PATH}:/opt/ros/humble:/home/nvidia/robotics-orin/install/arm_ik CONDA_PROMPT_MODIFIER=(base) /usr/bin/cmake --build /home/nvidia/robotics-orin/build/absenc_interface -- -j6 -l6
[33.952s] Invoking command in '/home/nvidia/robotics-orin/build/absenc_interface': CMAKE_PREFIX_PATH=${CMAKE_PREFIX_PATH}:/opt/ros/humble:/home/nvidia/robotics-orin/install/arm_ik CONDA_PROMPT_MODIFIER=(base) /usr/bin/cmake --install /home/nvidia/robotics-orin/build/absenc_interface
[33.970s] -- Install configuration: ""
[33.971s] -- Execute custom install script
[33.971s] -- Symlinking: /home/nvidia/robotics-orin/install/absenc_interface/share/ament_index/resource_index/rosidl_interfaces/absenc_interface
[33.989s] -- Symlinking: /home/nvidia/robotics-orin/install/absenc_interface/include/absenc_interface/absenc_interface/msg/detail/encoder_values__functions.h
[34.005s] -- Symlinking: /home/nvidia/robotics-orin/install/absenc_interface/include/absenc_interface/absenc_interface/msg/detail/encoder_values__struct.h
[34.022s] -- Symlinking: /home/nvidia/robotics-orin/install/absenc_interface/include/absenc_interface/absenc_interface/msg/detail/encoder_values__type_support.h
[34.038s] -- Symlinking: /home/nvidia/robotics-orin/install/absenc_interface/include/absenc_interface/absenc_interface/msg/encoder_values.h
[34.055s] -- Symlinking: /home/nvidia/robotics-orin/install/absenc_interface/include/absenc_interface/absenc_interface/msg/rosidl_generator_c__visibility_control.h
[34.072s] -- Symlinking: /home/nvidia/robotics-orin/install/absenc_interface/share/absenc_interface/environment/library_path.sh
[34.088s] -- Symlinking: /home/nvidia/robotics-orin/install/absenc_interface/share/absenc_interface/environment/library_path.dsv
[34.105s] -- Symlinking: /home/nvidia/robotics-orin/install/absenc_interface/include/absenc_interface/absenc_interface/msg/detail/encoder_values__rosidl_typesupport_fastrtps_c.h
[34.120s] -- Symlinking: /home/nvidia/robotics-orin/install/absenc_interface/include/absenc_interface/absenc_interface/msg/rosidl_typesupport_fastrtps_c__visibility_control.h
[34.136s] -- Symlinking: /home/nvidia/robotics-orin/install/absenc_interface/include/absenc_interface/absenc_interface/msg/detail/encoder_values__builder.hpp
[34.152s] -- Symlinking: /home/nvidia/robotics-orin/install/absenc_interface/include/absenc_interface/absenc_interface/msg/detail/encoder_values__struct.hpp
[34.169s] -- Symlinking: /home/nvidia/robotics-orin/install/absenc_interface/include/absenc_interface/absenc_interface/msg/detail/encoder_values__traits.hpp
[34.187s] -- Symlinking: /home/nvidia/robotics-orin/install/absenc_interface/include/absenc_interface/absenc_interface/msg/encoder_values.hpp
[34.204s] -- Symlinking: /home/nvidia/robotics-orin/install/absenc_interface/include/absenc_interface/absenc_interface/msg/detail/encoder_values__rosidl_typesupport_fastrtps_cpp.hpp
[34.221s] -- Symlinking: /home/nvidia/robotics-orin/install/absenc_interface/include/absenc_interface/absenc_interface/msg/rosidl_typesupport_fastrtps_cpp__visibility_control.h
[34.238s] -- Symlinking: /home/nvidia/robotics-orin/install/absenc_interface/include/absenc_interface/absenc_interface/msg/detail/encoder_values__rosidl_typesupport_introspection_c.h
[34.256s] -- Symlinking: /home/nvidia/robotics-orin/install/absenc_interface/include/absenc_interface/absenc_interface/msg/rosidl_typesupport_introspection_c__visibility_control.h
[34.273s] -- Symlinking: /home/nvidia/robotics-orin/install/absenc_interface/include/absenc_interface/absenc_interface/msg/detail/encoder_values__rosidl_typesupport_introspection_cpp.hpp
[34.289s] -- Symlinking: /home/nvidia/robotics-orin/install/absenc_interface/share/absenc_interface/environment/pythonpath.sh
[34.306s] -- Symlinking: /home/nvidia/robotics-orin/install/absenc_interface/share/absenc_interface/environment/pythonpath.dsv
[34.322s] -- Symlinking: /home/nvidia/robotics-orin/install/absenc_interface/lib/python3.9/site-packages/absenc_interface-0.0.0-py3.9.egg-info/PKG-INFO
[34.339s] -- Symlinking: /home/nvidia/robotics-orin/install/absenc_interface/lib/python3.9/site-packages/absenc_interface-0.0.0-py3.9.egg-info/SOURCES.txt
[34.356s] -- Symlinking: /home/nvidia/robotics-orin/install/absenc_interface/lib/python3.9/site-packages/absenc_interface-0.0.0-py3.9.egg-info/dependency_links.txt
[34.373s] -- Symlinking: /home/nvidia/robotics-orin/install/absenc_interface/lib/python3.9/site-packages/absenc_interface-0.0.0-py3.9.egg-info/top_level.txt
[34.389s] -- Symlinking: /home/nvidia/robotics-orin/install/absenc_interface/lib/python3.9/site-packages/absenc_interface/__init__.py
[34.406s] -- Symlinking: /home/nvidia/robotics-orin/install/absenc_interface/lib/python3.9/site-packages/absenc_interface/_absenc_interface_s.ep.rosidl_typesupport_c.c
[34.422s] -- Symlinking: /home/nvidia/robotics-orin/install/absenc_interface/lib/python3.9/site-packages/absenc_interface/_absenc_interface_s.ep.rosidl_typesupport_fastrtps_c.c
[34.439s] -- Symlinking: /home/nvidia/robotics-orin/install/absenc_interface/lib/python3.9/site-packages/absenc_interface/_absenc_interface_s.ep.rosidl_typesupport_introspection_c.c
[34.464s] -- Symlinking: /home/nvidia/robotics-orin/install/absenc_interface/lib/python3.9/site-packages/absenc_interface/absenc_interface_s__rosidl_typesupport_c.cpython-311-aarch64-linux-gnu.so
[34.480s] -- Symlinking: /home/nvidia/robotics-orin/install/absenc_interface/lib/python3.9/site-packages/absenc_interface/absenc_interface_s__rosidl_typesupport_fastrtps_c.cpython-311-aarch64-linux-gnu.so
[34.495s] -- Symlinking: /home/nvidia/robotics-orin/install/absenc_interface/lib/python3.9/site-packages/absenc_interface/absenc_interface_s__rosidl_typesupport_introspection_c.cpython-311-aarch64-linux-gnu.so
[34.511s] -- Symlinking: /home/nvidia/robotics-orin/install/absenc_interface/lib/python3.9/site-packages/absenc_interface/libabsenc_interface__rosidl_generator_py.so
[34.527s] -- Symlinking: /home/nvidia/robotics-orin/install/absenc_interface/lib/python3.9/site-packages/absenc_interface/msg/__init__.py
[34.544s] -- Symlinking: /home/nvidia/robotics-orin/install/absenc_interface/lib/python3.9/site-packages/absenc_interface/msg/_encoder_values.py
[34.564s] -- Symlinking: /home/nvidia/robotics-orin/install/absenc_interface/lib/python3.9/site-packages/absenc_interface/msg/_encoder_values_s.c
[34.580s] -- Up-to-date symlink: /home/nvidia/robotics-orin/install/absenc_interface/lib/python3.9/site-packages/absenc_interface/absenc_interface_s__rosidl_typesupport_fastrtps_c.cpython-311-aarch64-linux-gnu.so
[34.581s] -- Up-to-date symlink: /home/nvidia/robotics-orin/install/absenc_interface/lib/python3.9/site-packages/absenc_interface/absenc_interface_s__rosidl_typesupport_introspection_c.cpython-311-aarch64-linux-gnu.so
[34.582s] -- Up-to-date symlink: /home/nvidia/robotics-orin/install/absenc_interface/lib/python3.9/site-packages/absenc_interface/absenc_interface_s__rosidl_typesupport_c.cpython-311-aarch64-linux-gnu.so
[34.582s] -- Symlinking: /home/nvidia/robotics-orin/install/absenc_interface/share/absenc_interface/msg/EncoderValues.idl
[34.597s] -- Symlinking: /home/nvidia/robotics-orin/install/absenc_interface/share/absenc_interface/msg/EncoderValues.msg
[34.614s] -- Symlinking: /home/nvidia/robotics-orin/install/absenc_interface/lib/absenc_interface/absenc_node
[34.630s] -- Symlinking: /home/nvidia/robotics-orin/install/absenc_interface/share/ament_index/resource_index/package_run_dependencies/absenc_interface
[34.647s] -- Symlinking: /home/nvidia/robotics-orin/install/absenc_interface/share/ament_index/resource_index/parent_prefix_path/absenc_interface
[34.664s] -- Symlinking: /home/nvidia/robotics-orin/install/absenc_interface/share/absenc_interface/environment/ament_prefix_path.sh
[34.680s] -- Symlinking: /home/nvidia/robotics-orin/install/absenc_interface/share/absenc_interface/environment/ament_prefix_path.dsv
[34.696s] -- Symlinking: /home/nvidia/robotics-orin/install/absenc_interface/share/absenc_interface/environment/path.sh
[34.712s] -- Symlinking: /home/nvidia/robotics-orin/install/absenc_interface/share/absenc_interface/environment/path.dsv
[34.727s] -- Symlinking: /home/nvidia/robotics-orin/install/absenc_interface/share/absenc_interface/local_setup.bash
[34.745s] -- Symlinking: /home/nvidia/robotics-orin/install/absenc_interface/share/absenc_interface/local_setup.sh
[34.762s] -- Symlinking: /home/nvidia/robotics-orin/install/absenc_interface/share/absenc_interface/local_setup.zsh
[34.778s] -- Symlinking: /home/nvidia/robotics-orin/install/absenc_interface/share/absenc_interface/local_setup.dsv
[34.794s] -- Symlinking: /home/nvidia/robotics-orin/install/absenc_interface/share/absenc_interface/package.dsv
[34.812s] -- Symlinking: /home/nvidia/robotics-orin/install/absenc_interface/share/ament_index/resource_index/packages/absenc_interface
[34.829s] -- Symlinking: /home/nvidia/robotics-orin/install/absenc_interface/share/absenc_interface/cmake/rosidl_cmake-extras.cmake
[34.847s] -- Symlinking: /home/nvidia/robotics-orin/install/absenc_interface/share/absenc_interface/cmake/ament_cmake_export_include_directories-extras.cmake
[34.862s] -- Symlinking: /home/nvidia/robotics-orin/install/absenc_interface/share/absenc_interface/cmake/ament_cmake_export_libraries-extras.cmake
[34.878s] -- Symlinking: /home/nvidia/robotics-orin/install/absenc_interface/share/absenc_interface/cmake/ament_cmake_export_targets-extras.cmake
[34.895s] -- Symlinking: /home/nvidia/robotics-orin/install/absenc_interface/share/absenc_interface/cmake/rosidl_cmake_export_typesupport_targets-extras.cmake
[34.914s] -- Symlinking: /home/nvidia/robotics-orin/install/absenc_interface/share/absenc_interface/cmake/ament_cmake_export_dependencies-extras.cmake
[34.935s] -- Symlinking: /home/nvidia/robotics-orin/install/absenc_interface/share/absenc_interface/cmake/rosidl_cmake_export_typesupport_libraries-extras.cmake
[34.954s] -- Symlinking: /home/nvidia/robotics-orin/install/absenc_interface/share/absenc_interface/cmake/absenc_interfaceConfig.cmake
[34.985s] -- Symlinking: /home/nvidia/robotics-orin/install/absenc_interface/share/absenc_interface/cmake/absenc_interfaceConfig-version.cmake
[35.003s] -- Symlinking: /home/nvidia/robotics-orin/install/absenc_interface/share/absenc_interface/package.xml
[35.019s] -- Installing: /home/nvidia/robotics-orin/install/absenc_interface/lib/libabsenc_interface__rosidl_generator_c.so
[35.020s] -- Set runtime path of "/home/nvidia/robotics-orin/install/absenc_interface/lib/libabsenc_interface__rosidl_generator_c.so" to ""
[35.020s] -- Installing: /home/nvidia/robotics-orin/install/absenc_interface/lib/libabsenc_interface__rosidl_typesupport_fastrtps_c.so
[35.021s] -- Set runtime path of "/home/nvidia/robotics-orin/install/absenc_interface/lib/libabsenc_interface__rosidl_typesupport_fastrtps_c.so" to ""
[35.021s] -- Installing: /home/nvidia/robotics-orin/install/absenc_interface/lib/libabsenc_interface__rosidl_typesupport_fastrtps_cpp.so
[35.021s] -- Set runtime path of "/home/nvidia/robotics-orin/install/absenc_interface/lib/libabsenc_interface__rosidl_typesupport_fastrtps_cpp.so" to ""
[35.022s] -- Installing: /home/nvidia/robotics-orin/install/absenc_interface/lib/libabsenc_interface__rosidl_typesupport_introspection_c.so
[35.022s] -- Set runtime path of "/home/nvidia/robotics-orin/install/absenc_interface/lib/libabsenc_interface__rosidl_typesupport_introspection_c.so" to ""
[35.023s] -- Installing: /home/nvidia/robotics-orin/install/absenc_interface/lib/libabsenc_interface__rosidl_typesupport_c.so
[35.023s] -- Set runtime path of "/home/nvidia/robotics-orin/install/absenc_interface/lib/libabsenc_interface__rosidl_typesupport_c.so" to ""
[35.024s] -- Installing: /home/nvidia/robotics-orin/install/absenc_interface/lib/libabsenc_interface__rosidl_typesupport_introspection_cpp.so
[35.024s] -- Set runtime path of "/home/nvidia/robotics-orin/install/absenc_interface/lib/libabsenc_interface__rosidl_typesupport_introspection_cpp.so" to ""
[35.024s] -- Installing: /home/nvidia/robotics-orin/install/absenc_interface/lib/libabsenc_interface__rosidl_typesupport_cpp.so
[35.025s] -- Set runtime path of "/home/nvidia/robotics-orin/install/absenc_interface/lib/libabsenc_interface__rosidl_typesupport_cpp.so" to ""
[35.092s] Listing '/home/nvidia/robotics-orin/install/absenc_interface/lib/python3.9/site-packages/absenc_interface'...
[35.092s] Compiling '/home/nvidia/robotics-orin/install/absenc_interface/lib/python3.9/site-packages/absenc_interface/__init__.py'...
[35.093s] Listing '/home/nvidia/robotics-orin/install/absenc_interface/lib/python3.9/site-packages/absenc_interface/msg'...
[35.093s] Compiling '/home/nvidia/robotics-orin/install/absenc_interface/lib/python3.9/site-packages/absenc_interface/msg/__init__.py'...
[35.093s] Compiling '/home/nvidia/robotics-orin/install/absenc_interface/lib/python3.9/site-packages/absenc_interface/msg/_encoder_values.py'...
[35.104s] -- Installing: /home/nvidia/robotics-orin/install/absenc_interface/lib/libabsenc_interface__rosidl_generator_py.so
[35.104s] -- Set runtime path of "/home/nvidia/robotics-orin/install/absenc_interface/lib/libabsenc_interface__rosidl_generator_py.so" to ""
[35.105s] -- Installing: /home/nvidia/robotics-orin/install/absenc_interface/share/absenc_interface/cmake/export_absenc_interface__rosidl_generator_cExport.cmake
[35.105s] -- Installing: /home/nvidia/robotics-orin/install/absenc_interface/share/absenc_interface/cmake/export_absenc_interface__rosidl_generator_cExport-noconfig.cmake
[35.106s] -- Installing: /home/nvidia/robotics-orin/install/absenc_interface/share/absenc_interface/cmake/export_absenc_interface__rosidl_typesupport_fastrtps_cExport.cmake
[35.106s] -- Installing: /home/nvidia/robotics-orin/install/absenc_interface/share/absenc_interface/cmake/export_absenc_interface__rosidl_typesupport_fastrtps_cExport-noconfig.cmake
[35.107s] -- Installing: /home/nvidia/robotics-orin/install/absenc_interface/share/absenc_interface/cmake/export_absenc_interface__rosidl_generator_cppExport.cmake
[35.107s] -- Installing: /home/nvidia/robotics-orin/install/absenc_interface/share/absenc_interface/cmake/export_absenc_interface__rosidl_typesupport_fastrtps_cppExport.cmake
[35.107s] -- Installing: /home/nvidia/robotics-orin/install/absenc_interface/share/absenc_interface/cmake/export_absenc_interface__rosidl_typesupport_fastrtps_cppExport-noconfig.cmake
[35.108s] -- Installing: /home/nvidia/robotics-orin/install/absenc_interface/share/absenc_interface/cmake/absenc_interface__rosidl_typesupport_introspection_cExport.cmake
[35.108s] -- Installing: /home/nvidia/robotics-orin/install/absenc_interface/share/absenc_interface/cmake/absenc_interface__rosidl_typesupport_introspection_cExport-noconfig.cmake
[35.109s] -- Installing: /home/nvidia/robotics-orin/install/absenc_interface/share/absenc_interface/cmake/absenc_interface__rosidl_typesupport_cExport.cmake
[35.109s] -- Installing: /home/nvidia/robotics-orin/install/absenc_interface/share/absenc_interface/cmake/absenc_interface__rosidl_typesupport_cExport-noconfig.cmake
[35.110s] -- Installing: /home/nvidia/robotics-orin/install/absenc_interface/share/absenc_interface/cmake/absenc_interface__rosidl_typesupport_introspection_cppExport.cmake
[35.110s] -- Installing: /home/nvidia/robotics-orin/install/absenc_interface/share/absenc_interface/cmake/absenc_interface__rosidl_typesupport_introspection_cppExport-noconfig.cmake
[35.111s] -- Installing: /home/nvidia/robotics-orin/install/absenc_interface/share/absenc_interface/cmake/absenc_interface__rosidl_typesupport_cppExport.cmake
[35.111s] -- Installing: /home/nvidia/robotics-orin/install/absenc_interface/share/absenc_interface/cmake/absenc_interface__rosidl_typesupport_cppExport-noconfig.cmake
[35.111s] -- Installing: /home/nvidia/robotics-orin/install/absenc_interface/share/absenc_interface/cmake/export_absenc_interface__rosidl_generator_pyExport.cmake
[35.112s] -- Installing: /home/nvidia/robotics-orin/install/absenc_interface/share/absenc_interface/cmake/export_absenc_interface__rosidl_generator_pyExport-noconfig.cmake
[35.653s] Invoked command in '/home/nvidia/robotics-orin/build/absenc_interface' returned '0': CMAKE_PREFIX_PATH=${CMAKE_PREFIX_PATH}:/opt/ros/humble:/home/nvidia/robotics-orin/install/arm_ik CONDA_PROMPT_MODIFIER=(base) /usr/bin/cmake --install /home/nvidia/robotics-orin/build/absenc_interface
