[8.592s] DEBUG:colcon:Command line arguments: ['/usr/bin/colcon', 'build', '--symlink-install']
[8.592s] DEBUG:colcon:Parsed command line arguments: Namespace(allow_overriding=[], ament_cmake_args=None, base_paths=['.'], build_base='build', catkin_cmake_args=None, catkin_skip_building_tests=False, cmake_args=None, cmake_clean_cache=False, cmake_clean_first=False, cmake_force_configure=False, cmake_target=None, cmake_target_skip_unavailable=False, continue_on_error=False, event_handlers=None, executor='parallel', ignore_user_meta=False, install_base='install', log_base=None, log_level=None, main=<bound method BuildVerb.main of <colcon_core.verb.build.BuildVerb object at 0xffff9a5f0640>>, merge_install=False, metas=['./colcon.meta'], packages_above=None, packages_above_and_dependencies=None, packages_above_depth=None, packages_end=None, packages_ignore=None, packages_ignore_regex=None, packages_select=None, packages_select_build_failed=False, packages_select_by_dep=None, packages_select_regex=None, packages_select_test_failures=False, packages_skip=None, packages_skip_build_finished=False, packages_skip_by_dep=None, packages_skip_regex=None, packages_skip_test_passed=False, packages_skip_up_to=None, packages_start=None, packages_up_to=None, packages_up_to_regex=None, parallel_workers=6, paths=None, symlink_install=True, test_result_base=None, verb_extension=<colcon_core.verb.build.BuildVerb object at 0xffff9a5f0640>, verb_name='build', verb_parser=<colcon_defaults.argument_parser.defaults.DefaultArgumentsDecorator object at 0xffff9a2dee20>)
[8.934s] Level 1:colcon.colcon_core.package_discovery:discover_packages(colcon_meta) check parameters
[8.935s] Level 1:colcon.colcon_core.package_discovery:discover_packages(recursive) check parameters
[8.935s] Level 1:colcon.colcon_core.package_discovery:discover_packages(ignore) check parameters
[8.935s] Level 1:colcon.colcon_core.package_discovery:discover_packages(path) check parameters
[8.935s] Level 1:colcon.colcon_core.package_discovery:discover_packages(colcon_meta) discover
[8.935s] Level 1:colcon.colcon_core.package_discovery:discover_packages(recursive) discover
[8.935s] INFO:colcon.colcon_core.package_discovery:Crawling recursively for packages in '/home/nvidia/robotics-orin'
[8.935s] Level 1:colcon.colcon_core.package_identification:_identify(.) by extensions ['ignore', 'ignore_ament_install']
[8.935s] Level 1:colcon.colcon_core.package_identification:_identify(.) by extension 'ignore'
[8.935s] Level 1:colcon.colcon_core.package_identification:_identify(.) by extension 'ignore_ament_install'
[8.935s] Level 1:colcon.colcon_core.package_identification:_identify(.) by extensions ['colcon_pkg']
[8.936s] Level 1:colcon.colcon_core.package_identification:_identify(.) by extension 'colcon_pkg'
[8.936s] Level 1:colcon.colcon_core.package_identification:_identify(.) by extensions ['colcon_meta']
[8.936s] Level 1:colcon.colcon_core.package_identification:_identify(.) by extension 'colcon_meta'
[8.936s] Level 1:colcon.colcon_core.package_identification:_identify(.) by extensions ['ros']
[8.936s] Level 1:colcon.colcon_core.package_identification:_identify(.) by extension 'ros'
[8.952s] Level 1:colcon.colcon_core.package_identification:_identify(.) by extensions ['cmake', 'python']
[8.952s] Level 1:colcon.colcon_core.package_identification:_identify(.) by extension 'cmake'
[8.953s] Level 1:colcon.colcon_core.package_identification:_identify(.) by extension 'python'
[8.953s] Level 1:colcon.colcon_core.package_identification:_identify(.) by extensions ['python_setup_py']
[8.953s] Level 1:colcon.colcon_core.package_identification:_identify(.) by extension 'python_setup_py'
[8.953s] Level 1:colcon.colcon_core.package_identification:_identify(build) by extensions ['ignore', 'ignore_ament_install']
[8.953s] Level 1:colcon.colcon_core.package_identification:_identify(build) by extension 'ignore'
[8.953s] Level 1:colcon.colcon_core.package_identification:_identify(build) ignored
[8.953s] Level 1:colcon.colcon_core.package_identification:_identify(install) by extensions ['ignore', 'ignore_ament_install']
[8.954s] Level 1:colcon.colcon_core.package_identification:_identify(install) by extension 'ignore'
[8.954s] Level 1:colcon.colcon_core.package_identification:_identify(install) ignored
[8.954s] Level 1:colcon.colcon_core.package_identification:_identify(log) by extensions ['ignore', 'ignore_ament_install']
[8.954s] Level 1:colcon.colcon_core.package_identification:_identify(log) by extension 'ignore'
[8.954s] Level 1:colcon.colcon_core.package_identification:_identify(log) ignored
[8.954s] Level 1:colcon.colcon_core.package_identification:_identify(src) by extensions ['ignore', 'ignore_ament_install']
[8.954s] Level 1:colcon.colcon_core.package_identification:_identify(src) by extension 'ignore'
[8.954s] Level 1:colcon.colcon_core.package_identification:_identify(src) by extension 'ignore_ament_install'
[8.954s] Level 1:colcon.colcon_core.package_identification:_identify(src) by extensions ['colcon_pkg']
[8.954s] Level 1:colcon.colcon_core.package_identification:_identify(src) by extension 'colcon_pkg'
[8.955s] Level 1:colcon.colcon_core.package_identification:_identify(src) by extensions ['colcon_meta']
[8.955s] Level 1:colcon.colcon_core.package_identification:_identify(src) by extension 'colcon_meta'
[8.955s] Level 1:colcon.colcon_core.package_identification:_identify(src) by extensions ['ros']
[8.955s] Level 1:colcon.colcon_core.package_identification:_identify(src) by extension 'ros'
[8.955s] Level 1:colcon.colcon_core.package_identification:_identify(src) by extensions ['cmake', 'python']
[8.955s] Level 1:colcon.colcon_core.package_identification:_identify(src) by extension 'cmake'
[8.955s] Level 1:colcon.colcon_core.package_identification:_identify(src) by extension 'python'
[8.955s] Level 1:colcon.colcon_core.package_identification:_identify(src) by extensions ['python_setup_py']
[8.955s] Level 1:colcon.colcon_core.package_identification:_identify(src) by extension 'python_setup_py'
[8.955s] Level 1:colcon.colcon_core.package_identification:_identify(src/absenc_interface) by extensions ['ignore', 'ignore_ament_install']
[8.955s] Level 1:colcon.colcon_core.package_identification:_identify(src/absenc_interface) by extension 'ignore'
[8.955s] Level 1:colcon.colcon_core.package_identification:_identify(src/absenc_interface) by extension 'ignore_ament_install'
[8.956s] Level 1:colcon.colcon_core.package_identification:_identify(src/absenc_interface) by extensions ['colcon_pkg']
[8.956s] Level 1:colcon.colcon_core.package_identification:_identify(src/absenc_interface) by extension 'colcon_pkg'
[8.956s] Level 1:colcon.colcon_core.package_identification:_identify(src/absenc_interface) by extensions ['colcon_meta']
[8.956s] Level 1:colcon.colcon_core.package_identification:_identify(src/absenc_interface) by extension 'colcon_meta'
[8.956s] Level 1:colcon.colcon_core.package_identification:_identify(src/absenc_interface) by extensions ['ros']
[8.956s] Level 1:colcon.colcon_core.package_identification:_identify(src/absenc_interface) by extension 'ros'
[8.960s] DEBUG:colcon.colcon_core.package_identification:Package 'src/absenc_interface' with type 'ros.ament_cmake' and name 'absenc_interface'
[8.960s] Level 1:colcon.colcon_core.package_identification:_identify(src/arm_controller) by extensions ['ignore', 'ignore_ament_install']
[8.960s] Level 1:colcon.colcon_core.package_identification:_identify(src/arm_controller) by extension 'ignore'
[8.960s] Level 1:colcon.colcon_core.package_identification:_identify(src/arm_controller) by extension 'ignore_ament_install'
[8.961s] Level 1:colcon.colcon_core.package_identification:_identify(src/arm_controller) by extensions ['colcon_pkg']
[8.961s] Level 1:colcon.colcon_core.package_identification:_identify(src/arm_controller) by extension 'colcon_pkg'
[8.961s] Level 1:colcon.colcon_core.package_identification:_identify(src/arm_controller) by extensions ['colcon_meta']
[8.961s] Level 1:colcon.colcon_core.package_identification:_identify(src/arm_controller) by extension 'colcon_meta'
[8.961s] Level 1:colcon.colcon_core.package_identification:_identify(src/arm_controller) by extensions ['ros']
[8.961s] Level 1:colcon.colcon_core.package_identification:_identify(src/arm_controller) by extension 'ros'
[8.962s] DEBUG:colcon.colcon_core.package_identification:Package 'src/arm_controller' with type 'ros.ament_cmake' and name 'arm_controller'
[8.962s] Level 1:colcon.colcon_core.package_identification:_identify(src/gps) by extensions ['ignore', 'ignore_ament_install']
[8.962s] Level 1:colcon.colcon_core.package_identification:_identify(src/gps) by extension 'ignore'
[8.962s] Level 1:colcon.colcon_core.package_identification:_identify(src/gps) ignored
[8.962s] Level 1:colcon.colcon_core.package_identification:_identify(src/sil) by extensions ['ignore', 'ignore_ament_install']
[8.962s] Level 1:colcon.colcon_core.package_identification:_identify(src/sil) by extension 'ignore'
[8.962s] Level 1:colcon.colcon_core.package_identification:_identify(src/sil) by extension 'ignore_ament_install'
[8.963s] Level 1:colcon.colcon_core.package_identification:_identify(src/sil) by extensions ['colcon_pkg']
[8.963s] Level 1:colcon.colcon_core.package_identification:_identify(src/sil) by extension 'colcon_pkg'
[8.963s] Level 1:colcon.colcon_core.package_identification:_identify(src/sil) by extensions ['colcon_meta']
[8.963s] Level 1:colcon.colcon_core.package_identification:_identify(src/sil) by extension 'colcon_meta'
[8.963s] Level 1:colcon.colcon_core.package_identification:_identify(src/sil) by extensions ['ros']
[8.963s] Level 1:colcon.colcon_core.package_identification:_identify(src/sil) by extension 'ros'
[8.964s] DEBUG:colcon.colcon_core.package_identification:Package 'src/sil' with type 'ros.ament_cmake' and name 'sil'
[8.964s] Level 1:colcon.colcon_core.package_identification:_identify(src/wheels_controller) by extensions ['ignore', 'ignore_ament_install']
[8.964s] Level 1:colcon.colcon_core.package_identification:_identify(src/wheels_controller) by extension 'ignore'
[8.964s] Level 1:colcon.colcon_core.package_identification:_identify(src/wheels_controller) by extension 'ignore_ament_install'
[8.964s] Level 1:colcon.colcon_core.package_identification:_identify(src/wheels_controller) by extensions ['colcon_pkg']
[8.964s] Level 1:colcon.colcon_core.package_identification:_identify(src/wheels_controller) by extension 'colcon_pkg'
[8.964s] Level 1:colcon.colcon_core.package_identification:_identify(src/wheels_controller) by extensions ['colcon_meta']
[8.964s] Level 1:colcon.colcon_core.package_identification:_identify(src/wheels_controller) by extension 'colcon_meta'
[8.965s] Level 1:colcon.colcon_core.package_identification:_identify(src/wheels_controller) by extensions ['ros']
[8.965s] Level 1:colcon.colcon_core.package_identification:_identify(src/wheels_controller) by extension 'ros'
[8.965s] DEBUG:colcon.colcon_core.package_identification:Package 'src/wheels_controller' with type 'ros.ament_cmake' and name 'wheels_controller'
[8.965s] Level 1:colcon.colcon_core.package_discovery:discover_packages(recursive) using defaults
[8.966s] Level 1:colcon.colcon_core.package_discovery:discover_packages(ignore) discover
[8.966s] Level 1:colcon.colcon_core.package_discovery:discover_packages(ignore) using defaults
[8.966s] Level 1:colcon.colcon_core.package_discovery:discover_packages(path) discover
[8.966s] Level 1:colcon.colcon_core.package_discovery:discover_packages(path) using defaults
[9.787s] Level 1:colcon.colcon_core.package_discovery:discover_packages(prefix_path) check parameters
[9.788s] Level 1:colcon.colcon_core.package_discovery:discover_packages(prefix_path) discover
[10.098s] DEBUG:colcon.colcon_installed_package_information.package_discovery:Found 256 installed packages in /opt/ros/foxy
[10.100s] Level 1:colcon.colcon_core.package_discovery:discover_packages(prefix_path) using defaults
[10.510s] Level 5:colcon.colcon_core.verb:set package 'absenc_interface' build argument 'cmake_args' from command line to 'None'
[10.510s] Level 5:colcon.colcon_core.verb:set package 'absenc_interface' build argument 'cmake_target' from command line to 'None'
[10.511s] Level 5:colcon.colcon_core.verb:set package 'absenc_interface' build argument 'cmake_target_skip_unavailable' from command line to 'False'
[10.511s] Level 5:colcon.colcon_core.verb:set package 'absenc_interface' build argument 'cmake_clean_cache' from command line to 'False'
[10.511s] Level 5:colcon.colcon_core.verb:set package 'absenc_interface' build argument 'cmake_clean_first' from command line to 'False'
[10.511s] Level 5:colcon.colcon_core.verb:set package 'absenc_interface' build argument 'cmake_force_configure' from command line to 'False'
[10.511s] Level 5:colcon.colcon_core.verb:set package 'absenc_interface' build argument 'ament_cmake_args' from command line to 'None'
[10.511s] Level 5:colcon.colcon_core.verb:set package 'absenc_interface' build argument 'catkin_cmake_args' from command line to 'None'
[10.511s] Level 5:colcon.colcon_core.verb:set package 'absenc_interface' build argument 'catkin_skip_building_tests' from command line to 'False'
[10.511s] DEBUG:colcon.colcon_core.verb:Building package 'absenc_interface' with the following arguments: {'ament_cmake_args': None, 'build_base': '/home/nvidia/robotics-orin/build/absenc_interface', 'catkin_cmake_args': None, 'catkin_skip_building_tests': False, 'cmake_args': None, 'cmake_clean_cache': False, 'cmake_clean_first': False, 'cmake_force_configure': False, 'cmake_target': None, 'cmake_target_skip_unavailable': False, 'install_base': '/home/nvidia/robotics-orin/install/absenc_interface', 'merge_install': False, 'path': '/home/nvidia/robotics-orin/src/absenc_interface', 'symlink_install': True, 'test_result_base': None}
[10.663s] Level 5:colcon.colcon_core.verb:set package 'arm_controller' build argument 'cmake_args' from command line to 'None'
[10.663s] Level 5:colcon.colcon_core.verb:set package 'arm_controller' build argument 'cmake_target' from command line to 'None'
[10.663s] Level 5:colcon.colcon_core.verb:set package 'arm_controller' build argument 'cmake_target_skip_unavailable' from command line to 'False'
[10.663s] Level 5:colcon.colcon_core.verb:set package 'arm_controller' build argument 'cmake_clean_cache' from command line to 'False'
[10.663s] Level 5:colcon.colcon_core.verb:set package 'arm_controller' build argument 'cmake_clean_first' from command line to 'False'
[10.664s] Level 5:colcon.colcon_core.verb:set package 'arm_controller' build argument 'cmake_force_configure' from command line to 'False'
[10.664s] Level 5:colcon.colcon_core.verb:set package 'arm_controller' build argument 'ament_cmake_args' from command line to 'None'
[10.664s] Level 5:colcon.colcon_core.verb:set package 'arm_controller' build argument 'catkin_cmake_args' from command line to 'None'
[10.664s] Level 5:colcon.colcon_core.verb:set package 'arm_controller' build argument 'catkin_skip_building_tests' from command line to 'False'
[10.664s] DEBUG:colcon.colcon_core.verb:Building package 'arm_controller' with the following arguments: {'ament_cmake_args': None, 'build_base': '/home/nvidia/robotics-orin/build/arm_controller', 'catkin_cmake_args': None, 'catkin_skip_building_tests': False, 'cmake_args': None, 'cmake_clean_cache': False, 'cmake_clean_first': False, 'cmake_force_configure': False, 'cmake_target': None, 'cmake_target_skip_unavailable': False, 'install_base': '/home/nvidia/robotics-orin/install/arm_controller', 'merge_install': False, 'path': '/home/nvidia/robotics-orin/src/arm_controller', 'symlink_install': True, 'test_result_base': None}
[10.816s] Level 5:colcon.colcon_core.verb:set package 'sil' build argument 'cmake_args' from command line to 'None'
[10.817s] Level 5:colcon.colcon_core.verb:set package 'sil' build argument 'cmake_target' from command line to 'None'
[10.817s] Level 5:colcon.colcon_core.verb:set package 'sil' build argument 'cmake_target_skip_unavailable' from command line to 'False'
[10.817s] Level 5:colcon.colcon_core.verb:set package 'sil' build argument 'cmake_clean_cache' from command line to 'False'
[10.817s] Level 5:colcon.colcon_core.verb:set package 'sil' build argument 'cmake_clean_first' from command line to 'False'
[10.817s] Level 5:colcon.colcon_core.verb:set package 'sil' build argument 'cmake_force_configure' from command line to 'False'
[10.817s] Level 5:colcon.colcon_core.verb:set package 'sil' build argument 'ament_cmake_args' from command line to 'None'
[10.817s] Level 5:colcon.colcon_core.verb:set package 'sil' build argument 'catkin_cmake_args' from command line to 'None'
[10.817s] Level 5:colcon.colcon_core.verb:set package 'sil' build argument 'catkin_skip_building_tests' from command line to 'False'
[10.817s] DEBUG:colcon.colcon_core.verb:Building package 'sil' with the following arguments: {'ament_cmake_args': None, 'build_base': '/home/nvidia/robotics-orin/build/sil', 'catkin_cmake_args': None, 'catkin_skip_building_tests': False, 'cmake_args': None, 'cmake_clean_cache': False, 'cmake_clean_first': False, 'cmake_force_configure': False, 'cmake_target': None, 'cmake_target_skip_unavailable': False, 'install_base': '/home/nvidia/robotics-orin/install/sil', 'merge_install': False, 'path': '/home/nvidia/robotics-orin/src/sil', 'symlink_install': True, 'test_result_base': None}
[10.969s] Level 5:colcon.colcon_core.verb:set package 'wheels_controller' build argument 'cmake_args' from command line to 'None'
[10.970s] Level 5:colcon.colcon_core.verb:set package 'wheels_controller' build argument 'cmake_target' from command line to 'None'
[10.970s] Level 5:colcon.colcon_core.verb:set package 'wheels_controller' build argument 'cmake_target_skip_unavailable' from command line to 'False'
[10.970s] Level 5:colcon.colcon_core.verb:set package 'wheels_controller' build argument 'cmake_clean_cache' from command line to 'False'
[10.970s] Level 5:colcon.colcon_core.verb:set package 'wheels_controller' build argument 'cmake_clean_first' from command line to 'False'
[10.970s] Level 5:colcon.colcon_core.verb:set package 'wheels_controller' build argument 'cmake_force_configure' from command line to 'False'
[10.970s] Level 5:colcon.colcon_core.verb:set package 'wheels_controller' build argument 'ament_cmake_args' from command line to 'None'
[10.970s] Level 5:colcon.colcon_core.verb:set package 'wheels_controller' build argument 'catkin_cmake_args' from command line to 'None'
[10.970s] Level 5:colcon.colcon_core.verb:set package 'wheels_controller' build argument 'catkin_skip_building_tests' from command line to 'False'
[10.970s] DEBUG:colcon.colcon_core.verb:Building package 'wheels_controller' with the following arguments: {'ament_cmake_args': None, 'build_base': '/home/nvidia/robotics-orin/build/wheels_controller', 'catkin_cmake_args': None, 'catkin_skip_building_tests': False, 'cmake_args': None, 'cmake_clean_cache': False, 'cmake_clean_first': False, 'cmake_force_configure': False, 'cmake_target': None, 'cmake_target_skip_unavailable': False, 'install_base': '/home/nvidia/robotics-orin/install/wheels_controller', 'merge_install': False, 'path': '/home/nvidia/robotics-orin/src/wheels_controller', 'symlink_install': True, 'test_result_base': None}
[11.122s] INFO:colcon.colcon_core.executor:Executing jobs using 'parallel' executor
[11.277s] DEBUG:colcon.colcon_parallel_executor.executor.parallel:run_until_complete
[11.277s] INFO:colcon.colcon_ros.task.ament_cmake.build:Building ROS package in '/home/nvidia/robotics-orin/src/absenc_interface' with build type 'ament_cmake'
[11.278s] INFO:colcon.colcon_cmake.task.cmake.build:Building CMake package in '/home/nvidia/robotics-orin/src/absenc_interface'
[11.438s] INFO:colcon.colcon_core.plugin_system:Skipping extension 'colcon_core.shell.bat': Not used on non-Windows systems
[11.439s] INFO:colcon.colcon_core.shell:Skip shell extension 'powershell' for command environment: Not usable outside of PowerShell
[11.439s] DEBUG:colcon.colcon_core.shell:Skip shell extension 'dsv' for command environment
[11.787s] INFO:colcon.colcon_ros.task.ament_cmake.build:Building ROS package in '/home/nvidia/robotics-orin/src/arm_controller' with build type 'ament_cmake'
[11.788s] INFO:colcon.colcon_cmake.task.cmake.build:Building CMake package in '/home/nvidia/robotics-orin/src/arm_controller'
[11.946s] INFO:colcon.colcon_core.shell:Skip shell extension 'powershell' for command environment: Not usable outside of PowerShell
[11.946s] DEBUG:colcon.colcon_core.shell:Skip shell extension 'dsv' for command environment
[12.269s] INFO:colcon.colcon_ros.task.ament_cmake.build:Building ROS package in '/home/nvidia/robotics-orin/src/sil' with build type 'ament_cmake'
[12.270s] INFO:colcon.colcon_cmake.task.cmake.build:Building CMake package in '/home/nvidia/robotics-orin/src/sil'
[12.431s] INFO:colcon.colcon_core.shell:Skip shell extension 'powershell' for command environment: Not usable outside of PowerShell
[12.431s] DEBUG:colcon.colcon_core.shell:Skip shell extension 'dsv' for command environment
[12.755s] INFO:colcon.colcon_ros.task.ament_cmake.build:Building ROS package in '/home/nvidia/robotics-orin/src/wheels_controller' with build type 'ament_cmake'
[12.756s] INFO:colcon.colcon_cmake.task.cmake.build:Building CMake package in '/home/nvidia/robotics-orin/src/wheels_controller'
[12.916s] INFO:colcon.colcon_core.shell:Skip shell extension 'powershell' for command environment: Not usable outside of PowerShell
[12.916s] DEBUG:colcon.colcon_core.shell:Skip shell extension 'dsv' for command environment
[13.251s] DEBUG:colcon.colcon_core.event_handler.log_command:Invoking command in '/home/nvidia/robotics-orin/build/absenc_interface': CMAKE_PREFIX_PATH=/opt/ros/foxy CONDA_PROMPT_MODIFIER=(base) /usr/bin/cmake /home/nvidia/robotics-orin/src/absenc_interface -DAMENT_CMAKE_SYMLINK_INSTALL=1 -DCMAKE_INSTALL_PREFIX=/home/nvidia/robotics-orin/install/absenc_interface
[13.262s] DEBUG:colcon.colcon_core.event_handler.log_command:Invoking command in '/home/nvidia/robotics-orin/build/arm_controller': CMAKE_PREFIX_PATH=/opt/ros/foxy CONDA_PROMPT_MODIFIER=(base) /usr/bin/cmake /home/nvidia/robotics-orin/src/arm_controller -DAMENT_CMAKE_SYMLINK_INSTALL=1 -DCMAKE_INSTALL_PREFIX=/home/nvidia/robotics-orin/install/arm_controller
[13.270s] DEBUG:colcon.colcon_core.event_handler.log_command:Invoking command in '/home/nvidia/robotics-orin/build/sil': CMAKE_PREFIX_PATH=/opt/ros/foxy CONDA_PROMPT_MODIFIER=(base) /usr/bin/cmake /home/nvidia/robotics-orin/src/sil -DAMENT_CMAKE_SYMLINK_INSTALL=1 -DCMAKE_INSTALL_PREFIX=/home/nvidia/robotics-orin/install/sil
[13.279s] DEBUG:colcon.colcon_core.event_handler.log_command:Invoking command in '/home/nvidia/robotics-orin/build/wheels_controller': CMAKE_PREFIX_PATH=/opt/ros/foxy CONDA_PROMPT_MODIFIER=(base) /usr/bin/cmake /home/nvidia/robotics-orin/src/wheels_controller -DAMENT_CMAKE_SYMLINK_INSTALL=1 -DCMAKE_INSTALL_PREFIX=/home/nvidia/robotics-orin/install/wheels_controller
[14.471s] DEBUG:colcon.colcon_core.event_handler.log_command:Invoked command in '/home/nvidia/robotics-orin/build/sil' returned '0': CMAKE_PREFIX_PATH=/opt/ros/foxy CONDA_PROMPT_MODIFIER=(base) /usr/bin/cmake /home/nvidia/robotics-orin/src/sil -DAMENT_CMAKE_SYMLINK_INSTALL=1 -DCMAKE_INSTALL_PREFIX=/home/nvidia/robotics-orin/install/sil
[14.477s] DEBUG:colcon.colcon_core.event_handler.log_command:Invoking command in '/home/nvidia/robotics-orin/build/sil': CMAKE_PREFIX_PATH=/opt/ros/foxy CONDA_PROMPT_MODIFIER=(base) /usr/bin/cmake --build /home/nvidia/robotics-orin/build/sil -- -j6 -l6
[14.530s] DEBUG:colcon.colcon_core.event_handler.log_command:Invoked command in '/home/nvidia/robotics-orin/build/absenc_interface' returned '1': CMAKE_PREFIX_PATH=/opt/ros/foxy CONDA_PROMPT_MODIFIER=(base) /usr/bin/cmake /home/nvidia/robotics-orin/src/absenc_interface -DAMENT_CMAKE_SYMLINK_INSTALL=1 -DCMAKE_INSTALL_PREFIX=/home/nvidia/robotics-orin/install/absenc_interface
[14.558s] Level 1:colcon.colcon_core.environment:create_environment_scripts_only(absenc_interface)
[14.727s] Level 1:colcon.colcon_core.environment:checking '/home/nvidia/robotics-orin/install/absenc_interface' for CMake module files
[14.727s] Level 1:colcon.colcon_core.environment:checking '/home/nvidia/robotics-orin/install/absenc_interface' for CMake config files
[14.728s] Level 1:colcon.colcon_core.environment:checking '/home/nvidia/robotics-orin/install/absenc_interface/bin'
[14.728s] Level 1:colcon.colcon_core.environment:checking '/home/nvidia/robotics-orin/install/absenc_interface/lib/pkgconfig/absenc_interface.pc'
[14.729s] Level 1:colcon.colcon_core.environment:checking '/home/nvidia/robotics-orin/install/absenc_interface/lib/python3.8/site-packages'
[14.729s] Level 1:colcon.colcon_core.environment:checking '/home/nvidia/robotics-orin/install/absenc_interface/bin'
[14.886s] INFO:colcon.colcon_core.shell:Creating package script '/home/nvidia/robotics-orin/install/absenc_interface/share/absenc_interface/package.ps1'
[14.888s] INFO:colcon.colcon_core.shell:Creating package descriptor '/home/nvidia/robotics-orin/install/absenc_interface/share/absenc_interface/package.dsv'
[14.888s] INFO:colcon.colcon_core.shell:Creating package script '/home/nvidia/robotics-orin/install/absenc_interface/share/absenc_interface/package.sh'
[14.889s] INFO:colcon.colcon_core.shell:Creating package script '/home/nvidia/robotics-orin/install/absenc_interface/share/absenc_interface/package.bash'
[14.890s] INFO:colcon.colcon_core.shell:Creating package script '/home/nvidia/robotics-orin/install/absenc_interface/share/absenc_interface/package.zsh'
[14.891s] Level 1:colcon.colcon_core.environment:create_file_with_runtime_dependencies(/home/nvidia/robotics-orin/install/absenc_interface/share/colcon-core/packages/absenc_interface)
[23.380s] DEBUG:colcon.colcon_parallel_executor.executor.parallel:closing loop
[23.380s] DEBUG:colcon.colcon_parallel_executor.executor.parallel:loop closed
[23.380s] DEBUG:colcon.colcon_parallel_executor.executor.parallel:run_until_complete finished with '1'
[23.380s] DEBUG:colcon.colcon_core.event_reactor:joining thread
[23.561s] INFO:colcon.colcon_core.plugin_system:Skipping extension 'colcon_notification.desktop_notification.terminal_notifier': Not used on non-Darwin systems
[23.561s] INFO:colcon.colcon_core.plugin_system:Skipping extension 'colcon_notification.desktop_notification.win32': Not used on non-Windows systems
[23.561s] INFO:colcon.colcon_notification.desktop_notification:Sending desktop notification using 'notify2'
[23.611s] DEBUG:colcon.colcon_core.event_reactor:joined thread
[23.772s] INFO:colcon.colcon_core.shell:Creating prefix script '/home/nvidia/robotics-orin/install/local_setup.ps1'
[23.774s] INFO:colcon.colcon_core.shell:Creating prefix util module '/home/nvidia/robotics-orin/install/_local_setup_util_ps1.py'
[23.776s] INFO:colcon.colcon_core.shell:Creating prefix chain script '/home/nvidia/robotics-orin/install/setup.ps1'
[23.933s] INFO:colcon.colcon_core.shell:Creating prefix script '/home/nvidia/robotics-orin/install/local_setup.sh'
[23.934s] INFO:colcon.colcon_core.shell:Creating prefix util module '/home/nvidia/robotics-orin/install/_local_setup_util_sh.py'
[23.935s] INFO:colcon.colcon_core.shell:Creating prefix chain script '/home/nvidia/robotics-orin/install/setup.sh'
[24.092s] INFO:colcon.colcon_core.shell:Creating prefix script '/home/nvidia/robotics-orin/install/local_setup.bash'
[24.092s] INFO:colcon.colcon_core.shell:Creating prefix chain script '/home/nvidia/robotics-orin/install/setup.bash'
[24.248s] INFO:colcon.colcon_core.shell:Creating prefix script '/home/nvidia/robotics-orin/install/local_setup.zsh'
[24.249s] INFO:colcon.colcon_core.shell:Creating prefix chain script '/home/nvidia/robotics-orin/install/setup.zsh'
