[9.824s] DEBUG:colcon:Command line arguments: ['/usr/bin/colcon', 'build']
[9.824s] DEBUG:colcon:Parsed command line arguments: Namespace(allow_overriding=[], ament_cmake_args=None, base_paths=['.'], build_base='build', catkin_cmake_args=None, catkin_skip_building_tests=False, cmake_args=None, cmake_clean_cache=False, cmake_clean_first=False, cmake_force_configure=False, cmake_target=None, cmake_target_skip_unavailable=False, continue_on_error=False, event_handlers=None, executor='parallel', ignore_user_meta=False, install_base='install', log_base=None, log_level=None, main=<bound method BuildVerb.main of <colcon_core.verb.build.BuildVerb object at 0xffff8f9fc760>>, merge_install=False, metas=['./colcon.meta'], packages_above=None, packages_above_and_dependencies=None, packages_above_depth=None, packages_end=None, packages_ignore=None, packages_ignore_regex=None, packages_select=None, packages_select_build_failed=False, packages_select_by_dep=None, packages_select_regex=None, packages_select_test_failures=False, packages_skip=None, packages_skip_build_finished=False, packages_skip_by_dep=None, packages_skip_regex=None, packages_skip_test_passed=False, packages_skip_up_to=None, packages_start=None, packages_up_to=None, packages_up_to_regex=None, parallel_workers=6, paths=None, symlink_install=False, test_result_base=None, verb_extension=<colcon_core.verb.build.BuildVerb object at 0xffff8f9fc760>, verb_name='build', verb_parser=<colcon_defaults.argument_parser.defaults.DefaultArgumentsDecorator object at 0xffff8f68e9a0>)
[10.214s] Level 1:colcon.colcon_core.package_discovery:discover_packages(colcon_meta) check parameters
[10.215s] Level 1:colcon.colcon_core.package_discovery:discover_packages(recursive) check parameters
[10.215s] Level 1:colcon.colcon_core.package_discovery:discover_packages(ignore) check parameters
[10.215s] Level 1:colcon.colcon_core.package_discovery:discover_packages(path) check parameters
[10.215s] Level 1:colcon.colcon_core.package_discovery:discover_packages(colcon_meta) discover
[10.215s] Level 1:colcon.colcon_core.package_discovery:discover_packages(recursive) discover
[10.215s] INFO:colcon.colcon_core.package_discovery:Crawling recursively for packages in '/home/nvidia/robotics-orin'
[10.215s] Level 1:colcon.colcon_core.package_identification:_identify(.) by extensions ['ignore', 'ignore_ament_install']
[10.215s] Level 1:colcon.colcon_core.package_identification:_identify(.) by extension 'ignore'
[10.216s] Level 1:colcon.colcon_core.package_identification:_identify(.) by extension 'ignore_ament_install'
[10.216s] Level 1:colcon.colcon_core.package_identification:_identify(.) by extensions ['colcon_pkg']
[10.216s] Level 1:colcon.colcon_core.package_identification:_identify(.) by extension 'colcon_pkg'
[10.216s] Level 1:colcon.colcon_core.package_identification:_identify(.) by extensions ['colcon_meta']
[10.216s] Level 1:colcon.colcon_core.package_identification:_identify(.) by extension 'colcon_meta'
[10.216s] Level 1:colcon.colcon_core.package_identification:_identify(.) by extensions ['ros']
[10.216s] Level 1:colcon.colcon_core.package_identification:_identify(.) by extension 'ros'
[10.232s] Level 1:colcon.colcon_core.package_identification:_identify(.) by extensions ['cmake', 'python']
[10.233s] Level 1:colcon.colcon_core.package_identification:_identify(.) by extension 'cmake'
[10.233s] Level 1:colcon.colcon_core.package_identification:_identify(.) by extension 'python'
[10.233s] Level 1:colcon.colcon_core.package_identification:_identify(.) by extensions ['python_setup_py']
[10.233s] Level 1:colcon.colcon_core.package_identification:_identify(.) by extension 'python_setup_py'
[10.233s] Level 1:colcon.colcon_core.package_identification:_identify(JetsonGPIO) by extensions ['ignore', 'ignore_ament_install']
[10.233s] Level 1:colcon.colcon_core.package_identification:_identify(JetsonGPIO) by extension 'ignore'
[10.233s] Level 1:colcon.colcon_core.package_identification:_identify(JetsonGPIO) ignored
[10.234s] Level 1:colcon.colcon_core.package_identification:_identify(build) by extensions ['ignore', 'ignore_ament_install']
[10.234s] Level 1:colcon.colcon_core.package_identification:_identify(build) by extension 'ignore'
[10.234s] Level 1:colcon.colcon_core.package_identification:_identify(build) ignored
[10.234s] Level 1:colcon.colcon_core.package_identification:_identify(install) by extensions ['ignore', 'ignore_ament_install']
[10.234s] Level 1:colcon.colcon_core.package_identification:_identify(install) by extension 'ignore'
[10.234s] Level 1:colcon.colcon_core.package_identification:_identify(install) ignored
[10.234s] Level 1:colcon.colcon_core.package_identification:_identify(launch) by extensions ['ignore', 'ignore_ament_install']
[10.235s] Level 1:colcon.colcon_core.package_identification:_identify(launch) by extension 'ignore'
[10.235s] Level 1:colcon.colcon_core.package_identification:_identify(launch) by extension 'ignore_ament_install'
[10.235s] Level 1:colcon.colcon_core.package_identification:_identify(launch) by extensions ['colcon_pkg']
[10.235s] Level 1:colcon.colcon_core.package_identification:_identify(launch) by extension 'colcon_pkg'
[10.235s] Level 1:colcon.colcon_core.package_identification:_identify(launch) by extensions ['colcon_meta']
[10.235s] Level 1:colcon.colcon_core.package_identification:_identify(launch) by extension 'colcon_meta'
[10.235s] Level 1:colcon.colcon_core.package_identification:_identify(launch) by extensions ['ros']
[10.235s] Level 1:colcon.colcon_core.package_identification:_identify(launch) by extension 'ros'
[10.235s] Level 1:colcon.colcon_core.package_identification:_identify(launch) by extensions ['cmake', 'python']
[10.235s] Level 1:colcon.colcon_core.package_identification:_identify(launch) by extension 'cmake'
[10.235s] Level 1:colcon.colcon_core.package_identification:_identify(launch) by extension 'python'
[10.236s] Level 1:colcon.colcon_core.package_identification:_identify(launch) by extensions ['python_setup_py']
[10.236s] Level 1:colcon.colcon_core.package_identification:_identify(launch) by extension 'python_setup_py'
[10.236s] Level 1:colcon.colcon_core.package_identification:_identify(launch/__pycache__) by extensions ['ignore', 'ignore_ament_install']
[10.236s] Level 1:colcon.colcon_core.package_identification:_identify(launch/__pycache__) by extension 'ignore'
[10.236s] Level 1:colcon.colcon_core.package_identification:_identify(launch/__pycache__) by extension 'ignore_ament_install'
[10.236s] Level 1:colcon.colcon_core.package_identification:_identify(launch/__pycache__) by extensions ['colcon_pkg']
[10.236s] Level 1:colcon.colcon_core.package_identification:_identify(launch/__pycache__) by extension 'colcon_pkg'
[10.236s] Level 1:colcon.colcon_core.package_identification:_identify(launch/__pycache__) by extensions ['colcon_meta']
[10.236s] Level 1:colcon.colcon_core.package_identification:_identify(launch/__pycache__) by extension 'colcon_meta'
[10.236s] Level 1:colcon.colcon_core.package_identification:_identify(launch/__pycache__) by extensions ['ros']
[10.236s] Level 1:colcon.colcon_core.package_identification:_identify(launch/__pycache__) by extension 'ros'
[10.237s] Level 1:colcon.colcon_core.package_identification:_identify(launch/__pycache__) by extensions ['cmake', 'python']
[10.237s] Level 1:colcon.colcon_core.package_identification:_identify(launch/__pycache__) by extension 'cmake'
[10.237s] Level 1:colcon.colcon_core.package_identification:_identify(launch/__pycache__) by extension 'python'
[10.237s] Level 1:colcon.colcon_core.package_identification:_identify(launch/__pycache__) by extensions ['python_setup_py']
[10.237s] Level 1:colcon.colcon_core.package_identification:_identify(launch/__pycache__) by extension 'python_setup_py'
[10.237s] Level 1:colcon.colcon_core.package_identification:_identify(log) by extensions ['ignore', 'ignore_ament_install']
[10.237s] Level 1:colcon.colcon_core.package_identification:_identify(log) by extension 'ignore'
[10.237s] Level 1:colcon.colcon_core.package_identification:_identify(log) ignored
[10.237s] Level 1:colcon.colcon_core.package_identification:_identify(src) by extensions ['ignore', 'ignore_ament_install']
[10.237s] Level 1:colcon.colcon_core.package_identification:_identify(src) by extension 'ignore'
[10.238s] Level 1:colcon.colcon_core.package_identification:_identify(src) by extension 'ignore_ament_install'
[10.238s] Level 1:colcon.colcon_core.package_identification:_identify(src) by extensions ['colcon_pkg']
[10.238s] Level 1:colcon.colcon_core.package_identification:_identify(src) by extension 'colcon_pkg'
[10.238s] Level 1:colcon.colcon_core.package_identification:_identify(src) by extensions ['colcon_meta']
[10.238s] Level 1:colcon.colcon_core.package_identification:_identify(src) by extension 'colcon_meta'
[10.238s] Level 1:colcon.colcon_core.package_identification:_identify(src) by extensions ['ros']
[10.238s] Level 1:colcon.colcon_core.package_identification:_identify(src) by extension 'ros'
[10.238s] Level 1:colcon.colcon_core.package_identification:_identify(src) by extensions ['cmake', 'python']
[10.238s] Level 1:colcon.colcon_core.package_identification:_identify(src) by extension 'cmake'
[10.238s] Level 1:colcon.colcon_core.package_identification:_identify(src) by extension 'python'
[10.238s] Level 1:colcon.colcon_core.package_identification:_identify(src) by extensions ['python_setup_py']
[10.238s] Level 1:colcon.colcon_core.package_identification:_identify(src) by extension 'python_setup_py'
[10.239s] Level 1:colcon.colcon_core.package_identification:_identify(src/absenc_interface) by extensions ['ignore', 'ignore_ament_install']
[10.239s] Level 1:colcon.colcon_core.package_identification:_identify(src/absenc_interface) by extension 'ignore'
[10.239s] Level 1:colcon.colcon_core.package_identification:_identify(src/absenc_interface) by extension 'ignore_ament_install'
[10.239s] Level 1:colcon.colcon_core.package_identification:_identify(src/absenc_interface) by extensions ['colcon_pkg']
[10.239s] Level 1:colcon.colcon_core.package_identification:_identify(src/absenc_interface) by extension 'colcon_pkg'
[10.239s] Level 1:colcon.colcon_core.package_identification:_identify(src/absenc_interface) by extensions ['colcon_meta']
[10.239s] Level 1:colcon.colcon_core.package_identification:_identify(src/absenc_interface) by extension 'colcon_meta'
[10.239s] Level 1:colcon.colcon_core.package_identification:_identify(src/absenc_interface) by extensions ['ros']
[10.239s] Level 1:colcon.colcon_core.package_identification:_identify(src/absenc_interface) by extension 'ros'
[10.243s] DEBUG:colcon.colcon_core.package_identification:Package 'src/absenc_interface' with type 'ros.ament_cmake' and name 'absenc_interface'
[10.244s] Level 1:colcon.colcon_core.package_identification:_identify(src/arm_controller) by extensions ['ignore', 'ignore_ament_install']
[10.244s] Level 1:colcon.colcon_core.package_identification:_identify(src/arm_controller) by extension 'ignore'
[10.244s] Level 1:colcon.colcon_core.package_identification:_identify(src/arm_controller) by extension 'ignore_ament_install'
[10.244s] Level 1:colcon.colcon_core.package_identification:_identify(src/arm_controller) by extensions ['colcon_pkg']
[10.244s] Level 1:colcon.colcon_core.package_identification:_identify(src/arm_controller) by extension 'colcon_pkg'
[10.244s] Level 1:colcon.colcon_core.package_identification:_identify(src/arm_controller) by extensions ['colcon_meta']
[10.244s] Level 1:colcon.colcon_core.package_identification:_identify(src/arm_controller) by extension 'colcon_meta'
[10.244s] Level 1:colcon.colcon_core.package_identification:_identify(src/arm_controller) by extensions ['ros']
[10.244s] Level 1:colcon.colcon_core.package_identification:_identify(src/arm_controller) by extension 'ros'
[10.245s] DEBUG:colcon.colcon_core.package_identification:Package 'src/arm_controller' with type 'ros.ament_cmake' and name 'arm_controller'
[10.245s] Level 1:colcon.colcon_core.package_identification:_identify(src/arm_ik) by extensions ['ignore', 'ignore_ament_install']
[10.245s] Level 1:colcon.colcon_core.package_identification:_identify(src/arm_ik) by extension 'ignore'
[10.245s] Level 1:colcon.colcon_core.package_identification:_identify(src/arm_ik) by extension 'ignore_ament_install'
[10.246s] Level 1:colcon.colcon_core.package_identification:_identify(src/arm_ik) by extensions ['colcon_pkg']
[10.246s] Level 1:colcon.colcon_core.package_identification:_identify(src/arm_ik) by extension 'colcon_pkg'
[10.246s] Level 1:colcon.colcon_core.package_identification:_identify(src/arm_ik) by extensions ['colcon_meta']
[10.246s] Level 1:colcon.colcon_core.package_identification:_identify(src/arm_ik) by extension 'colcon_meta'
[10.246s] Level 1:colcon.colcon_core.package_identification:_identify(src/arm_ik) by extensions ['ros']
[10.246s] Level 1:colcon.colcon_core.package_identification:_identify(src/arm_ik) by extension 'ros'
[10.247s] DEBUG:colcon.colcon_core.package_identification:Package 'src/arm_ik' with type 'ros.ament_python' and name 'arm_ik'
[10.247s] Level 1:colcon.colcon_core.package_identification:_identify(src/gps) by extensions ['ignore', 'ignore_ament_install']
[10.247s] Level 1:colcon.colcon_core.package_identification:_identify(src/gps) by extension 'ignore'
[10.247s] Level 1:colcon.colcon_core.package_identification:_identify(src/gps) ignored
[10.247s] Level 1:colcon.colcon_core.package_identification:_identify(src/sil) by extensions ['ignore', 'ignore_ament_install']
[10.248s] Level 1:colcon.colcon_core.package_identification:_identify(src/sil) by extension 'ignore'
[10.248s] Level 1:colcon.colcon_core.package_identification:_identify(src/sil) by extension 'ignore_ament_install'
[10.248s] Level 1:colcon.colcon_core.package_identification:_identify(src/sil) by extensions ['colcon_pkg']
[10.248s] Level 1:colcon.colcon_core.package_identification:_identify(src/sil) by extension 'colcon_pkg'
[10.248s] Level 1:colcon.colcon_core.package_identification:_identify(src/sil) by extensions ['colcon_meta']
[10.248s] Level 1:colcon.colcon_core.package_identification:_identify(src/sil) by extension 'colcon_meta'
[10.248s] Level 1:colcon.colcon_core.package_identification:_identify(src/sil) by extensions ['ros']
[10.248s] Level 1:colcon.colcon_core.package_identification:_identify(src/sil) by extension 'ros'
[10.250s] DEBUG:colcon.colcon_core.package_identification:Package 'src/sil' with type 'ros.ament_cmake' and name 'sil'
[10.251s] Level 1:colcon.colcon_core.package_identification:_identify(src/wheels_controller) by extensions ['ignore', 'ignore_ament_install']
[10.251s] Level 1:colcon.colcon_core.package_identification:_identify(src/wheels_controller) by extension 'ignore'
[10.251s] Level 1:colcon.colcon_core.package_identification:_identify(src/wheels_controller) by extension 'ignore_ament_install'
[10.251s] Level 1:colcon.colcon_core.package_identification:_identify(src/wheels_controller) by extensions ['colcon_pkg']
[10.251s] Level 1:colcon.colcon_core.package_identification:_identify(src/wheels_controller) by extension 'colcon_pkg'
[10.251s] Level 1:colcon.colcon_core.package_identification:_identify(src/wheels_controller) by extensions ['colcon_meta']
[10.251s] Level 1:colcon.colcon_core.package_identification:_identify(src/wheels_controller) by extension 'colcon_meta'
[10.251s] Level 1:colcon.colcon_core.package_identification:_identify(src/wheels_controller) by extensions ['ros']
[10.252s] Level 1:colcon.colcon_core.package_identification:_identify(src/wheels_controller) by extension 'ros'
[10.252s] DEBUG:colcon.colcon_core.package_identification:Package 'src/wheels_controller' with type 'ros.ament_cmake' and name 'wheels_controller'
[10.252s] Level 1:colcon.colcon_core.package_identification:_identify(util) by extensions ['ignore', 'ignore_ament_install']
[10.252s] Level 1:colcon.colcon_core.package_identification:_identify(util) by extension 'ignore'
[10.253s] Level 1:colcon.colcon_core.package_identification:_identify(util) ignored
[10.253s] Level 1:colcon.colcon_core.package_discovery:discover_packages(recursive) using defaults
[10.253s] Level 1:colcon.colcon_core.package_discovery:discover_packages(ignore) discover
[10.253s] Level 1:colcon.colcon_core.package_discovery:discover_packages(ignore) using defaults
[10.253s] Level 1:colcon.colcon_core.package_discovery:discover_packages(path) discover
[10.253s] Level 1:colcon.colcon_core.package_discovery:discover_packages(path) using defaults
[11.206s] Level 1:colcon.colcon_core.package_discovery:discover_packages(prefix_path) check parameters
[11.207s] Level 1:colcon.colcon_core.package_discovery:discover_packages(prefix_path) discover
[11.564s] DEBUG:colcon.colcon_installed_package_information.package_discovery:Found 5 installed packages in /home/nvidia/robotics-orin/install
[11.743s] DEBUG:colcon.colcon_installed_package_information.package_discovery:Found 319 installed packages in /opt/ros/humble
[11.745s] Level 1:colcon.colcon_core.package_discovery:discover_packages(prefix_path) using defaults
[12.273s] Level 5:colcon.colcon_core.verb:set package 'absenc_interface' build argument 'cmake_args' from command line to 'None'
[12.274s] Level 5:colcon.colcon_core.verb:set package 'absenc_interface' build argument 'cmake_target' from command line to 'None'
[12.274s] Level 5:colcon.colcon_core.verb:set package 'absenc_interface' build argument 'cmake_target_skip_unavailable' from command line to 'False'
[12.274s] Level 5:colcon.colcon_core.verb:set package 'absenc_interface' build argument 'cmake_clean_cache' from command line to 'False'
[12.274s] Level 5:colcon.colcon_core.verb:set package 'absenc_interface' build argument 'cmake_clean_first' from command line to 'False'
[12.274s] Level 5:colcon.colcon_core.verb:set package 'absenc_interface' build argument 'cmake_force_configure' from command line to 'False'
[12.274s] Level 5:colcon.colcon_core.verb:set package 'absenc_interface' build argument 'ament_cmake_args' from command line to 'None'
[12.274s] Level 5:colcon.colcon_core.verb:set package 'absenc_interface' build argument 'catkin_cmake_args' from command line to 'None'
[12.274s] Level 5:colcon.colcon_core.verb:set package 'absenc_interface' build argument 'catkin_skip_building_tests' from command line to 'False'
[12.274s] DEBUG:colcon.colcon_core.verb:Building package 'absenc_interface' with the following arguments: {'ament_cmake_args': None, 'build_base': '/home/nvidia/robotics-orin/build/absenc_interface', 'catkin_cmake_args': None, 'catkin_skip_building_tests': False, 'cmake_args': None, 'cmake_clean_cache': False, 'cmake_clean_first': False, 'cmake_force_configure': False, 'cmake_target': None, 'cmake_target_skip_unavailable': False, 'install_base': '/home/nvidia/robotics-orin/install/absenc_interface', 'merge_install': False, 'path': '/home/nvidia/robotics-orin/src/absenc_interface', 'symlink_install': False, 'test_result_base': None}
[12.452s] Level 5:colcon.colcon_core.verb:set package 'arm_controller' build argument 'cmake_args' from command line to 'None'
[12.452s] Level 5:colcon.colcon_core.verb:set package 'arm_controller' build argument 'cmake_target' from command line to 'None'
[12.452s] Level 5:colcon.colcon_core.verb:set package 'arm_controller' build argument 'cmake_target_skip_unavailable' from command line to 'False'
[12.453s] Level 5:colcon.colcon_core.verb:set package 'arm_controller' build argument 'cmake_clean_cache' from command line to 'False'
[12.453s] Level 5:colcon.colcon_core.verb:set package 'arm_controller' build argument 'cmake_clean_first' from command line to 'False'
[12.453s] Level 5:colcon.colcon_core.verb:set package 'arm_controller' build argument 'cmake_force_configure' from command line to 'False'
[12.453s] Level 5:colcon.colcon_core.verb:set package 'arm_controller' build argument 'ament_cmake_args' from command line to 'None'
[12.453s] Level 5:colcon.colcon_core.verb:set package 'arm_controller' build argument 'catkin_cmake_args' from command line to 'None'
[12.453s] Level 5:colcon.colcon_core.verb:set package 'arm_controller' build argument 'catkin_skip_building_tests' from command line to 'False'
[12.453s] DEBUG:colcon.colcon_core.verb:Building package 'arm_controller' with the following arguments: {'ament_cmake_args': None, 'build_base': '/home/nvidia/robotics-orin/build/arm_controller', 'catkin_cmake_args': None, 'catkin_skip_building_tests': False, 'cmake_args': None, 'cmake_clean_cache': False, 'cmake_clean_first': False, 'cmake_force_configure': False, 'cmake_target': None, 'cmake_target_skip_unavailable': False, 'install_base': '/home/nvidia/robotics-orin/install/arm_controller', 'merge_install': False, 'path': '/home/nvidia/robotics-orin/src/arm_controller', 'symlink_install': False, 'test_result_base': None}
[12.630s] Level 5:colcon.colcon_core.verb:set package 'arm_ik' build argument 'cmake_args' from command line to 'None'
[12.630s] Level 5:colcon.colcon_core.verb:set package 'arm_ik' build argument 'cmake_target' from command line to 'None'
[12.630s] Level 5:colcon.colcon_core.verb:set package 'arm_ik' build argument 'cmake_target_skip_unavailable' from command line to 'False'
[12.631s] Level 5:colcon.colcon_core.verb:set package 'arm_ik' build argument 'cmake_clean_cache' from command line to 'False'
[12.631s] Level 5:colcon.colcon_core.verb:set package 'arm_ik' build argument 'cmake_clean_first' from command line to 'False'
[12.631s] Level 5:colcon.colcon_core.verb:set package 'arm_ik' build argument 'cmake_force_configure' from command line to 'False'
[12.631s] Level 5:colcon.colcon_core.verb:set package 'arm_ik' build argument 'ament_cmake_args' from command line to 'None'
[12.631s] Level 5:colcon.colcon_core.verb:set package 'arm_ik' build argument 'catkin_cmake_args' from command line to 'None'
[12.631s] Level 5:colcon.colcon_core.verb:set package 'arm_ik' build argument 'catkin_skip_building_tests' from command line to 'False'
[12.631s] DEBUG:colcon.colcon_core.verb:Building package 'arm_ik' with the following arguments: {'ament_cmake_args': None, 'build_base': '/home/nvidia/robotics-orin/build/arm_ik', 'catkin_cmake_args': None, 'catkin_skip_building_tests': False, 'cmake_args': None, 'cmake_clean_cache': False, 'cmake_clean_first': False, 'cmake_force_configure': False, 'cmake_target': None, 'cmake_target_skip_unavailable': False, 'install_base': '/home/nvidia/robotics-orin/install/arm_ik', 'merge_install': False, 'path': '/home/nvidia/robotics-orin/src/arm_ik', 'symlink_install': False, 'test_result_base': None}
[12.808s] Level 5:colcon.colcon_core.verb:set package 'sil' build argument 'cmake_args' from command line to 'None'
[12.808s] Level 5:colcon.colcon_core.verb:set package 'sil' build argument 'cmake_target' from command line to 'None'
[12.808s] Level 5:colcon.colcon_core.verb:set package 'sil' build argument 'cmake_target_skip_unavailable' from command line to 'False'
[12.808s] Level 5:colcon.colcon_core.verb:set package 'sil' build argument 'cmake_clean_cache' from command line to 'False'
[12.808s] Level 5:colcon.colcon_core.verb:set package 'sil' build argument 'cmake_clean_first' from command line to 'False'
[12.809s] Level 5:colcon.colcon_core.verb:set package 'sil' build argument 'cmake_force_configure' from command line to 'False'
[12.809s] Level 5:colcon.colcon_core.verb:set package 'sil' build argument 'ament_cmake_args' from command line to 'None'
[12.809s] Level 5:colcon.colcon_core.verb:set package 'sil' build argument 'catkin_cmake_args' from command line to 'None'
[12.809s] Level 5:colcon.colcon_core.verb:set package 'sil' build argument 'catkin_skip_building_tests' from command line to 'False'
[12.809s] DEBUG:colcon.colcon_core.verb:Building package 'sil' with the following arguments: {'ament_cmake_args': None, 'build_base': '/home/nvidia/robotics-orin/build/sil', 'catkin_cmake_args': None, 'catkin_skip_building_tests': False, 'cmake_args': None, 'cmake_clean_cache': False, 'cmake_clean_first': False, 'cmake_force_configure': False, 'cmake_target': None, 'cmake_target_skip_unavailable': False, 'install_base': '/home/nvidia/robotics-orin/install/sil', 'merge_install': False, 'path': '/home/nvidia/robotics-orin/src/sil', 'symlink_install': False, 'test_result_base': None}
[12.987s] Level 5:colcon.colcon_core.verb:set package 'wheels_controller' build argument 'cmake_args' from command line to 'None'
[12.987s] Level 5:colcon.colcon_core.verb:set package 'wheels_controller' build argument 'cmake_target' from command line to 'None'
[12.987s] Level 5:colcon.colcon_core.verb:set package 'wheels_controller' build argument 'cmake_target_skip_unavailable' from command line to 'False'
[12.987s] Level 5:colcon.colcon_core.verb:set package 'wheels_controller' build argument 'cmake_clean_cache' from command line to 'False'
[12.987s] Level 5:colcon.colcon_core.verb:set package 'wheels_controller' build argument 'cmake_clean_first' from command line to 'False'
[12.987s] Level 5:colcon.colcon_core.verb:set package 'wheels_controller' build argument 'cmake_force_configure' from command line to 'False'
[12.987s] Level 5:colcon.colcon_core.verb:set package 'wheels_controller' build argument 'ament_cmake_args' from command line to 'None'
[12.987s] Level 5:colcon.colcon_core.verb:set package 'wheels_controller' build argument 'catkin_cmake_args' from command line to 'None'
[12.987s] Level 5:colcon.colcon_core.verb:set package 'wheels_controller' build argument 'catkin_skip_building_tests' from command line to 'False'
[12.987s] DEBUG:colcon.colcon_core.verb:Building package 'wheels_controller' with the following arguments: {'ament_cmake_args': None, 'build_base': '/home/nvidia/robotics-orin/build/wheels_controller', 'catkin_cmake_args': None, 'catkin_skip_building_tests': False, 'cmake_args': None, 'cmake_clean_cache': False, 'cmake_clean_first': False, 'cmake_force_configure': False, 'cmake_target': None, 'cmake_target_skip_unavailable': False, 'install_base': '/home/nvidia/robotics-orin/install/wheels_controller', 'merge_install': False, 'path': '/home/nvidia/robotics-orin/src/wheels_controller', 'symlink_install': False, 'test_result_base': None}
[13.165s] INFO:colcon.colcon_core.executor:Executing jobs using 'parallel' executor
[13.344s] DEBUG:colcon.colcon_parallel_executor.executor.parallel:run_until_complete
[13.344s] INFO:colcon.colcon_ros.task.ament_cmake.build:Building ROS package in '/home/nvidia/robotics-orin/src/absenc_interface' with build type 'ament_cmake'
[13.344s] INFO:colcon.colcon_cmake.task.cmake.build:Building CMake package in '/home/nvidia/robotics-orin/src/absenc_interface'
[13.530s] INFO:colcon.colcon_core.plugin_system:Skipping extension 'colcon_core.shell.bat': Not used on non-Windows systems
[13.531s] INFO:colcon.colcon_core.shell:Skip shell extension 'powershell' for command environment: Not usable outside of PowerShell
[13.531s] DEBUG:colcon.colcon_core.shell:Skip shell extension 'dsv' for command environment
[14.084s] INFO:colcon.colcon_ros.task.ament_cmake.build:Building ROS package in '/home/nvidia/robotics-orin/src/arm_controller' with build type 'ament_cmake'
[14.084s] INFO:colcon.colcon_cmake.task.cmake.build:Building CMake package in '/home/nvidia/robotics-orin/src/arm_controller'
[14.269s] INFO:colcon.colcon_core.shell:Skip shell extension 'powershell' for command environment: Not usable outside of PowerShell
[14.269s] DEBUG:colcon.colcon_core.shell:Skip shell extension 'dsv' for command environment
[14.821s] INFO:colcon.colcon_ros.task.ament_python.build:Building ROS package in '/home/nvidia/robotics-orin/src/arm_ik' with build type 'ament_python'
[14.822s] Level 1:colcon.colcon_core.shell:create_environment_hook('arm_ik', 'ament_prefix_path')
[15.006s] INFO:colcon.colcon_core.shell:Creating environment hook '/home/nvidia/robotics-orin/install/arm_ik/share/arm_ik/hook/ament_prefix_path.ps1'
[15.008s] INFO:colcon.colcon_core.shell:Creating environment descriptor '/home/nvidia/robotics-orin/install/arm_ik/share/arm_ik/hook/ament_prefix_path.dsv'
[15.008s] INFO:colcon.colcon_core.shell:Creating environment hook '/home/nvidia/robotics-orin/install/arm_ik/share/arm_ik/hook/ament_prefix_path.sh'
[15.191s] INFO:colcon.colcon_core.shell:Skip shell extension 'powershell' for command environment: Not usable outside of PowerShell
[15.191s] DEBUG:colcon.colcon_core.shell:Skip shell extension 'dsv' for command environment
[15.743s] INFO:colcon.colcon_ros.task.ament_cmake.build:Building ROS package in '/home/nvidia/robotics-orin/src/sil' with build type 'ament_cmake'
[15.744s] INFO:colcon.colcon_cmake.task.cmake.build:Building CMake package in '/home/nvidia/robotics-orin/src/sil'
[15.929s] INFO:colcon.colcon_core.shell:Skip shell extension 'powershell' for command environment: Not usable outside of PowerShell
[15.929s] DEBUG:colcon.colcon_core.shell:Skip shell extension 'dsv' for command environment
[16.481s] INFO:colcon.colcon_ros.task.ament_cmake.build:Building ROS package in '/home/nvidia/robotics-orin/src/wheels_controller' with build type 'ament_cmake'
[16.482s] INFO:colcon.colcon_cmake.task.cmake.build:Building CMake package in '/home/nvidia/robotics-orin/src/wheels_controller'
[16.673s] INFO:colcon.colcon_core.shell:Skip shell extension 'powershell' for command environment: Not usable outside of PowerShell
[16.673s] DEBUG:colcon.colcon_core.shell:Skip shell extension 'dsv' for command environment
[17.252s] DEBUG:colcon.colcon_core.event_handler.log_command:Invoking command in '/home/nvidia/robotics-orin/build/absenc_interface': CMAKE_PREFIX_PATH=${CMAKE_PREFIX_PATH}:/opt/ros/humble:/home/nvidia/robotics-orin/install/arm_ik CONDA_PROMPT_MODIFIER=(base) /usr/bin/cmake /home/nvidia/robotics-orin/src/absenc_interface -DCMAKE_INSTALL_PREFIX=/home/nvidia/robotics-orin/install/absenc_interface
[17.261s] DEBUG:colcon.colcon_core.event_handler.log_command:Invoking command in '/home/nvidia/robotics-orin/build/arm_controller': CMAKE_PREFIX_PATH=${CMAKE_PREFIX_PATH}:/opt/ros/humble:/home/nvidia/robotics-orin/install/arm_ik CONDA_PROMPT_MODIFIER=(base) /usr/bin/cmake /home/nvidia/robotics-orin/src/arm_controller -DCMAKE_INSTALL_PREFIX=/home/nvidia/robotics-orin/install/arm_controller
[17.704s] INFO:colcon.colcon_core.task.python.build:Building Python package in '/home/nvidia/robotics-orin/src/arm_ik'
[17.895s] INFO:colcon.colcon_core.shell:Skip shell extension 'powershell' for command environment: Not usable outside of PowerShell
[17.895s] DEBUG:colcon.colcon_core.shell:Skip shell extension 'dsv' for command environment
[18.470s] DEBUG:colcon.colcon_core.event_handler.log_command:Invoking command in '/home/nvidia/robotics-orin/build/sil': CMAKE_PREFIX_PATH=${CMAKE_PREFIX_PATH}:/opt/ros/humble:/home/nvidia/robotics-orin/install/arm_ik CONDA_PROMPT_MODIFIER=(base) /usr/bin/cmake /home/nvidia/robotics-orin/src/sil -DCMAKE_INSTALL_PREFIX=/home/nvidia/robotics-orin/install/sil
[18.483s] DEBUG:colcon.colcon_core.event_handler.log_command:Invoking command in '/home/nvidia/robotics-orin/build/wheels_controller': CMAKE_PREFIX_PATH=${CMAKE_PREFIX_PATH}:/opt/ros/humble:/home/nvidia/robotics-orin/install/arm_ik CONDA_PROMPT_MODIFIER=(base) /usr/bin/cmake /home/nvidia/robotics-orin/src/wheels_controller -DCMAKE_INSTALL_PREFIX=/home/nvidia/robotics-orin/install/wheels_controller
[18.902s] DEBUG:colcon.colcon_core.event_handler.log_command:Invoked command in '/home/nvidia/robotics-orin/build/arm_controller' returned '0': CMAKE_PREFIX_PATH=${CMAKE_PREFIX_PATH}:/opt/ros/humble:/home/nvidia/robotics-orin/install/arm_ik CONDA_PROMPT_MODIFIER=(base) /usr/bin/cmake /home/nvidia/robotics-orin/src/arm_controller -DCMAKE_INSTALL_PREFIX=/home/nvidia/robotics-orin/install/arm_controller
[18.903s] DEBUG:colcon.colcon_core.event_handler.log_command:Invoking command in '/home/nvidia/robotics-orin/build/arm_controller': CMAKE_PREFIX_PATH=${CMAKE_PREFIX_PATH}:/opt/ros/humble:/home/nvidia/robotics-orin/install/arm_ik CONDA_PROMPT_MODIFIER=(base) /usr/bin/cmake --build /home/nvidia/robotics-orin/build/arm_controller -- -j6 -l6
[19.068s] DEBUG:colcon.colcon_core.event_handler.log_command:Invoked command in '/home/nvidia/robotics-orin/build/arm_controller' returned '0': CMAKE_PREFIX_PATH=${CMAKE_PREFIX_PATH}:/opt/ros/humble:/home/nvidia/robotics-orin/install/arm_ik CONDA_PROMPT_MODIFIER=(base) /usr/bin/cmake --build /home/nvidia/robotics-orin/build/arm_controller -- -j6 -l6
[19.145s] DEBUG:colcon.colcon_core.event_handler.log_command:Invoking command in '/home/nvidia/robotics-orin/build/arm_controller': CMAKE_PREFIX_PATH=${CMAKE_PREFIX_PATH}:/opt/ros/humble:/home/nvidia/robotics-orin/install/arm_ik CONDA_PROMPT_MODIFIER=(base) /usr/bin/cmake --install /home/nvidia/robotics-orin/build/arm_controller
[19.192s] Level 1:colcon.colcon_core.environment:create_environment_scripts_only(arm_controller)
[19.193s] DEBUG:colcon.colcon_core.event_handler.log_command:Invoked command in '/home/nvidia/robotics-orin/build/arm_controller' returned '0': CMAKE_PREFIX_PATH=${CMAKE_PREFIX_PATH}:/opt/ros/humble:/home/nvidia/robotics-orin/install/arm_ik CONDA_PROMPT_MODIFIER=(base) /usr/bin/cmake --install /home/nvidia/robotics-orin/build/arm_controller
[19.406s] Level 1:colcon.colcon_core.environment:checking '/home/nvidia/robotics-orin/install/arm_controller' for CMake module files
[19.407s] Level 1:colcon.colcon_core.environment:checking '/home/nvidia/robotics-orin/install/arm_controller' for CMake config files
[19.408s] Level 1:colcon.colcon_core.shell:create_environment_hook('arm_controller', 'cmake_prefix_path')
[19.660s] INFO:colcon.colcon_core.shell:Creating environment hook '/home/nvidia/robotics-orin/install/arm_controller/share/arm_controller/hook/cmake_prefix_path.ps1'
[19.662s] INFO:colcon.colcon_core.shell:Creating environment descriptor '/home/nvidia/robotics-orin/install/arm_controller/share/arm_controller/hook/cmake_prefix_path.dsv'
[19.663s] INFO:colcon.colcon_core.shell:Creating environment hook '/home/nvidia/robotics-orin/install/arm_controller/share/arm_controller/hook/cmake_prefix_path.sh'
[19.664s] Level 1:colcon.colcon_core.environment:checking '/home/nvidia/robotics-orin/install/arm_controller/lib'
[19.665s] Level 1:colcon.colcon_core.environment:checking '/home/nvidia/robotics-orin/install/arm_controller/bin'
[19.665s] Level 1:colcon.colcon_core.environment:checking '/home/nvidia/robotics-orin/install/arm_controller/lib/pkgconfig/arm_controller.pc'
[19.665s] Level 1:colcon.colcon_core.environment:checking '/home/nvidia/robotics-orin/install/arm_controller/lib/python3.8/site-packages'
[19.665s] Level 1:colcon.colcon_core.environment:checking '/home/nvidia/robotics-orin/install/arm_controller/bin'
[19.864s] INFO:colcon.colcon_core.shell:Creating package script '/home/nvidia/robotics-orin/install/arm_controller/share/arm_controller/package.ps1'
[19.866s] INFO:colcon.colcon_core.shell:Creating package descriptor '/home/nvidia/robotics-orin/install/arm_controller/share/arm_controller/package.dsv'
[19.867s] INFO:colcon.colcon_core.shell:Creating package script '/home/nvidia/robotics-orin/install/arm_controller/share/arm_controller/package.sh'
[19.869s] INFO:colcon.colcon_core.shell:Creating package script '/home/nvidia/robotics-orin/install/arm_controller/share/arm_controller/package.bash'
[19.870s] INFO:colcon.colcon_core.shell:Creating package script '/home/nvidia/robotics-orin/install/arm_controller/share/arm_controller/package.zsh'
[19.871s] Level 1:colcon.colcon_core.environment:create_file_with_runtime_dependencies(/home/nvidia/robotics-orin/install/arm_controller/share/colcon-core/packages/arm_controller)
[19.883s] DEBUG:colcon.colcon_core.event_handler.log_command:Invoking command in '/home/nvidia/robotics-orin/build/arm_ik': CONDA_PROMPT_MODIFIER=(base) PYTHONPATH=/home/nvidia/robotics-orin/build/arm_ik/prefix_override:/home/nvidia/robotics-orin/install/arm_ik/lib/python3.8/site-packages:${PYTHONPATH} /usr/bin/python3 setup.py develop --uninstall --editable --build-directory /home/nvidia/robotics-orin/build/arm_ik/build
[20.153s] Level 1:colcon.colcon_core.environment:create_environment_scripts_only(arm_controller)
[20.365s] Level 1:colcon.colcon_core.environment:checking '/home/nvidia/robotics-orin/install/arm_controller' for CMake module files
[20.366s] Level 1:colcon.colcon_core.environment:checking '/home/nvidia/robotics-orin/install/arm_controller' for CMake config files
[20.367s] Level 1:colcon.colcon_core.shell:create_environment_hook('arm_controller', 'cmake_prefix_path')
[20.571s] INFO:colcon.colcon_core.shell:Creating environment hook '/home/nvidia/robotics-orin/install/arm_controller/share/arm_controller/hook/cmake_prefix_path.ps1'
[20.573s] INFO:colcon.colcon_core.shell:Creating environment descriptor '/home/nvidia/robotics-orin/install/arm_controller/share/arm_controller/hook/cmake_prefix_path.dsv'
[20.574s] INFO:colcon.colcon_core.shell:Creating environment hook '/home/nvidia/robotics-orin/install/arm_controller/share/arm_controller/hook/cmake_prefix_path.sh'
[20.575s] Level 1:colcon.colcon_core.environment:checking '/home/nvidia/robotics-orin/install/arm_controller/lib'
[20.575s] Level 1:colcon.colcon_core.environment:checking '/home/nvidia/robotics-orin/install/arm_controller/bin'
[20.575s] Level 1:colcon.colcon_core.environment:checking '/home/nvidia/robotics-orin/install/arm_controller/lib/pkgconfig/arm_controller.pc'
[20.576s] Level 1:colcon.colcon_core.environment:checking '/home/nvidia/robotics-orin/install/arm_controller/lib/python3.8/site-packages'
[20.576s] Level 1:colcon.colcon_core.environment:checking '/home/nvidia/robotics-orin/install/arm_controller/bin'
[20.776s] INFO:colcon.colcon_core.shell:Creating package script '/home/nvidia/robotics-orin/install/arm_controller/share/arm_controller/package.ps1'
[20.777s] INFO:colcon.colcon_core.shell:Creating package descriptor '/home/nvidia/robotics-orin/install/arm_controller/share/arm_controller/package.dsv'
[20.778s] INFO:colcon.colcon_core.shell:Creating package script '/home/nvidia/robotics-orin/install/arm_controller/share/arm_controller/package.sh'
[20.779s] INFO:colcon.colcon_core.shell:Creating package script '/home/nvidia/robotics-orin/install/arm_controller/share/arm_controller/package.bash'
[20.779s] INFO:colcon.colcon_core.shell:Creating package script '/home/nvidia/robotics-orin/install/arm_controller/share/arm_controller/package.zsh'
[20.780s] Level 1:colcon.colcon_core.environment:create_file_with_runtime_dependencies(/home/nvidia/robotics-orin/install/arm_controller/share/colcon-core/packages/arm_controller)
[20.784s] DEBUG:colcon.colcon_core.event_handler.log_command:Invoked command in '/home/nvidia/robotics-orin/build/sil' returned '0': CMAKE_PREFIX_PATH=${CMAKE_PREFIX_PATH}:/opt/ros/humble:/home/nvidia/robotics-orin/install/arm_ik CONDA_PROMPT_MODIFIER=(base) /usr/bin/cmake /home/nvidia/robotics-orin/src/sil -DCMAKE_INSTALL_PREFIX=/home/nvidia/robotics-orin/install/sil
[20.789s] DEBUG:colcon.colcon_core.event_handler.log_command:Invoking command in '/home/nvidia/robotics-orin/build/sil': CMAKE_PREFIX_PATH=${CMAKE_PREFIX_PATH}:/opt/ros/humble:/home/nvidia/robotics-orin/install/arm_ik CONDA_PROMPT_MODIFIER=(base) /usr/bin/cmake --build /home/nvidia/robotics-orin/build/sil -- -j6 -l6
[20.794s] DEBUG:colcon.colcon_core.event_handler.log_command:Invoked command in '/home/nvidia/robotics-orin/build/wheels_controller' returned '0': CMAKE_PREFIX_PATH=${CMAKE_PREFIX_PATH}:/opt/ros/humble:/home/nvidia/robotics-orin/install/arm_ik CONDA_PROMPT_MODIFIER=(base) /usr/bin/cmake /home/nvidia/robotics-orin/src/wheels_controller -DCMAKE_INSTALL_PREFIX=/home/nvidia/robotics-orin/install/wheels_controller
[20.802s] DEBUG:colcon.colcon_core.event_handler.log_command:Invoking command in '/home/nvidia/robotics-orin/build/wheels_controller': CMAKE_PREFIX_PATH=${CMAKE_PREFIX_PATH}:/opt/ros/humble:/home/nvidia/robotics-orin/install/arm_ik CONDA_PROMPT_MODIFIER=(base) /usr/bin/cmake --build /home/nvidia/robotics-orin/build/wheels_controller -- -j6 -l6
[20.806s] DEBUG:colcon.colcon_core.event_handler.log_command:Invoked command in '/home/nvidia/robotics-orin/build/arm_ik' returned '0': CONDA_PROMPT_MODIFIER=(base) PYTHONPATH=/home/nvidia/robotics-orin/build/arm_ik/prefix_override:/home/nvidia/robotics-orin/install/arm_ik/lib/python3.8/site-packages:${PYTHONPATH} /usr/bin/python3 setup.py develop --uninstall --editable --build-directory /home/nvidia/robotics-orin/build/arm_ik/build
[20.813s] DEBUG:colcon.colcon_core.event_handler.log_command:Invoking command in '/home/nvidia/robotics-orin/src/arm_ik': CONDA_PROMPT_MODIFIER=(base) PYTHONPATH=/home/nvidia/robotics-orin/build/arm_ik/prefix_override:/home/nvidia/robotics-orin/install/arm_ik/lib/python3.8/site-packages:${PYTHONPATH} /usr/bin/python3 setup.py egg_info --egg-base ../../build/arm_ik build --build-base /home/nvidia/robotics-orin/build/arm_ik/build install --record /home/nvidia/robotics-orin/build/arm_ik/install.log --single-version-externally-managed
[20.929s] DEBUG:colcon.colcon_core.event_handler.log_command:Invoked command in '/home/nvidia/robotics-orin/build/sil' returned '0': CMAKE_PREFIX_PATH=${CMAKE_PREFIX_PATH}:/opt/ros/humble:/home/nvidia/robotics-orin/install/arm_ik CONDA_PROMPT_MODIFIER=(base) /usr/bin/cmake --build /home/nvidia/robotics-orin/build/sil -- -j6 -l6
[20.942s] DEBUG:colcon.colcon_core.event_handler.log_command:Invoked command in '/home/nvidia/robotics-orin/build/wheels_controller' returned '0': CMAKE_PREFIX_PATH=${CMAKE_PREFIX_PATH}:/opt/ros/humble:/home/nvidia/robotics-orin/install/arm_ik CONDA_PROMPT_MODIFIER=(base) /usr/bin/cmake --build /home/nvidia/robotics-orin/build/wheels_controller -- -j6 -l6
[20.975s] DEBUG:colcon.colcon_core.event_handler.log_command:Invoking command in '/home/nvidia/robotics-orin/build/sil': CMAKE_PREFIX_PATH=${CMAKE_PREFIX_PATH}:/opt/ros/humble:/home/nvidia/robotics-orin/install/arm_ik CONDA_PROMPT_MODIFIER=(base) /usr/bin/cmake --install /home/nvidia/robotics-orin/build/sil
[20.994s] DEBUG:colcon.colcon_core.event_handler.log_command:Invoking command in '/home/nvidia/robotics-orin/build/wheels_controller': CMAKE_PREFIX_PATH=${CMAKE_PREFIX_PATH}:/opt/ros/humble:/home/nvidia/robotics-orin/install/arm_ik CONDA_PROMPT_MODIFIER=(base) /usr/bin/cmake --install /home/nvidia/robotics-orin/build/wheels_controller
[21.026s] Level 1:colcon.colcon_core.environment:create_environment_scripts_only(sil)
[21.027s] DEBUG:colcon.colcon_core.event_handler.log_command:Invoked command in '/home/nvidia/robotics-orin/build/sil' returned '0': CMAKE_PREFIX_PATH=${CMAKE_PREFIX_PATH}:/opt/ros/humble:/home/nvidia/robotics-orin/install/arm_ik CONDA_PROMPT_MODIFIER=(base) /usr/bin/cmake --install /home/nvidia/robotics-orin/build/sil
[21.224s] Level 1:colcon.colcon_core.environment:checking '/home/nvidia/robotics-orin/install/sil' for CMake module files
[21.225s] Level 1:colcon.colcon_core.environment:checking '/home/nvidia/robotics-orin/install/sil' for CMake config files
[21.226s] Level 1:colcon.colcon_core.shell:create_environment_hook('sil', 'cmake_prefix_path')
[21.430s] INFO:colcon.colcon_core.shell:Creating environment hook '/home/nvidia/robotics-orin/install/sil/share/sil/hook/cmake_prefix_path.ps1'
[21.431s] INFO:colcon.colcon_core.shell:Creating environment descriptor '/home/nvidia/robotics-orin/install/sil/share/sil/hook/cmake_prefix_path.dsv'
[21.432s] INFO:colcon.colcon_core.shell:Creating environment hook '/home/nvidia/robotics-orin/install/sil/share/sil/hook/cmake_prefix_path.sh'
[21.433s] Level 1:colcon.colcon_core.environment:checking '/home/nvidia/robotics-orin/install/sil/lib'
[21.433s] Level 1:colcon.colcon_core.environment:checking '/home/nvidia/robotics-orin/install/sil/bin'
[21.433s] Level 1:colcon.colcon_core.environment:checking '/home/nvidia/robotics-orin/install/sil/lib/pkgconfig/sil.pc'
[21.433s] Level 1:colcon.colcon_core.environment:checking '/home/nvidia/robotics-orin/install/sil/lib/python3.8/site-packages'
[21.433s] Level 1:colcon.colcon_core.environment:checking '/home/nvidia/robotics-orin/install/sil/bin'
[21.616s] INFO:colcon.colcon_core.shell:Creating package script '/home/nvidia/robotics-orin/install/sil/share/sil/package.ps1'
[21.617s] INFO:colcon.colcon_core.shell:Creating package descriptor '/home/nvidia/robotics-orin/install/sil/share/sil/package.dsv'
[21.618s] INFO:colcon.colcon_core.shell:Creating package script '/home/nvidia/robotics-orin/install/sil/share/sil/package.sh'
[21.619s] INFO:colcon.colcon_core.shell:Creating package script '/home/nvidia/robotics-orin/install/sil/share/sil/package.bash'
[21.619s] INFO:colcon.colcon_core.shell:Creating package script '/home/nvidia/robotics-orin/install/sil/share/sil/package.zsh'
[21.620s] Level 1:colcon.colcon_core.environment:create_file_with_runtime_dependencies(/home/nvidia/robotics-orin/install/sil/share/colcon-core/packages/sil)
[21.633s] DEBUG:colcon.colcon_core.event_handler.log_command:Invoked command in '/home/nvidia/robotics-orin/src/arm_ik' returned '0': CONDA_PROMPT_MODIFIER=(base) PYTHONPATH=/home/nvidia/robotics-orin/build/arm_ik/prefix_override:/home/nvidia/robotics-orin/install/arm_ik/lib/python3.8/site-packages:${PYTHONPATH} /usr/bin/python3 setup.py egg_info --egg-base ../../build/arm_ik build --build-base /home/nvidia/robotics-orin/build/arm_ik/build install --record /home/nvidia/robotics-orin/build/arm_ik/install.log --single-version-externally-managed
[21.818s] Level 1:colcon.colcon_core.environment:checking '/home/nvidia/robotics-orin/install/arm_ik' for CMake module files
[21.819s] Level 1:colcon.colcon_core.environment:checking '/home/nvidia/robotics-orin/install/arm_ik' for CMake config files
[21.820s] Level 1:colcon.colcon_core.environment:checking '/home/nvidia/robotics-orin/install/arm_ik/lib'
[21.820s] Level 1:colcon.colcon_core.environment:checking '/home/nvidia/robotics-orin/install/arm_ik/bin'
[21.820s] Level 1:colcon.colcon_core.environment:checking '/home/nvidia/robotics-orin/install/arm_ik/lib/pkgconfig/arm_ik.pc'
[21.820s] Level 1:colcon.colcon_core.environment:checking '/home/nvidia/robotics-orin/install/arm_ik/lib/python3.8/site-packages'
[21.820s] Level 1:colcon.colcon_core.shell:create_environment_hook('arm_ik', 'pythonpath')
[22.002s] INFO:colcon.colcon_core.shell:Creating environment hook '/home/nvidia/robotics-orin/install/arm_ik/share/arm_ik/hook/pythonpath.ps1'
[22.004s] INFO:colcon.colcon_core.shell:Creating environment descriptor '/home/nvidia/robotics-orin/install/arm_ik/share/arm_ik/hook/pythonpath.dsv'
[22.004s] INFO:colcon.colcon_core.shell:Creating environment hook '/home/nvidia/robotics-orin/install/arm_ik/share/arm_ik/hook/pythonpath.sh'
[22.005s] Level 1:colcon.colcon_core.environment:checking '/home/nvidia/robotics-orin/install/arm_ik/bin'
[22.005s] Level 1:colcon.colcon_core.environment:create_environment_scripts_only(arm_ik)
[22.187s] INFO:colcon.colcon_core.shell:Creating package script '/home/nvidia/robotics-orin/install/arm_ik/share/arm_ik/package.ps1'
[22.189s] INFO:colcon.colcon_core.shell:Creating package descriptor '/home/nvidia/robotics-orin/install/arm_ik/share/arm_ik/package.dsv'
[22.189s] INFO:colcon.colcon_core.shell:Creating package script '/home/nvidia/robotics-orin/install/arm_ik/share/arm_ik/package.sh'
[22.190s] INFO:colcon.colcon_core.shell:Creating package script '/home/nvidia/robotics-orin/install/arm_ik/share/arm_ik/package.bash'
[22.190s] INFO:colcon.colcon_core.shell:Creating package script '/home/nvidia/robotics-orin/install/arm_ik/share/arm_ik/package.zsh'
[22.191s] Level 1:colcon.colcon_core.environment:create_file_with_runtime_dependencies(/home/nvidia/robotics-orin/install/arm_ik/share/colcon-core/packages/arm_ik)
[22.199s] DEBUG:colcon.colcon_core.event_handler.log_command:Invoked command in '/home/nvidia/robotics-orin/build/absenc_interface' returned '0': CMAKE_PREFIX_PATH=${CMAKE_PREFIX_PATH}:/opt/ros/humble:/home/nvidia/robotics-orin/install/arm_ik CONDA_PROMPT_MODIFIER=(base) /usr/bin/cmake /home/nvidia/robotics-orin/src/absenc_interface -DCMAKE_INSTALL_PREFIX=/home/nvidia/robotics-orin/install/absenc_interface
[22.200s] DEBUG:colcon.colcon_core.event_handler.log_command:Invoking command in '/home/nvidia/robotics-orin/build/absenc_interface': CMAKE_PREFIX_PATH=${CMAKE_PREFIX_PATH}:/opt/ros/humble:/home/nvidia/robotics-orin/install/arm_ik CONDA_PROMPT_MODIFIER=(base) /usr/bin/cmake --build /home/nvidia/robotics-orin/build/absenc_interface -- -j6 -l6
[22.201s] Level 1:colcon.colcon_core.environment:create_environment_scripts_only(wheels_controller)
[22.202s] DEBUG:colcon.colcon_core.event_handler.log_command:Invoked command in '/home/nvidia/robotics-orin/build/wheels_controller' returned '0': CMAKE_PREFIX_PATH=${CMAKE_PREFIX_PATH}:/opt/ros/humble:/home/nvidia/robotics-orin/install/arm_ik CONDA_PROMPT_MODIFIER=(base) /usr/bin/cmake --install /home/nvidia/robotics-orin/build/wheels_controller
[22.391s] Level 1:colcon.colcon_core.environment:checking '/home/nvidia/robotics-orin/install/wheels_controller' for CMake module files
[22.392s] Level 1:colcon.colcon_core.environment:checking '/home/nvidia/robotics-orin/install/wheels_controller' for CMake config files
[22.393s] Level 1:colcon.colcon_core.shell:create_environment_hook('wheels_controller', 'cmake_prefix_path')
[22.578s] INFO:colcon.colcon_core.shell:Creating environment hook '/home/nvidia/robotics-orin/install/wheels_controller/share/wheels_controller/hook/cmake_prefix_path.ps1'
[22.580s] INFO:colcon.colcon_core.shell:Creating environment descriptor '/home/nvidia/robotics-orin/install/wheels_controller/share/wheels_controller/hook/cmake_prefix_path.dsv'
[22.580s] INFO:colcon.colcon_core.shell:Creating environment hook '/home/nvidia/robotics-orin/install/wheels_controller/share/wheels_controller/hook/cmake_prefix_path.sh'
[22.581s] Level 1:colcon.colcon_core.environment:checking '/home/nvidia/robotics-orin/install/wheels_controller/lib'
[22.581s] Level 1:colcon.colcon_core.environment:checking '/home/nvidia/robotics-orin/install/wheels_controller/bin'
[22.581s] Level 1:colcon.colcon_core.environment:checking '/home/nvidia/robotics-orin/install/wheels_controller/lib/pkgconfig/wheels_controller.pc'
[22.582s] Level 1:colcon.colcon_core.environment:checking '/home/nvidia/robotics-orin/install/wheels_controller/lib/python3.8/site-packages'
[22.582s] Level 1:colcon.colcon_core.environment:checking '/home/nvidia/robotics-orin/install/wheels_controller/bin'
[22.765s] INFO:colcon.colcon_core.shell:Creating package script '/home/nvidia/robotics-orin/install/wheels_controller/share/wheels_controller/package.ps1'
[22.766s] INFO:colcon.colcon_core.shell:Creating package descriptor '/home/nvidia/robotics-orin/install/wheels_controller/share/wheels_controller/package.dsv'
[22.766s] INFO:colcon.colcon_core.shell:Creating package script '/home/nvidia/robotics-orin/install/wheels_controller/share/wheels_controller/package.sh'
[22.767s] INFO:colcon.colcon_core.shell:Creating package script '/home/nvidia/robotics-orin/install/wheels_controller/share/wheels_controller/package.bash'
[22.768s] INFO:colcon.colcon_core.shell:Creating package script '/home/nvidia/robotics-orin/install/wheels_controller/share/wheels_controller/package.zsh'
[22.768s] Level 1:colcon.colcon_core.environment:create_file_with_runtime_dependencies(/home/nvidia/robotics-orin/install/wheels_controller/share/colcon-core/packages/wheels_controller)
[22.968s] Level 1:colcon.colcon_core.environment:create_environment_scripts_only(sil)
[23.150s] Level 1:colcon.colcon_core.environment:checking '/home/nvidia/robotics-orin/install/sil' for CMake module files
[23.151s] Level 1:colcon.colcon_core.environment:checking '/home/nvidia/robotics-orin/install/sil' for CMake config files
[23.151s] Level 1:colcon.colcon_core.shell:create_environment_hook('sil', 'cmake_prefix_path')
[23.332s] INFO:colcon.colcon_core.shell:Creating environment hook '/home/nvidia/robotics-orin/install/sil/share/sil/hook/cmake_prefix_path.ps1'
[23.333s] INFO:colcon.colcon_core.shell:Creating environment descriptor '/home/nvidia/robotics-orin/install/sil/share/sil/hook/cmake_prefix_path.dsv'
[23.333s] INFO:colcon.colcon_core.shell:Creating environment hook '/home/nvidia/robotics-orin/install/sil/share/sil/hook/cmake_prefix_path.sh'
[23.334s] Level 1:colcon.colcon_core.environment:checking '/home/nvidia/robotics-orin/install/sil/lib'
[23.335s] Level 1:colcon.colcon_core.environment:checking '/home/nvidia/robotics-orin/install/sil/bin'
[23.335s] Level 1:colcon.colcon_core.environment:checking '/home/nvidia/robotics-orin/install/sil/lib/pkgconfig/sil.pc'
[23.335s] Level 1:colcon.colcon_core.environment:checking '/home/nvidia/robotics-orin/install/sil/lib/python3.8/site-packages'
[23.335s] Level 1:colcon.colcon_core.environment:checking '/home/nvidia/robotics-orin/install/sil/bin'
[23.516s] INFO:colcon.colcon_core.shell:Creating package script '/home/nvidia/robotics-orin/install/sil/share/sil/package.ps1'
[23.517s] INFO:colcon.colcon_core.shell:Creating package descriptor '/home/nvidia/robotics-orin/install/sil/share/sil/package.dsv'
[23.518s] INFO:colcon.colcon_core.shell:Creating package script '/home/nvidia/robotics-orin/install/sil/share/sil/package.sh'
[23.519s] INFO:colcon.colcon_core.shell:Creating package script '/home/nvidia/robotics-orin/install/sil/share/sil/package.bash'
[23.519s] INFO:colcon.colcon_core.shell:Creating package script '/home/nvidia/robotics-orin/install/sil/share/sil/package.zsh'
[23.520s] Level 1:colcon.colcon_core.environment:create_file_with_runtime_dependencies(/home/nvidia/robotics-orin/install/sil/share/colcon-core/packages/sil)
[23.703s] Level 1:colcon.colcon_core.environment:create_environment_scripts_only(wheels_controller)
[23.884s] Level 1:colcon.colcon_core.environment:checking '/home/nvidia/robotics-orin/install/wheels_controller' for CMake module files
[23.885s] Level 1:colcon.colcon_core.environment:checking '/home/nvidia/robotics-orin/install/wheels_controller' for CMake config files
[23.885s] Level 1:colcon.colcon_core.shell:create_environment_hook('wheels_controller', 'cmake_prefix_path')
[24.066s] INFO:colcon.colcon_core.shell:Creating environment hook '/home/nvidia/robotics-orin/install/wheels_controller/share/wheels_controller/hook/cmake_prefix_path.ps1'
[24.067s] INFO:colcon.colcon_core.shell:Creating environment descriptor '/home/nvidia/robotics-orin/install/wheels_controller/share/wheels_controller/hook/cmake_prefix_path.dsv'
[24.067s] INFO:colcon.colcon_core.shell:Creating environment hook '/home/nvidia/robotics-orin/install/wheels_controller/share/wheels_controller/hook/cmake_prefix_path.sh'
[24.068s] Level 1:colcon.colcon_core.environment:checking '/home/nvidia/robotics-orin/install/wheels_controller/lib'
[24.068s] Level 1:colcon.colcon_core.environment:checking '/home/nvidia/robotics-orin/install/wheels_controller/bin'
[24.068s] Level 1:colcon.colcon_core.environment:checking '/home/nvidia/robotics-orin/install/wheels_controller/lib/pkgconfig/wheels_controller.pc'
[24.069s] Level 1:colcon.colcon_core.environment:checking '/home/nvidia/robotics-orin/install/wheels_controller/lib/python3.8/site-packages'
[24.069s] Level 1:colcon.colcon_core.environment:checking '/home/nvidia/robotics-orin/install/wheels_controller/bin'
[24.250s] INFO:colcon.colcon_core.shell:Creating package script '/home/nvidia/robotics-orin/install/wheels_controller/share/wheels_controller/package.ps1'
[24.251s] INFO:colcon.colcon_core.shell:Creating package descriptor '/home/nvidia/robotics-orin/install/wheels_controller/share/wheels_controller/package.dsv'
[24.252s] INFO:colcon.colcon_core.shell:Creating package script '/home/nvidia/robotics-orin/install/wheels_controller/share/wheels_controller/package.sh'
[24.253s] INFO:colcon.colcon_core.shell:Creating package script '/home/nvidia/robotics-orin/install/wheels_controller/share/wheels_controller/package.bash'
[24.253s] INFO:colcon.colcon_core.shell:Creating package script '/home/nvidia/robotics-orin/install/wheels_controller/share/wheels_controller/package.zsh'
[24.254s] Level 1:colcon.colcon_core.environment:create_file_with_runtime_dependencies(/home/nvidia/robotics-orin/install/wheels_controller/share/colcon-core/packages/wheels_controller)
[24.261s] DEBUG:colcon.colcon_core.event_handler.log_command:Invoked command in '/home/nvidia/robotics-orin/build/absenc_interface' returned '0': CMAKE_PREFIX_PATH=${CMAKE_PREFIX_PATH}:/opt/ros/humble:/home/nvidia/robotics-orin/install/arm_ik CONDA_PROMPT_MODIFIER=(base) /usr/bin/cmake --build /home/nvidia/robotics-orin/build/absenc_interface -- -j6 -l6
[24.336s] DEBUG:colcon.colcon_core.event_handler.log_command:Invoking command in '/home/nvidia/robotics-orin/build/absenc_interface': CMAKE_PREFIX_PATH=${CMAKE_PREFIX_PATH}:/opt/ros/humble:/home/nvidia/robotics-orin/install/arm_ik CONDA_PROMPT_MODIFIER=(base) /usr/bin/cmake --install /home/nvidia/robotics-orin/build/absenc_interface
[24.479s] Level 1:colcon.colcon_core.environment:create_environment_scripts_only(absenc_interface)
[24.480s] DEBUG:colcon.colcon_core.event_handler.log_command:Invoked command in '/home/nvidia/robotics-orin/build/absenc_interface' returned '0': CMAKE_PREFIX_PATH=${CMAKE_PREFIX_PATH}:/opt/ros/humble:/home/nvidia/robotics-orin/install/arm_ik CONDA_PROMPT_MODIFIER=(base) /usr/bin/cmake --install /home/nvidia/robotics-orin/build/absenc_interface
[24.694s] Level 1:colcon.colcon_core.environment:checking '/home/nvidia/robotics-orin/install/absenc_interface' for CMake module files
[24.695s] Level 1:colcon.colcon_core.environment:checking '/home/nvidia/robotics-orin/install/absenc_interface' for CMake config files
[24.696s] Level 1:colcon.colcon_core.shell:create_environment_hook('absenc_interface', 'cmake_prefix_path')
[24.877s] INFO:colcon.colcon_core.shell:Creating environment hook '/home/nvidia/robotics-orin/install/absenc_interface/share/absenc_interface/hook/cmake_prefix_path.ps1'
[24.878s] INFO:colcon.colcon_core.shell:Creating environment descriptor '/home/nvidia/robotics-orin/install/absenc_interface/share/absenc_interface/hook/cmake_prefix_path.dsv'
[24.878s] INFO:colcon.colcon_core.shell:Creating environment hook '/home/nvidia/robotics-orin/install/absenc_interface/share/absenc_interface/hook/cmake_prefix_path.sh'
[24.879s] Level 1:colcon.colcon_core.environment:checking '/home/nvidia/robotics-orin/install/absenc_interface/lib'
[24.880s] Level 1:colcon.colcon_core.shell:create_environment_hook('absenc_interface', 'ld_library_path_lib')
[25.061s] INFO:colcon.colcon_core.shell:Creating environment hook '/home/nvidia/robotics-orin/install/absenc_interface/share/absenc_interface/hook/ld_library_path_lib.ps1'
[25.062s] INFO:colcon.colcon_core.shell:Creating environment descriptor '/home/nvidia/robotics-orin/install/absenc_interface/share/absenc_interface/hook/ld_library_path_lib.dsv'
[25.062s] INFO:colcon.colcon_core.shell:Creating environment hook '/home/nvidia/robotics-orin/install/absenc_interface/share/absenc_interface/hook/ld_library_path_lib.sh'
[25.063s] Level 1:colcon.colcon_core.environment:checking '/home/nvidia/robotics-orin/install/absenc_interface/bin'
[25.063s] Level 1:colcon.colcon_core.environment:checking '/home/nvidia/robotics-orin/install/absenc_interface/lib/pkgconfig/absenc_interface.pc'
[25.063s] Level 1:colcon.colcon_core.environment:checking '/home/nvidia/robotics-orin/install/absenc_interface/lib/python3.8/site-packages'
[25.064s] Level 1:colcon.colcon_core.environment:checking '/home/nvidia/robotics-orin/install/absenc_interface/bin'
[25.245s] INFO:colcon.colcon_core.shell:Creating package script '/home/nvidia/robotics-orin/install/absenc_interface/share/absenc_interface/package.ps1'
[25.246s] INFO:colcon.colcon_core.shell:Creating package descriptor '/home/nvidia/robotics-orin/install/absenc_interface/share/absenc_interface/package.dsv'
[25.247s] INFO:colcon.colcon_core.shell:Creating package script '/home/nvidia/robotics-orin/install/absenc_interface/share/absenc_interface/package.sh'
[25.248s] INFO:colcon.colcon_core.shell:Creating package script '/home/nvidia/robotics-orin/install/absenc_interface/share/absenc_interface/package.bash'
[25.248s] INFO:colcon.colcon_core.shell:Creating package script '/home/nvidia/robotics-orin/install/absenc_interface/share/absenc_interface/package.zsh'
[25.249s] Level 1:colcon.colcon_core.environment:create_file_with_runtime_dependencies(/home/nvidia/robotics-orin/install/absenc_interface/share/colcon-core/packages/absenc_interface)
[25.512s] Level 1:colcon.colcon_core.environment:create_environment_scripts_only(absenc_interface)
[25.694s] Level 1:colcon.colcon_core.environment:checking '/home/nvidia/robotics-orin/install/absenc_interface' for CMake module files
[25.696s] Level 1:colcon.colcon_core.environment:checking '/home/nvidia/robotics-orin/install/absenc_interface' for CMake config files
[25.697s] Level 1:colcon.colcon_core.shell:create_environment_hook('absenc_interface', 'cmake_prefix_path')
[25.878s] INFO:colcon.colcon_core.shell:Creating environment hook '/home/nvidia/robotics-orin/install/absenc_interface/share/absenc_interface/hook/cmake_prefix_path.ps1'
[25.879s] INFO:colcon.colcon_core.shell:Creating environment descriptor '/home/nvidia/robotics-orin/install/absenc_interface/share/absenc_interface/hook/cmake_prefix_path.dsv'
[25.880s] INFO:colcon.colcon_core.shell:Creating environment hook '/home/nvidia/robotics-orin/install/absenc_interface/share/absenc_interface/hook/cmake_prefix_path.sh'
[25.881s] Level 1:colcon.colcon_core.environment:checking '/home/nvidia/robotics-orin/install/absenc_interface/lib'
[25.881s] Level 1:colcon.colcon_core.shell:create_environment_hook('absenc_interface', 'ld_library_path_lib')
[26.062s] INFO:colcon.colcon_core.shell:Creating environment hook '/home/nvidia/robotics-orin/install/absenc_interface/share/absenc_interface/hook/ld_library_path_lib.ps1'
[26.063s] INFO:colcon.colcon_core.shell:Creating environment descriptor '/home/nvidia/robotics-orin/install/absenc_interface/share/absenc_interface/hook/ld_library_path_lib.dsv'
[26.064s] INFO:colcon.colcon_core.shell:Creating environment hook '/home/nvidia/robotics-orin/install/absenc_interface/share/absenc_interface/hook/ld_library_path_lib.sh'
[26.064s] Level 1:colcon.colcon_core.environment:checking '/home/nvidia/robotics-orin/install/absenc_interface/bin'
[26.064s] Level 1:colcon.colcon_core.environment:checking '/home/nvidia/robotics-orin/install/absenc_interface/lib/pkgconfig/absenc_interface.pc'
[26.065s] Level 1:colcon.colcon_core.environment:checking '/home/nvidia/robotics-orin/install/absenc_interface/lib/python3.8/site-packages'
[26.065s] Level 1:colcon.colcon_core.environment:checking '/home/nvidia/robotics-orin/install/absenc_interface/bin'
[26.284s] INFO:colcon.colcon_core.shell:Creating package script '/home/nvidia/robotics-orin/install/absenc_interface/share/absenc_interface/package.ps1'
[26.285s] INFO:colcon.colcon_core.shell:Creating package descriptor '/home/nvidia/robotics-orin/install/absenc_interface/share/absenc_interface/package.dsv'
[26.286s] INFO:colcon.colcon_core.shell:Creating package script '/home/nvidia/robotics-orin/install/absenc_interface/share/absenc_interface/package.sh'
[26.287s] INFO:colcon.colcon_core.shell:Creating package script '/home/nvidia/robotics-orin/install/absenc_interface/share/absenc_interface/package.bash'
[26.287s] INFO:colcon.colcon_core.shell:Creating package script '/home/nvidia/robotics-orin/install/absenc_interface/share/absenc_interface/package.zsh'
[26.288s] Level 1:colcon.colcon_core.environment:create_file_with_runtime_dependencies(/home/nvidia/robotics-orin/install/absenc_interface/share/colcon-core/packages/absenc_interface)
[26.289s] DEBUG:colcon.colcon_parallel_executor.executor.parallel:closing loop
[26.289s] DEBUG:colcon.colcon_parallel_executor.executor.parallel:loop closed
[26.289s] DEBUG:colcon.colcon_parallel_executor.executor.parallel:run_until_complete finished with '0'
[26.290s] DEBUG:colcon.colcon_core.event_reactor:joining thread
[26.479s] INFO:colcon.colcon_core.plugin_system:Skipping extension 'colcon_notification.desktop_notification.terminal_notifier': Not used on non-Darwin systems
[26.479s] INFO:colcon.colcon_core.plugin_system:Skipping extension 'colcon_notification.desktop_notification.win32': Not used on non-Windows systems
[26.480s] INFO:colcon.colcon_notification.desktop_notification:Sending desktop notification using 'notify2'
[26.527s] DEBUG:colcon.colcon_core.event_reactor:joined thread
[26.708s] INFO:colcon.colcon_core.shell:Creating prefix script '/home/nvidia/robotics-orin/install/local_setup.ps1'
[26.710s] INFO:colcon.colcon_core.shell:Creating prefix util module '/home/nvidia/robotics-orin/install/_local_setup_util_ps1.py'
[26.711s] INFO:colcon.colcon_core.shell:Creating prefix chain script '/home/nvidia/robotics-orin/install/setup.ps1'
[26.893s] INFO:colcon.colcon_core.shell:Creating prefix script '/home/nvidia/robotics-orin/install/local_setup.sh'
[26.894s] INFO:colcon.colcon_core.shell:Creating prefix util module '/home/nvidia/robotics-orin/install/_local_setup_util_sh.py'
[26.894s] INFO:colcon.colcon_core.shell:Creating prefix chain script '/home/nvidia/robotics-orin/install/setup.sh'
[27.075s] INFO:colcon.colcon_core.shell:Creating prefix script '/home/nvidia/robotics-orin/install/local_setup.bash'
[27.076s] INFO:colcon.colcon_core.shell:Creating prefix chain script '/home/nvidia/robotics-orin/install/setup.bash'
[27.256s] INFO:colcon.colcon_core.shell:Creating prefix script '/home/nvidia/robotics-orin/install/local_setup.zsh'
[27.257s] INFO:colcon.colcon_core.shell:Creating prefix chain script '/home/nvidia/robotics-orin/install/setup.zsh'
