[4.385s] Invoking command in '/home/nvidia/robotics-orin/build/arm_controller': CMAKE_PREFIX_PATH=${CMAKE_PREFIX_PATH}:/opt/ros/humble:/home/nvidia/robotics-orin/install/arm_ik:/opt/ros/foxy CONDA_PROMPT_MODIFIER=(base) /usr/bin/cmake --build /home/nvidia/robotics-orin/build/arm_controller -- -j6 -l6
[5.989s] [  3%] Built target arm_controller__cpp
[5.989s] [ 12%] Built target arm_controller__rosidl_generator_c
[5.989s] [ 21%] Built target arm_controller__rosidl_typesupport_cpp
[5.989s] [ 30%] Built target arm_controller__rosidl_typesupport_introspection_cpp
[5.990s] [ 39%] Built target arm_controller__rosidl_typesupport_introspection_c
[5.992s] [ 48%] Built target arm_controller__rosidl_typesupport_fastrtps_cpp
[5.993s] [ 57%] Built target arm_controller__rosidl_typesupport_c
[5.993s] [ 66%] Built target arm_controller__rosidl_typesupport_fastrtps_c
[5.994s] [ 66%] Built target arm_controller
[5.994s] [ 69%] Built target arm_controller__py
[5.994s] [ 75%] Built target arm_controller_node
[5.994s] [ 81%] Built target arm_controller__python
[5.994s] [ 90%] Built target arm_controller__rosidl_typesupport_introspection_c__pyext
[5.994s] [ 93%] Built target arm_controller__rosidl_typesupport_c__pyext
[5.994s] [100%] Built target arm_controller__rosidl_typesupport_fastrtps_c__pyext
[6.004s] Invoked command in '/home/nvidia/robotics-orin/build/arm_controller' returned '0': CMAKE_PREFIX_PATH=${CMAKE_PREFIX_PATH}:/opt/ros/humble:/home/nvidia/robotics-orin/install/arm_ik:/opt/ros/foxy CONDA_PROMPT_MODIFIER=(base) /usr/bin/cmake --build /home/nvidia/robotics-orin/build/arm_controller -- -j6 -l6
[6.145s] Invoking command in '/home/nvidia/robotics-orin/build/arm_controller': CMAKE_PREFIX_PATH=${CMAKE_PREFIX_PATH}:/opt/ros/humble:/home/nvidia/robotics-orin/install/arm_ik:/opt/ros/foxy CONDA_PROMPT_MODIFIER=(base) /usr/bin/cmake --install /home/nvidia/robotics-orin/build/arm_controller
[6.169s] -- Install configuration: ""
[6.169s] -- Execute custom install script
[6.169s] -- Up-to-date symlink: /home/nvidia/robotics-orin/install/arm_controller/share/ament_index/resource_index/rosidl_interfaces/arm_controller
[6.170s] -- Up-to-date symlink: /home/nvidia/robotics-orin/install/arm_controller/include/arm_controller/msg/arm_motor_values.h
[6.170s] -- Up-to-date symlink: /home/nvidia/robotics-orin/install/arm_controller/include/arm_controller/msg/detail/arm_motor_values__functions.h
[6.170s] -- Up-to-date symlink: /home/nvidia/robotics-orin/install/arm_controller/include/arm_controller/msg/detail/arm_motor_values__struct.h
[6.170s] -- Up-to-date symlink: /home/nvidia/robotics-orin/install/arm_controller/include/arm_controller/msg/detail/arm_motor_values__type_support.h
[6.170s] -- Up-to-date symlink: /home/nvidia/robotics-orin/install/arm_controller/include/arm_controller/msg/rosidl_generator_c__visibility_control.h
[6.170s] -- Up-to-date symlink: /home/nvidia/robotics-orin/install/arm_controller/share/arm_controller/environment/library_path.sh
[6.170s] -- Up-to-date symlink: /home/nvidia/robotics-orin/install/arm_controller/share/arm_controller/environment/library_path.dsv
[6.171s] -- Up-to-date symlink: /home/nvidia/robotics-orin/install/arm_controller/include/arm_controller/msg/detail/arm_motor_values__rosidl_typesupport_fastrtps_c.h
[6.171s] -- Up-to-date symlink: /home/nvidia/robotics-orin/install/arm_controller/include/arm_controller/msg/rosidl_typesupport_fastrtps_c__visibility_control.h
[6.172s] -- Up-to-date symlink: /home/nvidia/robotics-orin/install/arm_controller/lib/libarm_controller__rosidl_typesupport_fastrtps_c.so
[6.173s] -- Up-to-date symlink: /home/nvidia/robotics-orin/install/arm_controller/include/arm_controller/msg/detail/arm_motor_values__rosidl_typesupport_fastrtps_cpp.hpp
[6.173s] -- Up-to-date symlink: /home/nvidia/robotics-orin/install/arm_controller/include/arm_controller/msg/rosidl_typesupport_fastrtps_cpp__visibility_control.h
[6.173s] -- Up-to-date symlink: /home/nvidia/robotics-orin/install/arm_controller/lib/libarm_controller__rosidl_typesupport_fastrtps_cpp.so
[6.174s] -- Up-to-date symlink: /home/nvidia/robotics-orin/install/arm_controller/include/arm_controller/msg/detail/arm_motor_values__rosidl_typesupport_introspection_c.h
[6.174s] -- Up-to-date symlink: /home/nvidia/robotics-orin/install/arm_controller/include/arm_controller/msg/rosidl_typesupport_introspection_c__visibility_control.h
[6.178s] -- Up-to-date symlink: /home/nvidia/robotics-orin/install/arm_controller/include/arm_controller/msg/arm_motor_values.hpp
[6.178s] -- Up-to-date symlink: /home/nvidia/robotics-orin/install/arm_controller/include/arm_controller/msg/detail/arm_motor_values__builder.hpp
[6.178s] -- Up-to-date symlink: /home/nvidia/robotics-orin/install/arm_controller/include/arm_controller/msg/detail/arm_motor_values__struct.hpp
[6.179s] -- Up-to-date symlink: /home/nvidia/robotics-orin/install/arm_controller/include/arm_controller/msg/detail/arm_motor_values__traits.hpp
[6.179s] -- Up-to-date symlink: /home/nvidia/robotics-orin/install/arm_controller/include/arm_controller/msg/detail/arm_motor_values__type_support.hpp
[6.179s] -- Up-to-date symlink: /home/nvidia/robotics-orin/install/arm_controller/include/arm_controller/msg/rosidl_generator_cpp__visibility_control.hpp
[6.179s] -- Up-to-date symlink: /home/nvidia/robotics-orin/install/arm_controller/include/arm_controller/msg/detail/arm_motor_values__rosidl_typesupport_introspection_cpp.hpp
[6.179s] -- Up-to-date symlink: /home/nvidia/robotics-orin/install/arm_controller/share/arm_controller/environment/pythonpath.sh
[6.179s] -- Up-to-date symlink: /home/nvidia/robotics-orin/install/arm_controller/share/arm_controller/environment/pythonpath.dsv
[6.179s] -- Up-to-date symlink: /home/nvidia/robotics-orin/install/arm_controller/lib/python3.11/site-packages/arm_controller/__init__.py
[6.180s] -- Up-to-date symlink: /home/nvidia/robotics-orin/install/arm_controller/lib/python3.11/site-packages/arm_controller/msg/__init__.py
[6.180s] -- Up-to-date symlink: /home/nvidia/robotics-orin/install/arm_controller/lib/python3.11/site-packages/arm_controller/msg/_arm_motor_values.py
[6.180s] -- Up-to-date symlink: /home/nvidia/robotics-orin/install/arm_controller/lib/python3.11/site-packages/arm_controller/arm_controller_s__rosidl_typesupport_fastrtps_c.cpython-311-aarch64-linux-gnu.so
[6.181s] -- Up-to-date symlink: /home/nvidia/robotics-orin/install/arm_controller/lib/python3.11/site-packages/arm_controller/arm_controller_s__rosidl_typesupport_introspection_c.cpython-311-aarch64-linux-gnu.so
[6.182s] -- Up-to-date symlink: /home/nvidia/robotics-orin/install/arm_controller/lib/python3.11/site-packages/arm_controller/arm_controller_s__rosidl_typesupport_c.cpython-311-aarch64-linux-gnu.so
[6.182s] -- Up-to-date symlink: /home/nvidia/robotics-orin/install/arm_controller/lib/libarm_controller__python.so
[6.183s] -- Up-to-date symlink: /home/nvidia/robotics-orin/install/arm_controller/share/arm_controller/msg/ArmMotorValues.idl
[6.183s] -- Up-to-date symlink: /home/nvidia/robotics-orin/install/arm_controller/share/arm_controller/msg/ArmMotorValues.msg
[6.184s] -- Up-to-date symlink: /home/nvidia/robotics-orin/install/arm_controller/lib/arm_controller/arm_controller_node
[6.184s] -- Up-to-date symlink: /home/nvidia/robotics-orin/install/arm_controller/share/ament_index/resource_index/package_run_dependencies/arm_controller
[6.184s] -- Up-to-date symlink: /home/nvidia/robotics-orin/install/arm_controller/share/ament_index/resource_index/parent_prefix_path/arm_controller
[6.185s] -- Up-to-date symlink: /home/nvidia/robotics-orin/install/arm_controller/share/arm_controller/environment/ament_prefix_path.sh
[6.186s] -- Up-to-date symlink: /home/nvidia/robotics-orin/install/arm_controller/share/arm_controller/environment/ament_prefix_path.dsv
[6.186s] -- Up-to-date symlink: /home/nvidia/robotics-orin/install/arm_controller/share/arm_controller/environment/path.sh
[6.186s] -- Up-to-date symlink: /home/nvidia/robotics-orin/install/arm_controller/share/arm_controller/environment/path.dsv
[6.186s] -- Up-to-date symlink: /home/nvidia/robotics-orin/install/arm_controller/share/arm_controller/local_setup.bash
[6.187s] -- Up-to-date symlink: /home/nvidia/robotics-orin/install/arm_controller/share/arm_controller/local_setup.sh
[6.187s] -- Up-to-date symlink: /home/nvidia/robotics-orin/install/arm_controller/share/arm_controller/local_setup.zsh
[6.188s] -- Up-to-date symlink: /home/nvidia/robotics-orin/install/arm_controller/share/arm_controller/local_setup.dsv
[6.188s] -- Symlinking: /home/nvidia/robotics-orin/install/arm_controller/share/arm_controller/package.dsv
[6.209s] -- Up-to-date symlink: /home/nvidia/robotics-orin/install/arm_controller/share/ament_index/resource_index/packages/arm_controller
[6.209s] -- Up-to-date symlink: /home/nvidia/robotics-orin/install/arm_controller/share/arm_controller/cmake/rosidl_cmake-extras.cmake
[6.209s] -- Up-to-date symlink: /home/nvidia/robotics-orin/install/arm_controller/share/arm_controller/cmake/ament_cmake_export_dependencies-extras.cmake
[6.209s] -- Up-to-date symlink: /home/nvidia/robotics-orin/install/arm_controller/share/arm_controller/cmake/ament_cmake_export_libraries-extras.cmake
[6.209s] -- Up-to-date symlink: /home/nvidia/robotics-orin/install/arm_controller/share/arm_controller/cmake/ament_cmake_export_targets-extras.cmake
[6.210s] -- Up-to-date symlink: /home/nvidia/robotics-orin/install/arm_controller/share/arm_controller/cmake/ament_cmake_export_include_directories-extras.cmake
[6.210s] -- Up-to-date symlink: /home/nvidia/robotics-orin/install/arm_controller/share/arm_controller/cmake/rosidl_cmake_export_typesupport_libraries-extras.cmake
[6.210s] -- Up-to-date symlink: /home/nvidia/robotics-orin/install/arm_controller/share/arm_controller/cmake/rosidl_cmake_export_typesupport_targets-extras.cmake
[6.211s] -- Up-to-date symlink: /home/nvidia/robotics-orin/install/arm_controller/share/arm_controller/cmake/arm_controllerConfig.cmake
[6.211s] -- Up-to-date symlink: /home/nvidia/robotics-orin/install/arm_controller/share/arm_controller/cmake/arm_controllerConfig-version.cmake
[6.212s] -- Up-to-date symlink: /home/nvidia/robotics-orin/install/arm_controller/share/arm_controller/package.xml
[6.213s] -- Up-to-date: /home/nvidia/robotics-orin/install/arm_controller/lib/libarm_controller__rosidl_generator_c.so
[6.213s] -- Up-to-date: /home/nvidia/robotics-orin/install/arm_controller/lib/libarm_controller__rosidl_typesupport_introspection_c.so
[6.214s] -- Up-to-date: /home/nvidia/robotics-orin/install/arm_controller/lib/libarm_controller__rosidl_typesupport_c.so
[6.214s] -- Up-to-date: /home/nvidia/robotics-orin/install/arm_controller/lib/libarm_controller__rosidl_typesupport_introspection_cpp.so
[6.214s] -- Up-to-date: /home/nvidia/robotics-orin/install/arm_controller/lib/libarm_controller__rosidl_typesupport_cpp.so
[6.302s] -- Up-to-date: /home/nvidia/robotics-orin/install/arm_controller/share/arm_controller/cmake/arm_controller__rosidl_generator_cExport.cmake
[6.303s] -- Up-to-date: /home/nvidia/robotics-orin/install/arm_controller/share/arm_controller/cmake/arm_controller__rosidl_generator_cExport-noconfig.cmake
[6.303s] -- Up-to-date: /home/nvidia/robotics-orin/install/arm_controller/share/arm_controller/cmake/arm_controller__rosidl_typesupport_introspection_cExport.cmake
[6.303s] -- Up-to-date: /home/nvidia/robotics-orin/install/arm_controller/share/arm_controller/cmake/arm_controller__rosidl_typesupport_introspection_cExport-noconfig.cmake
[6.303s] -- Up-to-date: /home/nvidia/robotics-orin/install/arm_controller/share/arm_controller/cmake/arm_controller__rosidl_typesupport_cExport.cmake
[6.304s] -- Up-to-date: /home/nvidia/robotics-orin/install/arm_controller/share/arm_controller/cmake/arm_controller__rosidl_typesupport_cExport-noconfig.cmake
[6.304s] -- Up-to-date: /home/nvidia/robotics-orin/install/arm_controller/share/arm_controller/cmake/arm_controller__rosidl_generator_cppExport.cmake
[6.304s] -- Up-to-date: /home/nvidia/robotics-orin/install/arm_controller/share/arm_controller/cmake/arm_controller__rosidl_typesupport_introspection_cppExport.cmake
[6.304s] -- Up-to-date: /home/nvidia/robotics-orin/install/arm_controller/share/arm_controller/cmake/arm_controller__rosidl_typesupport_introspection_cppExport-noconfig.cmake
[6.304s] -- Up-to-date: /home/nvidia/robotics-orin/install/arm_controller/share/arm_controller/cmake/arm_controller__rosidl_typesupport_cppExport.cmake
[6.304s] -- Up-to-date: /home/nvidia/robotics-orin/install/arm_controller/share/arm_controller/cmake/arm_controller__rosidl_typesupport_cppExport-noconfig.cmake
