[9.790s] DEBUG:colcon:Command line arguments: ['/usr/bin/colcon', 'build']
[9.791s] DEBUG:colcon:Parsed command line arguments: Namespace(allow_overriding=[], ament_cmake_args=None, base_paths=['.'], build_base='build', catkin_cmake_args=None, catkin_skip_building_tests=False, cmake_args=None, cmake_clean_cache=False, cmake_clean_first=False, cmake_force_configure=False, cmake_target=None, cmake_target_skip_unavailable=False, continue_on_error=False, event_handlers=None, executor='parallel', ignore_user_meta=False, install_base='install', log_base=None, log_level=None, main=<bound method BuildVerb.main of <colcon_core.verb.build.BuildVerb object at 0xffff8a9d28b0>>, merge_install=False, metas=['./colcon.meta'], packages_above=None, packages_above_and_dependencies=None, packages_above_depth=None, packages_end=None, packages_ignore=None, packages_ignore_regex=None, packages_select=None, packages_select_build_failed=False, packages_select_by_dep=None, packages_select_regex=None, packages_select_test_failures=False, packages_skip=None, packages_skip_build_finished=False, packages_skip_by_dep=None, packages_skip_regex=None, packages_skip_test_passed=False, packages_skip_up_to=None, packages_start=None, packages_up_to=None, packages_up_to_regex=None, parallel_workers=6, paths=None, symlink_install=False, test_result_base=None, verb_extension=<colcon_core.verb.build.BuildVerb object at 0xffff8a9d28b0>, verb_name='build', verb_parser=<colcon_defaults.argument_parser.defaults.DefaultArgumentsDecorator object at 0xffff8a670100>)
[10.179s] Level 1:colcon.colcon_core.package_discovery:discover_packages(colcon_meta) check parameters
[10.179s] Level 1:colcon.colcon_core.package_discovery:discover_packages(recursive) check parameters
[10.179s] Level 1:colcon.colcon_core.package_discovery:discover_packages(ignore) check parameters
[10.179s] Level 1:colcon.colcon_core.package_discovery:discover_packages(path) check parameters
[10.179s] Level 1:colcon.colcon_core.package_discovery:discover_packages(colcon_meta) discover
[10.179s] Level 1:colcon.colcon_core.package_discovery:discover_packages(recursive) discover
[10.180s] INFO:colcon.colcon_core.package_discovery:Crawling recursively for packages in '/home/nvidia/robotics-orin'
[10.180s] Level 1:colcon.colcon_core.package_identification:_identify(.) by extensions ['ignore', 'ignore_ament_install']
[10.180s] Level 1:colcon.colcon_core.package_identification:_identify(.) by extension 'ignore'
[10.180s] Level 1:colcon.colcon_core.package_identification:_identify(.) by extension 'ignore_ament_install'
[10.180s] Level 1:colcon.colcon_core.package_identification:_identify(.) by extensions ['colcon_pkg']
[10.180s] Level 1:colcon.colcon_core.package_identification:_identify(.) by extension 'colcon_pkg'
[10.180s] Level 1:colcon.colcon_core.package_identification:_identify(.) by extensions ['colcon_meta']
[10.180s] Level 1:colcon.colcon_core.package_identification:_identify(.) by extension 'colcon_meta'
[10.180s] Level 1:colcon.colcon_core.package_identification:_identify(.) by extensions ['ros']
[10.180s] Level 1:colcon.colcon_core.package_identification:_identify(.) by extension 'ros'
[10.197s] Level 1:colcon.colcon_core.package_identification:_identify(.) by extensions ['cmake', 'python']
[10.197s] Level 1:colcon.colcon_core.package_identification:_identify(.) by extension 'cmake'
[10.197s] Level 1:colcon.colcon_core.package_identification:_identify(.) by extension 'python'
[10.197s] Level 1:colcon.colcon_core.package_identification:_identify(.) by extensions ['python_setup_py']
[10.197s] Level 1:colcon.colcon_core.package_identification:_identify(.) by extension 'python_setup_py'
[10.198s] Level 1:colcon.colcon_core.package_identification:_identify(JetsonGPIO) by extensions ['ignore', 'ignore_ament_install']
[10.198s] Level 1:colcon.colcon_core.package_identification:_identify(JetsonGPIO) by extension 'ignore'
[10.198s] Level 1:colcon.colcon_core.package_identification:_identify(JetsonGPIO) ignored
[10.198s] Level 1:colcon.colcon_core.package_identification:_identify(build) by extensions ['ignore', 'ignore_ament_install']
[10.198s] Level 1:colcon.colcon_core.package_identification:_identify(build) by extension 'ignore'
[10.198s] Level 1:colcon.colcon_core.package_identification:_identify(build) ignored
[10.199s] Level 1:colcon.colcon_core.package_identification:_identify(install) by extensions ['ignore', 'ignore_ament_install']
[10.199s] Level 1:colcon.colcon_core.package_identification:_identify(install) by extension 'ignore'
[10.199s] Level 1:colcon.colcon_core.package_identification:_identify(install) ignored
[10.199s] Level 1:colcon.colcon_core.package_identification:_identify(launch) by extensions ['ignore', 'ignore_ament_install']
[10.199s] Level 1:colcon.colcon_core.package_identification:_identify(launch) by extension 'ignore'
[10.199s] Level 1:colcon.colcon_core.package_identification:_identify(launch) by extension 'ignore_ament_install'
[10.199s] Level 1:colcon.colcon_core.package_identification:_identify(launch) by extensions ['colcon_pkg']
[10.199s] Level 1:colcon.colcon_core.package_identification:_identify(launch) by extension 'colcon_pkg'
[10.199s] Level 1:colcon.colcon_core.package_identification:_identify(launch) by extensions ['colcon_meta']
[10.200s] Level 1:colcon.colcon_core.package_identification:_identify(launch) by extension 'colcon_meta'
[10.200s] Level 1:colcon.colcon_core.package_identification:_identify(launch) by extensions ['ros']
[10.200s] Level 1:colcon.colcon_core.package_identification:_identify(launch) by extension 'ros'
[10.200s] Level 1:colcon.colcon_core.package_identification:_identify(launch) by extensions ['cmake', 'python']
[10.200s] Level 1:colcon.colcon_core.package_identification:_identify(launch) by extension 'cmake'
[10.200s] Level 1:colcon.colcon_core.package_identification:_identify(launch) by extension 'python'
[10.200s] Level 1:colcon.colcon_core.package_identification:_identify(launch) by extensions ['python_setup_py']
[10.200s] Level 1:colcon.colcon_core.package_identification:_identify(launch) by extension 'python_setup_py'
[10.200s] Level 1:colcon.colcon_core.package_identification:_identify(launch/__pycache__) by extensions ['ignore', 'ignore_ament_install']
[10.200s] Level 1:colcon.colcon_core.package_identification:_identify(launch/__pycache__) by extension 'ignore'
[10.200s] Level 1:colcon.colcon_core.package_identification:_identify(launch/__pycache__) by extension 'ignore_ament_install'
[10.201s] Level 1:colcon.colcon_core.package_identification:_identify(launch/__pycache__) by extensions ['colcon_pkg']
[10.201s] Level 1:colcon.colcon_core.package_identification:_identify(launch/__pycache__) by extension 'colcon_pkg'
[10.201s] Level 1:colcon.colcon_core.package_identification:_identify(launch/__pycache__) by extensions ['colcon_meta']
[10.201s] Level 1:colcon.colcon_core.package_identification:_identify(launch/__pycache__) by extension 'colcon_meta'
[10.201s] Level 1:colcon.colcon_core.package_identification:_identify(launch/__pycache__) by extensions ['ros']
[10.201s] Level 1:colcon.colcon_core.package_identification:_identify(launch/__pycache__) by extension 'ros'
[10.201s] Level 1:colcon.colcon_core.package_identification:_identify(launch/__pycache__) by extensions ['cmake', 'python']
[10.201s] Level 1:colcon.colcon_core.package_identification:_identify(launch/__pycache__) by extension 'cmake'
[10.201s] Level 1:colcon.colcon_core.package_identification:_identify(launch/__pycache__) by extension 'python'
[10.201s] Level 1:colcon.colcon_core.package_identification:_identify(launch/__pycache__) by extensions ['python_setup_py']
[10.201s] Level 1:colcon.colcon_core.package_identification:_identify(launch/__pycache__) by extension 'python_setup_py'
[10.201s] Level 1:colcon.colcon_core.package_identification:_identify(log) by extensions ['ignore', 'ignore_ament_install']
[10.202s] Level 1:colcon.colcon_core.package_identification:_identify(log) by extension 'ignore'
[10.202s] Level 1:colcon.colcon_core.package_identification:_identify(log) ignored
[10.202s] Level 1:colcon.colcon_core.package_identification:_identify(src) by extensions ['ignore', 'ignore_ament_install']
[10.202s] Level 1:colcon.colcon_core.package_identification:_identify(src) by extension 'ignore'
[10.202s] Level 1:colcon.colcon_core.package_identification:_identify(src) by extension 'ignore_ament_install'
[10.202s] Level 1:colcon.colcon_core.package_identification:_identify(src) by extensions ['colcon_pkg']
[10.202s] Level 1:colcon.colcon_core.package_identification:_identify(src) by extension 'colcon_pkg'
[10.202s] Level 1:colcon.colcon_core.package_identification:_identify(src) by extensions ['colcon_meta']
[10.202s] Level 1:colcon.colcon_core.package_identification:_identify(src) by extension 'colcon_meta'
[10.202s] Level 1:colcon.colcon_core.package_identification:_identify(src) by extensions ['ros']
[10.202s] Level 1:colcon.colcon_core.package_identification:_identify(src) by extension 'ros'
[10.203s] Level 1:colcon.colcon_core.package_identification:_identify(src) by extensions ['cmake', 'python']
[10.203s] Level 1:colcon.colcon_core.package_identification:_identify(src) by extension 'cmake'
[10.203s] Level 1:colcon.colcon_core.package_identification:_identify(src) by extension 'python'
[10.203s] Level 1:colcon.colcon_core.package_identification:_identify(src) by extensions ['python_setup_py']
[10.203s] Level 1:colcon.colcon_core.package_identification:_identify(src) by extension 'python_setup_py'
[10.203s] Level 1:colcon.colcon_core.package_identification:_identify(src/absenc_interface) by extensions ['ignore', 'ignore_ament_install']
[10.203s] Level 1:colcon.colcon_core.package_identification:_identify(src/absenc_interface) by extension 'ignore'
[10.203s] Level 1:colcon.colcon_core.package_identification:_identify(src/absenc_interface) by extension 'ignore_ament_install'
[10.203s] Level 1:colcon.colcon_core.package_identification:_identify(src/absenc_interface) by extensions ['colcon_pkg']
[10.203s] Level 1:colcon.colcon_core.package_identification:_identify(src/absenc_interface) by extension 'colcon_pkg'
[10.203s] Level 1:colcon.colcon_core.package_identification:_identify(src/absenc_interface) by extensions ['colcon_meta']
[10.203s] Level 1:colcon.colcon_core.package_identification:_identify(src/absenc_interface) by extension 'colcon_meta'
[10.204s] Level 1:colcon.colcon_core.package_identification:_identify(src/absenc_interface) by extensions ['ros']
[10.204s] Level 1:colcon.colcon_core.package_identification:_identify(src/absenc_interface) by extension 'ros'
[10.208s] DEBUG:colcon.colcon_core.package_identification:Package 'src/absenc_interface' with type 'ros.ament_cmake' and name 'absenc_interface'
[10.208s] Level 1:colcon.colcon_core.package_identification:_identify(src/arm_controller) by extensions ['ignore', 'ignore_ament_install']
[10.208s] Level 1:colcon.colcon_core.package_identification:_identify(src/arm_controller) by extension 'ignore'
[10.208s] Level 1:colcon.colcon_core.package_identification:_identify(src/arm_controller) by extension 'ignore_ament_install'
[10.208s] Level 1:colcon.colcon_core.package_identification:_identify(src/arm_controller) by extensions ['colcon_pkg']
[10.208s] Level 1:colcon.colcon_core.package_identification:_identify(src/arm_controller) by extension 'colcon_pkg'
[10.209s] Level 1:colcon.colcon_core.package_identification:_identify(src/arm_controller) by extensions ['colcon_meta']
[10.209s] Level 1:colcon.colcon_core.package_identification:_identify(src/arm_controller) by extension 'colcon_meta'
[10.209s] Level 1:colcon.colcon_core.package_identification:_identify(src/arm_controller) by extensions ['ros']
[10.209s] Level 1:colcon.colcon_core.package_identification:_identify(src/arm_controller) by extension 'ros'
[10.209s] DEBUG:colcon.colcon_core.package_identification:Package 'src/arm_controller' with type 'ros.ament_cmake' and name 'arm_controller'
[10.210s] Level 1:colcon.colcon_core.package_identification:_identify(src/arm_ik) by extensions ['ignore', 'ignore_ament_install']
[10.210s] Level 1:colcon.colcon_core.package_identification:_identify(src/arm_ik) by extension 'ignore'
[10.210s] Level 1:colcon.colcon_core.package_identification:_identify(src/arm_ik) by extension 'ignore_ament_install'
[10.210s] Level 1:colcon.colcon_core.package_identification:_identify(src/arm_ik) by extensions ['colcon_pkg']
[10.210s] Level 1:colcon.colcon_core.package_identification:_identify(src/arm_ik) by extension 'colcon_pkg'
[10.210s] Level 1:colcon.colcon_core.package_identification:_identify(src/arm_ik) by extensions ['colcon_meta']
[10.210s] Level 1:colcon.colcon_core.package_identification:_identify(src/arm_ik) by extension 'colcon_meta'
[10.210s] Level 1:colcon.colcon_core.package_identification:_identify(src/arm_ik) by extensions ['ros']
[10.210s] Level 1:colcon.colcon_core.package_identification:_identify(src/arm_ik) by extension 'ros'
[10.211s] DEBUG:colcon.colcon_core.package_identification:Package 'src/arm_ik' with type 'ros.ament_python' and name 'arm_ik'
[10.211s] Level 1:colcon.colcon_core.package_identification:_identify(src/gps) by extensions ['ignore', 'ignore_ament_install']
[10.212s] Level 1:colcon.colcon_core.package_identification:_identify(src/gps) by extension 'ignore'
[10.212s] Level 1:colcon.colcon_core.package_identification:_identify(src/gps) ignored
[10.212s] Level 1:colcon.colcon_core.package_identification:_identify(src/sil) by extensions ['ignore', 'ignore_ament_install']
[10.212s] Level 1:colcon.colcon_core.package_identification:_identify(src/sil) by extension 'ignore'
[10.212s] Level 1:colcon.colcon_core.package_identification:_identify(src/sil) by extension 'ignore_ament_install'
[10.212s] Level 1:colcon.colcon_core.package_identification:_identify(src/sil) by extensions ['colcon_pkg']
[10.212s] Level 1:colcon.colcon_core.package_identification:_identify(src/sil) by extension 'colcon_pkg'
[10.212s] Level 1:colcon.colcon_core.package_identification:_identify(src/sil) by extensions ['colcon_meta']
[10.212s] Level 1:colcon.colcon_core.package_identification:_identify(src/sil) by extension 'colcon_meta'
[10.213s] Level 1:colcon.colcon_core.package_identification:_identify(src/sil) by extensions ['ros']
[10.213s] Level 1:colcon.colcon_core.package_identification:_identify(src/sil) by extension 'ros'
[10.215s] DEBUG:colcon.colcon_core.package_identification:Package 'src/sil' with type 'ros.ament_cmake' and name 'sil'
[10.215s] Level 1:colcon.colcon_core.package_identification:_identify(src/wheels_controller) by extensions ['ignore', 'ignore_ament_install']
[10.215s] Level 1:colcon.colcon_core.package_identification:_identify(src/wheels_controller) by extension 'ignore'
[10.216s] Level 1:colcon.colcon_core.package_identification:_identify(src/wheels_controller) by extension 'ignore_ament_install'
[10.216s] Level 1:colcon.colcon_core.package_identification:_identify(src/wheels_controller) by extensions ['colcon_pkg']
[10.216s] Level 1:colcon.colcon_core.package_identification:_identify(src/wheels_controller) by extension 'colcon_pkg'
[10.216s] Level 1:colcon.colcon_core.package_identification:_identify(src/wheels_controller) by extensions ['colcon_meta']
[10.216s] Level 1:colcon.colcon_core.package_identification:_identify(src/wheels_controller) by extension 'colcon_meta'
[10.216s] Level 1:colcon.colcon_core.package_identification:_identify(src/wheels_controller) by extensions ['ros']
[10.216s] Level 1:colcon.colcon_core.package_identification:_identify(src/wheels_controller) by extension 'ros'
[10.217s] DEBUG:colcon.colcon_core.package_identification:Package 'src/wheels_controller' with type 'ros.ament_cmake' and name 'wheels_controller'
[10.217s] Level 1:colcon.colcon_core.package_identification:_identify(util) by extensions ['ignore', 'ignore_ament_install']
[10.217s] Level 1:colcon.colcon_core.package_identification:_identify(util) by extension 'ignore'
[10.217s] Level 1:colcon.colcon_core.package_identification:_identify(util) ignored
[10.217s] Level 1:colcon.colcon_core.package_discovery:discover_packages(recursive) using defaults
[10.217s] Level 1:colcon.colcon_core.package_discovery:discover_packages(ignore) discover
[10.217s] Level 1:colcon.colcon_core.package_discovery:discover_packages(ignore) using defaults
[10.217s] Level 1:colcon.colcon_core.package_discovery:discover_packages(path) discover
[10.217s] Level 1:colcon.colcon_core.package_discovery:discover_packages(path) using defaults
[11.160s] Level 1:colcon.colcon_core.package_discovery:discover_packages(prefix_path) check parameters
[11.160s] Level 1:colcon.colcon_core.package_discovery:discover_packages(prefix_path) discover
[11.516s] DEBUG:colcon.colcon_installed_package_information.package_discovery:Found 5 installed packages in /home/nvidia/robotics-orin/install
[11.694s] DEBUG:colcon.colcon_installed_package_information.package_discovery:Found 319 installed packages in /opt/ros/humble
[11.696s] Level 1:colcon.colcon_core.package_discovery:discover_packages(prefix_path) using defaults
[12.225s] Level 5:colcon.colcon_core.verb:set package 'absenc_interface' build argument 'cmake_args' from command line to 'None'
[12.225s] Level 5:colcon.colcon_core.verb:set package 'absenc_interface' build argument 'cmake_target' from command line to 'None'
[12.225s] Level 5:colcon.colcon_core.verb:set package 'absenc_interface' build argument 'cmake_target_skip_unavailable' from command line to 'False'
[12.225s] Level 5:colcon.colcon_core.verb:set package 'absenc_interface' build argument 'cmake_clean_cache' from command line to 'False'
[12.225s] Level 5:colcon.colcon_core.verb:set package 'absenc_interface' build argument 'cmake_clean_first' from command line to 'False'
[12.225s] Level 5:colcon.colcon_core.verb:set package 'absenc_interface' build argument 'cmake_force_configure' from command line to 'False'
[12.225s] Level 5:colcon.colcon_core.verb:set package 'absenc_interface' build argument 'ament_cmake_args' from command line to 'None'
[12.225s] Level 5:colcon.colcon_core.verb:set package 'absenc_interface' build argument 'catkin_cmake_args' from command line to 'None'
[12.225s] Level 5:colcon.colcon_core.verb:set package 'absenc_interface' build argument 'catkin_skip_building_tests' from command line to 'False'
[12.225s] DEBUG:colcon.colcon_core.verb:Building package 'absenc_interface' with the following arguments: {'ament_cmake_args': None, 'build_base': '/home/nvidia/robotics-orin/build/absenc_interface', 'catkin_cmake_args': None, 'catkin_skip_building_tests': False, 'cmake_args': None, 'cmake_clean_cache': False, 'cmake_clean_first': False, 'cmake_force_configure': False, 'cmake_target': None, 'cmake_target_skip_unavailable': False, 'install_base': '/home/nvidia/robotics-orin/install/absenc_interface', 'merge_install': False, 'path': '/home/nvidia/robotics-orin/src/absenc_interface', 'symlink_install': False, 'test_result_base': None}
[12.403s] Level 5:colcon.colcon_core.verb:set package 'arm_controller' build argument 'cmake_args' from command line to 'None'
[12.403s] Level 5:colcon.colcon_core.verb:set package 'arm_controller' build argument 'cmake_target' from command line to 'None'
[12.403s] Level 5:colcon.colcon_core.verb:set package 'arm_controller' build argument 'cmake_target_skip_unavailable' from command line to 'False'
[12.403s] Level 5:colcon.colcon_core.verb:set package 'arm_controller' build argument 'cmake_clean_cache' from command line to 'False'
[12.403s] Level 5:colcon.colcon_core.verb:set package 'arm_controller' build argument 'cmake_clean_first' from command line to 'False'
[12.403s] Level 5:colcon.colcon_core.verb:set package 'arm_controller' build argument 'cmake_force_configure' from command line to 'False'
[12.403s] Level 5:colcon.colcon_core.verb:set package 'arm_controller' build argument 'ament_cmake_args' from command line to 'None'
[12.403s] Level 5:colcon.colcon_core.verb:set package 'arm_controller' build argument 'catkin_cmake_args' from command line to 'None'
[12.403s] Level 5:colcon.colcon_core.verb:set package 'arm_controller' build argument 'catkin_skip_building_tests' from command line to 'False'
[12.403s] DEBUG:colcon.colcon_core.verb:Building package 'arm_controller' with the following arguments: {'ament_cmake_args': None, 'build_base': '/home/nvidia/robotics-orin/build/arm_controller', 'catkin_cmake_args': None, 'catkin_skip_building_tests': False, 'cmake_args': None, 'cmake_clean_cache': False, 'cmake_clean_first': False, 'cmake_force_configure': False, 'cmake_target': None, 'cmake_target_skip_unavailable': False, 'install_base': '/home/nvidia/robotics-orin/install/arm_controller', 'merge_install': False, 'path': '/home/nvidia/robotics-orin/src/arm_controller', 'symlink_install': False, 'test_result_base': None}
[12.580s] Level 5:colcon.colcon_core.verb:set package 'arm_ik' build argument 'cmake_args' from command line to 'None'
[12.580s] Level 5:colcon.colcon_core.verb:set package 'arm_ik' build argument 'cmake_target' from command line to 'None'
[12.580s] Level 5:colcon.colcon_core.verb:set package 'arm_ik' build argument 'cmake_target_skip_unavailable' from command line to 'False'
[12.580s] Level 5:colcon.colcon_core.verb:set package 'arm_ik' build argument 'cmake_clean_cache' from command line to 'False'
[12.580s] Level 5:colcon.colcon_core.verb:set package 'arm_ik' build argument 'cmake_clean_first' from command line to 'False'
[12.580s] Level 5:colcon.colcon_core.verb:set package 'arm_ik' build argument 'cmake_force_configure' from command line to 'False'
[12.580s] Level 5:colcon.colcon_core.verb:set package 'arm_ik' build argument 'ament_cmake_args' from command line to 'None'
[12.580s] Level 5:colcon.colcon_core.verb:set package 'arm_ik' build argument 'catkin_cmake_args' from command line to 'None'
[12.580s] Level 5:colcon.colcon_core.verb:set package 'arm_ik' build argument 'catkin_skip_building_tests' from command line to 'False'
[12.580s] DEBUG:colcon.colcon_core.verb:Building package 'arm_ik' with the following arguments: {'ament_cmake_args': None, 'build_base': '/home/nvidia/robotics-orin/build/arm_ik', 'catkin_cmake_args': None, 'catkin_skip_building_tests': False, 'cmake_args': None, 'cmake_clean_cache': False, 'cmake_clean_first': False, 'cmake_force_configure': False, 'cmake_target': None, 'cmake_target_skip_unavailable': False, 'install_base': '/home/nvidia/robotics-orin/install/arm_ik', 'merge_install': False, 'path': '/home/nvidia/robotics-orin/src/arm_ik', 'symlink_install': False, 'test_result_base': None}
[12.757s] Level 5:colcon.colcon_core.verb:set package 'sil' build argument 'cmake_args' from command line to 'None'
[12.757s] Level 5:colcon.colcon_core.verb:set package 'sil' build argument 'cmake_target' from command line to 'None'
[12.757s] Level 5:colcon.colcon_core.verb:set package 'sil' build argument 'cmake_target_skip_unavailable' from command line to 'False'
[12.757s] Level 5:colcon.colcon_core.verb:set package 'sil' build argument 'cmake_clean_cache' from command line to 'False'
[12.757s] Level 5:colcon.colcon_core.verb:set package 'sil' build argument 'cmake_clean_first' from command line to 'False'
[12.757s] Level 5:colcon.colcon_core.verb:set package 'sil' build argument 'cmake_force_configure' from command line to 'False'
[12.757s] Level 5:colcon.colcon_core.verb:set package 'sil' build argument 'ament_cmake_args' from command line to 'None'
[12.757s] Level 5:colcon.colcon_core.verb:set package 'sil' build argument 'catkin_cmake_args' from command line to 'None'
[12.757s] Level 5:colcon.colcon_core.verb:set package 'sil' build argument 'catkin_skip_building_tests' from command line to 'False'
[12.757s] DEBUG:colcon.colcon_core.verb:Building package 'sil' with the following arguments: {'ament_cmake_args': None, 'build_base': '/home/nvidia/robotics-orin/build/sil', 'catkin_cmake_args': None, 'catkin_skip_building_tests': False, 'cmake_args': None, 'cmake_clean_cache': False, 'cmake_clean_first': False, 'cmake_force_configure': False, 'cmake_target': None, 'cmake_target_skip_unavailable': False, 'install_base': '/home/nvidia/robotics-orin/install/sil', 'merge_install': False, 'path': '/home/nvidia/robotics-orin/src/sil', 'symlink_install': False, 'test_result_base': None}
[12.934s] Level 5:colcon.colcon_core.verb:set package 'wheels_controller' build argument 'cmake_args' from command line to 'None'
[12.934s] Level 5:colcon.colcon_core.verb:set package 'wheels_controller' build argument 'cmake_target' from command line to 'None'
[12.934s] Level 5:colcon.colcon_core.verb:set package 'wheels_controller' build argument 'cmake_target_skip_unavailable' from command line to 'False'
[12.934s] Level 5:colcon.colcon_core.verb:set package 'wheels_controller' build argument 'cmake_clean_cache' from command line to 'False'
[12.934s] Level 5:colcon.colcon_core.verb:set package 'wheels_controller' build argument 'cmake_clean_first' from command line to 'False'
[12.934s] Level 5:colcon.colcon_core.verb:set package 'wheels_controller' build argument 'cmake_force_configure' from command line to 'False'
[12.934s] Level 5:colcon.colcon_core.verb:set package 'wheels_controller' build argument 'ament_cmake_args' from command line to 'None'
[12.934s] Level 5:colcon.colcon_core.verb:set package 'wheels_controller' build argument 'catkin_cmake_args' from command line to 'None'
[12.934s] Level 5:colcon.colcon_core.verb:set package 'wheels_controller' build argument 'catkin_skip_building_tests' from command line to 'False'
[12.934s] DEBUG:colcon.colcon_core.verb:Building package 'wheels_controller' with the following arguments: {'ament_cmake_args': None, 'build_base': '/home/nvidia/robotics-orin/build/wheels_controller', 'catkin_cmake_args': None, 'catkin_skip_building_tests': False, 'cmake_args': None, 'cmake_clean_cache': False, 'cmake_clean_first': False, 'cmake_force_configure': False, 'cmake_target': None, 'cmake_target_skip_unavailable': False, 'install_base': '/home/nvidia/robotics-orin/install/wheels_controller', 'merge_install': False, 'path': '/home/nvidia/robotics-orin/src/wheels_controller', 'symlink_install': False, 'test_result_base': None}
[13.110s] INFO:colcon.colcon_core.executor:Executing jobs using 'parallel' executor
[13.288s] DEBUG:colcon.colcon_parallel_executor.executor.parallel:run_until_complete
[13.288s] INFO:colcon.colcon_ros.task.ament_cmake.build:Building ROS package in '/home/nvidia/robotics-orin/src/absenc_interface' with build type 'ament_cmake'
[13.288s] INFO:colcon.colcon_cmake.task.cmake.build:Building CMake package in '/home/nvidia/robotics-orin/src/absenc_interface'
[13.472s] INFO:colcon.colcon_core.plugin_system:Skipping extension 'colcon_core.shell.bat': Not used on non-Windows systems
[13.473s] INFO:colcon.colcon_core.shell:Skip shell extension 'powershell' for command environment: Not usable outside of PowerShell
[13.473s] DEBUG:colcon.colcon_core.shell:Skip shell extension 'dsv' for command environment
[14.027s] INFO:colcon.colcon_ros.task.ament_cmake.build:Building ROS package in '/home/nvidia/robotics-orin/src/arm_controller' with build type 'ament_cmake'
[14.028s] INFO:colcon.colcon_cmake.task.cmake.build:Building CMake package in '/home/nvidia/robotics-orin/src/arm_controller'
[14.213s] INFO:colcon.colcon_core.shell:Skip shell extension 'powershell' for command environment: Not usable outside of PowerShell
[14.213s] DEBUG:colcon.colcon_core.shell:Skip shell extension 'dsv' for command environment
[14.767s] INFO:colcon.colcon_ros.task.ament_python.build:Building ROS package in '/home/nvidia/robotics-orin/src/arm_ik' with build type 'ament_python'
[14.767s] Level 1:colcon.colcon_core.shell:create_environment_hook('arm_ik', 'ament_prefix_path')
[14.952s] INFO:colcon.colcon_core.shell:Creating environment hook '/home/nvidia/robotics-orin/install/arm_ik/share/arm_ik/hook/ament_prefix_path.ps1'
[14.953s] INFO:colcon.colcon_core.shell:Creating environment descriptor '/home/nvidia/robotics-orin/install/arm_ik/share/arm_ik/hook/ament_prefix_path.dsv'
[14.954s] INFO:colcon.colcon_core.shell:Creating environment hook '/home/nvidia/robotics-orin/install/arm_ik/share/arm_ik/hook/ament_prefix_path.sh'
[15.135s] INFO:colcon.colcon_core.shell:Skip shell extension 'powershell' for command environment: Not usable outside of PowerShell
[15.135s] DEBUG:colcon.colcon_core.shell:Skip shell extension 'dsv' for command environment
[15.689s] INFO:colcon.colcon_ros.task.ament_cmake.build:Building ROS package in '/home/nvidia/robotics-orin/src/sil' with build type 'ament_cmake'
[15.690s] INFO:colcon.colcon_cmake.task.cmake.build:Building CMake package in '/home/nvidia/robotics-orin/src/sil'
[15.875s] INFO:colcon.colcon_core.shell:Skip shell extension 'powershell' for command environment: Not usable outside of PowerShell
[15.875s] DEBUG:colcon.colcon_core.shell:Skip shell extension 'dsv' for command environment
[16.435s] INFO:colcon.colcon_ros.task.ament_cmake.build:Building ROS package in '/home/nvidia/robotics-orin/src/wheels_controller' with build type 'ament_cmake'
[16.436s] INFO:colcon.colcon_cmake.task.cmake.build:Building CMake package in '/home/nvidia/robotics-orin/src/wheels_controller'
[16.627s] INFO:colcon.colcon_core.shell:Skip shell extension 'powershell' for command environment: Not usable outside of PowerShell
[16.627s] DEBUG:colcon.colcon_core.shell:Skip shell extension 'dsv' for command environment
[17.198s] DEBUG:colcon.colcon_core.event_handler.log_command:Invoking command in '/home/nvidia/robotics-orin/build/absenc_interface': CMAKE_PREFIX_PATH=${CMAKE_PREFIX_PATH}:/opt/ros/humble:/home/nvidia/robotics-orin/install/arm_ik CONDA_PROMPT_MODIFIER=(base) /usr/bin/cmake --build /home/nvidia/robotics-orin/build/absenc_interface -- -j6 -l6
[17.212s] DEBUG:colcon.colcon_core.event_handler.log_command:Invoking command in '/home/nvidia/robotics-orin/build/arm_controller': CMAKE_PREFIX_PATH=${CMAKE_PREFIX_PATH}:/opt/ros/humble:/home/nvidia/robotics-orin/install/arm_ik CONDA_PROMPT_MODIFIER=(base) /usr/bin/cmake --build /home/nvidia/robotics-orin/build/arm_controller -- -j6 -l6
[17.643s] INFO:colcon.colcon_core.task.python.build:Building Python package in '/home/nvidia/robotics-orin/src/arm_ik'
[17.828s] INFO:colcon.colcon_core.shell:Skip shell extension 'powershell' for command environment: Not usable outside of PowerShell
[17.828s] DEBUG:colcon.colcon_core.shell:Skip shell extension 'dsv' for command environment
[18.393s] DEBUG:colcon.colcon_core.event_handler.log_command:Invoking command in '/home/nvidia/robotics-orin/build/sil': CMAKE_PREFIX_PATH=${CMAKE_PREFIX_PATH}:/opt/ros/humble:/home/nvidia/robotics-orin/install/arm_ik CONDA_PROMPT_MODIFIER=(base) /usr/bin/cmake --build /home/nvidia/robotics-orin/build/sil -- -j6 -l6
[18.402s] DEBUG:colcon.colcon_core.event_handler.log_command:Invoking command in '/home/nvidia/robotics-orin/build/wheels_controller': CMAKE_PREFIX_PATH=${CMAKE_PREFIX_PATH}:/opt/ros/humble:/home/nvidia/robotics-orin/install/arm_ik CONDA_PROMPT_MODIFIER=(base) /usr/bin/cmake --build /home/nvidia/robotics-orin/build/wheels_controller -- -j6 -l6
[18.428s] DEBUG:colcon.colcon_core.event_handler.log_command:Invoked command in '/home/nvidia/robotics-orin/build/absenc_interface' returned '0': CMAKE_PREFIX_PATH=${CMAKE_PREFIX_PATH}:/opt/ros/humble:/home/nvidia/robotics-orin/install/arm_ik CONDA_PROMPT_MODIFIER=(base) /usr/bin/cmake --build /home/nvidia/robotics-orin/build/absenc_interface -- -j6 -l6
[18.430s] DEBUG:colcon.colcon_core.event_handler.log_command:Invoked command in '/home/nvidia/robotics-orin/build/arm_controller' returned '0': CMAKE_PREFIX_PATH=${CMAKE_PREFIX_PATH}:/opt/ros/humble:/home/nvidia/robotics-orin/install/arm_ik CONDA_PROMPT_MODIFIER=(base) /usr/bin/cmake --build /home/nvidia/robotics-orin/build/arm_controller -- -j6 -l6
[18.506s] DEBUG:colcon.colcon_core.event_handler.log_command:Invoking command in '/home/nvidia/robotics-orin/build/arm_controller': CMAKE_PREFIX_PATH=${CMAKE_PREFIX_PATH}:/opt/ros/humble:/home/nvidia/robotics-orin/install/arm_ik CONDA_PROMPT_MODIFIER=(base) /usr/bin/cmake --install /home/nvidia/robotics-orin/build/arm_controller
[18.521s] DEBUG:colcon.colcon_core.event_handler.log_command:Invoking command in '/home/nvidia/robotics-orin/build/absenc_interface': CMAKE_PREFIX_PATH=${CMAKE_PREFIX_PATH}:/opt/ros/humble:/home/nvidia/robotics-orin/install/arm_ik CONDA_PROMPT_MODIFIER=(base) /usr/bin/cmake --install /home/nvidia/robotics-orin/build/absenc_interface
[18.538s] DEBUG:colcon.colcon_core.event_handler.log_command:Invoked command in '/home/nvidia/robotics-orin/build/sil' returned '0': CMAKE_PREFIX_PATH=${CMAKE_PREFIX_PATH}:/opt/ros/humble:/home/nvidia/robotics-orin/install/arm_ik CONDA_PROMPT_MODIFIER=(base) /usr/bin/cmake --build /home/nvidia/robotics-orin/build/sil -- -j6 -l6
[18.555s] DEBUG:colcon.colcon_core.event_handler.log_command:Invoked command in '/home/nvidia/robotics-orin/build/wheels_controller' returned '0': CMAKE_PREFIX_PATH=${CMAKE_PREFIX_PATH}:/opt/ros/humble:/home/nvidia/robotics-orin/install/arm_ik CONDA_PROMPT_MODIFIER=(base) /usr/bin/cmake --build /home/nvidia/robotics-orin/build/wheels_controller -- -j6 -l6
[18.567s] Level 1:colcon.colcon_core.environment:create_environment_scripts_only(arm_controller)
[18.568s] DEBUG:colcon.colcon_core.event_handler.log_command:Invoked command in '/home/nvidia/robotics-orin/build/arm_controller' returned '0': CMAKE_PREFIX_PATH=${CMAKE_PREFIX_PATH}:/opt/ros/humble:/home/nvidia/robotics-orin/install/arm_ik CONDA_PROMPT_MODIFIER=(base) /usr/bin/cmake --install /home/nvidia/robotics-orin/build/arm_controller
[18.775s] Level 1:colcon.colcon_core.environment:checking '/home/nvidia/robotics-orin/install/arm_controller' for CMake module files
[18.776s] Level 1:colcon.colcon_core.environment:checking '/home/nvidia/robotics-orin/install/arm_controller' for CMake config files
[18.777s] Level 1:colcon.colcon_core.shell:create_environment_hook('arm_controller', 'cmake_prefix_path')
[18.960s] INFO:colcon.colcon_core.shell:Creating environment hook '/home/nvidia/robotics-orin/install/arm_controller/share/arm_controller/hook/cmake_prefix_path.ps1'
[18.961s] INFO:colcon.colcon_core.shell:Creating environment descriptor '/home/nvidia/robotics-orin/install/arm_controller/share/arm_controller/hook/cmake_prefix_path.dsv'
[18.962s] INFO:colcon.colcon_core.shell:Creating environment hook '/home/nvidia/robotics-orin/install/arm_controller/share/arm_controller/hook/cmake_prefix_path.sh'
[18.963s] Level 1:colcon.colcon_core.environment:checking '/home/nvidia/robotics-orin/install/arm_controller/lib'
[18.963s] Level 1:colcon.colcon_core.environment:checking '/home/nvidia/robotics-orin/install/arm_controller/bin'
[18.964s] Level 1:colcon.colcon_core.environment:checking '/home/nvidia/robotics-orin/install/arm_controller/lib/pkgconfig/arm_controller.pc'
[18.964s] Level 1:colcon.colcon_core.environment:checking '/home/nvidia/robotics-orin/install/arm_controller/lib/python3.8/site-packages'
[18.964s] Level 1:colcon.colcon_core.environment:checking '/home/nvidia/robotics-orin/install/arm_controller/bin'
[19.147s] INFO:colcon.colcon_core.shell:Creating package script '/home/nvidia/robotics-orin/install/arm_controller/share/arm_controller/package.ps1'
[19.149s] INFO:colcon.colcon_core.shell:Creating package descriptor '/home/nvidia/robotics-orin/install/arm_controller/share/arm_controller/package.dsv'
[19.150s] INFO:colcon.colcon_core.shell:Creating package script '/home/nvidia/robotics-orin/install/arm_controller/share/arm_controller/package.sh'
[19.151s] INFO:colcon.colcon_core.shell:Creating package script '/home/nvidia/robotics-orin/install/arm_controller/share/arm_controller/package.bash'
[19.152s] INFO:colcon.colcon_core.shell:Creating package script '/home/nvidia/robotics-orin/install/arm_controller/share/arm_controller/package.zsh'
[19.153s] Level 1:colcon.colcon_core.environment:create_file_with_runtime_dependencies(/home/nvidia/robotics-orin/install/arm_controller/share/colcon-core/packages/arm_controller)
[19.165s] Level 1:colcon.colcon_core.environment:create_environment_scripts_only(absenc_interface)
[19.166s] DEBUG:colcon.colcon_core.event_handler.log_command:Invoked command in '/home/nvidia/robotics-orin/build/absenc_interface' returned '0': CMAKE_PREFIX_PATH=${CMAKE_PREFIX_PATH}:/opt/ros/humble:/home/nvidia/robotics-orin/install/arm_ik CONDA_PROMPT_MODIFIER=(base) /usr/bin/cmake --install /home/nvidia/robotics-orin/build/absenc_interface
[19.351s] Level 1:colcon.colcon_core.environment:checking '/home/nvidia/robotics-orin/install/absenc_interface' for CMake module files
[19.352s] Level 1:colcon.colcon_core.environment:checking '/home/nvidia/robotics-orin/install/absenc_interface' for CMake config files
[19.353s] Level 1:colcon.colcon_core.shell:create_environment_hook('absenc_interface', 'cmake_prefix_path')
[19.534s] INFO:colcon.colcon_core.shell:Creating environment hook '/home/nvidia/robotics-orin/install/absenc_interface/share/absenc_interface/hook/cmake_prefix_path.ps1'
[19.535s] INFO:colcon.colcon_core.shell:Creating environment descriptor '/home/nvidia/robotics-orin/install/absenc_interface/share/absenc_interface/hook/cmake_prefix_path.dsv'
[19.536s] INFO:colcon.colcon_core.shell:Creating environment hook '/home/nvidia/robotics-orin/install/absenc_interface/share/absenc_interface/hook/cmake_prefix_path.sh'
[19.537s] Level 1:colcon.colcon_core.environment:checking '/home/nvidia/robotics-orin/install/absenc_interface/lib'
[19.537s] Level 1:colcon.colcon_core.shell:create_environment_hook('absenc_interface', 'ld_library_path_lib')
[19.718s] INFO:colcon.colcon_core.shell:Creating environment hook '/home/nvidia/robotics-orin/install/absenc_interface/share/absenc_interface/hook/ld_library_path_lib.ps1'
[19.719s] INFO:colcon.colcon_core.shell:Creating environment descriptor '/home/nvidia/robotics-orin/install/absenc_interface/share/absenc_interface/hook/ld_library_path_lib.dsv'
[19.720s] INFO:colcon.colcon_core.shell:Creating environment hook '/home/nvidia/robotics-orin/install/absenc_interface/share/absenc_interface/hook/ld_library_path_lib.sh'
[19.720s] Level 1:colcon.colcon_core.environment:checking '/home/nvidia/robotics-orin/install/absenc_interface/bin'
[19.721s] Level 1:colcon.colcon_core.environment:checking '/home/nvidia/robotics-orin/install/absenc_interface/lib/pkgconfig/absenc_interface.pc'
[19.721s] Level 1:colcon.colcon_core.environment:checking '/home/nvidia/robotics-orin/install/absenc_interface/lib/python3.8/site-packages'
[19.721s] Level 1:colcon.colcon_core.environment:checking '/home/nvidia/robotics-orin/install/absenc_interface/bin'
[19.903s] INFO:colcon.colcon_core.shell:Creating package script '/home/nvidia/robotics-orin/install/absenc_interface/share/absenc_interface/package.ps1'
[19.904s] INFO:colcon.colcon_core.shell:Creating package descriptor '/home/nvidia/robotics-orin/install/absenc_interface/share/absenc_interface/package.dsv'
[19.905s] INFO:colcon.colcon_core.shell:Creating package script '/home/nvidia/robotics-orin/install/absenc_interface/share/absenc_interface/package.sh'
[19.905s] INFO:colcon.colcon_core.shell:Creating package script '/home/nvidia/robotics-orin/install/absenc_interface/share/absenc_interface/package.bash'
[19.906s] INFO:colcon.colcon_core.shell:Creating package script '/home/nvidia/robotics-orin/install/absenc_interface/share/absenc_interface/package.zsh'
[19.906s] Level 1:colcon.colcon_core.environment:create_file_with_runtime_dependencies(/home/nvidia/robotics-orin/install/absenc_interface/share/colcon-core/packages/absenc_interface)
[19.921s] DEBUG:colcon.colcon_core.event_handler.log_command:Invoking command in '/home/nvidia/robotics-orin/build/sil': CMAKE_PREFIX_PATH=${CMAKE_PREFIX_PATH}:/opt/ros/humble:/home/nvidia/robotics-orin/install/arm_ik CONDA_PROMPT_MODIFIER=(base) /usr/bin/cmake --install /home/nvidia/robotics-orin/build/sil
[19.929s] DEBUG:colcon.colcon_core.event_handler.log_command:Invoking command in '/home/nvidia/robotics-orin/build/wheels_controller': CMAKE_PREFIX_PATH=${CMAKE_PREFIX_PATH}:/opt/ros/humble:/home/nvidia/robotics-orin/install/arm_ik CONDA_PROMPT_MODIFIER=(base) /usr/bin/cmake --install /home/nvidia/robotics-orin/build/wheels_controller
[19.941s] DEBUG:colcon.colcon_core.event_handler.log_command:Invoking command in '/home/nvidia/robotics-orin/src/arm_ik': CONDA_PROMPT_MODIFIER=(base) PYTHONPATH=/home/nvidia/robotics-orin/build/arm_ik/prefix_override:/home/nvidia/robotics-orin/install/arm_ik/lib/python3.8/site-packages:${PYTHONPATH} /usr/bin/python3 setup.py egg_info --egg-base ../../build/arm_ik build --build-base /home/nvidia/robotics-orin/build/arm_ik/build install --record /home/nvidia/robotics-orin/build/arm_ik/install.log --single-version-externally-managed
[20.158s] Level 1:colcon.colcon_core.environment:create_environment_scripts_only(arm_controller)
[20.347s] Level 1:colcon.colcon_core.environment:checking '/home/nvidia/robotics-orin/install/arm_controller' for CMake module files
[20.348s] Level 1:colcon.colcon_core.environment:checking '/home/nvidia/robotics-orin/install/arm_controller' for CMake config files
[20.349s] Level 1:colcon.colcon_core.shell:create_environment_hook('arm_controller', 'cmake_prefix_path')
[20.531s] INFO:colcon.colcon_core.shell:Creating environment hook '/home/nvidia/robotics-orin/install/arm_controller/share/arm_controller/hook/cmake_prefix_path.ps1'
[20.533s] INFO:colcon.colcon_core.shell:Creating environment descriptor '/home/nvidia/robotics-orin/install/arm_controller/share/arm_controller/hook/cmake_prefix_path.dsv'
[20.533s] INFO:colcon.colcon_core.shell:Creating environment hook '/home/nvidia/robotics-orin/install/arm_controller/share/arm_controller/hook/cmake_prefix_path.sh'
[20.534s] Level 1:colcon.colcon_core.environment:checking '/home/nvidia/robotics-orin/install/arm_controller/lib'
[20.534s] Level 1:colcon.colcon_core.environment:checking '/home/nvidia/robotics-orin/install/arm_controller/bin'
[20.534s] Level 1:colcon.colcon_core.environment:checking '/home/nvidia/robotics-orin/install/arm_controller/lib/pkgconfig/arm_controller.pc'
[20.535s] Level 1:colcon.colcon_core.environment:checking '/home/nvidia/robotics-orin/install/arm_controller/lib/python3.8/site-packages'
[20.535s] Level 1:colcon.colcon_core.environment:checking '/home/nvidia/robotics-orin/install/arm_controller/bin'
[20.718s] INFO:colcon.colcon_core.shell:Creating package script '/home/nvidia/robotics-orin/install/arm_controller/share/arm_controller/package.ps1'
[20.719s] INFO:colcon.colcon_core.shell:Creating package descriptor '/home/nvidia/robotics-orin/install/arm_controller/share/arm_controller/package.dsv'
[20.720s] INFO:colcon.colcon_core.shell:Creating package script '/home/nvidia/robotics-orin/install/arm_controller/share/arm_controller/package.sh'
[20.721s] INFO:colcon.colcon_core.shell:Creating package script '/home/nvidia/robotics-orin/install/arm_controller/share/arm_controller/package.bash'
[20.721s] INFO:colcon.colcon_core.shell:Creating package script '/home/nvidia/robotics-orin/install/arm_controller/share/arm_controller/package.zsh'
[20.722s] Level 1:colcon.colcon_core.environment:create_file_with_runtime_dependencies(/home/nvidia/robotics-orin/install/arm_controller/share/colcon-core/packages/arm_controller)
[20.727s] Level 1:colcon.colcon_core.environment:create_environment_scripts_only(wheels_controller)
[20.730s] DEBUG:colcon.colcon_core.event_handler.log_command:Invoked command in '/home/nvidia/robotics-orin/build/wheels_controller' returned '0': CMAKE_PREFIX_PATH=${CMAKE_PREFIX_PATH}:/opt/ros/humble:/home/nvidia/robotics-orin/install/arm_ik CONDA_PROMPT_MODIFIER=(base) /usr/bin/cmake --install /home/nvidia/robotics-orin/build/wheels_controller
[20.915s] Level 1:colcon.colcon_core.environment:checking '/home/nvidia/robotics-orin/install/wheels_controller' for CMake module files
[20.915s] Level 1:colcon.colcon_core.environment:checking '/home/nvidia/robotics-orin/install/wheels_controller' for CMake config files
[20.916s] Level 1:colcon.colcon_core.shell:create_environment_hook('wheels_controller', 'cmake_prefix_path')
[21.100s] INFO:colcon.colcon_core.shell:Creating environment hook '/home/nvidia/robotics-orin/install/wheels_controller/share/wheels_controller/hook/cmake_prefix_path.ps1'
[21.101s] INFO:colcon.colcon_core.shell:Creating environment descriptor '/home/nvidia/robotics-orin/install/wheels_controller/share/wheels_controller/hook/cmake_prefix_path.dsv'
[21.102s] INFO:colcon.colcon_core.shell:Creating environment hook '/home/nvidia/robotics-orin/install/wheels_controller/share/wheels_controller/hook/cmake_prefix_path.sh'
[21.102s] Level 1:colcon.colcon_core.environment:checking '/home/nvidia/robotics-orin/install/wheels_controller/lib'
[21.103s] Level 1:colcon.colcon_core.environment:checking '/home/nvidia/robotics-orin/install/wheels_controller/bin'
[21.103s] Level 1:colcon.colcon_core.environment:checking '/home/nvidia/robotics-orin/install/wheels_controller/lib/pkgconfig/wheels_controller.pc'
[21.103s] Level 1:colcon.colcon_core.environment:checking '/home/nvidia/robotics-orin/install/wheels_controller/lib/python3.8/site-packages'
[21.103s] Level 1:colcon.colcon_core.environment:checking '/home/nvidia/robotics-orin/install/wheels_controller/bin'
[21.288s] INFO:colcon.colcon_core.shell:Creating package script '/home/nvidia/robotics-orin/install/wheels_controller/share/wheels_controller/package.ps1'
[21.289s] INFO:colcon.colcon_core.shell:Creating package descriptor '/home/nvidia/robotics-orin/install/wheels_controller/share/wheels_controller/package.dsv'
[21.290s] INFO:colcon.colcon_core.shell:Creating package script '/home/nvidia/robotics-orin/install/wheels_controller/share/wheels_controller/package.sh'
[21.290s] INFO:colcon.colcon_core.shell:Creating package script '/home/nvidia/robotics-orin/install/wheels_controller/share/wheels_controller/package.bash'
[21.291s] INFO:colcon.colcon_core.shell:Creating package script '/home/nvidia/robotics-orin/install/wheels_controller/share/wheels_controller/package.zsh'
[21.291s] Level 1:colcon.colcon_core.environment:create_file_with_runtime_dependencies(/home/nvidia/robotics-orin/install/wheels_controller/share/colcon-core/packages/wheels_controller)
[21.299s] Level 1:colcon.colcon_core.environment:create_environment_scripts_only(sil)
[21.302s] DEBUG:colcon.colcon_core.event_handler.log_command:Invoked command in '/home/nvidia/robotics-orin/build/sil' returned '0': CMAKE_PREFIX_PATH=${CMAKE_PREFIX_PATH}:/opt/ros/humble:/home/nvidia/robotics-orin/install/arm_ik CONDA_PROMPT_MODIFIER=(base) /usr/bin/cmake --install /home/nvidia/robotics-orin/build/sil
[21.490s] Level 1:colcon.colcon_core.environment:checking '/home/nvidia/robotics-orin/install/sil' for CMake module files
[21.491s] Level 1:colcon.colcon_core.environment:checking '/home/nvidia/robotics-orin/install/sil' for CMake config files
[21.492s] Level 1:colcon.colcon_core.shell:create_environment_hook('sil', 'cmake_prefix_path')
[21.676s] INFO:colcon.colcon_core.shell:Creating environment hook '/home/nvidia/robotics-orin/install/sil/share/sil/hook/cmake_prefix_path.ps1'
[21.677s] INFO:colcon.colcon_core.shell:Creating environment descriptor '/home/nvidia/robotics-orin/install/sil/share/sil/hook/cmake_prefix_path.dsv'
[21.678s] INFO:colcon.colcon_core.shell:Creating environment hook '/home/nvidia/robotics-orin/install/sil/share/sil/hook/cmake_prefix_path.sh'
[21.679s] Level 1:colcon.colcon_core.environment:checking '/home/nvidia/robotics-orin/install/sil/lib'
[21.679s] Level 1:colcon.colcon_core.environment:checking '/home/nvidia/robotics-orin/install/sil/bin'
[21.679s] Level 1:colcon.colcon_core.environment:checking '/home/nvidia/robotics-orin/install/sil/lib/pkgconfig/sil.pc'
[21.680s] Level 1:colcon.colcon_core.environment:checking '/home/nvidia/robotics-orin/install/sil/lib/python3.8/site-packages'
[21.680s] Level 1:colcon.colcon_core.environment:checking '/home/nvidia/robotics-orin/install/sil/bin'
[21.863s] INFO:colcon.colcon_core.shell:Creating package script '/home/nvidia/robotics-orin/install/sil/share/sil/package.ps1'
[21.864s] INFO:colcon.colcon_core.shell:Creating package descriptor '/home/nvidia/robotics-orin/install/sil/share/sil/package.dsv'
[21.865s] INFO:colcon.colcon_core.shell:Creating package script '/home/nvidia/robotics-orin/install/sil/share/sil/package.sh'
[21.866s] INFO:colcon.colcon_core.shell:Creating package script '/home/nvidia/robotics-orin/install/sil/share/sil/package.bash'
[21.866s] INFO:colcon.colcon_core.shell:Creating package script '/home/nvidia/robotics-orin/install/sil/share/sil/package.zsh'
[21.867s] Level 1:colcon.colcon_core.environment:create_file_with_runtime_dependencies(/home/nvidia/robotics-orin/install/sil/share/colcon-core/packages/sil)
[22.062s] Level 1:colcon.colcon_core.environment:create_environment_scripts_only(absenc_interface)
[22.245s] Level 1:colcon.colcon_core.environment:checking '/home/nvidia/robotics-orin/install/absenc_interface' for CMake module files
[22.246s] Level 1:colcon.colcon_core.environment:checking '/home/nvidia/robotics-orin/install/absenc_interface' for CMake config files
[22.247s] Level 1:colcon.colcon_core.shell:create_environment_hook('absenc_interface', 'cmake_prefix_path')
[22.430s] INFO:colcon.colcon_core.shell:Creating environment hook '/home/nvidia/robotics-orin/install/absenc_interface/share/absenc_interface/hook/cmake_prefix_path.ps1'
[22.431s] INFO:colcon.colcon_core.shell:Creating environment descriptor '/home/nvidia/robotics-orin/install/absenc_interface/share/absenc_interface/hook/cmake_prefix_path.dsv'
[22.432s] INFO:colcon.colcon_core.shell:Creating environment hook '/home/nvidia/robotics-orin/install/absenc_interface/share/absenc_interface/hook/cmake_prefix_path.sh'
[22.433s] Level 1:colcon.colcon_core.environment:checking '/home/nvidia/robotics-orin/install/absenc_interface/lib'
[22.433s] Level 1:colcon.colcon_core.shell:create_environment_hook('absenc_interface', 'ld_library_path_lib')
[22.616s] INFO:colcon.colcon_core.shell:Creating environment hook '/home/nvidia/robotics-orin/install/absenc_interface/share/absenc_interface/hook/ld_library_path_lib.ps1'
[22.617s] INFO:colcon.colcon_core.shell:Creating environment descriptor '/home/nvidia/robotics-orin/install/absenc_interface/share/absenc_interface/hook/ld_library_path_lib.dsv'
[22.617s] INFO:colcon.colcon_core.shell:Creating environment hook '/home/nvidia/robotics-orin/install/absenc_interface/share/absenc_interface/hook/ld_library_path_lib.sh'
[22.618s] Level 1:colcon.colcon_core.environment:checking '/home/nvidia/robotics-orin/install/absenc_interface/bin'
[22.618s] Level 1:colcon.colcon_core.environment:checking '/home/nvidia/robotics-orin/install/absenc_interface/lib/pkgconfig/absenc_interface.pc'
[22.618s] Level 1:colcon.colcon_core.environment:checking '/home/nvidia/robotics-orin/install/absenc_interface/lib/python3.8/site-packages'
[22.619s] Level 1:colcon.colcon_core.environment:checking '/home/nvidia/robotics-orin/install/absenc_interface/bin'
[22.801s] INFO:colcon.colcon_core.shell:Creating package script '/home/nvidia/robotics-orin/install/absenc_interface/share/absenc_interface/package.ps1'
[22.802s] INFO:colcon.colcon_core.shell:Creating package descriptor '/home/nvidia/robotics-orin/install/absenc_interface/share/absenc_interface/package.dsv'
[22.803s] INFO:colcon.colcon_core.shell:Creating package script '/home/nvidia/robotics-orin/install/absenc_interface/share/absenc_interface/package.sh'
[22.804s] INFO:colcon.colcon_core.shell:Creating package script '/home/nvidia/robotics-orin/install/absenc_interface/share/absenc_interface/package.bash'
[22.804s] INFO:colcon.colcon_core.shell:Creating package script '/home/nvidia/robotics-orin/install/absenc_interface/share/absenc_interface/package.zsh'
[22.805s] Level 1:colcon.colcon_core.environment:create_file_with_runtime_dependencies(/home/nvidia/robotics-orin/install/absenc_interface/share/colcon-core/packages/absenc_interface)
[22.808s] DEBUG:colcon.colcon_core.event_handler.log_command:Invoked command in '/home/nvidia/robotics-orin/src/arm_ik' returned '0': CONDA_PROMPT_MODIFIER=(base) PYTHONPATH=/home/nvidia/robotics-orin/build/arm_ik/prefix_override:/home/nvidia/robotics-orin/install/arm_ik/lib/python3.8/site-packages:${PYTHONPATH} /usr/bin/python3 setup.py egg_info --egg-base ../../build/arm_ik build --build-base /home/nvidia/robotics-orin/build/arm_ik/build install --record /home/nvidia/robotics-orin/build/arm_ik/install.log --single-version-externally-managed
[22.990s] Level 1:colcon.colcon_core.environment:checking '/home/nvidia/robotics-orin/install/arm_ik' for CMake module files
[22.991s] Level 1:colcon.colcon_core.environment:checking '/home/nvidia/robotics-orin/install/arm_ik' for CMake config files
[22.992s] Level 1:colcon.colcon_core.environment:checking '/home/nvidia/robotics-orin/install/arm_ik/lib'
[22.992s] Level 1:colcon.colcon_core.environment:checking '/home/nvidia/robotics-orin/install/arm_ik/bin'
[22.992s] Level 1:colcon.colcon_core.environment:checking '/home/nvidia/robotics-orin/install/arm_ik/lib/pkgconfig/arm_ik.pc'
[22.993s] Level 1:colcon.colcon_core.environment:checking '/home/nvidia/robotics-orin/install/arm_ik/lib/python3.8/site-packages'
[22.993s] Level 1:colcon.colcon_core.shell:create_environment_hook('arm_ik', 'pythonpath')
[23.175s] INFO:colcon.colcon_core.shell:Creating environment hook '/home/nvidia/robotics-orin/install/arm_ik/share/arm_ik/hook/pythonpath.ps1'
[23.176s] INFO:colcon.colcon_core.shell:Creating environment descriptor '/home/nvidia/robotics-orin/install/arm_ik/share/arm_ik/hook/pythonpath.dsv'
[23.177s] INFO:colcon.colcon_core.shell:Creating environment hook '/home/nvidia/robotics-orin/install/arm_ik/share/arm_ik/hook/pythonpath.sh'
[23.177s] Level 1:colcon.colcon_core.environment:checking '/home/nvidia/robotics-orin/install/arm_ik/bin'
[23.177s] Level 1:colcon.colcon_core.environment:create_environment_scripts_only(arm_ik)
[23.360s] INFO:colcon.colcon_core.shell:Creating package script '/home/nvidia/robotics-orin/install/arm_ik/share/arm_ik/package.ps1'
[23.361s] INFO:colcon.colcon_core.shell:Creating package descriptor '/home/nvidia/robotics-orin/install/arm_ik/share/arm_ik/package.dsv'
[23.362s] INFO:colcon.colcon_core.shell:Creating package script '/home/nvidia/robotics-orin/install/arm_ik/share/arm_ik/package.sh'
[23.363s] INFO:colcon.colcon_core.shell:Creating package script '/home/nvidia/robotics-orin/install/arm_ik/share/arm_ik/package.bash'
[23.363s] INFO:colcon.colcon_core.shell:Creating package script '/home/nvidia/robotics-orin/install/arm_ik/share/arm_ik/package.zsh'
[23.364s] Level 1:colcon.colcon_core.environment:create_file_with_runtime_dependencies(/home/nvidia/robotics-orin/install/arm_ik/share/colcon-core/packages/arm_ik)
[23.550s] Level 1:colcon.colcon_core.environment:create_environment_scripts_only(wheels_controller)
[23.733s] Level 1:colcon.colcon_core.environment:checking '/home/nvidia/robotics-orin/install/wheels_controller' for CMake module files
[23.734s] Level 1:colcon.colcon_core.environment:checking '/home/nvidia/robotics-orin/install/wheels_controller' for CMake config files
[23.735s] Level 1:colcon.colcon_core.shell:create_environment_hook('wheels_controller', 'cmake_prefix_path')
[23.916s] INFO:colcon.colcon_core.shell:Creating environment hook '/home/nvidia/robotics-orin/install/wheels_controller/share/wheels_controller/hook/cmake_prefix_path.ps1'
[23.917s] INFO:colcon.colcon_core.shell:Creating environment descriptor '/home/nvidia/robotics-orin/install/wheels_controller/share/wheels_controller/hook/cmake_prefix_path.dsv'
[23.918s] INFO:colcon.colcon_core.shell:Creating environment hook '/home/nvidia/robotics-orin/install/wheels_controller/share/wheels_controller/hook/cmake_prefix_path.sh'
[23.918s] Level 1:colcon.colcon_core.environment:checking '/home/nvidia/robotics-orin/install/wheels_controller/lib'
[23.919s] Level 1:colcon.colcon_core.environment:checking '/home/nvidia/robotics-orin/install/wheels_controller/bin'
[23.919s] Level 1:colcon.colcon_core.environment:checking '/home/nvidia/robotics-orin/install/wheels_controller/lib/pkgconfig/wheels_controller.pc'
[23.919s] Level 1:colcon.colcon_core.environment:checking '/home/nvidia/robotics-orin/install/wheels_controller/lib/python3.8/site-packages'
[23.919s] Level 1:colcon.colcon_core.environment:checking '/home/nvidia/robotics-orin/install/wheels_controller/bin'
[24.102s] INFO:colcon.colcon_core.shell:Creating package script '/home/nvidia/robotics-orin/install/wheels_controller/share/wheels_controller/package.ps1'
[24.103s] INFO:colcon.colcon_core.shell:Creating package descriptor '/home/nvidia/robotics-orin/install/wheels_controller/share/wheels_controller/package.dsv'
[24.104s] INFO:colcon.colcon_core.shell:Creating package script '/home/nvidia/robotics-orin/install/wheels_controller/share/wheels_controller/package.sh'
[24.105s] INFO:colcon.colcon_core.shell:Creating package script '/home/nvidia/robotics-orin/install/wheels_controller/share/wheels_controller/package.bash'
[24.105s] INFO:colcon.colcon_core.shell:Creating package script '/home/nvidia/robotics-orin/install/wheels_controller/share/wheels_controller/package.zsh'
[24.106s] Level 1:colcon.colcon_core.environment:create_file_with_runtime_dependencies(/home/nvidia/robotics-orin/install/wheels_controller/share/colcon-core/packages/wheels_controller)
[24.289s] Level 1:colcon.colcon_core.environment:create_environment_scripts_only(sil)
[24.471s] Level 1:colcon.colcon_core.environment:checking '/home/nvidia/robotics-orin/install/sil' for CMake module files
[24.472s] Level 1:colcon.colcon_core.environment:checking '/home/nvidia/robotics-orin/install/sil' for CMake config files
[24.473s] Level 1:colcon.colcon_core.shell:create_environment_hook('sil', 'cmake_prefix_path')
[24.637s] DEBUG:colcon.colcon_parallel_executor.executor.parallel:run_until_complete was interrupted
[24.638s] DEBUG:colcon.colcon_parallel_executor.executor.parallel:run_until_complete again
[24.638s] DEBUG:colcon.colcon_parallel_executor.executor.parallel:run_until_complete finished
[24.639s] DEBUG:colcon.colcon_parallel_executor.executor.parallel:closing loop
[24.639s] DEBUG:colcon.colcon_parallel_executor.executor.parallel:loop closed
[24.639s] DEBUG:colcon.colcon_core.event_reactor:joining thread
[24.830s] INFO:colcon.colcon_core.plugin_system:Skipping extension 'colcon_notification.desktop_notification.terminal_notifier': Not used on non-Darwin systems
[24.830s] INFO:colcon.colcon_core.plugin_system:Skipping extension 'colcon_notification.desktop_notification.win32': Not used on non-Windows systems
[24.830s] INFO:colcon.colcon_notification.desktop_notification:Sending desktop notification using 'notify2'
[24.878s] DEBUG:colcon.colcon_core.event_reactor:joined thread
[25.093s] INFO:colcon.colcon_core.shell:Creating prefix script '/home/nvidia/robotics-orin/install/local_setup.ps1'
[25.094s] INFO:colcon.colcon_core.shell:Creating prefix util module '/home/nvidia/robotics-orin/install/_local_setup_util_ps1.py'
[25.096s] INFO:colcon.colcon_core.shell:Creating prefix chain script '/home/nvidia/robotics-orin/install/setup.ps1'
[25.278s] INFO:colcon.colcon_core.shell:Creating prefix script '/home/nvidia/robotics-orin/install/local_setup.sh'
[25.279s] INFO:colcon.colcon_core.shell:Creating prefix util module '/home/nvidia/robotics-orin/install/_local_setup_util_sh.py'
[25.280s] INFO:colcon.colcon_core.shell:Creating prefix chain script '/home/nvidia/robotics-orin/install/setup.sh'
[25.475s] INFO:colcon.colcon_core.shell:Creating prefix script '/home/nvidia/robotics-orin/install/local_setup.bash'
[25.476s] INFO:colcon.colcon_core.shell:Creating prefix chain script '/home/nvidia/robotics-orin/install/setup.bash'
[25.662s] INFO:colcon.colcon_core.shell:Creating prefix script '/home/nvidia/robotics-orin/install/local_setup.zsh'
[25.663s] INFO:colcon.colcon_core.shell:Creating prefix chain script '/home/nvidia/robotics-orin/install/setup.zsh'
