[  3%] [34m[1mGenerating C code for ROS interfaces[0m
[35m[1mScanning dependencies of target ament_cmake_python_copy_arm_controller[0m
[35m[1mScanning dependencies of target arm_controller__cpp[0m
[  6%] [34m[1mGenerating C++ code for ROS interfaces[0m
[  6%] Built target ament_cmake_python_copy_arm_controller
[35m[1mScanning dependencies of target ament_cmake_python_build_arm_controller_egg[0m
[  6%] Built target arm_controller__cpp
[  9%] [34m[1mGenerating C++ type support dispatch for ROS interfaces[0m
[ 12%] [34m[1mGenerating C++ introspection for ROS interfaces[0m
[35m[1mScanning dependencies of target arm_controller__rosidl_generator_c[0m
[ 15%] [34m[1mGenerating C++ type support for eProsima Fast-RTPS[0m
[ 18%] [32mBuilding C object CMakeFiles/arm_controller__rosidl_generator_c.dir/rosidl_generator_c/arm_controller/msg/detail/arm_motor_values__functions.c.o[0m
[ 21%] [32m[1mLinking C shared library libarm_controller__rosidl_generator_c.so[0m
running egg_info
creating arm_controller.egg-info
writing arm_controller.egg-info/PKG-INFO
writing dependency_links to arm_controller.egg-info/dependency_links.txt
writing top-level names to arm_controller.egg-info/top_level.txt
writing manifest file 'arm_controller.egg-info/SOURCES.txt'
reading manifest file 'arm_controller.egg-info/SOURCES.txt'
writing manifest file 'arm_controller.egg-info/SOURCES.txt'
[ 21%] Built target arm_controller__rosidl_generator_c
[ 21%] Built target ament_cmake_python_build_arm_controller_egg
[ 24%] [34m[1mGenerating C type support for eProsima Fast-RTPS[0m
[ 27%] [34m[1mGenerating C introspection for ROS interfaces[0m
[ 30%] [34m[1mGenerating C type support dispatch for ROS interfaces[0m
[35m[1mScanning dependencies of target arm_controller__rosidl_typesupport_cpp[0m
[ 33%] [32mBuilding CXX object CMakeFiles/arm_controller__rosidl_typesupport_cpp.dir/rosidl_typesupport_cpp/arm_controller/msg/arm_motor_values__type_support.cpp.o[0m
[35m[1mScanning dependencies of target arm_controller__rosidl_typesupport_fastrtps_cpp[0m
[ 36%] [32mBuilding CXX object CMakeFiles/arm_controller__rosidl_typesupport_fastrtps_cpp.dir/rosidl_typesupport_fastrtps_cpp/arm_controller/msg/detail/dds_fastrtps/arm_motor_values__type_support.cpp.o[0m
[35m[1mScanning dependencies of target arm_controller__rosidl_typesupport_introspection_cpp[0m
[ 39%] [32mBuilding CXX object CMakeFiles/arm_controller__rosidl_typesupport_introspection_cpp.dir/rosidl_typesupport_introspection_cpp/arm_controller/msg/detail/arm_motor_values__type_support.cpp.o[0m
[35m[1mScanning dependencies of target arm_controller__rosidl_typesupport_fastrtps_c[0m
[ 42%] [32mBuilding CXX object CMakeFiles/arm_controller__rosidl_typesupport_fastrtps_c.dir/rosidl_typesupport_fastrtps_c/arm_controller/msg/detail/arm_motor_values__type_support_c.cpp.o[0m
[ 45%] [32m[1mLinking CXX shared library libarm_controller__rosidl_typesupport_cpp.so[0m
[35m[1mScanning dependencies of target arm_controller__rosidl_typesupport_introspection_c[0m
[35m[1mScanning dependencies of target arm_controller__rosidl_typesupport_c[0m
[ 48%] [32mBuilding C object CMakeFiles/arm_controller__rosidl_typesupport_introspection_c.dir/rosidl_typesupport_introspection_c/arm_controller/msg/detail/arm_motor_values__type_support.c.o[0m
[ 51%] [32mBuilding CXX object CMakeFiles/arm_controller__rosidl_typesupport_c.dir/rosidl_typesupport_c/arm_controller/msg/arm_motor_values__type_support.cpp.o[0m
[ 51%] Built target arm_controller__rosidl_typesupport_cpp
[ 54%] [32m[1mLinking C shared library libarm_controller__rosidl_typesupport_introspection_c.so[0m
[ 57%] [32m[1mLinking CXX shared library libarm_controller__rosidl_typesupport_c.so[0m
[ 57%] Built target arm_controller__rosidl_typesupport_introspection_c
[ 57%] Built target arm_controller__rosidl_typesupport_c
[ 60%] [32m[1mLinking CXX shared library libarm_controller__rosidl_typesupport_introspection_cpp.so[0m
[ 63%] [32m[1mLinking CXX shared library libarm_controller__rosidl_typesupport_fastrtps_cpp.so[0m
[ 63%] Built target arm_controller__rosidl_typesupport_introspection_cpp
[ 66%] [32m[1mLinking CXX shared library libarm_controller__rosidl_typesupport_fastrtps_c.so[0m
[ 66%] Built target arm_controller__rosidl_typesupport_fastrtps_cpp
[ 66%] Built target arm_controller__rosidl_typesupport_fastrtps_c
[35m[1mScanning dependencies of target arm_controller[0m
[ 66%] Built target arm_controller
[35m[1mScanning dependencies of target arm_controller__py[0m
[35m[1mScanning dependencies of target arm_controller_node[0m
[ 69%] [34m[1mGenerating Python code for ROS interfaces[0m
[ 72%] [32mBuilding CXX object CMakeFiles/arm_controller_node.dir/src/arm_controller_node.cpp.o[0m
[ 72%] Built target arm_controller__py
[35m[1mScanning dependencies of target arm_controller__rosidl_generator_py[0m
[ 75%] [32mBuilding C object CMakeFiles/arm_controller__rosidl_generator_py.dir/rosidl_generator_py/arm_controller/msg/_arm_motor_values_s.c.o[0m
[ 78%] [32m[1mLinking C shared library rosidl_generator_py/arm_controller/libarm_controller__rosidl_generator_py.so[0m
[ 78%] Built target arm_controller__rosidl_generator_py
[35m[1mScanning dependencies of target arm_controller__rosidl_typesupport_c__pyext[0m
[35m[1mScanning dependencies of target arm_controller__rosidl_typesupport_introspection_c__pyext[0m
[35m[1mScanning dependencies of target arm_controller__rosidl_typesupport_fastrtps_c__pyext[0m
[ 81%] [32mBuilding C object CMakeFiles/arm_controller__rosidl_typesupport_fastrtps_c__pyext.dir/rosidl_generator_py/arm_controller/_arm_controller_s.ep.rosidl_typesupport_fastrtps_c.c.o[0m
[ 84%] [32mBuilding C object CMakeFiles/arm_controller__rosidl_typesupport_c__pyext.dir/rosidl_generator_py/arm_controller/_arm_controller_s.ep.rosidl_typesupport_c.c.o[0m
[ 87%] [32mBuilding C object CMakeFiles/arm_controller__rosidl_typesupport_introspection_c__pyext.dir/rosidl_generator_py/arm_controller/_arm_controller_s.ep.rosidl_typesupport_introspection_c.c.o[0m
[ 90%] [32m[1mLinking C shared library rosidl_generator_py/arm_controller/arm_controller_s__rosidl_typesupport_fastrtps_c.cpython-311-aarch64-linux-gnu.so[0m
[ 93%] [32m[1mLinking C shared library rosidl_generator_py/arm_controller/arm_controller_s__rosidl_typesupport_introspection_c.cpython-311-aarch64-linux-gnu.so[0m
[ 96%] [32m[1mLinking C shared library rosidl_generator_py/arm_controller/arm_controller_s__rosidl_typesupport_c.cpython-311-aarch64-linux-gnu.so[0m
[ 96%] Built target arm_controller__rosidl_typesupport_fastrtps_c__pyext
[ 96%] Built target arm_controller__rosidl_typesupport_introspection_c__pyext
[ 96%] Built target arm_controller__rosidl_typesupport_c__pyext
[100%] [32m[1mLinking CXX executable arm_controller_node[0m
[100%] Built target arm_controller_node
