-- Found ament_cmake: 0.9.12 (/opt/ros/foxy/share/ament_cmake/cmake)
-- Using PYTHON_EXECUTABLE: /home/nvidia/anaconda3/bin/python3
-- Override CMake install command with custom implementation using symlinks instead of copying resources
-- Found rclcpp: 2.4.3 (/opt/ros/foxy/share/rclcpp/cmake)
-- Using all available rosidl_typesupport_c: rosidl_typesupport_fastrtps_c;rosidl_typesupport_introspection_c
-- Found rosidl_adapter: 1.3.1 (/opt/ros/foxy/share/rosidl_adapter/cmake)
-- Using all available rosidl_typesupport_cpp: rosidl_typesupport_fastrtps_cpp;rosidl_typesupport_introspection_cpp
-- Found rmw_implementation_cmake: 1.0.4 (/opt/ros/foxy/share/rmw_implementation_cmake/cmake)
-- Using RMW implementation 'rmw_fastrtps_cpp' as default
-- Found geometry_msgs: 2.0.5 (/opt/ros/foxy/share/geometry_msgs/cmake)
-- Found sensor_msgs: 2.0.5 (/opt/ros/foxy/share/sensor_msgs/cmake)
-- Found rosidl_default_generators: 1.0.1 (/opt/ros/foxy/share/rosidl_default_generators/cmake)
-- Configuring done
-- Generating done
-- Build files have been written to: /home/nvidia/robotics-orin/build/wheels_controller
[100%] Built target wheels_controller_node
-- Install configuration: ""
-- Execute custom install script
-- Up-to-date symlink: /home/nvidia/robotics-orin/install/wheels_controller/lib/wheels_controller/wheels_controller_node
-- Up-to-date symlink: /home/nvidia/robotics-orin/install/wheels_controller/share/ament_index/resource_index/package_run_dependencies/wheels_controller
-- Up-to-date symlink: /home/nvidia/robotics-orin/install/wheels_controller/share/ament_index/resource_index/parent_prefix_path/wheels_controller
-- Up-to-date symlink: /home/nvidia/robotics-orin/install/wheels_controller/share/wheels_controller/environment/ament_prefix_path.sh
-- Up-to-date symlink: /home/nvidia/robotics-orin/install/wheels_controller/share/wheels_controller/environment/ament_prefix_path.dsv
-- Up-to-date symlink: /home/nvidia/robotics-orin/install/wheels_controller/share/wheels_controller/environment/path.sh
-- Up-to-date symlink: /home/nvidia/robotics-orin/install/wheels_controller/share/wheels_controller/environment/path.dsv
-- Up-to-date symlink: /home/nvidia/robotics-orin/install/wheels_controller/share/wheels_controller/local_setup.bash
-- Up-to-date symlink: /home/nvidia/robotics-orin/install/wheels_controller/share/wheels_controller/local_setup.sh
-- Up-to-date symlink: /home/nvidia/robotics-orin/install/wheels_controller/share/wheels_controller/local_setup.zsh
-- Up-to-date symlink: /home/nvidia/robotics-orin/install/wheels_controller/share/wheels_controller/local_setup.dsv
-- Symlinking: /home/nvidia/robotics-orin/install/wheels_controller/share/wheels_controller/package.dsv
-- Up-to-date symlink: /home/nvidia/robotics-orin/install/wheels_controller/share/ament_index/resource_index/packages/wheels_controller
-- Up-to-date symlink: /home/nvidia/robotics-orin/install/wheels_controller/share/wheels_controller/cmake/wheels_controllerConfig.cmake
-- Up-to-date symlink: /home/nvidia/robotics-orin/install/wheels_controller/share/wheels_controller/cmake/wheels_controllerConfig-version.cmake
-- Up-to-date symlink: /home/nvidia/robotics-orin/install/wheels_controller/share/wheels_controller/package.xml
